2016-06-28 00:19:06 trace :
------------
String:
<xml><ToUserName><![CDATA[gh_53d3c05432a7]]></ToUserName>
<FromUserName><![CDATA[oLFOtt7JixhiK5oql33N4fLVBSwc]]></FromUserName>
<CreateTime>1467044345</CreateTime>
<MsgType><![CDATA[event]]></MsgType>
<Event><![CDATA[VIEW]]></Event>
<EventKey><![CDATA[http://yz.win-k.com/app/index.php?i=2&c=entry&do=member&m=sz_yi]]></EventKey>
<MenuId>457882021</MenuId>
</xml>

2016-06-28 00:19:06 params :
------------
Array:
rule : -2 ;
module :  ;
message : Array ;

2016-06-28 00:19:06 response :
------------

2016-06-28 11:19:06 trace :
------------
String:
<xml><ToUserName><![CDATA[gh_53d3c05432a7]]></ToUserName>
<FromUserName><![CDATA[oLFOtt7UY3E7RvJ983ZWDEYVe6mI]]></FromUserName>
<CreateTime>1467083945</CreateTime>
<MsgType><![CDATA[event]]></MsgType>
<Event><![CDATA[subscribe]]></Event>
<EventKey><![CDATA[]]></EventKey>
</xml>

2016-06-28 11:19:06 params :
------------
Array:
rule : -2 ;
module :  ;
message : Array ;

2016-06-28 11:19:06 response :
------------

2016-06-28 11:19:09 trace :
------------
String:
<xml><ToUserName><![CDATA[gh_53d3c05432a7]]></ToUserName>
<FromUserName><![CDATA[oLFOtt7UY3E7RvJ983ZWDEYVe6mI]]></FromUserName>
<CreateTime>1467083949</CreateTime>
<MsgType><![CDATA[event]]></MsgType>
<Event><![CDATA[VIEW]]></Event>
<EventKey><![CDATA[http://yz.win-k.com/app/index.php?i=2&c=entry&eid=12]]></EventKey>
<MenuId>457882021</MenuId>
</xml>

2016-06-28 11:19:09 params :
------------
Array:
rule : -2 ;
module :  ;
message : Array ;

2016-06-28 11:19:09 response :
------------

2016-06-28 11:19:25 trace :
------------
String:
<xml><ToUserName><![CDATA[gh_53d3c05432a7]]></ToUserName>
<FromUserName><![CDATA[oLFOtt7UY3E7RvJ983ZWDEYVe6mI]]></FromUserName>
<CreateTime>1467083965</CreateTime>
<MsgType><![CDATA[event]]></MsgType>
<Event><![CDATA[VIEW]]></Event>
<EventKey><![CDATA[http://yz.win-k.com/app/index.php?i=2&c=entry&eid=12]]></EventKey>
<MenuId>457882021</MenuId>
</xml>

2016-06-28 11:19:25 params :
------------
Array:
rule : -2 ;
module :  ;
message : Array ;

2016-06-28 11:19:25 response :
------------

2016-06-28 11:22:18 trace :
------------
String:
<xml><ToUserName><![CDATA[gh_53d3c05432a7]]></ToUserName>
<FromUserName><![CDATA[oLFOtt1ZH3uFSkTeNrxpKP3q7BYc]]></FromUserName>
<CreateTime>1467084138</CreateTime>
<MsgType><![CDATA[event]]></MsgType>
<Event><![CDATA[subscribe]]></Event>
<EventKey><![CDATA[]]></EventKey>
</xml>

2016-06-28 11:22:18 params :
------------
Array:
rule : -2 ;
module :  ;
message : Array ;

2016-06-28 11:22:18 response :
------------

2016-06-28 11:22:21 trace :
------------
String:
<xml><ToUserName><![CDATA[gh_53d3c05432a7]]></ToUserName>
<FromUserName><![CDATA[oLFOtt1ZH3uFSkTeNrxpKP3q7BYc]]></FromUserName>
<CreateTime>1467084140</CreateTime>
<MsgType><![CDATA[event]]></MsgType>
<Event><![CDATA[VIEW]]></Event>
<EventKey><![CDATA[http://yz.win-k.com/app/index.php?i=2&c=entry&eid=12]]></EventKey>
<MenuId>457882021</MenuId>
</xml>

2016-06-28 11:22:21 params :
------------
Array:
rule : -2 ;
module :  ;
message : Array ;

2016-06-28 11:22:21 response :
------------

2016-06-28 11:22:26 trace :
------------
String:
<xml><ToUserName><![CDATA[gh_53d3c05432a7]]></ToUserName>
<FromUserName><![CDATA[oLFOtt1ZH3uFSkTeNrxpKP3q7BYc]]></FromUserName>
<CreateTime>1467084146</CreateTime>
<MsgType><![CDATA[event]]></MsgType>
<Event><![CDATA[CLICK]]></Event>
<EventKey><![CDATA[二维码海报]]></EventKey>
</xml>

2016-06-28 11:22:30 trace :
------------
String:
<xml><ToUserName><![CDATA[gh_53d3c05432a7]]></ToUserName>
<FromUserName><![CDATA[oLFOtt1ZH3uFSkTeNrxpKP3q7BYc]]></FromUserName>
<CreateTime>1467084150</CreateTime>
<MsgType><![CDATA[event]]></MsgType>
<Event><![CDATA[VIEW]]></Event>
<EventKey><![CDATA[http://yz.win-k.com/app/index.php?i=2&c=entry&do=member&m=sz_yi]]></EventKey>
<MenuId>457882021</MenuId>
</xml>

2016-06-28 11:22:30 params :
------------
Array:
rule : -2 ;
module :  ;
message : Array ;

2016-06-28 11:22:30 response :
------------

2016-06-28 11:22:35 trace :
------------
String:
<xml><ToUserName><![CDATA[gh_53d3c05432a7]]></ToUserName>
<FromUserName><![CDATA[oLFOtt1ZH3uFSkTeNrxpKP3q7BYc]]></FromUserName>
<CreateTime>1467084155</CreateTime>
<MsgType><![CDATA[event]]></MsgType>
<Event><![CDATA[VIEW]]></Event>
<EventKey><![CDATA[http://yz.win-k.com/app/index.php?i=2&c=entry&eid=12]]></EventKey>
<MenuId>457882021</MenuId>
</xml>

2016-06-28 11:22:35 params :
------------
Array:
rule : -2 ;
module :  ;
message : Array ;

2016-06-28 11:22:35 response :
------------

2016-06-28 11:22:37 trace :
------------
String:
<xml><ToUserName><![CDATA[gh_53d3c05432a7]]></ToUserName>
<FromUserName><![CDATA[oLFOtt1ZH3uFSkTeNrxpKP3q7BYc]]></FromUserName>
<CreateTime>1467084157</CreateTime>
<MsgType><![CDATA[event]]></MsgType>
<Event><![CDATA[VIEW]]></Event>
<EventKey><![CDATA[http://yz.win-k.com/app/index.php?i=2&c=entry&do=member&m=sz_yi]]></EventKey>
<MenuId>457882021</MenuId>
</xml>

2016-06-28 11:22:37 params :
------------
Array:
rule : -2 ;
module :  ;
message : Array ;

2016-06-28 11:22:37 response :
------------

2016-06-28 11:39:56 trace :
------------
String:
<xml><ToUserName><![CDATA[gh_53d3c05432a7]]></ToUserName>
<FromUserName><![CDATA[oLFOtt-Tpzj_4gAAkYrrIDamGXsM]]></FromUserName>
<CreateTime>1467085196</CreateTime>
<MsgType><![CDATA[event]]></MsgType>
<Event><![CDATA[subscribe]]></Event>
<EventKey><![CDATA[]]></EventKey>
</xml>

2016-06-28 11:39:56 params :
------------
Array:
rule : -2 ;
module :  ;
message : Array ;

2016-06-28 11:39:56 response :
------------

2016-06-28 11:39:59 trace :
------------
String:
<xml><ToUserName><![CDATA[gh_53d3c05432a7]]></ToUserName>
<FromUserName><![CDATA[oLFOtt-Tpzj_4gAAkYrrIDamGXsM]]></FromUserName>
<CreateTime>1467085199</CreateTime>
<MsgType><![CDATA[event]]></MsgType>
<Event><![CDATA[CLICK]]></Event>
<EventKey><![CDATA[二维码海报]]></EventKey>
</xml>

2016-06-28 11:40:02 trace :
------------
String:
<xml><ToUserName><![CDATA[gh_53d3c05432a7]]></ToUserName>
<FromUserName><![CDATA[oLFOtt-Tpzj_4gAAkYrrIDamGXsM]]></FromUserName>
<CreateTime>1467085202</CreateTime>
<MsgType><![CDATA[event]]></MsgType>
<Event><![CDATA[VIEW]]></Event>
<EventKey><![CDATA[http://yz.win-k.com/app/index.php?i=2&c=entry&do=member&m=sz_yi]]></EventKey>
<MenuId>457882021</MenuId>
</xml>

2016-06-28 11:40:02 params :
------------
Array:
rule : -2 ;
module :  ;
message : Array ;

2016-06-28 11:40:02 response :
------------

2016-06-28 11:40:06 trace :
------------
String:
<xml><ToUserName><![CDATA[gh_53d3c05432a7]]></ToUserName>
<FromUserName><![CDATA[oLFOtt-Tpzj_4gAAkYrrIDamGXsM]]></FromUserName>
<CreateTime>1467085206</CreateTime>
<MsgType><![CDATA[event]]></MsgType>
<Event><![CDATA[VIEW]]></Event>
<EventKey><![CDATA[http://yz.win-k.com/app/index.php?i=2&c=entry&eid=12]]></EventKey>
<MenuId>457882021</MenuId>
</xml>

2016-06-28 11:40:06 params :
------------
Array:
rule : -2 ;
module :  ;
message : Array ;

2016-06-28 11:40:06 response :
------------

2016-06-28 12:43:45 trace :
------------
String:
<xml><ToUserName><![CDATA[gh_53d3c05432a7]]></ToUserName>
<FromUserName><![CDATA[oLFOttzeybujS1VXmVGDrcilmLng]]></FromUserName>
<CreateTime>1467089024</CreateTime>
<MsgType><![CDATA[event]]></MsgType>
<Event><![CDATA[subscribe]]></Event>
<EventKey><![CDATA[]]></EventKey>
</xml>

2016-06-28 12:43:45 params :
------------
Array:
rule : -2 ;
module :  ;
message : Array ;

2016-06-28 12:43:45 response :
------------

2016-06-28 12:43:48 trace :
------------
String:
<xml><ToUserName><![CDATA[gh_53d3c05432a7]]></ToUserName>
<FromUserName><![CDATA[oLFOttzeybujS1VXmVGDrcilmLng]]></FromUserName>
<CreateTime>1467089028</CreateTime>
<MsgType><![CDATA[event]]></MsgType>
<Event><![CDATA[VIEW]]></Event>
<EventKey><![CDATA[http://yz.win-k.com/app/index.php?i=2&c=entry&eid=12]]></EventKey>
<MenuId>457882021</MenuId>
</xml>

2016-06-28 12:43:48 params :
------------
Array:
rule : -2 ;
module :  ;
message : Array ;

2016-06-28 12:43:48 response :
------------

2016-06-28 15:13:22 trace :
------------
String:
<xml><ToUserName><![CDATA[gh_53d3c05432a7]]></ToUserName>
<FromUserName><![CDATA[oLFOtt7Gqj7S4aUOEt40Unh-XrOI]]></FromUserName>
<CreateTime>1467098002</CreateTime>
<MsgType><![CDATA[event]]></MsgType>
<Event><![CDATA[CLICK]]></Event>
<EventKey><![CDATA[二维码海报]]></EventKey>
</xml>

2016-06-28 15:13:26 trace :
------------
String:
<xml><ToUserName><![CDATA[gh_53d3c05432a7]]></ToUserName>
<FromUserName><![CDATA[oLFOtt7Gqj7S4aUOEt40Unh-XrOI]]></FromUserName>
<CreateTime>1467098006</CreateTime>
<MsgType><![CDATA[event]]></MsgType>
<Event><![CDATA[VIEW]]></Event>
<EventKey><![CDATA[http://yz.win-k.com/app/index.php?i=2&c=entry&eid=12]]></EventKey>
<MenuId>457882021</MenuId>
</xml>

2016-06-28 15:13:26 params :
------------
Array:
rule : -2 ;
module :  ;
message : Array ;

2016-06-28 15:13:26 response :
------------

2016-06-28 15:13:29 trace :
------------
String:
<xml><ToUserName><![CDATA[gh_53d3c05432a7]]></ToUserName>
<FromUserName><![CDATA[oLFOtt7Gqj7S4aUOEt40Unh-XrOI]]></FromUserName>
<CreateTime>1467098009</CreateTime>
<MsgType><![CDATA[event]]></MsgType>
<Event><![CDATA[VIEW]]></Event>
<EventKey><![CDATA[http://yz.win-k.com/app/index.php?i=2&c=entry&eid=12]]></EventKey>
<MenuId>457882021</MenuId>
</xml>

2016-06-28 15:13:29 params :
------------
Array:
rule : -2 ;
module :  ;
message : Array ;

2016-06-28 15:13:29 response :
------------

2016-06-28 15:13:31 trace :
------------
String:
<xml><ToUserName><![CDATA[gh_53d3c05432a7]]></ToUserName>
<FromUserName><![CDATA[oLFOtt7Gqj7S4aUOEt40Unh-XrOI]]></FromUserName>
<CreateTime>1467098011</CreateTime>
<MsgType><![CDATA[event]]></MsgType>
<Event><![CDATA[VIEW]]></Event>
<EventKey><![CDATA[http://yz.win-k.com/app/index.php?i=2&c=entry&do=member&m=sz_yi]]></EventKey>
<MenuId>457882021</MenuId>
</xml>

2016-06-28 15:13:31 params :
------------
Array:
rule : -2 ;
module :  ;
message : Array ;

2016-06-28 15:13:31 response :
------------

2016-06-28 15:13:39 trace :
------------
String:
<xml><ToUserName><![CDATA[gh_53d3c05432a7]]></ToUserName>
<FromUserName><![CDATA[oLFOtt7Gqj7S4aUOEt40Unh-XrOI]]></FromUserName>
<CreateTime>1467098018</CreateTime>
<MsgType><![CDATA[event]]></MsgType>
<Event><![CDATA[VIEW]]></Event>
<EventKey><![CDATA[http://yz.win-k.com/app/index.php?i=2&c=entry&do=member&m=sz_yi]]></EventKey>
<MenuId>457882021</MenuId>
</xml>

2016-06-28 15:13:39 params :
------------
Array:
rule : -2 ;
module :  ;
message : Array ;

2016-06-28 15:13:39 response :
------------

2016-06-28 15:13:48 trace :
------------
String:
<xml><ToUserName><![CDATA[gh_53d3c05432a7]]></ToUserName>
<FromUserName><![CDATA[oLFOtt7Gqj7S4aUOEt40Unh-XrOI]]></FromUserName>
<CreateTime>1467098028</CreateTime>
<MsgType><![CDATA[event]]></MsgType>
<Event><![CDATA[CLICK]]></Event>
<EventKey><![CDATA[二维码海报]]></EventKey>
</xml>

2016-06-28 15:14:05 trace :
------------
String:
<xml><ToUserName><![CDATA[gh_53d3c05432a7]]></ToUserName>
<FromUserName><![CDATA[oLFOtt7Gqj7S4aUOEt40Unh-XrOI]]></FromUserName>
<CreateTime>1467098045</CreateTime>
<MsgType><![CDATA[event]]></MsgType>
<Event><![CDATA[CLICK]]></Event>
<EventKey><![CDATA[二维码海报]]></EventKey>
</xml>

