2016-06-26 00:03:15 trace :
------------
String:
<xml><ToUserName><![CDATA[gh_53d3c05432a7]]></ToUserName>
<FromUserName><![CDATA[oLFOtt4kbIrXNYxMedByYSWNPQ4M]]></FromUserName>
<CreateTime>1466870595</CreateTime>
<MsgType><![CDATA[event]]></MsgType>
<Event><![CDATA[subscribe]]></Event>
<EventKey><![CDATA[]]></EventKey>
</xml>

2016-06-26 00:03:15 params :
------------
Array:
rule : -2 ;
module :  ;
message : Array ;

2016-06-26 00:03:15 response :
------------

2016-06-26 00:03:18 trace :
------------
String:
<xml><ToUserName><![CDATA[gh_53d3c05432a7]]></ToUserName>
<FromUserName><![CDATA[oLFOtt4kbIrXNYxMedByYSWNPQ4M]]></FromUserName>
<CreateTime>1466870598</CreateTime>
<MsgType><![CDATA[event]]></MsgType>
<Event><![CDATA[VIEW]]></Event>
<EventKey><![CDATA[http://yz.win-k.com/app/index.php?i=2&c=entry&eid=12]]></EventKey>
<MenuId>457882021</MenuId>
</xml>

2016-06-26 00:03:18 params :
------------
Array:
rule : -2 ;
module :  ;
message : Array ;

2016-06-26 00:03:18 response :
------------

2016-06-26 00:17:00 trace :
------------
String:
<xml><ToUserName><![CDATA[gh_53d3c05432a7]]></ToUserName>
<FromUserName><![CDATA[oLFOtt1X0wq-Wz4J3zlQiCdS2cIA]]></FromUserName>
<CreateTime>1466871420</CreateTime>
<MsgType><![CDATA[event]]></MsgType>
<Event><![CDATA[VIEW]]></Event>
<EventKey><![CDATA[http://yz.win-k.com/app/index.php?i=2&c=entry&do=member&m=sz_yi]]></EventKey>
<MenuId>457882021</MenuId>
</xml>

2016-06-26 00:17:00 params :
------------
Array:
rule : -2 ;
module :  ;
message : Array ;

2016-06-26 00:17:00 response :
------------

2016-06-26 00:21:03 trace :
------------
String:
<xml><ToUserName><![CDATA[toUser]]></ToUserName><FromUserName><![CDATA[fromUser]]></FromUserName><CreateTime>1466871595</CreateTime><MsgType><![CDATA[text]]></MsgType><Content><![CDATA[测试内容]]></Content><MsgId>1234567890123456</MsgId></xml>

2016-06-26 00:21:03 params :
------------
Array:
rule : -2 ;
module :  ;
message : Array ;

2016-06-26 00:21:03 response :
------------

2016-06-26 00:21:05 trace :
------------
String:
<xml><ToUserName><![CDATA[toUser]]></ToUserName><FromUserName><![CDATA[fromUser]]></FromUserName><CreateTime>1466871597</CreateTime><MsgType><![CDATA[text]]></MsgType><Content><![CDATA[测试内容]]></Content><MsgId>1234567890123456</MsgId></xml>

2016-06-26 00:21:05 params :
------------
Array:
rule : -2 ;
module :  ;
message : Array ;

2016-06-26 00:21:05 response :
------------

2016-06-26 00:24:34 trace :
------------
String:
<xml><ToUserName><![CDATA[gh_53d3c05432a7]]></ToUserName>
<FromUserName><![CDATA[oLFOtt4kbIrXNYxMedByYSWNPQ4M]]></FromUserName>
<CreateTime>1466871874</CreateTime>
<MsgType><![CDATA[event]]></MsgType>
<Event><![CDATA[CLICK]]></Event>
<EventKey><![CDATA[二维码海报]]></EventKey>
</xml>

2016-06-26 00:24:41 trace :
------------
String:
<xml><ToUserName><![CDATA[gh_53d3c05432a7]]></ToUserName>
<FromUserName><![CDATA[oLFOtt4kbIrXNYxMedByYSWNPQ4M]]></FromUserName>
<CreateTime>1466871881</CreateTime>
<MsgType><![CDATA[event]]></MsgType>
<Event><![CDATA[VIEW]]></Event>
<EventKey><![CDATA[http://yz.win-k.com/app/index.php?i=2&c=entry&eid=12]]></EventKey>
<MenuId>457882021</MenuId>
</xml>

2016-06-26 00:24:41 params :
------------
Array:
rule : -2 ;
module :  ;
message : Array ;

2016-06-26 00:24:41 response :
------------

2016-06-26 00:26:24 trace :
------------
String:
<xml><ToUserName><![CDATA[gh_53d3c05432a7]]></ToUserName>
<FromUserName><![CDATA[oLFOtt4kbIrXNYxMedByYSWNPQ4M]]></FromUserName>
<CreateTime>1466871984</CreateTime>
<MsgType><![CDATA[event]]></MsgType>
<Event><![CDATA[VIEW]]></Event>
<EventKey><![CDATA[http://yz.win-k.com/app/index.php?i=2&c=entry&eid=12]]></EventKey>
<MenuId>457882021</MenuId>
</xml>

2016-06-26 00:26:24 params :
------------
Array:
rule : -2 ;
module :  ;
message : Array ;

2016-06-26 00:26:24 response :
------------

2016-06-26 01:04:33 trace :
------------
String:
<xml><ToUserName><![CDATA[gh_53d3c05432a7]]></ToUserName>
<FromUserName><![CDATA[oLFOtt2qVdqWGAdQ8utsfjOdjAMk]]></FromUserName>
<CreateTime>1466874273</CreateTime>
<MsgType><![CDATA[event]]></MsgType>
<Event><![CDATA[CLICK]]></Event>
<EventKey><![CDATA[二维码海报]]></EventKey>
</xml>

2016-06-26 01:04:36 trace :
------------
String:
<xml><ToUserName><![CDATA[gh_53d3c05432a7]]></ToUserName>
<FromUserName><![CDATA[oLFOtt2qVdqWGAdQ8utsfjOdjAMk]]></FromUserName>
<CreateTime>1466874276</CreateTime>
<MsgType><![CDATA[event]]></MsgType>
<Event><![CDATA[VIEW]]></Event>
<EventKey><![CDATA[http://yz.win-k.com/app/index.php?i=2&c=entry&eid=12]]></EventKey>
<MenuId>457882021</MenuId>
</xml>

2016-06-26 01:04:36 params :
------------
Array:
rule : -2 ;
module :  ;
message : Array ;

2016-06-26 01:04:36 response :
------------

2016-06-26 05:47:25 trace :
------------
String:
<xml><ToUserName><![CDATA[gh_53d3c05432a7]]></ToUserName>
<FromUserName><![CDATA[oLFOtt4kbIrXNYxMedByYSWNPQ4M]]></FromUserName>
<CreateTime>1466891244</CreateTime>
<MsgType><![CDATA[event]]></MsgType>
<Event><![CDATA[VIEW]]></Event>
<EventKey><![CDATA[http://yz.win-k.com/app/index.php?i=2&c=entry&eid=12]]></EventKey>
<MenuId>457882021</MenuId>
</xml>

2016-06-26 05:47:25 params :
------------
Array:
rule : -2 ;
module :  ;
message : Array ;

2016-06-26 05:47:25 response :
------------

2016-06-26 14:54:48 trace :
------------
String:
<xml><ToUserName><![CDATA[gh_53d3c05432a7]]></ToUserName>
<FromUserName><![CDATA[oLFOttzvcd0mI7fj8m6TKS_0oq-0]]></FromUserName>
<CreateTime>1466924088</CreateTime>
<MsgType><![CDATA[event]]></MsgType>
<Event><![CDATA[VIEW]]></Event>
<EventKey><![CDATA[http://yz.win-k.com/app/index.php?i=2&c=entry&eid=12]]></EventKey>
<MenuId>457882021</MenuId>
</xml>

2016-06-26 14:54:48 params :
------------
Array:
rule : -2 ;
module :  ;
message : Array ;

2016-06-26 14:54:48 response :
------------

2016-06-26 14:55:40 trace :
------------
String:
<xml><ToUserName><![CDATA[gh_53d3c05432a7]]></ToUserName>
<FromUserName><![CDATA[oLFOttzvcd0mI7fj8m6TKS_0oq-0]]></FromUserName>
<CreateTime>1466924140</CreateTime>
<MsgType><![CDATA[event]]></MsgType>
<Event><![CDATA[unsubscribe]]></Event>
<EventKey><![CDATA[]]></EventKey>
</xml>

2016-06-26 15:18:30 trace :
------------
String:
<xml><ToUserName><![CDATA[gh_53d3c05432a7]]></ToUserName>
<FromUserName><![CDATA[oLFOtt2qVdqWGAdQ8utsfjOdjAMk]]></FromUserName>
<CreateTime>1466925510</CreateTime>
<MsgType><![CDATA[event]]></MsgType>
<Event><![CDATA[VIEW]]></Event>
<EventKey><![CDATA[http://yz.win-k.com/app/index.php?i=2&c=entry&eid=12]]></EventKey>
<MenuId>457882021</MenuId>
</xml>

2016-06-26 15:18:30 params :
------------
Array:
rule : -2 ;
module :  ;
message : Array ;

2016-06-26 15:18:30 response :
------------

2016-06-26 18:08:56 trace :
------------
String:
<xml><ToUserName><![CDATA[gh_53d3c05432a7]]></ToUserName>
<FromUserName><![CDATA[oLFOtt1aSDyo55WOW__m0R-6cUJc]]></FromUserName>
<CreateTime>1466935736</CreateTime>
<MsgType><![CDATA[event]]></MsgType>
<Event><![CDATA[VIEW]]></Event>
<EventKey><![CDATA[http://yz.win-k.com/app/index.php?i=2&c=entry&eid=12]]></EventKey>
<MenuId>457882021</MenuId>
</xml>

2016-06-26 18:08:56 params :
------------
Array:
rule : -2 ;
module :  ;
message : Array ;

2016-06-26 18:08:56 response :
------------

2016-06-26 18:09:52 trace :
------------
String:
<xml><ToUserName><![CDATA[gh_53d3c05432a7]]></ToUserName>
<FromUserName><![CDATA[oLFOtt1aSDyo55WOW__m0R-6cUJc]]></FromUserName>
<CreateTime>1466935792</CreateTime>
<MsgType><![CDATA[event]]></MsgType>
<Event><![CDATA[VIEW]]></Event>
<EventKey><![CDATA[http://yz.win-k.com/app/index.php?i=2&c=entry&eid=12]]></EventKey>
<MenuId>457882021</MenuId>
</xml>

2016-06-26 18:09:52 params :
------------
Array:
rule : -2 ;
module :  ;
message : Array ;

2016-06-26 18:09:52 response :
------------

2016-06-26 18:21:11 trace :
------------
String:
<xml><ToUserName><![CDATA[gh_53d3c05432a7]]></ToUserName>
<FromUserName><![CDATA[oLFOtt1aSDyo55WOW__m0R-6cUJc]]></FromUserName>
<CreateTime>1466936471</CreateTime>
<MsgType><![CDATA[event]]></MsgType>
<Event><![CDATA[VIEW]]></Event>
<EventKey><![CDATA[http://yz.win-k.com/app/index.php?i=2&c=entry&do=member&m=sz_yi]]></EventKey>
<MenuId>457882021</MenuId>
</xml>

2016-06-26 18:21:11 params :
------------
Array:
rule : -2 ;
module :  ;
message : Array ;

2016-06-26 18:21:11 response :
------------

2016-06-26 18:27:05 trace :
------------
String:
<xml><ToUserName><![CDATA[gh_53d3c05432a7]]></ToUserName>
<FromUserName><![CDATA[oLFOtt22JEfjR8gA1Yh4D1Qp31wQ]]></FromUserName>
<CreateTime>1466936825</CreateTime>
<MsgType><![CDATA[event]]></MsgType>
<Event><![CDATA[VIEW]]></Event>
<EventKey><![CDATA[http://yz.win-k.com/app/index.php?i=2&c=entry&eid=12]]></EventKey>
<MenuId>457882021</MenuId>
</xml>

2016-06-26 18:27:05 params :
------------
Array:
rule : -2 ;
module :  ;
message : Array ;

2016-06-26 18:27:05 response :
------------

2016-06-26 18:29:22 trace :
------------
String:
<xml><ToUserName><![CDATA[gh_53d3c05432a7]]></ToUserName>
<FromUserName><![CDATA[oLFOtt1aSDyo55WOW__m0R-6cUJc]]></FromUserName>
<CreateTime>1466936962</CreateTime>
<MsgType><![CDATA[event]]></MsgType>
<Event><![CDATA[VIEW]]></Event>
<EventKey><![CDATA[http://yz.win-k.com/app/index.php?i=2&c=entry&do=member&m=sz_yi]]></EventKey>
<MenuId>457882021</MenuId>
</xml>

2016-06-26 18:29:22 params :
------------
Array:
rule : -2 ;
module :  ;
message : Array ;

2016-06-26 18:29:22 response :
------------

2016-06-26 18:29:35 trace :
------------
String:
<xml><ToUserName><![CDATA[gh_53d3c05432a7]]></ToUserName>
<FromUserName><![CDATA[oLFOtt1aSDyo55WOW__m0R-6cUJc]]></FromUserName>
<CreateTime>1466936975</CreateTime>
<MsgType><![CDATA[event]]></MsgType>
<Event><![CDATA[VIEW]]></Event>
<EventKey><![CDATA[http://yz.win-k.com/app/index.php?i=2&c=entry&do=member&m=sz_yi]]></EventKey>
<MenuId>457882021</MenuId>
</xml>

2016-06-26 18:29:35 params :
------------
Array:
rule : -2 ;
module :  ;
message : Array ;

2016-06-26 18:29:35 response :
------------

