2016-06-17 08:03:58 trace :
------------
String:
<xml><ToUserName><![CDATA[gh_53d3c05432a7]]></ToUserName>
<FromUserName><![CDATA[oLFOtt1X0wq-Wz4J3zlQiCdS2cIA]]></FromUserName>
<CreateTime>1466121838</CreateTime>
<MsgType><![CDATA[event]]></MsgType>
<Event><![CDATA[VIEW]]></Event>
<EventKey><![CDATA[http://yz.win-k.com/app/index.php?i=2&c=entry&do=member&m=sz_yi]]></EventKey>
<MenuId>457882021</MenuId>
</xml>

2016-06-17 08:03:58 params :
------------
Array:
rule : -2 ;
module :  ;
message : Array ;

2016-06-17 08:03:58 response :
------------

2016-06-17 09:22:38 trace :
------------
String:
<xml><ToUserName><![CDATA[gh_53d3c05432a7]]></ToUserName>
<FromUserName><![CDATA[oLFOtt29r1cwjmWcn-CioxXnQ4mY]]></FromUserName>
<CreateTime>1466126558</CreateTime>
<MsgType><![CDATA[event]]></MsgType>
<Event><![CDATA[VIEW]]></Event>
<EventKey><![CDATA[http://yz.win-k.com/app/index.php?i=2&c=entry&eid=12]]></EventKey>
<MenuId>457882021</MenuId>
</xml>

2016-06-17 09:22:38 params :
------------
Array:
rule : -2 ;
module :  ;
message : Array ;

2016-06-17 09:22:38 response :
------------

2016-06-17 09:26:52 trace :
------------
String:
<xml><ToUserName><![CDATA[gh_53d3c05432a7]]></ToUserName>
<FromUserName><![CDATA[oLFOtt29r1cwjmWcn-CioxXnQ4mY]]></FromUserName>
<CreateTime>1466126812</CreateTime>
<MsgType><![CDATA[event]]></MsgType>
<Event><![CDATA[VIEW]]></Event>
<EventKey><![CDATA[http://yz.win-k.com/app/index.php?i=2&c=entry&do=member&m=sz_yi]]></EventKey>
<MenuId>457882021</MenuId>
</xml>

2016-06-17 09:26:52 params :
------------
Array:
rule : -2 ;
module :  ;
message : Array ;

2016-06-17 09:26:52 response :
------------

2016-06-17 13:30:03 trace :
------------
String:
<xml><ToUserName><![CDATA[gh_53d3c05432a7]]></ToUserName>
<FromUserName><![CDATA[oLFOtt1X0wq-Wz4J3zlQiCdS2cIA]]></FromUserName>
<CreateTime>1466141402</CreateTime>
<MsgType><![CDATA[event]]></MsgType>
<Event><![CDATA[VIEW]]></Event>
<EventKey><![CDATA[http://yz.win-k.com/app/index.php?i=2&c=entry&do=member&m=sz_yi]]></EventKey>
<MenuId>457882021</MenuId>
</xml>

2016-06-17 13:30:03 params :
------------
Array:
rule : -2 ;
module :  ;
message : Array ;

2016-06-17 13:30:03 response :
------------

2016-06-17 16:46:51 trace :
------------
String:
<xml><ToUserName><![CDATA[gh_53d3c05432a7]]></ToUserName>
<FromUserName><![CDATA[oLFOtt29r1cwjmWcn-CioxXnQ4mY]]></FromUserName>
<CreateTime>1466153211</CreateTime>
<MsgType><![CDATA[event]]></MsgType>
<Event><![CDATA[VIEW]]></Event>
<EventKey><![CDATA[http://yz.win-k.com/app/index.php?i=2&c=entry&do=member&m=sz_yi]]></EventKey>
<MenuId>457882021</MenuId>
</xml>

2016-06-17 16:46:51 params :
------------
Array:
rule : -2 ;
module :  ;
message : Array ;

2016-06-17 16:46:51 response :
------------

2016-06-17 17:01:43 trace :
------------
String:
<xml><ToUserName><![CDATA[gh_53d3c05432a7]]></ToUserName>
<FromUserName><![CDATA[oLFOtt29r1cwjmWcn-CioxXnQ4mY]]></FromUserName>
<CreateTime>1466154103</CreateTime>
<MsgType><![CDATA[event]]></MsgType>
<Event><![CDATA[VIEW]]></Event>
<EventKey><![CDATA[http://yz.win-k.com/app/index.php?i=2&c=entry&eid=12]]></EventKey>
<MenuId>457882021</MenuId>
</xml>

2016-06-17 17:01:43 params :
------------
Array:
rule : -2 ;
module :  ;
message : Array ;

2016-06-17 17:01:43 response :
------------

