2016-06-14 10:25:24 trace :
------------
String:
<xml><ToUserName><![CDATA[gh_53d3c05432a7]]></ToUserName>
<FromUserName><![CDATA[oLFOtt1X0wq-Wz4J3zlQiCdS2cIA]]></FromUserName>
<CreateTime>1465871124</CreateTime>
<MsgType><![CDATA[event]]></MsgType>
<Event><![CDATA[VIEW]]></Event>
<EventKey><![CDATA[http://yz.win-k.com/app/index.php?i=2&c=entry&eid=12]]></EventKey>
<MenuId>457838290</MenuId>
</xml>

2016-06-14 10:25:24 params :
------------
Array:
rule : -2 ;
module :  ;
message : Array ;

2016-06-14 10:25:24 response :
------------

2016-06-14 10:45:49 trace :
------------
String:
<xml><ToUserName><![CDATA[gh_53d3c05432a7]]></ToUserName>
<FromUserName><![CDATA[oLFOtt6BPY-8nBZrk9852rndgbCI]]></FromUserName>
<CreateTime>1465872349</CreateTime>
<MsgType><![CDATA[event]]></MsgType>
<Event><![CDATA[subscribe]]></Event>
<EventKey><![CDATA[]]></EventKey>
</xml>

2016-06-14 10:45:49 params :
------------
Array:
rule : -2 ;
module :  ;
message : Array ;

2016-06-14 10:45:49 response :
------------

2016-06-14 10:46:07 trace :
------------
String:
<xml><ToUserName><![CDATA[gh_53d3c05432a7]]></ToUserName>
<FromUserName><![CDATA[oLFOtt6BPY-8nBZrk9852rndgbCI]]></FromUserName>
<CreateTime>1465872367</CreateTime>
<MsgType><![CDATA[event]]></MsgType>
<Event><![CDATA[VIEW]]></Event>
<EventKey><![CDATA[http://yz.win-k.com/app/index.php?i=2&c=entry&eid=12]]></EventKey>
<MenuId>457838290</MenuId>
</xml>

2016-06-14 10:46:07 params :
------------
Array:
rule : -2 ;
module :  ;
message : Array ;

2016-06-14 10:46:07 response :
------------

2016-06-14 10:46:40 trace :
------------
String:
<xml><ToUserName><![CDATA[gh_53d3c05432a7]]></ToUserName>
<FromUserName><![CDATA[oLFOtt6BPY-8nBZrk9852rndgbCI]]></FromUserName>
<CreateTime>1465872400</CreateTime>
<MsgType><![CDATA[event]]></MsgType>
<Event><![CDATA[VIEW]]></Event>
<EventKey><![CDATA[http://yz.win-k.com/app/index.php?i=2&c=entry&do=member&m=sz_yi]]></EventKey>
<MenuId>457838290</MenuId>
</xml>

2016-06-14 10:46:40 params :
------------
Array:
rule : -2 ;
module :  ;
message : Array ;

2016-06-14 10:46:40 response :
------------

2016-06-14 10:46:45 trace :
------------
String:
<xml><ToUserName><![CDATA[gh_53d3c05432a7]]></ToUserName>
<FromUserName><![CDATA[oLFOtt6BPY-8nBZrk9852rndgbCI]]></FromUserName>
<CreateTime>1465872405</CreateTime>
<MsgType><![CDATA[event]]></MsgType>
<Event><![CDATA[CLICK]]></Event>
<EventKey><![CDATA[推广二维码]]></EventKey>
</xml>

2016-06-14 10:46:45 params :
------------
Array:
rule : -2 ;
module :  ;
message : Array ;

2016-06-14 10:46:45 response :
------------

2016-06-14 11:41:37 trace :
------------
String:
<xml><ToUserName><![CDATA[gh_53d3c05432a7]]></ToUserName>
<FromUserName><![CDATA[oLFOtt1X0wq-Wz4J3zlQiCdS2cIA]]></FromUserName>
<CreateTime>1465875697</CreateTime>
<MsgType><![CDATA[event]]></MsgType>
<Event><![CDATA[CLICK]]></Event>
<EventKey><![CDATA[推广二维码]]></EventKey>
</xml>

2016-06-14 11:41:37 params :
------------
Array:
rule : -2 ;
module :  ;
message : Array ;

2016-06-14 11:41:37 response :
------------

2016-06-14 11:41:39 trace :
------------
String:
<xml><ToUserName><![CDATA[gh_53d3c05432a7]]></ToUserName>
<FromUserName><![CDATA[oLFOtt1X0wq-Wz4J3zlQiCdS2cIA]]></FromUserName>
<CreateTime>1465875699</CreateTime>
<MsgType><![CDATA[event]]></MsgType>
<Event><![CDATA[VIEW]]></Event>
<EventKey><![CDATA[http://yz.win-k.com/app/index.php?i=2&c=entry&eid=12]]></EventKey>
<MenuId>457838290</MenuId>
</xml>

2016-06-14 11:41:39 params :
------------
Array:
rule : -2 ;
module :  ;
message : Array ;

2016-06-14 11:41:39 response :
------------

