2016-06-13 13:28:53 trace :
------------
String:
<xml><ToUserName><![CDATA[gh_53d3c05432a7]]></ToUserName>
<FromUserName><![CDATA[oLFOtt1X0wq-Wz4J3zlQiCdS2cIA]]></FromUserName>
<CreateTime>1465795733</CreateTime>
<MsgType><![CDATA[event]]></MsgType>
<Event><![CDATA[VIEW]]></Event>
<EventKey><![CDATA[http://yz.win-k.com/app/index.php?i=2&c=entry&eid=12]]></EventKey>
<MenuId>457831503</MenuId>
</xml>

2016-06-13 13:28:53 params :
------------
Array:
rule : -2 ;
module :  ;
message : Array ;

2016-06-13 13:28:53 response :
------------

2016-06-13 19:42:16 trace :
------------
String:
<xml><ToUserName><![CDATA[gh_53d3c05432a7]]></ToUserName>
<FromUserName><![CDATA[oLFOtt1X0wq-Wz4J3zlQiCdS2cIA]]></FromUserName>
<CreateTime>1465818136</CreateTime>
<MsgType><![CDATA[event]]></MsgType>
<Event><![CDATA[VIEW]]></Event>
<EventKey><![CDATA[http://yz.win-k.com/app/index.php?i=2&c=entry&eid=12]]></EventKey>
<MenuId>457831503</MenuId>
</xml>

2016-06-13 19:42:16 params :
------------
Array:
rule : -2 ;
module :  ;
message : Array ;

2016-06-13 19:42:16 response :
------------

2016-06-13 19:43:42 trace :
------------
String:
<xml><ToUserName><![CDATA[gh_53d3c05432a7]]></ToUserName>
<FromUserName><![CDATA[oLFOtt1X0wq-Wz4J3zlQiCdS2cIA]]></FromUserName>
<CreateTime>1465818222</CreateTime>
<MsgType><![CDATA[event]]></MsgType>
<Event><![CDATA[VIEW]]></Event>
<EventKey><![CDATA[http://yz.win-k.com/app/index.php?i=2&c=entry&eid=12]]></EventKey>
<MenuId>457831503</MenuId>
</xml>

2016-06-13 19:43:42 params :
------------
Array:
rule : -2 ;
module :  ;
message : Array ;

2016-06-13 19:43:42 response :
------------

2016-06-13 19:45:30 trace :
------------
String:
<xml><ToUserName><![CDATA[gh_53d3c05432a7]]></ToUserName>
<FromUserName><![CDATA[oLFOtt1X0wq-Wz4J3zlQiCdS2cIA]]></FromUserName>
<CreateTime>1465818330</CreateTime>
<MsgType><![CDATA[event]]></MsgType>
<Event><![CDATA[VIEW]]></Event>
<EventKey><![CDATA[http://yz.win-k.com/app/index.php?i=2&c=entry&eid=12]]></EventKey>
<MenuId>457831503</MenuId>
</xml>

2016-06-13 19:45:30 params :
------------
Array:
rule : -2 ;
module :  ;
message : Array ;

2016-06-13 19:45:30 response :
------------

2016-06-13 21:51:22 trace :
------------
String:
<xml><ToUserName><![CDATA[gh_53d3c05432a7]]></ToUserName>
<FromUserName><![CDATA[oLFOtt1X0wq-Wz4J3zlQiCdS2cIA]]></FromUserName>
<CreateTime>1465825881</CreateTime>
<MsgType><![CDATA[event]]></MsgType>
<Event><![CDATA[VIEW]]></Event>
<EventKey><![CDATA[http://yz.win-k.com/app/index.php?i=2&c=entry&eid=12]]></EventKey>
<MenuId>457831503</MenuId>
</xml>

2016-06-13 21:51:22 params :
------------
Array:
rule : -2 ;
module :  ;
message : Array ;

2016-06-13 21:51:22 response :
------------

2016-06-13 21:53:24 trace :
------------
String:
<xml><ToUserName><![CDATA[gh_53d3c05432a7]]></ToUserName>
<FromUserName><![CDATA[oLFOtt1X0wq-Wz4J3zlQiCdS2cIA]]></FromUserName>
<CreateTime>1465826004</CreateTime>
<MsgType><![CDATA[event]]></MsgType>
<Event><![CDATA[VIEW]]></Event>
<EventKey><![CDATA[http://yz.win-k.com/app/index.php?i=2&c=entry&eid=12]]></EventKey>
<MenuId>457831503</MenuId>
</xml>

2016-06-13 21:53:24 params :
------------
Array:
rule : -2 ;
module :  ;
message : Array ;

2016-06-13 21:53:24 response :
------------

2016-06-13 21:59:56 trace :
------------
String:
<xml><ToUserName><![CDATA[gh_53d3c05432a7]]></ToUserName>
<FromUserName><![CDATA[oLFOtt1X0wq-Wz4J3zlQiCdS2cIA]]></FromUserName>
<CreateTime>1465826396</CreateTime>
<MsgType><![CDATA[event]]></MsgType>
<Event><![CDATA[VIEW]]></Event>
<EventKey><![CDATA[http://yz.win-k.com/app/index.php?i=2&c=entry&eid=12]]></EventKey>
<MenuId>457831503</MenuId>
</xml>

2016-06-13 21:59:56 params :
------------
Array:
rule : -2 ;
module :  ;
message : Array ;

2016-06-13 21:59:56 response :
------------

2016-06-13 22:03:42 trace :
------------
String:
<xml><ToUserName><![CDATA[gh_53d3c05432a7]]></ToUserName>
<FromUserName><![CDATA[oLFOtt1X0wq-Wz4J3zlQiCdS2cIA]]></FromUserName>
<CreateTime>1465826622</CreateTime>
<MsgType><![CDATA[text]]></MsgType>
<Content><![CDATA[http://yz.win-k.com/app/index.php?i=2&c=entry&method=ranking&p=ranking&m=sz_yi&do=plugini=2&c=entry&method=ranking&p=ranking&m=sz_yi&do=plugin]]></Content>
<MsgId>6295677403553992366</MsgId>
</xml>

2016-06-13 22:03:42 params :
------------
Array:
rule : -2 ;
module :  ;
message : Array ;

2016-06-13 22:03:42 response :
------------

2016-06-13 22:04:50 trace :
------------
String:
<xml><ToUserName><![CDATA[gh_53d3c05432a7]]></ToUserName>
<FromUserName><![CDATA[oLFOtt1X0wq-Wz4J3zlQiCdS2cIA]]></FromUserName>
<CreateTime>1465826690</CreateTime>
<MsgType><![CDATA[event]]></MsgType>
<Event><![CDATA[VIEW]]></Event>
<EventKey><![CDATA[http://yz.win-k.com/app/index.php?i=2&c=entry&eid=12]]></EventKey>
<MenuId>457831503</MenuId>
</xml>

2016-06-13 22:04:50 params :
------------
Array:
rule : -2 ;
module :  ;
message : Array ;

2016-06-13 22:04:50 response :
------------

2016-06-13 22:08:09 trace :
------------
String:
<xml><ToUserName><![CDATA[gh_53d3c05432a7]]></ToUserName>
<FromUserName><![CDATA[oLFOtt1X0wq-Wz4J3zlQiCdS2cIA]]></FromUserName>
<CreateTime>1465826889</CreateTime>
<MsgType><![CDATA[event]]></MsgType>
<Event><![CDATA[VIEW]]></Event>
<EventKey><![CDATA[http://yz.win-k.com/app/index.php?i=2&c=entry&do=member&m=sz_yi]]></EventKey>
<MenuId>457838290</MenuId>
</xml>

2016-06-13 22:08:09 params :
------------
Array:
rule : -2 ;
module :  ;
message : Array ;

2016-06-13 22:08:09 response :
------------

2016-06-13 22:17:20 trace :
------------
String:
<xml><ToUserName><![CDATA[gh_53d3c05432a7]]></ToUserName>
<FromUserName><![CDATA[oLFOtt1X0wq-Wz4J3zlQiCdS2cIA]]></FromUserName>
<CreateTime>1465827440</CreateTime>
<MsgType><![CDATA[event]]></MsgType>
<Event><![CDATA[VIEW]]></Event>
<EventKey><![CDATA[http://yz.win-k.com/app/index.php?i=2&c=entry&eid=12]]></EventKey>
<MenuId>457838290</MenuId>
</xml>

2016-06-13 22:17:20 params :
------------
Array:
rule : -2 ;
module :  ;
message : Array ;

2016-06-13 22:17:20 response :
------------

2016-06-13 22:25:45 trace :
------------
String:
<xml><ToUserName><![CDATA[gh_53d3c05432a7]]></ToUserName>
<FromUserName><![CDATA[oLFOtt1X0wq-Wz4J3zlQiCdS2cIA]]></FromUserName>
<CreateTime>1465827944</CreateTime>
<MsgType><![CDATA[event]]></MsgType>
<Event><![CDATA[VIEW]]></Event>
<EventKey><![CDATA[http://yz.win-k.com/app/index.php?i=2&c=entry&eid=12]]></EventKey>
<MenuId>457838290</MenuId>
</xml>

2016-06-13 22:25:45 params :
------------
Array:
rule : -2 ;
module :  ;
message : Array ;

2016-06-13 22:25:45 response :
------------

2016-06-13 22:31:46 trace :
------------
String:
<xml><ToUserName><![CDATA[gh_53d3c05432a7]]></ToUserName>
<FromUserName><![CDATA[oLFOtt1X0wq-Wz4J3zlQiCdS2cIA]]></FromUserName>
<CreateTime>1465828306</CreateTime>
<MsgType><![CDATA[event]]></MsgType>
<Event><![CDATA[VIEW]]></Event>
<EventKey><![CDATA[http://yz.win-k.com/app/index.php?i=2&c=entry&eid=12]]></EventKey>
<MenuId>457838290</MenuId>
</xml>

2016-06-13 22:31:46 params :
------------
Array:
rule : -2 ;
module :  ;
message : Array ;

2016-06-13 22:31:46 response :
------------

2016-06-13 22:31:59 trace :
------------
String:
<xml><ToUserName><![CDATA[gh_53d3c05432a7]]></ToUserName>
<FromUserName><![CDATA[oLFOtt1X0wq-Wz4J3zlQiCdS2cIA]]></FromUserName>
<CreateTime>1465828319</CreateTime>
<MsgType><![CDATA[event]]></MsgType>
<Event><![CDATA[VIEW]]></Event>
<EventKey><![CDATA[http://yz.win-k.com/app/index.php?i=2&c=entry&eid=12]]></EventKey>
<MenuId>457838290</MenuId>
</xml>

2016-06-13 22:31:59 params :
------------
Array:
rule : -2 ;
module :  ;
message : Array ;

2016-06-13 22:31:59 response :
------------

2016-06-13 22:39:25 trace :
------------
String:
<xml><ToUserName><![CDATA[gh_53d3c05432a7]]></ToUserName>
<FromUserName><![CDATA[oLFOtt1X0wq-Wz4J3zlQiCdS2cIA]]></FromUserName>
<CreateTime>1465828765</CreateTime>
<MsgType><![CDATA[event]]></MsgType>
<Event><![CDATA[VIEW]]></Event>
<EventKey><![CDATA[http://yz.win-k.com/app/index.php?i=2&c=entry&eid=12]]></EventKey>
<MenuId>457838290</MenuId>
</xml>

2016-06-13 22:39:25 params :
------------
Array:
rule : -2 ;
module :  ;
message : Array ;

2016-06-13 22:39:25 response :
------------

