2016-07-02 13:38:42 trace :
------------
String:
<xml><ToUserName><![CDATA[gh_53d3c05432a7]]></ToUserName>
<FromUserName><![CDATA[oLFOttwFUOHwtj-fW1WgIvOHS0OE]]></FromUserName>
<CreateTime>1467437922</CreateTime>
<MsgType><![CDATA[event]]></MsgType>
<Event><![CDATA[VIEW]]></Event>
<EventKey><![CDATA[http://yz.win-k.com/app/index.php?i=2&c=entry&do=member&m=sz_yi]]></EventKey>
<MenuId>457882021</MenuId>
</xml>

2016-07-02 13:38:42 params :
------------
Array:
rule : -2 ;
module :  ;
message : Array ;

2016-07-02 13:38:42 response :
------------

2016-07-02 13:40:42 trace :
------------
String:
<xml><ToUserName><![CDATA[gh_53d3c05432a7]]></ToUserName>
<FromUserName><![CDATA[oLFOttwFUOHwtj-fW1WgIvOHS0OE]]></FromUserName>
<CreateTime>1467438042</CreateTime>
<MsgType><![CDATA[event]]></MsgType>
<Event><![CDATA[VIEW]]></Event>
<EventKey><![CDATA[http://yz.win-k.com/app/index.php?i=2&c=entry&do=member&m=sz_yi]]></EventKey>
<MenuId>457882021</MenuId>
</xml>

2016-07-02 13:40:42 params :
------------
Array:
rule : -2 ;
module :  ;
message : Array ;

2016-07-02 13:40:42 response :
------------

2016-07-02 13:41:04 trace :
------------
String:
<xml><ToUserName><![CDATA[gh_53d3c05432a7]]></ToUserName>
<FromUserName><![CDATA[oLFOttwFUOHwtj-fW1WgIvOHS0OE]]></FromUserName>
<CreateTime>1467438064</CreateTime>
<MsgType><![CDATA[event]]></MsgType>
<Event><![CDATA[unsubscribe]]></Event>
<EventKey><![CDATA[]]></EventKey>
</xml>

2016-07-02 13:43:47 trace :
------------
String:
<xml><ToUserName><![CDATA[gh_53d3c05432a7]]></ToUserName>
<FromUserName><![CDATA[oLFOttwFUOHwtj-fW1WgIvOHS0OE]]></FromUserName>
<CreateTime>1467438227</CreateTime>
<MsgType><![CDATA[event]]></MsgType>
<Event><![CDATA[subscribe]]></Event>
<EventKey><![CDATA[]]></EventKey>
</xml>

2016-07-02 13:43:47 params :
------------
Array:
rule : -2 ;
module :  ;
message : Array ;

2016-07-02 13:43:47 response :
------------

2016-07-02 13:43:50 trace :
------------
String:
<xml><ToUserName><![CDATA[gh_53d3c05432a7]]></ToUserName>
<FromUserName><![CDATA[oLFOttwFUOHwtj-fW1WgIvOHS0OE]]></FromUserName>
<CreateTime>1467438230</CreateTime>
<MsgType><![CDATA[event]]></MsgType>
<Event><![CDATA[CLICK]]></Event>
<EventKey><![CDATA[二维码海报]]></EventKey>
</xml>

2016-07-02 13:43:50 trace :
------------
String:
<xml><ToUserName><![CDATA[gh_53d3c05432a7]]></ToUserName>
<FromUserName><![CDATA[oLFOttwFUOHwtj-fW1WgIvOHS0OE]]></FromUserName>
<CreateTime>1467438230</CreateTime>
<MsgType><![CDATA[event]]></MsgType>
<Event><![CDATA[VIEW]]></Event>
<EventKey><![CDATA[http://yz.win-k.com/app/index.php?i=2&c=entry&do=member&m=sz_yi]]></EventKey>
<MenuId>457882021</MenuId>
</xml>

2016-07-02 13:43:50 params :
------------
Array:
rule : -2 ;
module :  ;
message : Array ;

2016-07-02 13:43:50 response :
------------

2016-07-02 13:46:32 trace :
------------
String:
<xml><ToUserName><![CDATA[gh_53d3c05432a7]]></ToUserName>
<FromUserName><![CDATA[oLFOttwFUOHwtj-fW1WgIvOHS0OE]]></FromUserName>
<CreateTime>1467438392</CreateTime>
<MsgType><![CDATA[event]]></MsgType>
<Event><![CDATA[VIEW]]></Event>
<EventKey><![CDATA[http://yz.win-k.com/app/index.php?i=2&c=entry&do=member&m=sz_yi]]></EventKey>
<MenuId>457882021</MenuId>
</xml>

2016-07-02 13:46:32 params :
------------
Array:
rule : -2 ;
module :  ;
message : Array ;

2016-07-02 13:46:32 response :
------------

2016-07-02 13:46:53 trace :
------------
String:
<xml><ToUserName><![CDATA[gh_53d3c05432a7]]></ToUserName>
<FromUserName><![CDATA[oLFOttwFUOHwtj-fW1WgIvOHS0OE]]></FromUserName>
<CreateTime>1467438412</CreateTime>
<MsgType><![CDATA[event]]></MsgType>
<Event><![CDATA[VIEW]]></Event>
<EventKey><![CDATA[http://yz.win-k.com/app/index.php?i=2&c=entry&do=member&m=sz_yi]]></EventKey>
<MenuId>457882021</MenuId>
</xml>

2016-07-02 13:46:53 params :
------------
Array:
rule : -2 ;
module :  ;
message : Array ;

2016-07-02 13:46:53 response :
------------

2016-07-02 16:31:08 trace :
------------
String:
<xml><ToUserName><![CDATA[gh_53d3c05432a7]]></ToUserName>
<FromUserName><![CDATA[oLFOtt-gKAhm8I9VyvE4tt__AUoQ]]></FromUserName>
<CreateTime>1467448267</CreateTime>
<MsgType><![CDATA[event]]></MsgType>
<Event><![CDATA[VIEW]]></Event>
<EventKey><![CDATA[http://yz.win-k.com/app/index.php?i=2&c=entry&eid=12]]></EventKey>
<MenuId>457882021</MenuId>
</xml>

2016-07-02 16:31:08 params :
------------
Array:
rule : -2 ;
module :  ;
message : Array ;

2016-07-02 16:31:08 response :
------------

2016-07-02 16:31:22 trace :
------------
String:
<xml><ToUserName><![CDATA[gh_53d3c05432a7]]></ToUserName>
<FromUserName><![CDATA[oLFOtt-gKAhm8I9VyvE4tt__AUoQ]]></FromUserName>
<CreateTime>1467448282</CreateTime>
<MsgType><![CDATA[event]]></MsgType>
<Event><![CDATA[VIEW]]></Event>
<EventKey><![CDATA[http://yz.win-k.com/app/index.php?i=2&c=entry&do=member&m=sz_yi]]></EventKey>
<MenuId>457882021</MenuId>
</xml>

2016-07-02 16:31:22 params :
------------
Array:
rule : -2 ;
module :  ;
message : Array ;

2016-07-02 16:31:22 response :
------------

2016-07-02 16:31:27 trace :
------------
String:
<xml><ToUserName><![CDATA[gh_53d3c05432a7]]></ToUserName>
<FromUserName><![CDATA[oLFOtt-gKAhm8I9VyvE4tt__AUoQ]]></FromUserName>
<CreateTime>1467448287</CreateTime>
<MsgType><![CDATA[event]]></MsgType>
<Event><![CDATA[VIEW]]></Event>
<EventKey><![CDATA[http://yz.win-k.com/app/index.php?i=2&c=entry&eid=12]]></EventKey>
<MenuId>457882021</MenuId>
</xml>

2016-07-02 16:31:27 params :
------------
Array:
rule : -2 ;
module :  ;
message : Array ;

2016-07-02 16:31:27 response :
------------

2016-07-02 16:31:38 trace :
------------
String:
<xml><ToUserName><![CDATA[gh_53d3c05432a7]]></ToUserName>
<FromUserName><![CDATA[oLFOtt-gKAhm8I9VyvE4tt__AUoQ]]></FromUserName>
<CreateTime>1467448298</CreateTime>
<MsgType><![CDATA[event]]></MsgType>
<Event><![CDATA[VIEW]]></Event>
<EventKey><![CDATA[http://yz.win-k.com/app/index.php?i=2&c=entry&eid=12]]></EventKey>
<MenuId>457882021</MenuId>
</xml>

2016-07-02 16:31:38 params :
------------
Array:
rule : -2 ;
module :  ;
message : Array ;

2016-07-02 16:31:38 response :
------------

2016-07-02 16:32:13 trace :
------------
String:
<xml><ToUserName><![CDATA[gh_53d3c05432a7]]></ToUserName>
<FromUserName><![CDATA[oLFOtt-gKAhm8I9VyvE4tt__AUoQ]]></FromUserName>
<CreateTime>1467448333</CreateTime>
<MsgType><![CDATA[event]]></MsgType>
<Event><![CDATA[CLICK]]></Event>
<EventKey><![CDATA[二维码海报]]></EventKey>
</xml>

2016-07-02 17:42:27 trace :
------------
String:
<xml><ToUserName><![CDATA[gh_53d3c05432a7]]></ToUserName>
<FromUserName><![CDATA[oLFOttwFUOHwtj-fW1WgIvOHS0OE]]></FromUserName>
<CreateTime>1467452547</CreateTime>
<MsgType><![CDATA[event]]></MsgType>
<Event><![CDATA[VIEW]]></Event>
<EventKey><![CDATA[http://yz.win-k.com/app/index.php?i=2&c=entry&eid=12]]></EventKey>
<MenuId>457882021</MenuId>
</xml>

2016-07-02 17:42:27 params :
------------
Array:
rule : -2 ;
module :  ;
message : Array ;

2016-07-02 17:42:27 response :
------------

2016-07-02 17:56:57 trace :
------------
String:
<xml><ToUserName><![CDATA[gh_a8b0861e9e83]]></ToUserName>
<FromUserName><![CDATA[owbq5t9_E7OyBka8JHZqhk8CfbT4]]></FromUserName>
<CreateTime>1467453417</CreateTime>
<MsgType><![CDATA[event]]></MsgType>
<Event><![CDATA[unsubscribe]]></Event>
<EventKey><![CDATA[]]></EventKey>
</xml>

2016-07-02 17:57:23 trace :
------------
String:
<xml><ToUserName><![CDATA[gh_a8b0861e9e83]]></ToUserName>
<FromUserName><![CDATA[owbq5t9_E7OyBka8JHZqhk8CfbT4]]></FromUserName>
<CreateTime>1467453442</CreateTime>
<MsgType><![CDATA[event]]></MsgType>
<Event><![CDATA[subscribe]]></Event>
<EventKey><![CDATA[]]></EventKey>
</xml>

2016-07-02 17:57:23 params :
------------
Array:
rule : -2 ;
module :  ;
message : Array ;

2016-07-02 17:57:23 response :
------------

2016-07-02 17:57:27 trace :
------------
String:
<xml><ToUserName><![CDATA[gh_a8b0861e9e83]]></ToUserName>
<FromUserName><![CDATA[owbq5t9_E7OyBka8JHZqhk8CfbT4]]></FromUserName>
<CreateTime>1467453447</CreateTime>
<MsgType><![CDATA[event]]></MsgType>
<Event><![CDATA[VIEW]]></Event>
<EventKey><![CDATA[http://yz.win-k.com/app/index.php?i=3&c=entry&eid=16]]></EventKey>
<MenuId>421298140</MenuId>
</xml>

2016-07-02 17:57:27 params :
------------
Array:
rule : -2 ;
module :  ;
message : Array ;

2016-07-02 17:57:27 response :
------------

2016-07-02 18:11:59 trace :
------------
String:
<xml><ToUserName><![CDATA[gh_a8b0861e9e83]]></ToUserName>
<FromUserName><![CDATA[owbq5t9_E7OyBka8JHZqhk8CfbT4]]></FromUserName>
<CreateTime>1467454318</CreateTime>
<MsgType><![CDATA[event]]></MsgType>
<Event><![CDATA[VIEW]]></Event>
<EventKey><![CDATA[http://yz.win-k.com/app/index.php?i=3&c=entry&eid=16]]></EventKey>
<MenuId>421298140</MenuId>
</xml>

2016-07-02 18:11:59 params :
------------
Array:
rule : -2 ;
module :  ;
message : Array ;

2016-07-02 18:11:59 response :
------------

2016-07-02 18:12:58 trace :
------------
String:
<xml><ToUserName><![CDATA[gh_a8b0861e9e83]]></ToUserName>
<FromUserName><![CDATA[owbq5t9_E7OyBka8JHZqhk8CfbT4]]></FromUserName>
<CreateTime>1467454378</CreateTime>
<MsgType><![CDATA[event]]></MsgType>
<Event><![CDATA[VIEW]]></Event>
<EventKey><![CDATA[http://yz.win-k.com/app/index.php?i=3&c=entry&eid=16]]></EventKey>
<MenuId>421298140</MenuId>
</xml>

2016-07-02 18:12:58 params :
------------
Array:
rule : -2 ;
module :  ;
message : Array ;

2016-07-02 18:12:58 response :
------------

2016-07-02 18:13:35 trace :
------------
String:
<xml><ToUserName><![CDATA[gh_a8b0861e9e83]]></ToUserName>
<FromUserName><![CDATA[owbq5t9_E7OyBka8JHZqhk8CfbT4]]></FromUserName>
<CreateTime>1467454415</CreateTime>
<MsgType><![CDATA[event]]></MsgType>
<Event><![CDATA[VIEW]]></Event>
<EventKey><![CDATA[http://yz.win-k.com/app/index.php?i=3&c=entry&eid=16]]></EventKey>
<MenuId>421298140</MenuId>
</xml>

2016-07-02 18:13:35 params :
------------
Array:
rule : -2 ;
module :  ;
message : Array ;

2016-07-02 18:13:35 response :
------------

2016-07-02 19:32:26 trace :
------------
String:
<xml><ToUserName><![CDATA[gh_53d3c05432a7]]></ToUserName>
<FromUserName><![CDATA[oLFOtt8hNUJ1_TcbiYSR7AXDTJH4]]></FromUserName>
<CreateTime>1467459146</CreateTime>
<MsgType><![CDATA[event]]></MsgType>
<Event><![CDATA[unsubscribe]]></Event>
<EventKey><![CDATA[]]></EventKey>
</xml>

2016-07-02 19:38:24 trace :
------------
String:
<xml><ToUserName><![CDATA[gh_a8b0861e9e83]]></ToUserName>
<FromUserName><![CDATA[owbq5t9_E7OyBka8JHZqhk8CfbT4]]></FromUserName>
<CreateTime>1467459504</CreateTime>
<MsgType><![CDATA[event]]></MsgType>
<Event><![CDATA[VIEW]]></Event>
<EventKey><![CDATA[http://yz.win-k.com/app/index.php?i=3&c=entry&eid=16]]></EventKey>
<MenuId>421298140</MenuId>
</xml>

2016-07-02 19:38:24 params :
------------
Array:
rule : -2 ;
module :  ;
message : Array ;

2016-07-02 19:38:24 response :
------------

2016-07-02 19:38:30 trace :
------------
String:
<xml><ToUserName><![CDATA[gh_a8b0861e9e83]]></ToUserName>
<FromUserName><![CDATA[owbq5t9_E7OyBka8JHZqhk8CfbT4]]></FromUserName>
<CreateTime>1467459510</CreateTime>
<MsgType><![CDATA[event]]></MsgType>
<Event><![CDATA[VIEW]]></Event>
<EventKey><![CDATA[http://yz.win-k.com/app/index.php?i=3&c=entry&eid=16]]></EventKey>
<MenuId>421298140</MenuId>
</xml>

2016-07-02 19:38:30 params :
------------
Array:
rule : -2 ;
module :  ;
message : Array ;

2016-07-02 19:38:30 response :
------------

2016-07-02 19:38:46 trace :
------------
String:
<xml><ToUserName><![CDATA[gh_a8b0861e9e83]]></ToUserName>
<FromUserName><![CDATA[owbq5t9_E7OyBka8JHZqhk8CfbT4]]></FromUserName>
<CreateTime>1467459526</CreateTime>
<MsgType><![CDATA[event]]></MsgType>
<Event><![CDATA[unsubscribe]]></Event>
<EventKey><![CDATA[]]></EventKey>
</xml>

2016-07-02 19:39:15 trace :
------------
String:
<xml><ToUserName><![CDATA[gh_a8b0861e9e83]]></ToUserName>
<FromUserName><![CDATA[owbq5t9_E7OyBka8JHZqhk8CfbT4]]></FromUserName>
<CreateTime>1467459554</CreateTime>
<MsgType><![CDATA[event]]></MsgType>
<Event><![CDATA[subscribe]]></Event>
<EventKey><![CDATA[]]></EventKey>
</xml>

2016-07-02 19:39:15 params :
------------
Array:
rule : -2 ;
module :  ;
message : Array ;

2016-07-02 19:39:15 response :
------------

2016-07-02 19:39:21 trace :
------------
String:
<xml><ToUserName><![CDATA[gh_a8b0861e9e83]]></ToUserName>
<FromUserName><![CDATA[owbq5t9_E7OyBka8JHZqhk8CfbT4]]></FromUserName>
<CreateTime>1467459560</CreateTime>
<MsgType><![CDATA[event]]></MsgType>
<Event><![CDATA[VIEW]]></Event>
<EventKey><![CDATA[http://yz.win-k.com/app/index.php?i=4&c=entry&eid=16]]></EventKey>
<MenuId>421300059</MenuId>
</xml>

2016-07-02 19:39:21 params :
------------
Array:
rule : -2 ;
module :  ;
message : Array ;

2016-07-02 19:39:21 response :
------------

2016-07-02 21:38:09 trace :
------------
String:
<xml><ToUserName><![CDATA[gh_53d3c05432a7]]></ToUserName>
<FromUserName><![CDATA[oLFOtt1X0wq-Wz4J3zlQiCdS2cIA]]></FromUserName>
<CreateTime>1467466689</CreateTime>
<MsgType><![CDATA[event]]></MsgType>
<Event><![CDATA[VIEW]]></Event>
<EventKey><![CDATA[http://yz.win-k.com/app/index.php?i=2&c=entry&eid=12]]></EventKey>
<MenuId>457882021</MenuId>
</xml>

2016-07-02 21:38:09 params :
------------
Array:
rule : -2 ;
module :  ;
message : Array ;

2016-07-02 21:38:09 response :
------------

