2016-06-30 08:25:27 trace :
------------
String:
<xml><ToUserName><![CDATA[gh_53d3c05432a7]]></ToUserName>
<FromUserName><![CDATA[oLFOttzgu0Jc7C5_lsbic3xPmB-8]]></FromUserName>
<CreateTime>1467246327</CreateTime>
<MsgType><![CDATA[event]]></MsgType>
<Event><![CDATA[VIEW]]></Event>
<EventKey><![CDATA[http://yz.win-k.com/app/index.php?i=2&c=entry&eid=12]]></EventKey>
<MenuId>457882021</MenuId>
</xml>

2016-06-30 08:25:27 params :
------------
Array:
rule : -2 ;
module :  ;
message : Array ;

2016-06-30 08:25:27 response :
------------

2016-06-30 08:26:02 trace :
------------
String:
<xml><ToUserName><![CDATA[gh_53d3c05432a7]]></ToUserName>
<FromUserName><![CDATA[oLFOttzgu0Jc7C5_lsbic3xPmB-8]]></FromUserName>
<CreateTime>1467246362</CreateTime>
<MsgType><![CDATA[event]]></MsgType>
<Event><![CDATA[VIEW]]></Event>
<EventKey><![CDATA[http://yz.win-k.com/app/index.php?i=2&c=entry&do=member&m=sz_yi]]></EventKey>
<MenuId>457882021</MenuId>
</xml>

2016-06-30 08:26:02 params :
------------
Array:
rule : -2 ;
module :  ;
message : Array ;

2016-06-30 08:26:02 response :
------------

2016-06-30 08:29:03 trace :
------------
String:
<xml><ToUserName><![CDATA[gh_53d3c05432a7]]></ToUserName>
<FromUserName><![CDATA[oLFOttzgu0Jc7C5_lsbic3xPmB-8]]></FromUserName>
<CreateTime>1467246543</CreateTime>
<MsgType><![CDATA[event]]></MsgType>
<Event><![CDATA[CLICK]]></Event>
<EventKey><![CDATA[二维码海报]]></EventKey>
</xml>

2016-06-30 08:29:55 trace :
------------
String:
<xml><ToUserName><![CDATA[gh_53d3c05432a7]]></ToUserName>
<FromUserName><![CDATA[oLFOttzgu0Jc7C5_lsbic3xPmB-8]]></FromUserName>
<CreateTime>1467246595</CreateTime>
<MsgType><![CDATA[event]]></MsgType>
<Event><![CDATA[VIEW]]></Event>
<EventKey><![CDATA[http://yz.win-k.com/app/index.php?i=2&c=entry&eid=12]]></EventKey>
<MenuId>457882021</MenuId>
</xml>

2016-06-30 08:29:55 params :
------------
Array:
rule : -2 ;
module :  ;
message : Array ;

2016-06-30 08:29:55 response :
------------

2016-06-30 08:31:57 trace :
------------
String:
<xml><ToUserName><![CDATA[gh_53d3c05432a7]]></ToUserName>
<FromUserName><![CDATA[oLFOttzgu0Jc7C5_lsbic3xPmB-8]]></FromUserName>
<CreateTime>1467246717</CreateTime>
<MsgType><![CDATA[event]]></MsgType>
<Event><![CDATA[VIEW]]></Event>
<EventKey><![CDATA[http://yz.win-k.com/app/index.php?i=2&c=entry&eid=12]]></EventKey>
<MenuId>457882021</MenuId>
</xml>

2016-06-30 08:31:57 params :
------------
Array:
rule : -2 ;
module :  ;
message : Array ;

2016-06-30 08:31:57 response :
------------

2016-06-30 08:32:03 trace :
------------
String:
<xml><ToUserName><![CDATA[gh_53d3c05432a7]]></ToUserName>
<FromUserName><![CDATA[oLFOttzgu0Jc7C5_lsbic3xPmB-8]]></FromUserName>
<CreateTime>1467246723</CreateTime>
<MsgType><![CDATA[event]]></MsgType>
<Event><![CDATA[VIEW]]></Event>
<EventKey><![CDATA[http://yz.win-k.com/app/index.php?i=2&c=entry&do=member&m=sz_yi]]></EventKey>
<MenuId>457882021</MenuId>
</xml>

2016-06-30 08:32:03 params :
------------
Array:
rule : -2 ;
module :  ;
message : Array ;

2016-06-30 08:32:03 response :
------------

2016-06-30 08:32:41 trace :
------------
String:
<xml><ToUserName><![CDATA[gh_53d3c05432a7]]></ToUserName>
<FromUserName><![CDATA[oLFOtt_20X4HF_-nhDMAV-lfKpKg]]></FromUserName>
<CreateTime>1467246761</CreateTime>
<MsgType><![CDATA[event]]></MsgType>
<Event><![CDATA[subscribe]]></Event>
<EventKey><![CDATA[]]></EventKey>
</xml>

2016-06-30 08:32:41 params :
------------
Array:
rule : -2 ;
module :  ;
message : Array ;

2016-06-30 08:32:41 response :
------------

2016-06-30 08:33:02 trace :
------------
String:
<xml><ToUserName><![CDATA[gh_53d3c05432a7]]></ToUserName>
<FromUserName><![CDATA[oLFOtt_20X4HF_-nhDMAV-lfKpKg]]></FromUserName>
<CreateTime>1467246782</CreateTime>
<MsgType><![CDATA[event]]></MsgType>
<Event><![CDATA[VIEW]]></Event>
<EventKey><![CDATA[http://yz.win-k.com/app/index.php?i=2&c=entry&eid=12]]></EventKey>
<MenuId>457882021</MenuId>
</xml>

2016-06-30 08:33:02 params :
------------
Array:
rule : -2 ;
module :  ;
message : Array ;

2016-06-30 08:33:02 response :
------------

2016-06-30 10:45:06 trace :
------------
String:
<xml><ToUserName><![CDATA[gh_53d3c05432a7]]></ToUserName>
<FromUserName><![CDATA[oLFOtt_20X4HF_-nhDMAV-lfKpKg]]></FromUserName>
<CreateTime>1467254706</CreateTime>
<MsgType><![CDATA[event]]></MsgType>
<Event><![CDATA[unsubscribe]]></Event>
<EventKey><![CDATA[]]></EventKey>
</xml>

