2016-06-29 13:20:45 trace :
------------
String:
<xml><ToUserName><![CDATA[gh_53d3c05432a7]]></ToUserName>
<FromUserName><![CDATA[oLFOttyPSkoUxl-ZhaxNIQicF6Vg]]></FromUserName>
<CreateTime>1467177645</CreateTime>
<MsgType><![CDATA[event]]></MsgType>
<Event><![CDATA[subscribe]]></Event>
<EventKey><![CDATA[]]></EventKey>
</xml>

2016-06-29 13:20:45 params :
------------
Array:
rule : -2 ;
module :  ;
message : Array ;

2016-06-29 13:20:45 response :
------------

2016-06-29 13:20:48 trace :
------------
String:
<xml><ToUserName><![CDATA[gh_53d3c05432a7]]></ToUserName>
<FromUserName><![CDATA[oLFOttyPSkoUxl-ZhaxNIQicF6Vg]]></FromUserName>
<CreateTime>1467177648</CreateTime>
<MsgType><![CDATA[event]]></MsgType>
<Event><![CDATA[VIEW]]></Event>
<EventKey><![CDATA[http://yz.win-k.com/app/index.php?i=2&c=entry&eid=12]]></EventKey>
<MenuId>457882021</MenuId>
</xml>

2016-06-29 13:20:48 params :
------------
Array:
rule : -2 ;
module :  ;
message : Array ;

2016-06-29 13:20:48 response :
------------

2016-06-29 14:23:37 trace :
------------
String:
<xml><ToUserName><![CDATA[gh_53d3c05432a7]]></ToUserName>
<FromUserName><![CDATA[oLFOtt3Iydw1CdbU6tCWS_6wAtvE]]></FromUserName>
<CreateTime>1467181417</CreateTime>
<MsgType><![CDATA[event]]></MsgType>
<Event><![CDATA[VIEW]]></Event>
<EventKey><![CDATA[http://yz.win-k.com/app/index.php?i=2&c=entry&eid=12]]></EventKey>
<MenuId>457882021</MenuId>
</xml>

2016-06-29 14:23:37 params :
------------
Array:
rule : -2 ;
module :  ;
message : Array ;

2016-06-29 14:23:37 response :
------------

