2016-06-16 09:39:10 trace :
------------
String:
<xml><ToUserName><![CDATA[gh_53d3c05432a7]]></ToUserName>
<FromUserName><![CDATA[oLFOtt1X0wq-Wz4J3zlQiCdS2cIA]]></FromUserName>
<CreateTime>1466041150</CreateTime>
<MsgType><![CDATA[event]]></MsgType>
<Event><![CDATA[VIEW]]></Event>
<EventKey><![CDATA[http://yz.win-k.com/app/index.php?i=2&c=entry&eid=12]]></EventKey>
<MenuId>457838290</MenuId>
</xml>

2016-06-16 09:39:10 params :
------------
Array:
rule : -2 ;
module :  ;
message : Array ;

2016-06-16 09:39:10 response :
------------

2016-06-16 09:53:12 trace :
------------
String:
<xml><ToUserName><![CDATA[gh_53d3c05432a7]]></ToUserName>
<FromUserName><![CDATA[oLFOtt1X0wq-Wz4J3zlQiCdS2cIA]]></FromUserName>
<CreateTime>1466041992</CreateTime>
<MsgType><![CDATA[event]]></MsgType>
<Event><![CDATA[VIEW]]></Event>
<EventKey><![CDATA[http://yz.win-k.com/app/index.php?i=2&c=entry&eid=12]]></EventKey>
<MenuId>457838290</MenuId>
</xml>

2016-06-16 09:53:12 params :
------------
Array:
rule : -2 ;
module :  ;
message : Array ;

2016-06-16 09:53:12 response :
------------

2016-06-16 10:22:14 trace :
------------
String:
<xml><ToUserName><![CDATA[gh_53d3c05432a7]]></ToUserName>
<FromUserName><![CDATA[oLFOtt1X0wq-Wz4J3zlQiCdS2cIA]]></FromUserName>
<CreateTime>1466043734</CreateTime>
<MsgType><![CDATA[event]]></MsgType>
<Event><![CDATA[VIEW]]></Event>
<EventKey><![CDATA[http://yz.win-k.com/app/index.php?i=2&c=entry&eid=12]]></EventKey>
<MenuId>457838290</MenuId>
</xml>

2016-06-16 10:22:14 params :
------------
Array:
rule : -2 ;
module :  ;
message : Array ;

2016-06-16 10:22:14 response :
------------

2016-06-16 10:23:18 trace :
------------
String:
<xml><ToUserName><![CDATA[gh_53d3c05432a7]]></ToUserName>
<FromUserName><![CDATA[oLFOtt29r1cwjmWcn-CioxXnQ4mY]]></FromUserName>
<CreateTime>1466043798</CreateTime>
<MsgType><![CDATA[event]]></MsgType>
<Event><![CDATA[subscribe]]></Event>
<EventKey><![CDATA[]]></EventKey>
</xml>

2016-06-16 10:23:18 params :
------------
Array:
rule : -2 ;
module :  ;
message : Array ;

2016-06-16 10:23:18 response :
------------

2016-06-16 10:23:26 trace :
------------
String:
<xml><ToUserName><![CDATA[gh_53d3c05432a7]]></ToUserName>
<FromUserName><![CDATA[oLFOtt29r1cwjmWcn-CioxXnQ4mY]]></FromUserName>
<CreateTime>1466043806</CreateTime>
<MsgType><![CDATA[event]]></MsgType>
<Event><![CDATA[VIEW]]></Event>
<EventKey><![CDATA[http://yz.win-k.com/app/index.php?i=2&c=entry&eid=12]]></EventKey>
<MenuId>457838290</MenuId>
</xml>

2016-06-16 10:23:26 params :
------------
Array:
rule : -2 ;
module :  ;
message : Array ;

2016-06-16 10:23:26 response :
------------

2016-06-16 10:31:48 trace :
------------
String:
<xml><ToUserName><![CDATA[gh_53d3c05432a7]]></ToUserName>
<FromUserName><![CDATA[oLFOtt29r1cwjmWcn-CioxXnQ4mY]]></FromUserName>
<CreateTime>1466044308</CreateTime>
<MsgType><![CDATA[event]]></MsgType>
<Event><![CDATA[CLICK]]></Event>
<EventKey><![CDATA[推广二维码]]></EventKey>
</xml>

2016-06-16 10:31:48 params :
------------
Array:
rule : -2 ;
module :  ;
message : Array ;

2016-06-16 10:31:48 response :
------------

2016-06-16 10:31:55 trace :
------------
String:
<xml><ToUserName><![CDATA[gh_53d3c05432a7]]></ToUserName>
<FromUserName><![CDATA[oLFOtt29r1cwjmWcn-CioxXnQ4mY]]></FromUserName>
<CreateTime>1466044315</CreateTime>
<MsgType><![CDATA[event]]></MsgType>
<Event><![CDATA[VIEW]]></Event>
<EventKey><![CDATA[http://yz.win-k.com/app/index.php?i=2&c=entry&do=member&m=sz_yi]]></EventKey>
<MenuId>457838290</MenuId>
</xml>

2016-06-16 10:31:55 params :
------------
Array:
rule : -2 ;
module :  ;
message : Array ;

2016-06-16 10:31:55 response :
------------

2016-06-16 10:45:04 trace :
------------
String:
<xml><ToUserName><![CDATA[gh_53d3c05432a7]]></ToUserName>
<FromUserName><![CDATA[oLFOtt1X0wq-Wz4J3zlQiCdS2cIA]]></FromUserName>
<CreateTime>1466045104</CreateTime>
<MsgType><![CDATA[event]]></MsgType>
<Event><![CDATA[VIEW]]></Event>
<EventKey><![CDATA[http://yz.win-k.com/app/index.php?i=2&c=entry&eid=12]]></EventKey>
<MenuId>457838290</MenuId>
</xml>

2016-06-16 10:45:04 params :
------------
Array:
rule : -2 ;
module :  ;
message : Array ;

2016-06-16 10:45:04 response :
------------

2016-06-16 10:53:04 trace :
------------
String:
<xml><ToUserName><![CDATA[gh_53d3c05432a7]]></ToUserName>
<FromUserName><![CDATA[oLFOtt1X0wq-Wz4J3zlQiCdS2cIA]]></FromUserName>
<CreateTime>1466045584</CreateTime>
<MsgType><![CDATA[event]]></MsgType>
<Event><![CDATA[VIEW]]></Event>
<EventKey><![CDATA[http://yz.win-k.com/app/index.php?i=2&c=entry&eid=12]]></EventKey>
<MenuId>457838290</MenuId>
</xml>

2016-06-16 10:53:04 params :
------------
Array:
rule : -2 ;
module :  ;
message : Array ;

2016-06-16 10:53:04 response :
------------

2016-06-16 11:09:37 trace :
------------
String:
<xml><ToUserName><![CDATA[gh_53d3c05432a7]]></ToUserName>
<FromUserName><![CDATA[oLFOttyIhx3WfH_ZxA_UdspL835k]]></FromUserName>
<CreateTime>1466046576</CreateTime>
<MsgType><![CDATA[event]]></MsgType>
<Event><![CDATA[subscribe]]></Event>
<EventKey><![CDATA[]]></EventKey>
</xml>

2016-06-16 11:09:37 params :
------------
Array:
rule : -2 ;
module :  ;
message : Array ;

2016-06-16 11:09:37 response :
------------

2016-06-16 11:09:39 trace :
------------
String:
<xml><ToUserName><![CDATA[gh_53d3c05432a7]]></ToUserName>
<FromUserName><![CDATA[oLFOttyIhx3WfH_ZxA_UdspL835k]]></FromUserName>
<CreateTime>1466046579</CreateTime>
<MsgType><![CDATA[event]]></MsgType>
<Event><![CDATA[VIEW]]></Event>
<EventKey><![CDATA[http://yz.win-k.com/app/index.php?i=2&c=entry&eid=12]]></EventKey>
<MenuId>457838290</MenuId>
</xml>

2016-06-16 11:09:39 params :
------------
Array:
rule : -2 ;
module :  ;
message : Array ;

2016-06-16 11:09:39 response :
------------

2016-06-16 11:12:21 trace :
------------
String:
<xml><ToUserName><![CDATA[gh_53d3c05432a7]]></ToUserName>
<FromUserName><![CDATA[oLFOttyIhx3WfH_ZxA_UdspL835k]]></FromUserName>
<CreateTime>1466046741</CreateTime>
<MsgType><![CDATA[event]]></MsgType>
<Event><![CDATA[VIEW]]></Event>
<EventKey><![CDATA[http://yz.win-k.com/app/index.php?i=2&c=entry&eid=12]]></EventKey>
<MenuId>457838290</MenuId>
</xml>

2016-06-16 11:12:21 params :
------------
Array:
rule : -2 ;
module :  ;
message : Array ;

2016-06-16 11:12:21 response :
------------

2016-06-16 11:22:00 trace :
------------
String:
<xml><ToUserName><![CDATA[gh_53d3c05432a7]]></ToUserName>
<FromUserName><![CDATA[oLFOttyIhx3WfH_ZxA_UdspL835k]]></FromUserName>
<CreateTime>1466047320</CreateTime>
<MsgType><![CDATA[event]]></MsgType>
<Event><![CDATA[CLICK]]></Event>
<EventKey><![CDATA[推广二维码]]></EventKey>
</xml>

2016-06-16 11:22:00 params :
------------
Array:
rule : -2 ;
module :  ;
message : Array ;

2016-06-16 11:22:00 response :
------------

2016-06-16 11:22:07 trace :
------------
String:
<xml><ToUserName><![CDATA[gh_53d3c05432a7]]></ToUserName>
<FromUserName><![CDATA[oLFOttyIhx3WfH_ZxA_UdspL835k]]></FromUserName>
<CreateTime>1466047327</CreateTime>
<MsgType><![CDATA[event]]></MsgType>
<Event><![CDATA[CLICK]]></Event>
<EventKey><![CDATA[推广二维码]]></EventKey>
</xml>

2016-06-16 11:22:07 params :
------------
Array:
rule : -2 ;
module :  ;
message : Array ;

2016-06-16 11:22:07 response :
------------

2016-06-16 11:22:12 trace :
------------
String:
<xml><ToUserName><![CDATA[gh_53d3c05432a7]]></ToUserName>
<FromUserName><![CDATA[oLFOttyIhx3WfH_ZxA_UdspL835k]]></FromUserName>
<CreateTime>1466047332</CreateTime>
<MsgType><![CDATA[event]]></MsgType>
<Event><![CDATA[VIEW]]></Event>
<EventKey><![CDATA[http://yz.win-k.com/app/index.php?i=2&c=entry&eid=12]]></EventKey>
<MenuId>457838290</MenuId>
</xml>

2016-06-16 11:22:12 params :
------------
Array:
rule : -2 ;
module :  ;
message : Array ;

2016-06-16 11:22:12 response :
------------

2016-06-16 11:34:58 trace :
------------
String:
<xml><ToUserName><![CDATA[gh_53d3c05432a7]]></ToUserName>
<FromUserName><![CDATA[oLFOtt29r1cwjmWcn-CioxXnQ4mY]]></FromUserName>
<CreateTime>1466048098</CreateTime>
<MsgType><![CDATA[event]]></MsgType>
<Event><![CDATA[VIEW]]></Event>
<EventKey><![CDATA[http://yz.win-k.com/app/index.php?i=2&c=entry&eid=12]]></EventKey>
<MenuId>457838290</MenuId>
</xml>

2016-06-16 11:34:58 params :
------------
Array:
rule : -2 ;
module :  ;
message : Array ;

2016-06-16 11:34:58 response :
------------

2016-06-16 11:36:32 trace :
------------
String:
<xml><ToUserName><![CDATA[gh_53d3c05432a7]]></ToUserName>
<FromUserName><![CDATA[oLFOtt1X0wq-Wz4J3zlQiCdS2cIA]]></FromUserName>
<CreateTime>1466048191</CreateTime>
<MsgType><![CDATA[event]]></MsgType>
<Event><![CDATA[VIEW]]></Event>
<EventKey><![CDATA[http://yz.win-k.com/app/index.php?i=2&c=entry&do=member&m=sz_yi]]></EventKey>
<MenuId>457838290</MenuId>
</xml>

2016-06-16 11:36:32 params :
------------
Array:
rule : -2 ;
module :  ;
message : Array ;

2016-06-16 11:36:32 response :
------------

2016-06-16 11:38:29 trace :
------------
String:
<xml><ToUserName><![CDATA[gh_53d3c05432a7]]></ToUserName>
<FromUserName><![CDATA[oLFOtt29r1cwjmWcn-CioxXnQ4mY]]></FromUserName>
<CreateTime>1466048309</CreateTime>
<MsgType><![CDATA[event]]></MsgType>
<Event><![CDATA[VIEW]]></Event>
<EventKey><![CDATA[http://yz.win-k.com/app/index.php?i=2&c=entry&eid=12]]></EventKey>
<MenuId>457838290</MenuId>
</xml>

2016-06-16 11:38:29 params :
------------
Array:
rule : -2 ;
module :  ;
message : Array ;

2016-06-16 11:38:29 response :
------------

2016-06-16 11:40:45 trace :
------------
String:
<xml><ToUserName><![CDATA[gh_53d3c05432a7]]></ToUserName>
<FromUserName><![CDATA[oLFOttyIhx3WfH_ZxA_UdspL835k]]></FromUserName>
<CreateTime>1466048445</CreateTime>
<MsgType><![CDATA[event]]></MsgType>
<Event><![CDATA[VIEW]]></Event>
<EventKey><![CDATA[http://yz.win-k.com/app/index.php?i=2&c=entry&eid=12]]></EventKey>
<MenuId>457838290</MenuId>
</xml>

2016-06-16 11:40:45 params :
------------
Array:
rule : -2 ;
module :  ;
message : Array ;

2016-06-16 11:40:45 response :
------------

2016-06-16 11:58:43 trace :
------------
String:
<xml><ToUserName><![CDATA[gh_53d3c05432a7]]></ToUserName>
<FromUserName><![CDATA[oLFOtt29r1cwjmWcn-CioxXnQ4mY]]></FromUserName>
<CreateTime>1466049523</CreateTime>
<MsgType><![CDATA[event]]></MsgType>
<Event><![CDATA[VIEW]]></Event>
<EventKey><![CDATA[http://yz.win-k.com/app/index.php?i=2&c=entry&eid=12]]></EventKey>
<MenuId>457838290</MenuId>
</xml>

2016-06-16 11:58:43 params :
------------
Array:
rule : -2 ;
module :  ;
message : Array ;

2016-06-16 11:58:43 response :
------------

2016-06-16 12:01:38 trace :
------------
String:
<xml><ToUserName><![CDATA[gh_53d3c05432a7]]></ToUserName>
<FromUserName><![CDATA[oLFOttyIhx3WfH_ZxA_UdspL835k]]></FromUserName>
<CreateTime>1466049698</CreateTime>
<MsgType><![CDATA[event]]></MsgType>
<Event><![CDATA[VIEW]]></Event>
<EventKey><![CDATA[http://yz.win-k.com/app/index.php?i=2&c=entry&eid=12]]></EventKey>
<MenuId>457838290</MenuId>
</xml>

2016-06-16 12:01:38 params :
------------
Array:
rule : -2 ;
module :  ;
message : Array ;

2016-06-16 12:01:38 response :
------------

2016-06-16 12:03:11 trace :
------------
String:
<xml><ToUserName><![CDATA[gh_53d3c05432a7]]></ToUserName>
<FromUserName><![CDATA[oLFOttyIhx3WfH_ZxA_UdspL835k]]></FromUserName>
<CreateTime>1466049791</CreateTime>
<MsgType><![CDATA[event]]></MsgType>
<Event><![CDATA[CLICK]]></Event>
<EventKey><![CDATA[推广二维码]]></EventKey>
</xml>

2016-06-16 12:03:11 params :
------------
Array:
rule : -2 ;
module :  ;
message : Array ;

2016-06-16 12:03:11 response :
------------

2016-06-16 12:04:02 trace :
------------
String:
<xml><ToUserName><![CDATA[gh_53d3c05432a7]]></ToUserName>
<FromUserName><![CDATA[oLFOtt29r1cwjmWcn-CioxXnQ4mY]]></FromUserName>
<CreateTime>1466049842</CreateTime>
<MsgType><![CDATA[event]]></MsgType>
<Event><![CDATA[VIEW]]></Event>
<EventKey><![CDATA[http://yz.win-k.com/app/index.php?i=2&c=entry&eid=12]]></EventKey>
<MenuId>457838290</MenuId>
</xml>

2016-06-16 12:04:02 params :
------------
Array:
rule : -2 ;
module :  ;
message : Array ;

2016-06-16 12:04:02 response :
------------

2016-06-16 12:08:35 trace :
------------
String:
<xml><ToUserName><![CDATA[gh_53d3c05432a7]]></ToUserName>
<FromUserName><![CDATA[oLFOtt29r1cwjmWcn-CioxXnQ4mY]]></FromUserName>
<CreateTime>1466050115</CreateTime>
<MsgType><![CDATA[event]]></MsgType>
<Event><![CDATA[VIEW]]></Event>
<EventKey><![CDATA[http://yz.win-k.com/app/index.php?i=2&c=entry&eid=12]]></EventKey>
<MenuId>457838290</MenuId>
</xml>

2016-06-16 12:08:35 params :
------------
Array:
rule : -2 ;
module :  ;
message : Array ;

2016-06-16 12:08:35 response :
------------

2016-06-16 12:08:40 trace :
------------
String:
<xml><ToUserName><![CDATA[gh_53d3c05432a7]]></ToUserName>
<FromUserName><![CDATA[oLFOtt29r1cwjmWcn-CioxXnQ4mY]]></FromUserName>
<CreateTime>1466050120</CreateTime>
<MsgType><![CDATA[event]]></MsgType>
<Event><![CDATA[CLICK]]></Event>
<EventKey><![CDATA[推广二维码]]></EventKey>
</xml>

2016-06-16 12:08:40 params :
------------
Array:
rule : -2 ;
module :  ;
message : Array ;

2016-06-16 12:08:40 response :
------------

2016-06-16 12:08:48 trace :
------------
String:
<xml><ToUserName><![CDATA[gh_53d3c05432a7]]></ToUserName>
<FromUserName><![CDATA[oLFOtt29r1cwjmWcn-CioxXnQ4mY]]></FromUserName>
<CreateTime>1466050128</CreateTime>
<MsgType><![CDATA[event]]></MsgType>
<Event><![CDATA[VIEW]]></Event>
<EventKey><![CDATA[http://yz.win-k.com/app/index.php?i=2&c=entry&eid=12]]></EventKey>
<MenuId>457838290</MenuId>
</xml>

2016-06-16 12:08:48 params :
------------
Array:
rule : -2 ;
module :  ;
message : Array ;

2016-06-16 12:08:48 response :
------------

2016-06-16 12:09:39 trace :
------------
String:
<xml><ToUserName><![CDATA[gh_53d3c05432a7]]></ToUserName>
<FromUserName><![CDATA[oLFOtt29r1cwjmWcn-CioxXnQ4mY]]></FromUserName>
<CreateTime>1466050179</CreateTime>
<MsgType><![CDATA[event]]></MsgType>
<Event><![CDATA[VIEW]]></Event>
<EventKey><![CDATA[http://yz.win-k.com/app/index.php?i=2&c=entry&eid=12]]></EventKey>
<MenuId>457838290</MenuId>
</xml>

2016-06-16 12:09:39 params :
------------
Array:
rule : -2 ;
module :  ;
message : Array ;

2016-06-16 12:09:39 response :
------------

2016-06-16 12:09:55 trace :
------------
String:
<xml><ToUserName><![CDATA[gh_53d3c05432a7]]></ToUserName>
<FromUserName><![CDATA[oLFOtt29r1cwjmWcn-CioxXnQ4mY]]></FromUserName>
<CreateTime>1466050195</CreateTime>
<MsgType><![CDATA[event]]></MsgType>
<Event><![CDATA[VIEW]]></Event>
<EventKey><![CDATA[http://yz.win-k.com/app/index.php?i=2&c=entry&do=member&m=sz_yi]]></EventKey>
<MenuId>457838290</MenuId>
</xml>

2016-06-16 12:09:55 params :
------------
Array:
rule : -2 ;
module :  ;
message : Array ;

2016-06-16 12:09:55 response :
------------

2016-06-16 12:12:24 trace :
------------
String:
<xml><ToUserName><![CDATA[gh_53d3c05432a7]]></ToUserName>
<FromUserName><![CDATA[oLFOtt29r1cwjmWcn-CioxXnQ4mY]]></FromUserName>
<CreateTime>1466050344</CreateTime>
<MsgType><![CDATA[event]]></MsgType>
<Event><![CDATA[VIEW]]></Event>
<EventKey><![CDATA[http://yz.win-k.com/app/index.php?i=2&c=entry&do=member&m=sz_yi]]></EventKey>
<MenuId>457838290</MenuId>
</xml>

2016-06-16 12:12:24 params :
------------
Array:
rule : -2 ;
module :  ;
message : Array ;

2016-06-16 12:12:24 response :
------------

2016-06-16 12:19:40 trace :
------------
String:
<xml><ToUserName><![CDATA[gh_53d3c05432a7]]></ToUserName>
<FromUserName><![CDATA[oLFOtt29r1cwjmWcn-CioxXnQ4mY]]></FromUserName>
<CreateTime>1466050780</CreateTime>
<MsgType><![CDATA[event]]></MsgType>
<Event><![CDATA[VIEW]]></Event>
<EventKey><![CDATA[http://yz.win-k.com/app/index.php?i=2&c=entry&eid=12]]></EventKey>
<MenuId>457838290</MenuId>
</xml>

2016-06-16 12:19:40 params :
------------
Array:
rule : -2 ;
module :  ;
message : Array ;

2016-06-16 12:19:40 response :
------------

2016-06-16 12:21:59 trace :
------------
String:
<xml><ToUserName><![CDATA[gh_53d3c05432a7]]></ToUserName>
<FromUserName><![CDATA[oLFOtt29r1cwjmWcn-CioxXnQ4mY]]></FromUserName>
<CreateTime>1466050919</CreateTime>
<MsgType><![CDATA[event]]></MsgType>
<Event><![CDATA[VIEW]]></Event>
<EventKey><![CDATA[http://yz.win-k.com/app/index.php?i=2&c=entry&eid=12]]></EventKey>
<MenuId>457838290</MenuId>
</xml>

2016-06-16 12:21:59 params :
------------
Array:
rule : -2 ;
module :  ;
message : Array ;

2016-06-16 12:21:59 response :
------------

2016-06-16 12:30:12 trace :
------------
String:
<xml><ToUserName><![CDATA[gh_53d3c05432a7]]></ToUserName>
<FromUserName><![CDATA[oLFOtt29r1cwjmWcn-CioxXnQ4mY]]></FromUserName>
<CreateTime>1466051412</CreateTime>
<MsgType><![CDATA[event]]></MsgType>
<Event><![CDATA[VIEW]]></Event>
<EventKey><![CDATA[http://yz.win-k.com/app/index.php?i=2&c=entry&eid=12]]></EventKey>
<MenuId>457838290</MenuId>
</xml>

2016-06-16 12:30:12 params :
------------
Array:
rule : -2 ;
module :  ;
message : Array ;

2016-06-16 12:30:12 response :
------------

2016-06-16 12:30:56 trace :
------------
String:
<xml><ToUserName><![CDATA[gh_53d3c05432a7]]></ToUserName>
<FromUserName><![CDATA[oLFOttxJJoypJxEkDRPzmC4Pv-ic]]></FromUserName>
<CreateTime>1466051456</CreateTime>
<MsgType><![CDATA[event]]></MsgType>
<Event><![CDATA[subscribe]]></Event>
<EventKey><![CDATA[]]></EventKey>
</xml>

2016-06-16 12:30:56 params :
------------
Array:
rule : -2 ;
module :  ;
message : Array ;

2016-06-16 12:30:56 response :
------------

2016-06-16 12:31:55 trace :
------------
String:
<xml><ToUserName><![CDATA[gh_53d3c05432a7]]></ToUserName>
<FromUserName><![CDATA[oLFOttxJJoypJxEkDRPzmC4Pv-ic]]></FromUserName>
<CreateTime>1466051515</CreateTime>
<MsgType><![CDATA[event]]></MsgType>
<Event><![CDATA[unsubscribe]]></Event>
<EventKey><![CDATA[]]></EventKey>
</xml>

2016-06-16 12:36:55 trace :
------------
String:
<xml><ToUserName><![CDATA[gh_53d3c05432a7]]></ToUserName>
<FromUserName><![CDATA[oLFOttxJJoypJxEkDRPzmC4Pv-ic]]></FromUserName>
<CreateTime>1466051815</CreateTime>
<MsgType><![CDATA[event]]></MsgType>
<Event><![CDATA[subscribe]]></Event>
<EventKey><![CDATA[]]></EventKey>
</xml>

2016-06-16 12:36:55 params :
------------
Array:
rule : -2 ;
module :  ;
message : Array ;

2016-06-16 12:36:55 response :
------------

2016-06-16 12:37:07 trace :
------------
String:
<xml><ToUserName><![CDATA[gh_53d3c05432a7]]></ToUserName>
<FromUserName><![CDATA[oLFOttxJJoypJxEkDRPzmC4Pv-ic]]></FromUserName>
<CreateTime>1466051827</CreateTime>
<MsgType><![CDATA[event]]></MsgType>
<Event><![CDATA[VIEW]]></Event>
<EventKey><![CDATA[http://yz.win-k.com/app/index.php?i=2&c=entry&do=member&m=sz_yi]]></EventKey>
<MenuId>457838290</MenuId>
</xml>

2016-06-16 12:37:07 params :
------------
Array:
rule : -2 ;
module :  ;
message : Array ;

2016-06-16 12:37:07 response :
------------

2016-06-16 12:37:51 trace :
------------
String:
<xml><ToUserName><![CDATA[gh_53d3c05432a7]]></ToUserName>
<FromUserName><![CDATA[oLFOtt29r1cwjmWcn-CioxXnQ4mY]]></FromUserName>
<CreateTime>1466051871</CreateTime>
<MsgType><![CDATA[event]]></MsgType>
<Event><![CDATA[VIEW]]></Event>
<EventKey><![CDATA[http://yz.win-k.com/app/index.php?i=2&c=entry&do=member&m=sz_yi]]></EventKey>
<MenuId>457838290</MenuId>
</xml>

2016-06-16 12:37:51 params :
------------
Array:
rule : -2 ;
module :  ;
message : Array ;

2016-06-16 12:37:51 response :
------------

2016-06-16 12:42:40 trace :
------------
String:
<xml><ToUserName><![CDATA[gh_53d3c05432a7]]></ToUserName>
<FromUserName><![CDATA[oLFOtt29r1cwjmWcn-CioxXnQ4mY]]></FromUserName>
<CreateTime>1466052160</CreateTime>
<MsgType><![CDATA[event]]></MsgType>
<Event><![CDATA[VIEW]]></Event>
<EventKey><![CDATA[http://yz.win-k.com/app/index.php?i=2&c=entry&do=member&m=sz_yi]]></EventKey>
<MenuId>457838290</MenuId>
</xml>

2016-06-16 12:42:40 params :
------------
Array:
rule : -2 ;
module :  ;
message : Array ;

2016-06-16 12:42:40 response :
------------

2016-06-16 12:57:14 trace :
------------
String:
<xml><ToUserName><![CDATA[gh_53d3c05432a7]]></ToUserName>
<FromUserName><![CDATA[oLFOtt29r1cwjmWcn-CioxXnQ4mY]]></FromUserName>
<CreateTime>1466053034</CreateTime>
<MsgType><![CDATA[event]]></MsgType>
<Event><![CDATA[VIEW]]></Event>
<EventKey><![CDATA[http://yz.win-k.com/app/index.php?i=2&c=entry&do=member&m=sz_yi]]></EventKey>
<MenuId>457838290</MenuId>
</xml>

2016-06-16 12:57:14 params :
------------
Array:
rule : -2 ;
module :  ;
message : Array ;

2016-06-16 12:57:14 response :
------------

2016-06-16 12:59:15 trace :
------------
String:
<xml><ToUserName><![CDATA[gh_53d3c05432a7]]></ToUserName>
<FromUserName><![CDATA[oLFOtt29r1cwjmWcn-CioxXnQ4mY]]></FromUserName>
<CreateTime>1466053155</CreateTime>
<MsgType><![CDATA[event]]></MsgType>
<Event><![CDATA[VIEW]]></Event>
<EventKey><![CDATA[http://yz.win-k.com/app/index.php?i=2&c=entry&do=member&m=sz_yi]]></EventKey>
<MenuId>457838290</MenuId>
</xml>

2016-06-16 12:59:15 params :
------------
Array:
rule : -2 ;
module :  ;
message : Array ;

2016-06-16 12:59:15 response :
------------

2016-06-16 12:59:53 trace :
------------
String:
<xml><ToUserName><![CDATA[gh_53d3c05432a7]]></ToUserName>
<FromUserName><![CDATA[oLFOtt29r1cwjmWcn-CioxXnQ4mY]]></FromUserName>
<CreateTime>1466053193</CreateTime>
<MsgType><![CDATA[event]]></MsgType>
<Event><![CDATA[VIEW]]></Event>
<EventKey><![CDATA[http://yz.win-k.com/app/index.php?i=2&c=entry&do=member&m=sz_yi]]></EventKey>
<MenuId>457838290</MenuId>
</xml>

2016-06-16 12:59:53 params :
------------
Array:
rule : -2 ;
module :  ;
message : Array ;

2016-06-16 12:59:53 response :
------------

2016-06-16 13:00:18 trace :
------------
String:
<xml><ToUserName><![CDATA[gh_53d3c05432a7]]></ToUserName>
<FromUserName><![CDATA[oLFOtt29r1cwjmWcn-CioxXnQ4mY]]></FromUserName>
<CreateTime>1466053218</CreateTime>
<MsgType><![CDATA[event]]></MsgType>
<Event><![CDATA[VIEW]]></Event>
<EventKey><![CDATA[http://yz.win-k.com/app/index.php?i=2&c=entry&do=member&m=sz_yi]]></EventKey>
<MenuId>457838290</MenuId>
</xml>

2016-06-16 13:00:18 params :
------------
Array:
rule : -2 ;
module :  ;
message : Array ;

2016-06-16 13:00:18 response :
------------

2016-06-16 13:01:31 trace :
------------
String:
<xml><ToUserName><![CDATA[gh_53d3c05432a7]]></ToUserName>
<FromUserName><![CDATA[oLFOtt29r1cwjmWcn-CioxXnQ4mY]]></FromUserName>
<CreateTime>1466053291</CreateTime>
<MsgType><![CDATA[event]]></MsgType>
<Event><![CDATA[VIEW]]></Event>
<EventKey><![CDATA[http://yz.win-k.com/app/index.php?i=2&c=entry&do=member&m=sz_yi]]></EventKey>
<MenuId>457838290</MenuId>
</xml>

2016-06-16 13:01:31 params :
------------
Array:
rule : -2 ;
module :  ;
message : Array ;

2016-06-16 13:01:31 response :
------------

2016-06-16 13:04:29 trace :
------------
String:
<xml><ToUserName><![CDATA[gh_53d3c05432a7]]></ToUserName>
<FromUserName><![CDATA[oLFOtt1X0wq-Wz4J3zlQiCdS2cIA]]></FromUserName>
<CreateTime>1466053469</CreateTime>
<MsgType><![CDATA[event]]></MsgType>
<Event><![CDATA[VIEW]]></Event>
<EventKey><![CDATA[http://yz.win-k.com/app/index.php?i=2&c=entry&do=member&m=sz_yi]]></EventKey>
<MenuId>457838290</MenuId>
</xml>

2016-06-16 13:04:29 params :
------------
Array:
rule : -2 ;
module :  ;
message : Array ;

2016-06-16 13:04:29 response :
------------

2016-06-16 13:04:30 trace :
------------
String:
<xml><ToUserName><![CDATA[gh_53d3c05432a7]]></ToUserName>
<FromUserName><![CDATA[oLFOtt29r1cwjmWcn-CioxXnQ4mY]]></FromUserName>
<CreateTime>1466053470</CreateTime>
<MsgType><![CDATA[event]]></MsgType>
<Event><![CDATA[VIEW]]></Event>
<EventKey><![CDATA[http://yz.win-k.com/app/index.php?i=2&c=entry&do=member&m=sz_yi]]></EventKey>
<MenuId>457838290</MenuId>
</xml>

2016-06-16 13:04:30 params :
------------
Array:
rule : -2 ;
module :  ;
message : Array ;

2016-06-16 13:04:30 response :
------------

2016-06-16 13:04:54 trace :
------------
String:
<xml><ToUserName><![CDATA[gh_53d3c05432a7]]></ToUserName>
<FromUserName><![CDATA[oLFOtt1X0wq-Wz4J3zlQiCdS2cIA]]></FromUserName>
<CreateTime>1466053494</CreateTime>
<MsgType><![CDATA[event]]></MsgType>
<Event><![CDATA[VIEW]]></Event>
<EventKey><![CDATA[http://yz.win-k.com/app/index.php?i=2&c=entry&eid=12]]></EventKey>
<MenuId>457838290</MenuId>
</xml>

2016-06-16 13:04:54 params :
------------
Array:
rule : -2 ;
module :  ;
message : Array ;

2016-06-16 13:04:54 response :
------------

2016-06-16 13:05:33 trace :
------------
String:
<xml><ToUserName><![CDATA[gh_53d3c05432a7]]></ToUserName>
<FromUserName><![CDATA[oLFOtt29r1cwjmWcn-CioxXnQ4mY]]></FromUserName>
<CreateTime>1466053533</CreateTime>
<MsgType><![CDATA[event]]></MsgType>
<Event><![CDATA[VIEW]]></Event>
<EventKey><![CDATA[http://yz.win-k.com/app/index.php?i=2&c=entry&do=member&m=sz_yi]]></EventKey>
<MenuId>457838290</MenuId>
</xml>

2016-06-16 13:05:33 params :
------------
Array:
rule : -2 ;
module :  ;
message : Array ;

2016-06-16 13:05:33 response :
------------

2016-06-16 13:06:46 trace :
------------
String:
<xml><ToUserName><![CDATA[gh_53d3c05432a7]]></ToUserName>
<FromUserName><![CDATA[oLFOtt29r1cwjmWcn-CioxXnQ4mY]]></FromUserName>
<CreateTime>1466053606</CreateTime>
<MsgType><![CDATA[event]]></MsgType>
<Event><![CDATA[VIEW]]></Event>
<EventKey><![CDATA[http://yz.win-k.com/app/index.php?i=2&c=entry&do=member&m=sz_yi]]></EventKey>
<MenuId>457838290</MenuId>
</xml>

2016-06-16 13:06:46 params :
------------
Array:
rule : -2 ;
module :  ;
message : Array ;

2016-06-16 13:06:46 response :
------------

2016-06-16 13:09:24 trace :
------------
String:
<xml><ToUserName><![CDATA[gh_53d3c05432a7]]></ToUserName>
<FromUserName><![CDATA[oLFOtt29r1cwjmWcn-CioxXnQ4mY]]></FromUserName>
<CreateTime>1466053763</CreateTime>
<MsgType><![CDATA[event]]></MsgType>
<Event><![CDATA[VIEW]]></Event>
<EventKey><![CDATA[http://yz.win-k.com/app/index.php?i=2&c=entry&do=member&m=sz_yi]]></EventKey>
<MenuId>457838290</MenuId>
</xml>

2016-06-16 13:09:24 params :
------------
Array:
rule : -2 ;
module :  ;
message : Array ;

2016-06-16 13:09:24 response :
------------

2016-06-16 13:11:19 trace :
------------
String:
<xml><ToUserName><![CDATA[gh_53d3c05432a7]]></ToUserName>
<FromUserName><![CDATA[oLFOtt1X0wq-Wz4J3zlQiCdS2cIA]]></FromUserName>
<CreateTime>1466053879</CreateTime>
<MsgType><![CDATA[event]]></MsgType>
<Event><![CDATA[VIEW]]></Event>
<EventKey><![CDATA[http://yz.win-k.com/app/index.php?i=2&c=entry&eid=12]]></EventKey>
<MenuId>457838290</MenuId>
</xml>

2016-06-16 13:11:19 params :
------------
Array:
rule : -2 ;
module :  ;
message : Array ;

2016-06-16 13:11:19 response :
------------

2016-06-16 13:13:34 trace :
------------
String:
<xml><ToUserName><![CDATA[gh_53d3c05432a7]]></ToUserName>
<FromUserName><![CDATA[oLFOtt29r1cwjmWcn-CioxXnQ4mY]]></FromUserName>
<CreateTime>1466054014</CreateTime>
<MsgType><![CDATA[event]]></MsgType>
<Event><![CDATA[VIEW]]></Event>
<EventKey><![CDATA[http://yz.win-k.com/app/index.php?i=2&c=entry&do=member&m=sz_yi]]></EventKey>
<MenuId>457838290</MenuId>
</xml>

2016-06-16 13:13:34 params :
------------
Array:
rule : -2 ;
module :  ;
message : Array ;

2016-06-16 13:13:34 response :
------------

2016-06-16 13:14:24 trace :
------------
String:
<xml><ToUserName><![CDATA[gh_53d3c05432a7]]></ToUserName>
<FromUserName><![CDATA[oLFOtt29r1cwjmWcn-CioxXnQ4mY]]></FromUserName>
<CreateTime>1466054064</CreateTime>
<MsgType><![CDATA[event]]></MsgType>
<Event><![CDATA[VIEW]]></Event>
<EventKey><![CDATA[http://yz.win-k.com/app/index.php?i=2&c=entry&do=member&m=sz_yi]]></EventKey>
<MenuId>457838290</MenuId>
</xml>

2016-06-16 13:14:24 params :
------------
Array:
rule : -2 ;
module :  ;
message : Array ;

2016-06-16 13:14:24 response :
------------

2016-06-16 13:15:20 trace :
------------
String:
<xml><ToUserName><![CDATA[gh_53d3c05432a7]]></ToUserName>
<FromUserName><![CDATA[oLFOtt29r1cwjmWcn-CioxXnQ4mY]]></FromUserName>
<CreateTime>1466054120</CreateTime>
<MsgType><![CDATA[event]]></MsgType>
<Event><![CDATA[VIEW]]></Event>
<EventKey><![CDATA[http://yz.win-k.com/app/index.php?i=2&c=entry&do=member&m=sz_yi]]></EventKey>
<MenuId>457838290</MenuId>
</xml>

2016-06-16 13:15:20 params :
------------
Array:
rule : -2 ;
module :  ;
message : Array ;

2016-06-16 13:15:20 response :
------------

2016-06-16 13:15:35 trace :
------------
String:
<xml><ToUserName><![CDATA[gh_53d3c05432a7]]></ToUserName>
<FromUserName><![CDATA[oLFOtt29r1cwjmWcn-CioxXnQ4mY]]></FromUserName>
<CreateTime>1466054135</CreateTime>
<MsgType><![CDATA[event]]></MsgType>
<Event><![CDATA[VIEW]]></Event>
<EventKey><![CDATA[http://yz.win-k.com/app/index.php?i=2&c=entry&do=member&m=sz_yi]]></EventKey>
<MenuId>457838290</MenuId>
</xml>

2016-06-16 13:15:35 params :
------------
Array:
rule : -2 ;
module :  ;
message : Array ;

2016-06-16 13:15:35 response :
------------

2016-06-16 13:16:14 trace :
------------
String:
<xml><ToUserName><![CDATA[gh_53d3c05432a7]]></ToUserName>
<FromUserName><![CDATA[oLFOtt29r1cwjmWcn-CioxXnQ4mY]]></FromUserName>
<CreateTime>1466054174</CreateTime>
<MsgType><![CDATA[event]]></MsgType>
<Event><![CDATA[VIEW]]></Event>
<EventKey><![CDATA[http://yz.win-k.com/app/index.php?i=2&c=entry&do=member&m=sz_yi]]></EventKey>
<MenuId>457838290</MenuId>
</xml>

2016-06-16 13:16:14 params :
------------
Array:
rule : -2 ;
module :  ;
message : Array ;

2016-06-16 13:16:14 response :
------------

2016-06-16 13:16:32 trace :
------------
String:
<xml><ToUserName><![CDATA[gh_53d3c05432a7]]></ToUserName>
<FromUserName><![CDATA[oLFOtt29r1cwjmWcn-CioxXnQ4mY]]></FromUserName>
<CreateTime>1466054192</CreateTime>
<MsgType><![CDATA[event]]></MsgType>
<Event><![CDATA[VIEW]]></Event>
<EventKey><![CDATA[http://yz.win-k.com/app/index.php?i=2&c=entry&do=member&m=sz_yi]]></EventKey>
<MenuId>457838290</MenuId>
</xml>

2016-06-16 13:16:32 params :
------------
Array:
rule : -2 ;
module :  ;
message : Array ;

2016-06-16 13:16:32 response :
------------

2016-06-16 13:17:19 trace :
------------
String:
<xml><ToUserName><![CDATA[gh_53d3c05432a7]]></ToUserName>
<FromUserName><![CDATA[oLFOtt29r1cwjmWcn-CioxXnQ4mY]]></FromUserName>
<CreateTime>1466054239</CreateTime>
<MsgType><![CDATA[event]]></MsgType>
<Event><![CDATA[VIEW]]></Event>
<EventKey><![CDATA[http://yz.win-k.com/app/index.php?i=2&c=entry&do=member&m=sz_yi]]></EventKey>
<MenuId>457838290</MenuId>
</xml>

2016-06-16 13:17:19 params :
------------
Array:
rule : -2 ;
module :  ;
message : Array ;

2016-06-16 13:17:19 response :
------------

2016-06-16 13:21:40 trace :
------------
String:
<xml><ToUserName><![CDATA[gh_53d3c05432a7]]></ToUserName>
<FromUserName><![CDATA[oLFOtt29r1cwjmWcn-CioxXnQ4mY]]></FromUserName>
<CreateTime>1466054500</CreateTime>
<MsgType><![CDATA[event]]></MsgType>
<Event><![CDATA[VIEW]]></Event>
<EventKey><![CDATA[http://yz.win-k.com/app/index.php?i=2&c=entry&eid=12]]></EventKey>
<MenuId>457838290</MenuId>
</xml>

2016-06-16 13:21:40 params :
------------
Array:
rule : -2 ;
module :  ;
message : Array ;

2016-06-16 13:21:40 response :
------------

2016-06-16 13:22:33 trace :
------------
String:
<xml><ToUserName><![CDATA[gh_53d3c05432a7]]></ToUserName>
<FromUserName><![CDATA[oLFOtt29r1cwjmWcn-CioxXnQ4mY]]></FromUserName>
<CreateTime>1466054553</CreateTime>
<MsgType><![CDATA[event]]></MsgType>
<Event><![CDATA[VIEW]]></Event>
<EventKey><![CDATA[http://yz.win-k.com/app/index.php?i=2&c=entry&eid=12]]></EventKey>
<MenuId>457838290</MenuId>
</xml>

2016-06-16 13:22:33 params :
------------
Array:
rule : -2 ;
module :  ;
message : Array ;

2016-06-16 13:22:33 response :
------------

2016-06-16 13:22:52 trace :
------------
String:
<xml><ToUserName><![CDATA[gh_53d3c05432a7]]></ToUserName>
<FromUserName><![CDATA[oLFOtt1X0wq-Wz4J3zlQiCdS2cIA]]></FromUserName>
<CreateTime>1466054572</CreateTime>
<MsgType><![CDATA[event]]></MsgType>
<Event><![CDATA[VIEW]]></Event>
<EventKey><![CDATA[http://yz.win-k.com/app/index.php?i=2&c=entry&eid=12]]></EventKey>
<MenuId>457838290</MenuId>
</xml>

2016-06-16 13:22:52 params :
------------
Array:
rule : -2 ;
module :  ;
message : Array ;

2016-06-16 13:22:52 response :
------------

2016-06-16 13:23:05 trace :
------------
String:
<xml><ToUserName><![CDATA[gh_53d3c05432a7]]></ToUserName>
<FromUserName><![CDATA[oLFOtt29r1cwjmWcn-CioxXnQ4mY]]></FromUserName>
<CreateTime>1466054585</CreateTime>
<MsgType><![CDATA[event]]></MsgType>
<Event><![CDATA[VIEW]]></Event>
<EventKey><![CDATA[http://yz.win-k.com/app/index.php?i=2&c=entry&do=member&m=sz_yi]]></EventKey>
<MenuId>457838290</MenuId>
</xml>

2016-06-16 13:23:05 params :
------------
Array:
rule : -2 ;
module :  ;
message : Array ;

2016-06-16 13:23:05 response :
------------

2016-06-16 13:23:47 trace :
------------
String:
<xml><ToUserName><![CDATA[gh_53d3c05432a7]]></ToUserName>
<FromUserName><![CDATA[oLFOtt29r1cwjmWcn-CioxXnQ4mY]]></FromUserName>
<CreateTime>1466054627</CreateTime>
<MsgType><![CDATA[event]]></MsgType>
<Event><![CDATA[VIEW]]></Event>
<EventKey><![CDATA[http://yz.win-k.com/app/index.php?i=2&c=entry&do=member&m=sz_yi]]></EventKey>
<MenuId>457838290</MenuId>
</xml>

2016-06-16 13:23:47 params :
------------
Array:
rule : -2 ;
module :  ;
message : Array ;

2016-06-16 13:23:47 response :
------------

2016-06-16 13:24:52 trace :
------------
String:
<xml><ToUserName><![CDATA[gh_53d3c05432a7]]></ToUserName>
<FromUserName><![CDATA[oLFOtt29r1cwjmWcn-CioxXnQ4mY]]></FromUserName>
<CreateTime>1466054692</CreateTime>
<MsgType><![CDATA[event]]></MsgType>
<Event><![CDATA[VIEW]]></Event>
<EventKey><![CDATA[http://yz.win-k.com/app/index.php?i=2&c=entry&eid=12]]></EventKey>
<MenuId>457838290</MenuId>
</xml>

2016-06-16 13:24:52 params :
------------
Array:
rule : -2 ;
module :  ;
message : Array ;

2016-06-16 13:24:52 response :
------------

2016-06-16 13:25:23 trace :
------------
String:
<xml><ToUserName><![CDATA[gh_53d3c05432a7]]></ToUserName>
<FromUserName><![CDATA[oLFOtt29r1cwjmWcn-CioxXnQ4mY]]></FromUserName>
<CreateTime>1466054722</CreateTime>
<MsgType><![CDATA[event]]></MsgType>
<Event><![CDATA[VIEW]]></Event>
<EventKey><![CDATA[http://yz.win-k.com/app/index.php?i=2&c=entry&do=member&m=sz_yi]]></EventKey>
<MenuId>457838290</MenuId>
</xml>

2016-06-16 13:25:23 params :
------------
Array:
rule : -2 ;
module :  ;
message : Array ;

2016-06-16 13:25:23 response :
------------

2016-06-16 13:25:50 trace :
------------
String:
<xml><ToUserName><![CDATA[gh_53d3c05432a7]]></ToUserName>
<FromUserName><![CDATA[oLFOtt1X0wq-Wz4J3zlQiCdS2cIA]]></FromUserName>
<CreateTime>1466054749</CreateTime>
<MsgType><![CDATA[event]]></MsgType>
<Event><![CDATA[VIEW]]></Event>
<EventKey><![CDATA[http://yz.win-k.com/app/index.php?i=2&c=entry&do=member&m=sz_yi]]></EventKey>
<MenuId>457838290</MenuId>
</xml>

2016-06-16 13:25:50 params :
------------
Array:
rule : -2 ;
module :  ;
message : Array ;

2016-06-16 13:25:50 response :
------------

2016-06-16 13:27:58 trace :
------------
String:
<xml><ToUserName><![CDATA[gh_53d3c05432a7]]></ToUserName>
<FromUserName><![CDATA[oLFOtt29r1cwjmWcn-CioxXnQ4mY]]></FromUserName>
<CreateTime>1466054878</CreateTime>
<MsgType><![CDATA[event]]></MsgType>
<Event><![CDATA[VIEW]]></Event>
<EventKey><![CDATA[http://yz.win-k.com/app/index.php?i=2&c=entry&eid=12]]></EventKey>
<MenuId>457838290</MenuId>
</xml>

2016-06-16 13:27:58 params :
------------
Array:
rule : -2 ;
module :  ;
message : Array ;

2016-06-16 13:27:58 response :
------------

2016-06-16 13:28:33 trace :
------------
String:
<xml><ToUserName><![CDATA[gh_53d3c05432a7]]></ToUserName>
<FromUserName><![CDATA[oLFOtt29r1cwjmWcn-CioxXnQ4mY]]></FromUserName>
<CreateTime>1466054913</CreateTime>
<MsgType><![CDATA[event]]></MsgType>
<Event><![CDATA[VIEW]]></Event>
<EventKey><![CDATA[http://yz.win-k.com/app/index.php?i=2&c=entry&do=member&m=sz_yi]]></EventKey>
<MenuId>457838290</MenuId>
</xml>

2016-06-16 13:28:33 params :
------------
Array:
rule : -2 ;
module :  ;
message : Array ;

2016-06-16 13:28:33 response :
------------

2016-06-16 13:28:55 trace :
------------
String:
<xml><ToUserName><![CDATA[gh_53d3c05432a7]]></ToUserName>
<FromUserName><![CDATA[oLFOtt29r1cwjmWcn-CioxXnQ4mY]]></FromUserName>
<CreateTime>1466054935</CreateTime>
<MsgType><![CDATA[event]]></MsgType>
<Event><![CDATA[VIEW]]></Event>
<EventKey><![CDATA[http://yz.win-k.com/app/index.php?i=2&c=entry&eid=12]]></EventKey>
<MenuId>457838290</MenuId>
</xml>

2016-06-16 13:28:55 params :
------------
Array:
rule : -2 ;
module :  ;
message : Array ;

2016-06-16 13:28:55 response :
------------

2016-06-16 13:29:18 trace :
------------
String:
<xml><ToUserName><![CDATA[gh_53d3c05432a7]]></ToUserName>
<FromUserName><![CDATA[oLFOtt29r1cwjmWcn-CioxXnQ4mY]]></FromUserName>
<CreateTime>1466054958</CreateTime>
<MsgType><![CDATA[event]]></MsgType>
<Event><![CDATA[VIEW]]></Event>
<EventKey><![CDATA[http://yz.win-k.com/app/index.php?i=2&c=entry&eid=12]]></EventKey>
<MenuId>457838290</MenuId>
</xml>

2016-06-16 13:29:18 params :
------------
Array:
rule : -2 ;
module :  ;
message : Array ;

2016-06-16 13:29:18 response :
------------

2016-06-16 13:31:29 trace :
------------
String:
<xml><ToUserName><![CDATA[gh_53d3c05432a7]]></ToUserName>
<FromUserName><![CDATA[oLFOtt29r1cwjmWcn-CioxXnQ4mY]]></FromUserName>
<CreateTime>1466055089</CreateTime>
<MsgType><![CDATA[event]]></MsgType>
<Event><![CDATA[VIEW]]></Event>
<EventKey><![CDATA[http://yz.win-k.com/app/index.php?i=2&c=entry&do=member&m=sz_yi]]></EventKey>
<MenuId>457838290</MenuId>
</xml>

2016-06-16 13:31:29 params :
------------
Array:
rule : -2 ;
module :  ;
message : Array ;

2016-06-16 13:31:29 response :
------------

2016-06-16 13:32:30 trace :
------------
String:
<xml><ToUserName><![CDATA[gh_53d3c05432a7]]></ToUserName>
<FromUserName><![CDATA[oLFOtt29r1cwjmWcn-CioxXnQ4mY]]></FromUserName>
<CreateTime>1466055150</CreateTime>
<MsgType><![CDATA[event]]></MsgType>
<Event><![CDATA[VIEW]]></Event>
<EventKey><![CDATA[http://yz.win-k.com/app/index.php?i=2&c=entry&eid=12]]></EventKey>
<MenuId>457838290</MenuId>
</xml>

2016-06-16 13:32:30 params :
------------
Array:
rule : -2 ;
module :  ;
message : Array ;

2016-06-16 13:32:30 response :
------------

2016-06-16 13:33:11 trace :
------------
String:
<xml><ToUserName><![CDATA[gh_53d3c05432a7]]></ToUserName>
<FromUserName><![CDATA[oLFOtt29r1cwjmWcn-CioxXnQ4mY]]></FromUserName>
<CreateTime>1466055191</CreateTime>
<MsgType><![CDATA[event]]></MsgType>
<Event><![CDATA[VIEW]]></Event>
<EventKey><![CDATA[http://yz.win-k.com/app/index.php?i=2&c=entry&eid=12]]></EventKey>
<MenuId>457838290</MenuId>
</xml>

2016-06-16 13:33:11 params :
------------
Array:
rule : -2 ;
module :  ;
message : Array ;

2016-06-16 13:33:11 response :
------------

2016-06-16 13:33:39 trace :
------------
String:
<xml><ToUserName><![CDATA[gh_53d3c05432a7]]></ToUserName>
<FromUserName><![CDATA[oLFOtt29r1cwjmWcn-CioxXnQ4mY]]></FromUserName>
<CreateTime>1466055218</CreateTime>
<MsgType><![CDATA[event]]></MsgType>
<Event><![CDATA[VIEW]]></Event>
<EventKey><![CDATA[http://yz.win-k.com/app/index.php?i=2&c=entry&do=member&m=sz_yi]]></EventKey>
<MenuId>457838290</MenuId>
</xml>

2016-06-16 13:33:39 params :
------------
Array:
rule : -2 ;
module :  ;
message : Array ;

2016-06-16 13:33:39 response :
------------

2016-06-16 13:39:45 trace :
------------
String:
<xml><ToUserName><![CDATA[gh_53d3c05432a7]]></ToUserName>
<FromUserName><![CDATA[oLFOtt29r1cwjmWcn-CioxXnQ4mY]]></FromUserName>
<CreateTime>1466055585</CreateTime>
<MsgType><![CDATA[event]]></MsgType>
<Event><![CDATA[unsubscribe]]></Event>
<EventKey><![CDATA[]]></EventKey>
</xml>

2016-06-16 13:40:29 trace :
------------
String:
<xml><ToUserName><![CDATA[gh_53d3c05432a7]]></ToUserName>
<FromUserName><![CDATA[oLFOtt29r1cwjmWcn-CioxXnQ4mY]]></FromUserName>
<CreateTime>1466055628</CreateTime>
<MsgType><![CDATA[event]]></MsgType>
<Event><![CDATA[subscribe]]></Event>
<EventKey><![CDATA[]]></EventKey>
</xml>

2016-06-16 13:40:29 params :
------------
Array:
rule : -2 ;
module :  ;
message : Array ;

2016-06-16 13:40:29 response :
------------

2016-06-16 13:40:31 trace :
------------
String:
<xml><ToUserName><![CDATA[gh_53d3c05432a7]]></ToUserName>
<FromUserName><![CDATA[oLFOtt29r1cwjmWcn-CioxXnQ4mY]]></FromUserName>
<CreateTime>1466055631</CreateTime>
<MsgType><![CDATA[event]]></MsgType>
<Event><![CDATA[VIEW]]></Event>
<EventKey><![CDATA[http://yz.win-k.com/app/index.php?i=2&c=entry&do=member&m=sz_yi]]></EventKey>
<MenuId>457838290</MenuId>
</xml>

2016-06-16 13:40:31 params :
------------
Array:
rule : -2 ;
module :  ;
message : Array ;

2016-06-16 13:40:31 response :
------------

2016-06-16 13:40:37 trace :
------------
String:
<xml><ToUserName><![CDATA[gh_53d3c05432a7]]></ToUserName>
<FromUserName><![CDATA[oLFOttxJJoypJxEkDRPzmC4Pv-ic]]></FromUserName>
<CreateTime>1466055637</CreateTime>
<MsgType><![CDATA[event]]></MsgType>
<Event><![CDATA[VIEW]]></Event>
<EventKey><![CDATA[http://yz.win-k.com/app/index.php?i=2&c=entry&eid=12]]></EventKey>
<MenuId>457838290</MenuId>
</xml>

2016-06-16 13:40:37 params :
------------
Array:
rule : -2 ;
module :  ;
message : Array ;

2016-06-16 13:40:37 response :
------------

2016-06-16 13:41:51 trace :
------------
String:
<xml><ToUserName><![CDATA[gh_53d3c05432a7]]></ToUserName>
<FromUserName><![CDATA[oLFOttxJJoypJxEkDRPzmC4Pv-ic]]></FromUserName>
<CreateTime>1466055711</CreateTime>
<MsgType><![CDATA[event]]></MsgType>
<Event><![CDATA[VIEW]]></Event>
<EventKey><![CDATA[http://yz.win-k.com/app/index.php?i=2&c=entry&eid=12]]></EventKey>
<MenuId>457838290</MenuId>
</xml>

2016-06-16 13:41:51 params :
------------
Array:
rule : -2 ;
module :  ;
message : Array ;

2016-06-16 13:41:51 response :
------------

2016-06-16 13:42:35 trace :
------------
String:
<xml><ToUserName><![CDATA[gh_53d3c05432a7]]></ToUserName>
<FromUserName><![CDATA[oLFOttxJJoypJxEkDRPzmC4Pv-ic]]></FromUserName>
<CreateTime>1466055755</CreateTime>
<MsgType><![CDATA[event]]></MsgType>
<Event><![CDATA[VIEW]]></Event>
<EventKey><![CDATA[http://yz.win-k.com/app/index.php?i=2&c=entry&do=member&m=sz_yi]]></EventKey>
<MenuId>457838290</MenuId>
</xml>

2016-06-16 13:42:35 params :
------------
Array:
rule : -2 ;
module :  ;
message : Array ;

2016-06-16 13:42:35 response :
------------

2016-06-16 13:44:00 trace :
------------
String:
<xml><ToUserName><![CDATA[gh_53d3c05432a7]]></ToUserName>
<FromUserName><![CDATA[oLFOttxJJoypJxEkDRPzmC4Pv-ic]]></FromUserName>
<CreateTime>1466055840</CreateTime>
<MsgType><![CDATA[event]]></MsgType>
<Event><![CDATA[VIEW]]></Event>
<EventKey><![CDATA[http://yz.win-k.com/app/index.php?i=2&c=entry&do=member&m=sz_yi]]></EventKey>
<MenuId>457838290</MenuId>
</xml>

2016-06-16 13:44:00 params :
------------
Array:
rule : -2 ;
module :  ;
message : Array ;

2016-06-16 13:44:00 response :
------------

2016-06-16 13:45:08 trace :
------------
String:
<xml><ToUserName><![CDATA[gh_53d3c05432a7]]></ToUserName>
<FromUserName><![CDATA[oLFOtt29r1cwjmWcn-CioxXnQ4mY]]></FromUserName>
<CreateTime>1466055908</CreateTime>
<MsgType><![CDATA[event]]></MsgType>
<Event><![CDATA[VIEW]]></Event>
<EventKey><![CDATA[http://yz.win-k.com/app/index.php?i=2&c=entry&do=member&m=sz_yi]]></EventKey>
<MenuId>457838290</MenuId>
</xml>

2016-06-16 13:45:08 params :
------------
Array:
rule : -2 ;
module :  ;
message : Array ;

2016-06-16 13:45:08 response :
------------

2016-06-16 13:49:51 trace :
------------
String:
<xml><ToUserName><![CDATA[gh_53d3c05432a7]]></ToUserName>
<FromUserName><![CDATA[oLFOtt29r1cwjmWcn-CioxXnQ4mY]]></FromUserName>
<CreateTime>1466056191</CreateTime>
<MsgType><![CDATA[event]]></MsgType>
<Event><![CDATA[VIEW]]></Event>
<EventKey><![CDATA[http://yz.win-k.com/app/index.php?i=2&c=entry&do=member&m=sz_yi]]></EventKey>
<MenuId>457838290</MenuId>
</xml>

2016-06-16 13:49:51 params :
------------
Array:
rule : -2 ;
module :  ;
message : Array ;

2016-06-16 13:49:51 response :
------------

2016-06-16 13:50:29 trace :
------------
String:
<xml><ToUserName><![CDATA[gh_53d3c05432a7]]></ToUserName>
<FromUserName><![CDATA[oLFOtt29r1cwjmWcn-CioxXnQ4mY]]></FromUserName>
<CreateTime>1466056229</CreateTime>
<MsgType><![CDATA[event]]></MsgType>
<Event><![CDATA[VIEW]]></Event>
<EventKey><![CDATA[http://yz.win-k.com/app/index.php?i=2&c=entry&eid=12]]></EventKey>
<MenuId>457838290</MenuId>
</xml>

2016-06-16 13:50:29 params :
------------
Array:
rule : -2 ;
module :  ;
message : Array ;

2016-06-16 13:50:29 response :
------------

2016-06-16 13:52:26 trace :
------------
String:
<xml><ToUserName><![CDATA[gh_53d3c05432a7]]></ToUserName>
<FromUserName><![CDATA[oLFOttxJJoypJxEkDRPzmC4Pv-ic]]></FromUserName>
<CreateTime>1466056346</CreateTime>
<MsgType><![CDATA[event]]></MsgType>
<Event><![CDATA[VIEW]]></Event>
<EventKey><![CDATA[http://yz.win-k.com/app/index.php?i=2&c=entry&do=member&m=sz_yi]]></EventKey>
<MenuId>457838290</MenuId>
</xml>

2016-06-16 13:52:27 params :
------------
Array:
rule : -2 ;
module :  ;
message : Array ;

2016-06-16 13:52:27 response :
------------

2016-06-16 13:54:45 trace :
------------
String:
<xml><ToUserName><![CDATA[gh_53d3c05432a7]]></ToUserName>
<FromUserName><![CDATA[oLFOtt29r1cwjmWcn-CioxXnQ4mY]]></FromUserName>
<CreateTime>1466056485</CreateTime>
<MsgType><![CDATA[event]]></MsgType>
<Event><![CDATA[unsubscribe]]></Event>
<EventKey><![CDATA[]]></EventKey>
</xml>

2016-06-16 13:55:51 trace :
------------
String:
<xml><ToUserName><![CDATA[gh_53d3c05432a7]]></ToUserName>
<FromUserName><![CDATA[oLFOttxJJoypJxEkDRPzmC4Pv-ic]]></FromUserName>
<CreateTime>1466056551</CreateTime>
<MsgType><![CDATA[event]]></MsgType>
<Event><![CDATA[VIEW]]></Event>
<EventKey><![CDATA[http://yz.win-k.com/app/index.php?i=2&c=entry&do=member&m=sz_yi]]></EventKey>
<MenuId>457838290</MenuId>
</xml>

2016-06-16 13:55:51 params :
------------
Array:
rule : -2 ;
module :  ;
message : Array ;

2016-06-16 13:55:51 response :
------------

2016-06-16 13:56:29 trace :
------------
String:
<xml><ToUserName><![CDATA[gh_53d3c05432a7]]></ToUserName>
<FromUserName><![CDATA[oLFOttxJJoypJxEkDRPzmC4Pv-ic]]></FromUserName>
<CreateTime>1466056589</CreateTime>
<MsgType><![CDATA[event]]></MsgType>
<Event><![CDATA[VIEW]]></Event>
<EventKey><![CDATA[http://yz.win-k.com/app/index.php?i=2&c=entry&eid=12]]></EventKey>
<MenuId>457838290</MenuId>
</xml>

2016-06-16 13:56:29 params :
------------
Array:
rule : -2 ;
module :  ;
message : Array ;

2016-06-16 13:56:29 response :
------------

2016-06-16 13:57:52 trace :
------------
String:
<xml><ToUserName><![CDATA[gh_53d3c05432a7]]></ToUserName>
<FromUserName><![CDATA[oLFOtt29r1cwjmWcn-CioxXnQ4mY]]></FromUserName>
<CreateTime>1466056672</CreateTime>
<MsgType><![CDATA[event]]></MsgType>
<Event><![CDATA[subscribe]]></Event>
<EventKey><![CDATA[]]></EventKey>
</xml>

2016-06-16 13:57:52 params :
------------
Array:
rule : -2 ;
module :  ;
message : Array ;

2016-06-16 13:57:52 response :
------------

2016-06-16 13:58:10 trace :
------------
String:
<xml><ToUserName><![CDATA[gh_53d3c05432a7]]></ToUserName>
<FromUserName><![CDATA[oLFOtt29r1cwjmWcn-CioxXnQ4mY]]></FromUserName>
<CreateTime>1466056690</CreateTime>
<MsgType><![CDATA[event]]></MsgType>
<Event><![CDATA[VIEW]]></Event>
<EventKey><![CDATA[http://yz.win-k.com/app/index.php?i=2&c=entry&do=member&m=sz_yi]]></EventKey>
<MenuId>457838290</MenuId>
</xml>

2016-06-16 13:58:10 params :
------------
Array:
rule : -2 ;
module :  ;
message : Array ;

2016-06-16 13:58:10 response :
------------

2016-06-16 13:59:16 trace :
------------
String:
<xml><ToUserName><![CDATA[gh_53d3c05432a7]]></ToUserName>
<FromUserName><![CDATA[oLFOtt29r1cwjmWcn-CioxXnQ4mY]]></FromUserName>
<CreateTime>1466056756</CreateTime>
<MsgType><![CDATA[event]]></MsgType>
<Event><![CDATA[VIEW]]></Event>
<EventKey><![CDATA[http://yz.win-k.com/app/index.php?i=2&c=entry&do=member&m=sz_yi]]></EventKey>
<MenuId>457838290</MenuId>
</xml>

2016-06-16 13:59:16 params :
------------
Array:
rule : -2 ;
module :  ;
message : Array ;

2016-06-16 13:59:16 response :
------------

2016-06-16 14:04:57 trace :
------------
String:
<xml><ToUserName><![CDATA[gh_53d3c05432a7]]></ToUserName>
<FromUserName><![CDATA[oLFOttzmk_6r23hQhDMTEtha2Zxc]]></FromUserName>
<CreateTime>1466057097</CreateTime>
<MsgType><![CDATA[event]]></MsgType>
<Event><![CDATA[subscribe]]></Event>
<EventKey><![CDATA[]]></EventKey>
</xml>

2016-06-16 14:04:57 params :
------------
Array:
rule : -2 ;
module :  ;
message : Array ;

2016-06-16 14:04:57 response :
------------

2016-06-16 14:05:00 trace :
------------
String:
<xml><ToUserName><![CDATA[gh_53d3c05432a7]]></ToUserName>
<FromUserName><![CDATA[oLFOttzmk_6r23hQhDMTEtha2Zxc]]></FromUserName>
<CreateTime>1466057100</CreateTime>
<MsgType><![CDATA[event]]></MsgType>
<Event><![CDATA[VIEW]]></Event>
<EventKey><![CDATA[http://yz.win-k.com/app/index.php?i=2&c=entry&do=member&m=sz_yi]]></EventKey>
<MenuId>457838290</MenuId>
</xml>

2016-06-16 14:05:00 params :
------------
Array:
rule : -2 ;
module :  ;
message : Array ;

2016-06-16 14:05:00 response :
------------

2016-06-16 14:06:56 trace :
------------
String:
<xml><ToUserName><![CDATA[gh_53d3c05432a7]]></ToUserName>
<FromUserName><![CDATA[oLFOttzmk_6r23hQhDMTEtha2Zxc]]></FromUserName>
<CreateTime>1466057216</CreateTime>
<MsgType><![CDATA[event]]></MsgType>
<Event><![CDATA[VIEW]]></Event>
<EventKey><![CDATA[http://yz.win-k.com/app/index.php?i=2&c=entry&do=member&m=sz_yi]]></EventKey>
<MenuId>457838290</MenuId>
</xml>

2016-06-16 14:06:56 params :
------------
Array:
rule : -2 ;
module :  ;
message : Array ;

2016-06-16 14:06:56 response :
------------

2016-06-16 14:07:54 trace :
------------
String:
<xml><ToUserName><![CDATA[gh_53d3c05432a7]]></ToUserName>
<FromUserName><![CDATA[oLFOtt29r1cwjmWcn-CioxXnQ4mY]]></FromUserName>
<CreateTime>1466057274</CreateTime>
<MsgType><![CDATA[event]]></MsgType>
<Event><![CDATA[VIEW]]></Event>
<EventKey><![CDATA[http://yz.win-k.com/app/index.php?i=2&c=entry&do=member&m=sz_yi]]></EventKey>
<MenuId>457838290</MenuId>
</xml>

2016-06-16 14:07:54 params :
------------
Array:
rule : -2 ;
module :  ;
message : Array ;

2016-06-16 14:07:54 response :
------------

2016-06-16 14:08:48 trace :
------------
String:
<xml><ToUserName><![CDATA[gh_53d3c05432a7]]></ToUserName>
<FromUserName><![CDATA[oLFOtt29r1cwjmWcn-CioxXnQ4mY]]></FromUserName>
<CreateTime>1466057328</CreateTime>
<MsgType><![CDATA[event]]></MsgType>
<Event><![CDATA[VIEW]]></Event>
<EventKey><![CDATA[http://yz.win-k.com/app/index.php?i=2&c=entry&do=member&m=sz_yi]]></EventKey>
<MenuId>457838290</MenuId>
</xml>

2016-06-16 14:08:48 params :
------------
Array:
rule : -2 ;
module :  ;
message : Array ;

2016-06-16 14:08:48 response :
------------

2016-06-16 14:11:32 trace :
------------
String:
<xml><ToUserName><![CDATA[gh_53d3c05432a7]]></ToUserName>
<FromUserName><![CDATA[oLFOttxH_kMRJep8KTT5DWkCkbaY]]></FromUserName>
<CreateTime>1466057491</CreateTime>
<MsgType><![CDATA[event]]></MsgType>
<Event><![CDATA[subscribe]]></Event>
<EventKey><![CDATA[]]></EventKey>
</xml>

2016-06-16 14:11:32 params :
------------
Array:
rule : -2 ;
module :  ;
message : Array ;

2016-06-16 14:11:32 response :
------------

2016-06-16 14:11:35 trace :
------------
String:
<xml><ToUserName><![CDATA[gh_53d3c05432a7]]></ToUserName>
<FromUserName><![CDATA[oLFOttxH_kMRJep8KTT5DWkCkbaY]]></FromUserName>
<CreateTime>1466057495</CreateTime>
<MsgType><![CDATA[event]]></MsgType>
<Event><![CDATA[VIEW]]></Event>
<EventKey><![CDATA[http://yz.win-k.com/app/index.php?i=2&c=entry&do=member&m=sz_yi]]></EventKey>
<MenuId>457838290</MenuId>
</xml>

2016-06-16 14:11:35 params :
------------
Array:
rule : -2 ;
module :  ;
message : Array ;

2016-06-16 14:11:35 response :
------------

2016-06-16 14:15:46 trace :
------------
String:
<xml><ToUserName><![CDATA[gh_53d3c05432a7]]></ToUserName>
<FromUserName><![CDATA[oLFOttzmk_6r23hQhDMTEtha2Zxc]]></FromUserName>
<CreateTime>1466057746</CreateTime>
<MsgType><![CDATA[event]]></MsgType>
<Event><![CDATA[VIEW]]></Event>
<EventKey><![CDATA[http://yz.win-k.com/app/index.php?i=2&c=entry&do=member&m=sz_yi]]></EventKey>
<MenuId>457838290</MenuId>
</xml>

2016-06-16 14:15:46 params :
------------
Array:
rule : -2 ;
module :  ;
message : Array ;

2016-06-16 14:15:46 response :
------------

2016-06-16 14:19:41 trace :
------------
String:
<xml><ToUserName><![CDATA[gh_53d3c05432a7]]></ToUserName>
<FromUserName><![CDATA[oLFOttzrMk6sRjq9R-dDniO-F0WU]]></FromUserName>
<CreateTime>1466057981</CreateTime>
<MsgType><![CDATA[event]]></MsgType>
<Event><![CDATA[subscribe]]></Event>
<EventKey><![CDATA[]]></EventKey>
</xml>

2016-06-16 14:19:41 params :
------------
Array:
rule : -2 ;
module :  ;
message : Array ;

2016-06-16 14:19:41 response :
------------

2016-06-16 14:19:44 trace :
------------
String:
<xml><ToUserName><![CDATA[gh_53d3c05432a7]]></ToUserName>
<FromUserName><![CDATA[oLFOttzrMk6sRjq9R-dDniO-F0WU]]></FromUserName>
<CreateTime>1466057984</CreateTime>
<MsgType><![CDATA[event]]></MsgType>
<Event><![CDATA[VIEW]]></Event>
<EventKey><![CDATA[http://yz.win-k.com/app/index.php?i=2&c=entry&do=member&m=sz_yi]]></EventKey>
<MenuId>457838290</MenuId>
</xml>

2016-06-16 14:19:44 params :
------------
Array:
rule : -2 ;
module :  ;
message : Array ;

2016-06-16 14:19:44 response :
------------

2016-06-16 14:20:06 trace :
------------
String:
<xml><ToUserName><![CDATA[gh_53d3c05432a7]]></ToUserName>
<FromUserName><![CDATA[oLFOttxH_kMRJep8KTT5DWkCkbaY]]></FromUserName>
<CreateTime>1466058006</CreateTime>
<MsgType><![CDATA[event]]></MsgType>
<Event><![CDATA[VIEW]]></Event>
<EventKey><![CDATA[http://yz.win-k.com/app/index.php?i=2&c=entry&eid=12]]></EventKey>
<MenuId>457838290</MenuId>
</xml>

2016-06-16 14:20:06 params :
------------
Array:
rule : -2 ;
module :  ;
message : Array ;

2016-06-16 14:20:06 response :
------------

2016-06-16 14:22:44 trace :
------------
String:
<xml><ToUserName><![CDATA[gh_53d3c05432a7]]></ToUserName>
<FromUserName><![CDATA[oLFOttzrMk6sRjq9R-dDniO-F0WU]]></FromUserName>
<CreateTime>1466058164</CreateTime>
<MsgType><![CDATA[event]]></MsgType>
<Event><![CDATA[VIEW]]></Event>
<EventKey><![CDATA[http://yz.win-k.com/app/index.php?i=2&c=entry&do=member&m=sz_yi]]></EventKey>
<MenuId>457838290</MenuId>
</xml>

2016-06-16 14:22:44 params :
------------
Array:
rule : -2 ;
module :  ;
message : Array ;

2016-06-16 14:22:44 response :
------------

2016-06-16 14:23:08 trace :
------------
String:
<xml><ToUserName><![CDATA[gh_53d3c05432a7]]></ToUserName>
<FromUserName><![CDATA[oLFOtt29r1cwjmWcn-CioxXnQ4mY]]></FromUserName>
<CreateTime>1466058188</CreateTime>
<MsgType><![CDATA[event]]></MsgType>
<Event><![CDATA[VIEW]]></Event>
<EventKey><![CDATA[http://yz.win-k.com/app/index.php?i=2&c=entry&do=member&m=sz_yi]]></EventKey>
<MenuId>457838290</MenuId>
</xml>

2016-06-16 14:23:08 params :
------------
Array:
rule : -2 ;
module :  ;
message : Array ;

2016-06-16 14:23:08 response :
------------

2016-06-16 14:25:24 trace :
------------
String:
<xml><ToUserName><![CDATA[gh_53d3c05432a7]]></ToUserName>
<FromUserName><![CDATA[oLFOttzmk_6r23hQhDMTEtha2Zxc]]></FromUserName>
<CreateTime>1466058324</CreateTime>
<MsgType><![CDATA[event]]></MsgType>
<Event><![CDATA[VIEW]]></Event>
<EventKey><![CDATA[http://yz.win-k.com/app/index.php?i=2&c=entry&do=member&m=sz_yi]]></EventKey>
<MenuId>457838290</MenuId>
</xml>

2016-06-16 14:25:24 params :
------------
Array:
rule : -2 ;
module :  ;
message : Array ;

2016-06-16 14:25:24 response :
------------

2016-06-16 14:26:36 trace :
------------
String:
<xml><ToUserName><![CDATA[gh_53d3c05432a7]]></ToUserName>
<FromUserName><![CDATA[oLFOttzrMk6sRjq9R-dDniO-F0WU]]></FromUserName>
<CreateTime>1466058396</CreateTime>
<MsgType><![CDATA[event]]></MsgType>
<Event><![CDATA[VIEW]]></Event>
<EventKey><![CDATA[http://yz.win-k.com/app/index.php?i=2&c=entry&eid=12]]></EventKey>
<MenuId>457838290</MenuId>
</xml>

2016-06-16 14:26:36 params :
------------
Array:
rule : -2 ;
module :  ;
message : Array ;

2016-06-16 14:26:36 response :
------------

2016-06-16 14:28:45 trace :
------------
String:
<xml><ToUserName><![CDATA[gh_53d3c05432a7]]></ToUserName>
<FromUserName><![CDATA[oLFOtt-NS_rO2eMeWDl2Ghztot2k]]></FromUserName>
<CreateTime>1466058525</CreateTime>
<MsgType><![CDATA[event]]></MsgType>
<Event><![CDATA[subscribe]]></Event>
<EventKey><![CDATA[]]></EventKey>
</xml>

2016-06-16 14:28:45 params :
------------
Array:
rule : -2 ;
module :  ;
message : Array ;

2016-06-16 14:28:45 response :
------------

2016-06-16 14:28:48 trace :
------------
String:
<xml><ToUserName><![CDATA[gh_53d3c05432a7]]></ToUserName>
<FromUserName><![CDATA[oLFOtt-NS_rO2eMeWDl2Ghztot2k]]></FromUserName>
<CreateTime>1466058527</CreateTime>
<MsgType><![CDATA[event]]></MsgType>
<Event><![CDATA[VIEW]]></Event>
<EventKey><![CDATA[http://yz.win-k.com/app/index.php?i=2&c=entry&do=member&m=sz_yi]]></EventKey>
<MenuId>457838290</MenuId>
</xml>

2016-06-16 14:28:48 params :
------------
Array:
rule : -2 ;
module :  ;
message : Array ;

2016-06-16 14:28:48 response :
------------

2016-06-16 14:31:27 trace :
------------
String:
<xml><ToUserName><![CDATA[gh_53d3c05432a7]]></ToUserName>
<FromUserName><![CDATA[oLFOtt-NS_rO2eMeWDl2Ghztot2k]]></FromUserName>
<CreateTime>1466058687</CreateTime>
<MsgType><![CDATA[event]]></MsgType>
<Event><![CDATA[VIEW]]></Event>
<EventKey><![CDATA[http://yz.win-k.com/app/index.php?i=2&c=entry&do=member&m=sz_yi]]></EventKey>
<MenuId>457838290</MenuId>
</xml>

2016-06-16 14:31:27 params :
------------
Array:
rule : -2 ;
module :  ;
message : Array ;

2016-06-16 14:31:27 response :
------------

2016-06-16 14:32:05 trace :
------------
String:
<xml><ToUserName><![CDATA[gh_53d3c05432a7]]></ToUserName>
<FromUserName><![CDATA[oLFOtt-NS_rO2eMeWDl2Ghztot2k]]></FromUserName>
<CreateTime>1466058725</CreateTime>
<MsgType><![CDATA[event]]></MsgType>
<Event><![CDATA[VIEW]]></Event>
<EventKey><![CDATA[http://yz.win-k.com/app/index.php?i=2&c=entry&do=member&m=sz_yi]]></EventKey>
<MenuId>457838290</MenuId>
</xml>

2016-06-16 14:32:05 params :
------------
Array:
rule : -2 ;
module :  ;
message : Array ;

2016-06-16 14:32:05 response :
------------

2016-06-16 14:33:32 trace :
------------
String:
<xml><ToUserName><![CDATA[gh_53d3c05432a7]]></ToUserName>
<FromUserName><![CDATA[oLFOttzrMk6sRjq9R-dDniO-F0WU]]></FromUserName>
<CreateTime>1466058812</CreateTime>
<MsgType><![CDATA[event]]></MsgType>
<Event><![CDATA[VIEW]]></Event>
<EventKey><![CDATA[http://yz.win-k.com/app/index.php?i=2&c=entry&do=member&m=sz_yi]]></EventKey>
<MenuId>457838290</MenuId>
</xml>

2016-06-16 14:33:32 params :
------------
Array:
rule : -2 ;
module :  ;
message : Array ;

2016-06-16 14:33:32 response :
------------

2016-06-16 14:36:22 trace :
------------
String:
<xml><ToUserName><![CDATA[gh_53d3c05432a7]]></ToUserName>
<FromUserName><![CDATA[oLFOtt29r1cwjmWcn-CioxXnQ4mY]]></FromUserName>
<CreateTime>1466058982</CreateTime>
<MsgType><![CDATA[event]]></MsgType>
<Event><![CDATA[VIEW]]></Event>
<EventKey><![CDATA[http://yz.win-k.com/app/index.php?i=2&c=entry&do=member&m=sz_yi]]></EventKey>
<MenuId>457838290</MenuId>
</xml>

2016-06-16 14:36:22 params :
------------
Array:
rule : -2 ;
module :  ;
message : Array ;

2016-06-16 14:36:22 response :
------------

2016-06-16 14:38:30 trace :
------------
String:
<xml><ToUserName><![CDATA[gh_53d3c05432a7]]></ToUserName>
<FromUserName><![CDATA[oLFOtt29r1cwjmWcn-CioxXnQ4mY]]></FromUserName>
<CreateTime>1466059110</CreateTime>
<MsgType><![CDATA[event]]></MsgType>
<Event><![CDATA[VIEW]]></Event>
<EventKey><![CDATA[http://yz.win-k.com/app/index.php?i=2&c=entry&do=member&m=sz_yi]]></EventKey>
<MenuId>457838290</MenuId>
</xml>

2016-06-16 14:38:30 params :
------------
Array:
rule : -2 ;
module :  ;
message : Array ;

2016-06-16 14:38:30 response :
------------

2016-06-16 14:39:19 trace :
------------
String:
<xml><ToUserName><![CDATA[gh_53d3c05432a7]]></ToUserName>
<FromUserName><![CDATA[oLFOttxH_kMRJep8KTT5DWkCkbaY]]></FromUserName>
<CreateTime>1466059159</CreateTime>
<MsgType><![CDATA[event]]></MsgType>
<Event><![CDATA[VIEW]]></Event>
<EventKey><![CDATA[http://yz.win-k.com/app/index.php?i=2&c=entry&do=member&m=sz_yi]]></EventKey>
<MenuId>457838290</MenuId>
</xml>

2016-06-16 14:39:19 params :
------------
Array:
rule : -2 ;
module :  ;
message : Array ;

2016-06-16 14:39:19 response :
------------

2016-06-16 14:40:54 trace :
------------
String:
<xml><ToUserName><![CDATA[gh_53d3c05432a7]]></ToUserName>
<FromUserName><![CDATA[oLFOtt29r1cwjmWcn-CioxXnQ4mY]]></FromUserName>
<CreateTime>1466059254</CreateTime>
<MsgType><![CDATA[event]]></MsgType>
<Event><![CDATA[VIEW]]></Event>
<EventKey><![CDATA[http://yz.win-k.com/app/index.php?i=2&c=entry&do=member&m=sz_yi]]></EventKey>
<MenuId>457838290</MenuId>
</xml>

2016-06-16 14:40:54 params :
------------
Array:
rule : -2 ;
module :  ;
message : Array ;

2016-06-16 14:40:54 response :
------------

2016-06-16 14:41:36 trace :
------------
String:
<xml><ToUserName><![CDATA[gh_53d3c05432a7]]></ToUserName>
<FromUserName><![CDATA[oLFOttxH_kMRJep8KTT5DWkCkbaY]]></FromUserName>
<CreateTime>1466059296</CreateTime>
<MsgType><![CDATA[event]]></MsgType>
<Event><![CDATA[VIEW]]></Event>
<EventKey><![CDATA[http://yz.win-k.com/app/index.php?i=2&c=entry&do=member&m=sz_yi]]></EventKey>
<MenuId>457838290</MenuId>
</xml>

2016-06-16 14:41:36 params :
------------
Array:
rule : -2 ;
module :  ;
message : Array ;

2016-06-16 14:41:36 response :
------------

2016-06-16 14:42:22 trace :
------------
String:
<xml><ToUserName><![CDATA[gh_53d3c05432a7]]></ToUserName>
<FromUserName><![CDATA[oLFOtt-NS_rO2eMeWDl2Ghztot2k]]></FromUserName>
<CreateTime>1466059341</CreateTime>
<MsgType><![CDATA[event]]></MsgType>
<Event><![CDATA[VIEW]]></Event>
<EventKey><![CDATA[http://yz.win-k.com/app/index.php?i=2&c=entry&do=member&m=sz_yi]]></EventKey>
<MenuId>457838290</MenuId>
</xml>

2016-06-16 14:42:22 params :
------------
Array:
rule : -2 ;
module :  ;
message : Array ;

2016-06-16 14:42:22 response :
------------

2016-06-16 14:43:35 trace :
------------
String:
<xml><ToUserName><![CDATA[gh_53d3c05432a7]]></ToUserName>
<FromUserName><![CDATA[oLFOttzrMk6sRjq9R-dDniO-F0WU]]></FromUserName>
<CreateTime>1466059415</CreateTime>
<MsgType><![CDATA[event]]></MsgType>
<Event><![CDATA[VIEW]]></Event>
<EventKey><![CDATA[http://yz.win-k.com/app/index.php?i=2&c=entry&do=member&m=sz_yi]]></EventKey>
<MenuId>457838290</MenuId>
</xml>

2016-06-16 14:43:35 params :
------------
Array:
rule : -2 ;
module :  ;
message : Array ;

2016-06-16 14:43:35 response :
------------

2016-06-16 14:45:54 trace :
------------
String:
<xml><ToUserName><![CDATA[gh_53d3c05432a7]]></ToUserName>
<FromUserName><![CDATA[oLFOtt1X0wq-Wz4J3zlQiCdS2cIA]]></FromUserName>
<CreateTime>1466059554</CreateTime>
<MsgType><![CDATA[event]]></MsgType>
<Event><![CDATA[CLICK]]></Event>
<EventKey><![CDATA[推广二维码]]></EventKey>
</xml>

2016-06-16 14:45:54 params :
------------
Array:
rule : -2 ;
module :  ;
message : Array ;

2016-06-16 14:45:54 response :
------------

2016-06-16 14:46:09 trace :
------------
String:
<xml><ToUserName><![CDATA[gh_53d3c05432a7]]></ToUserName>
<FromUserName><![CDATA[oLFOttzmk_6r23hQhDMTEtha2Zxc]]></FromUserName>
<CreateTime>1466059569</CreateTime>
<MsgType><![CDATA[event]]></MsgType>
<Event><![CDATA[VIEW]]></Event>
<EventKey><![CDATA[http://yz.win-k.com/app/index.php?i=2&c=entry&do=member&m=sz_yi]]></EventKey>
<MenuId>457838290</MenuId>
</xml>

2016-06-16 14:46:09 params :
------------
Array:
rule : -2 ;
module :  ;
message : Array ;

2016-06-16 14:46:09 response :
------------

2016-06-16 14:47:18 trace :
------------
String:
<xml><ToUserName><![CDATA[gh_53d3c05432a7]]></ToUserName>
<FromUserName><![CDATA[oLFOtt1X0wq-Wz4J3zlQiCdS2cIA]]></FromUserName>
<CreateTime>1466059638</CreateTime>
<MsgType><![CDATA[event]]></MsgType>
<Event><![CDATA[CLICK]]></Event>
<EventKey><![CDATA[推广二维码]]></EventKey>
</xml>

2016-06-16 14:47:18 params :
------------
Array:
rule : -2 ;
module :  ;
message : Array ;

2016-06-16 14:47:18 response :
------------

2016-06-16 14:47:28 trace :
------------
String:
<xml><ToUserName><![CDATA[gh_53d3c05432a7]]></ToUserName>
<FromUserName><![CDATA[oLFOtt1X0wq-Wz4J3zlQiCdS2cIA]]></FromUserName>
<CreateTime>1466059648</CreateTime>
<MsgType><![CDATA[event]]></MsgType>
<Event><![CDATA[CLICK]]></Event>
<EventKey><![CDATA[推广二维码]]></EventKey>
</xml>

2016-06-16 14:47:28 params :
------------
Array:
rule : -2 ;
module :  ;
message : Array ;

2016-06-16 14:47:28 response :
------------

2016-06-16 14:47:34 trace :
------------
String:
<xml><ToUserName><![CDATA[gh_53d3c05432a7]]></ToUserName>
<FromUserName><![CDATA[oLFOtt1X0wq-Wz4J3zlQiCdS2cIA]]></FromUserName>
<CreateTime>1466059654</CreateTime>
<MsgType><![CDATA[text]]></MsgType>
<Content><![CDATA[推广二维码]]></Content>
<MsgId>6296678268372957563</MsgId>
</xml>

2016-06-16 14:47:34 params :
------------
Array:
rule : -2 ;
module :  ;
message : Array ;

2016-06-16 14:47:34 response :
------------

2016-06-16 14:47:52 trace :
------------
String:
<xml><ToUserName><![CDATA[gh_53d3c05432a7]]></ToUserName>
<FromUserName><![CDATA[oLFOtt1X0wq-Wz4J3zlQiCdS2cIA]]></FromUserName>
<CreateTime>1466059672</CreateTime>
<MsgType><![CDATA[text]]></MsgType>
<Content><![CDATA[二维码海报]]></Content>
<MsgId>6296678345682368894</MsgId>
</xml>

2016-06-16 14:47:58 trace :
------------
String:
<xml><ToUserName><![CDATA[gh_53d3c05432a7]]></ToUserName>
<FromUserName><![CDATA[oLFOtt1X0wq-Wz4J3zlQiCdS2cIA]]></FromUserName>
<CreateTime>1466059677</CreateTime>
<MsgType><![CDATA[event]]></MsgType>
<Event><![CDATA[CLICK]]></Event>
<EventKey><![CDATA[推广二维码]]></EventKey>
</xml>

2016-06-16 14:47:58 params :
------------
Array:
rule : -2 ;
module :  ;
message : Array ;

2016-06-16 14:47:58 response :
------------

2016-06-16 14:49:54 trace :
------------
String:
<xml><ToUserName><![CDATA[gh_53d3c05432a7]]></ToUserName>
<FromUserName><![CDATA[oLFOtt29r1cwjmWcn-CioxXnQ4mY]]></FromUserName>
<CreateTime>1466059793</CreateTime>
<MsgType><![CDATA[event]]></MsgType>
<Event><![CDATA[VIEW]]></Event>
<EventKey><![CDATA[http://yz.win-k.com/app/index.php?i=2&c=entry&do=member&m=sz_yi]]></EventKey>
<MenuId>457881969</MenuId>
</xml>

2016-06-16 14:49:54 params :
------------
Array:
rule : -2 ;
module :  ;
message : Array ;

2016-06-16 14:49:54 response :
------------

2016-06-16 14:50:52 trace :
------------
String:
<xml><ToUserName><![CDATA[gh_53d3c05432a7]]></ToUserName>
<FromUserName><![CDATA[oLFOtt29r1cwjmWcn-CioxXnQ4mY]]></FromUserName>
<CreateTime>1466059852</CreateTime>
<MsgType><![CDATA[event]]></MsgType>
<Event><![CDATA[VIEW]]></Event>
<EventKey><![CDATA[http://yz.win-k.com/app/index.php?i=2&c=entry&do=member&m=sz_yi]]></EventKey>
<MenuId>457881969</MenuId>
</xml>

2016-06-16 14:50:52 params :
------------
Array:
rule : -2 ;
module :  ;
message : Array ;

2016-06-16 14:50:52 response :
------------

2016-06-16 14:50:59 trace :
------------
String:
<xml><ToUserName><![CDATA[gh_53d3c05432a7]]></ToUserName>
<FromUserName><![CDATA[oLFOtt1X0wq-Wz4J3zlQiCdS2cIA]]></FromUserName>
<CreateTime>1466059859</CreateTime>
<MsgType><![CDATA[event]]></MsgType>
<Event><![CDATA[CLICK]]></Event>
<EventKey><![CDATA[推广二维码]]></EventKey>
</xml>

2016-06-16 14:50:59 params :
------------
Array:
rule : -2 ;
module :  ;
message : Array ;

2016-06-16 14:50:59 response :
------------

2016-06-16 14:51:13 trace :
------------
String:
<xml><ToUserName><![CDATA[gh_53d3c05432a7]]></ToUserName>
<FromUserName><![CDATA[oLFOtt29r1cwjmWcn-CioxXnQ4mY]]></FromUserName>
<CreateTime>1466059873</CreateTime>
<MsgType><![CDATA[event]]></MsgType>
<Event><![CDATA[VIEW]]></Event>
<EventKey><![CDATA[http://yz.win-k.com/app/index.php?i=2&c=entry&do=member&m=sz_yi]]></EventKey>
<MenuId>457881969</MenuId>
</xml>

2016-06-16 14:51:13 params :
------------
Array:
rule : -2 ;
module :  ;
message : Array ;

2016-06-16 14:51:13 response :
------------

2016-06-16 14:51:23 trace :
------------
String:
<xml><ToUserName><![CDATA[gh_53d3c05432a7]]></ToUserName>
<FromUserName><![CDATA[oLFOtt1X0wq-Wz4J3zlQiCdS2cIA]]></FromUserName>
<CreateTime>1466059883</CreateTime>
<MsgType><![CDATA[event]]></MsgType>
<Event><![CDATA[CLICK]]></Event>
<EventKey><![CDATA[二维码海报]]></EventKey>
</xml>

2016-06-16 14:54:09 trace :
------------
String:
<xml><ToUserName><![CDATA[gh_53d3c05432a7]]></ToUserName>
<FromUserName><![CDATA[oLFOtt29r1cwjmWcn-CioxXnQ4mY]]></FromUserName>
<CreateTime>1466060049</CreateTime>
<MsgType><![CDATA[event]]></MsgType>
<Event><![CDATA[CLICK]]></Event>
<EventKey><![CDATA[二维码海报]]></EventKey>
</xml>

2016-06-16 15:07:30 trace :
------------
String:
<xml><ToUserName><![CDATA[gh_53d3c05432a7]]></ToUserName>
<FromUserName><![CDATA[oLFOttyIhx3WfH_ZxA_UdspL835k]]></FromUserName>
<CreateTime>1466060850</CreateTime>
<MsgType><![CDATA[event]]></MsgType>
<Event><![CDATA[VIEW]]></Event>
<EventKey><![CDATA[http://yz.win-k.com/app/index.php?i=2&c=entry&eid=12]]></EventKey>
<MenuId>457882021</MenuId>
</xml>

2016-06-16 15:07:30 params :
------------
Array:
rule : -2 ;
module :  ;
message : Array ;

2016-06-16 15:07:30 response :
------------

2016-06-16 15:08:57 trace :
------------
String:
<xml><ToUserName><![CDATA[gh_53d3c05432a7]]></ToUserName>
<FromUserName><![CDATA[oLFOtt-NS_rO2eMeWDl2Ghztot2k]]></FromUserName>
<CreateTime>1466060937</CreateTime>
<MsgType><![CDATA[event]]></MsgType>
<Event><![CDATA[VIEW]]></Event>
<EventKey><![CDATA[http://yz.win-k.com/app/index.php?i=2&c=entry&do=member&m=sz_yi]]></EventKey>
<MenuId>457882021</MenuId>
</xml>

2016-06-16 15:08:57 params :
------------
Array:
rule : -2 ;
module :  ;
message : Array ;

2016-06-16 15:08:57 response :
------------

2016-06-16 15:11:15 trace :
------------
String:
<xml><ToUserName><![CDATA[gh_53d3c05432a7]]></ToUserName>
<FromUserName><![CDATA[oLFOtt29r1cwjmWcn-CioxXnQ4mY]]></FromUserName>
<CreateTime>1466061075</CreateTime>
<MsgType><![CDATA[event]]></MsgType>
<Event><![CDATA[VIEW]]></Event>
<EventKey><![CDATA[http://yz.win-k.com/app/index.php?i=2&c=entry&do=member&m=sz_yi]]></EventKey>
<MenuId>457882021</MenuId>
</xml>

2016-06-16 15:11:15 params :
------------
Array:
rule : -2 ;
module :  ;
message : Array ;

2016-06-16 15:11:15 response :
------------

2016-06-16 15:13:06 trace :
------------
String:
<xml><ToUserName><![CDATA[gh_53d3c05432a7]]></ToUserName>
<FromUserName><![CDATA[oLFOttxH_kMRJep8KTT5DWkCkbaY]]></FromUserName>
<CreateTime>1466061186</CreateTime>
<MsgType><![CDATA[event]]></MsgType>
<Event><![CDATA[VIEW]]></Event>
<EventKey><![CDATA[http://yz.win-k.com/app/index.php?i=2&c=entry&do=member&m=sz_yi]]></EventKey>
<MenuId>457882021</MenuId>
</xml>

2016-06-16 15:13:06 params :
------------
Array:
rule : -2 ;
module :  ;
message : Array ;

2016-06-16 15:13:06 response :
------------

2016-06-16 15:14:21 trace :
------------
String:
<xml><ToUserName><![CDATA[gh_53d3c05432a7]]></ToUserName>
<FromUserName><![CDATA[oLFOttzmk_6r23hQhDMTEtha2Zxc]]></FromUserName>
<CreateTime>1466061260</CreateTime>
<MsgType><![CDATA[event]]></MsgType>
<Event><![CDATA[VIEW]]></Event>
<EventKey><![CDATA[http://yz.win-k.com/app/index.php?i=2&c=entry&do=member&m=sz_yi]]></EventKey>
<MenuId>457882021</MenuId>
</xml>

2016-06-16 15:14:21 params :
------------
Array:
rule : -2 ;
module :  ;
message : Array ;

2016-06-16 15:14:21 response :
------------

2016-06-16 15:14:46 trace :
------------
String:
<xml><ToUserName><![CDATA[gh_53d3c05432a7]]></ToUserName>
<FromUserName><![CDATA[oLFOttzmk_6r23hQhDMTEtha2Zxc]]></FromUserName>
<CreateTime>1466061286</CreateTime>
<MsgType><![CDATA[event]]></MsgType>
<Event><![CDATA[VIEW]]></Event>
<EventKey><![CDATA[http://yz.win-k.com/app/index.php?i=2&c=entry&do=member&m=sz_yi]]></EventKey>
<MenuId>457882021</MenuId>
</xml>

2016-06-16 15:14:46 params :
------------
Array:
rule : -2 ;
module :  ;
message : Array ;

2016-06-16 15:14:46 response :
------------

2016-06-16 19:37:18 trace :
------------
String:
<xml><ToUserName><![CDATA[gh_53d3c05432a7]]></ToUserName>
<FromUserName><![CDATA[oLFOtt29r1cwjmWcn-CioxXnQ4mY]]></FromUserName>
<CreateTime>1466077038</CreateTime>
<MsgType><![CDATA[event]]></MsgType>
<Event><![CDATA[VIEW]]></Event>
<EventKey><![CDATA[http://yz.win-k.com/app/index.php?i=2&c=entry&eid=12]]></EventKey>
<MenuId>457882021</MenuId>
</xml>

2016-06-16 19:37:18 params :
------------
Array:
rule : -2 ;
module :  ;
message : Array ;

2016-06-16 19:37:18 response :
------------

2016-06-16 21:44:11 trace :
------------
String:
<xml><ToUserName><![CDATA[gh_53d3c05432a7]]></ToUserName>
<FromUserName><![CDATA[oLFOtt29r1cwjmWcn-CioxXnQ4mY]]></FromUserName>
<CreateTime>1466084651</CreateTime>
<MsgType><![CDATA[event]]></MsgType>
<Event><![CDATA[CLICK]]></Event>
<EventKey><![CDATA[二维码海报]]></EventKey>
</xml>

