2016-06-27 08:16:44 trace :
------------
String:
<xml><ToUserName><![CDATA[gh_53d3c05432a7]]></ToUserName>
<FromUserName><![CDATA[oLFOtt1aSDyo55WOW__m0R-6cUJc]]></FromUserName>
<CreateTime>1466986604</CreateTime>
<MsgType><![CDATA[event]]></MsgType>
<Event><![CDATA[CLICK]]></Event>
<EventKey><![CDATA[二维码海报]]></EventKey>
</xml>

2016-06-27 08:16:49 trace :
------------
String:
<xml><ToUserName><![CDATA[gh_53d3c05432a7]]></ToUserName>
<FromUserName><![CDATA[oLFOtt1aSDyo55WOW__m0R-6cUJc]]></FromUserName>
<CreateTime>1466986604</CreateTime>
<MsgType><![CDATA[event]]></MsgType>
<Event><![CDATA[CLICK]]></Event>
<EventKey><![CDATA[二维码海报]]></EventKey>
</xml>

2016-06-27 08:17:30 trace :
------------
String:
<xml><ToUserName><![CDATA[gh_53d3c05432a7]]></ToUserName>
<FromUserName><![CDATA[oLFOtt1aSDyo55WOW__m0R-6cUJc]]></FromUserName>
<CreateTime>1466986650</CreateTime>
<MsgType><![CDATA[event]]></MsgType>
<Event><![CDATA[VIEW]]></Event>
<EventKey><![CDATA[http://yz.win-k.com/app/index.php?i=2&c=entry&eid=12]]></EventKey>
<MenuId>457882021</MenuId>
</xml>

2016-06-27 08:17:30 params :
------------
Array:
rule : -2 ;
module :  ;
message : Array ;

2016-06-27 08:17:30 response :
------------

2016-06-27 08:29:51 trace :
------------
String:
<xml><ToUserName><![CDATA[gh_53d3c05432a7]]></ToUserName>
<FromUserName><![CDATA[oLFOtt1aSDyo55WOW__m0R-6cUJc]]></FromUserName>
<CreateTime>1466987391</CreateTime>
<MsgType><![CDATA[event]]></MsgType>
<Event><![CDATA[VIEW]]></Event>
<EventKey><![CDATA[http://yz.win-k.com/app/index.php?i=2&c=entry&eid=12]]></EventKey>
<MenuId>457882021</MenuId>
</xml>

2016-06-27 08:29:51 params :
------------
Array:
rule : -2 ;
module :  ;
message : Array ;

2016-06-27 08:29:51 response :
------------

2016-06-27 08:30:26 trace :
------------
String:
<xml><ToUserName><![CDATA[gh_53d3c05432a7]]></ToUserName>
<FromUserName><![CDATA[oLFOtt1aSDyo55WOW__m0R-6cUJc]]></FromUserName>
<CreateTime>1466987426</CreateTime>
<MsgType><![CDATA[event]]></MsgType>
<Event><![CDATA[VIEW]]></Event>
<EventKey><![CDATA[http://yz.win-k.com/app/index.php?i=2&c=entry&eid=12]]></EventKey>
<MenuId>457882021</MenuId>
</xml>

2016-06-27 08:30:26 params :
------------
Array:
rule : -2 ;
module :  ;
message : Array ;

2016-06-27 08:30:26 response :
------------

2016-06-27 08:30:31 trace :
------------
String:
<xml><ToUserName><![CDATA[gh_53d3c05432a7]]></ToUserName>
<FromUserName><![CDATA[oLFOttzgu0Jc7C5_lsbic3xPmB-8]]></FromUserName>
<CreateTime>1466987431</CreateTime>
<MsgType><![CDATA[event]]></MsgType>
<Event><![CDATA[VIEW]]></Event>
<EventKey><![CDATA[http://yz.win-k.com/app/index.php?i=2&c=entry&eid=12]]></EventKey>
<MenuId>457882021</MenuId>
</xml>

2016-06-27 08:30:31 params :
------------
Array:
rule : -2 ;
module :  ;
message : Array ;

2016-06-27 08:30:31 response :
------------

2016-06-27 08:30:38 trace :
------------
String:
<xml><ToUserName><![CDATA[gh_53d3c05432a7]]></ToUserName>
<FromUserName><![CDATA[oLFOttzgu0Jc7C5_lsbic3xPmB-8]]></FromUserName>
<CreateTime>1466987438</CreateTime>
<MsgType><![CDATA[event]]></MsgType>
<Event><![CDATA[CLICK]]></Event>
<EventKey><![CDATA[二维码海报]]></EventKey>
</xml>

2016-06-27 08:30:46 trace :
------------
String:
<xml><ToUserName><![CDATA[gh_53d3c05432a7]]></ToUserName>
<FromUserName><![CDATA[oLFOttzgu0Jc7C5_lsbic3xPmB-8]]></FromUserName>
<CreateTime>1466987446</CreateTime>
<MsgType><![CDATA[event]]></MsgType>
<Event><![CDATA[VIEW]]></Event>
<EventKey><![CDATA[http://yz.win-k.com/app/index.php?i=2&c=entry&eid=12]]></EventKey>
<MenuId>457882021</MenuId>
</xml>

2016-06-27 08:30:46 params :
------------
Array:
rule : -2 ;
module :  ;
message : Array ;

2016-06-27 08:30:46 response :
------------

2016-06-27 08:31:43 trace :
------------
String:
<xml><ToUserName><![CDATA[gh_53d3c05432a7]]></ToUserName>
<FromUserName><![CDATA[oLFOttzgu0Jc7C5_lsbic3xPmB-8]]></FromUserName>
<CreateTime>1466987503</CreateTime>
<MsgType><![CDATA[event]]></MsgType>
<Event><![CDATA[VIEW]]></Event>
<EventKey><![CDATA[http://yz.win-k.com/app/index.php?i=2&c=entry&eid=12]]></EventKey>
<MenuId>457882021</MenuId>
</xml>

2016-06-27 08:31:43 params :
------------
Array:
rule : -2 ;
module :  ;
message : Array ;

2016-06-27 08:31:43 response :
------------

2016-06-27 08:32:27 trace :
------------
String:
<xml><ToUserName><![CDATA[gh_53d3c05432a7]]></ToUserName>
<FromUserName><![CDATA[oLFOttzgu0Jc7C5_lsbic3xPmB-8]]></FromUserName>
<CreateTime>1466987547</CreateTime>
<MsgType><![CDATA[event]]></MsgType>
<Event><![CDATA[VIEW]]></Event>
<EventKey><![CDATA[http://yz.win-k.com/app/index.php?i=2&c=entry&eid=12]]></EventKey>
<MenuId>457882021</MenuId>
</xml>

2016-06-27 08:32:27 params :
------------
Array:
rule : -2 ;
module :  ;
message : Array ;

2016-06-27 08:32:27 response :
------------

2016-06-27 08:33:16 trace :
------------
String:
<xml><ToUserName><![CDATA[gh_53d3c05432a7]]></ToUserName>
<FromUserName><![CDATA[oLFOttzgu0Jc7C5_lsbic3xPmB-8]]></FromUserName>
<CreateTime>1466987596</CreateTime>
<MsgType><![CDATA[event]]></MsgType>
<Event><![CDATA[VIEW]]></Event>
<EventKey><![CDATA[http://yz.win-k.com/app/index.php?i=2&c=entry&do=member&m=sz_yi]]></EventKey>
<MenuId>457882021</MenuId>
</xml>

2016-06-27 08:33:16 params :
------------
Array:
rule : -2 ;
module :  ;
message : Array ;

2016-06-27 08:33:16 response :
------------

2016-06-27 08:34:39 trace :
------------
String:
<xml><ToUserName><![CDATA[gh_53d3c05432a7]]></ToUserName>
<FromUserName><![CDATA[oLFOttzgu0Jc7C5_lsbic3xPmB-8]]></FromUserName>
<CreateTime>1466987679</CreateTime>
<MsgType><![CDATA[event]]></MsgType>
<Event><![CDATA[CLICK]]></Event>
<EventKey><![CDATA[二维码海报]]></EventKey>
</xml>

2016-06-27 08:37:12 trace :
------------
String:
<xml><ToUserName><![CDATA[gh_53d3c05432a7]]></ToUserName>
<FromUserName><![CDATA[oLFOttzgu0Jc7C5_lsbic3xPmB-8]]></FromUserName>
<CreateTime>1466987832</CreateTime>
<MsgType><![CDATA[event]]></MsgType>
<Event><![CDATA[VIEW]]></Event>
<EventKey><![CDATA[http://yz.win-k.com/app/index.php?i=2&c=entry&eid=12]]></EventKey>
<MenuId>457882021</MenuId>
</xml>

2016-06-27 08:37:12 params :
------------
Array:
rule : -2 ;
module :  ;
message : Array ;

2016-06-27 08:37:12 response :
------------

2016-06-27 08:59:15 trace :
------------
String:
<xml><ToUserName><![CDATA[gh_53d3c05432a7]]></ToUserName>
<FromUserName><![CDATA[oLFOttzgu0Jc7C5_lsbic3xPmB-8]]></FromUserName>
<CreateTime>1466989154</CreateTime>
<MsgType><![CDATA[event]]></MsgType>
<Event><![CDATA[CLICK]]></Event>
<EventKey><![CDATA[二维码海报]]></EventKey>
</xml>

2016-06-27 09:02:01 trace :
------------
String:
<xml><ToUserName><![CDATA[gh_53d3c05432a7]]></ToUserName>
<FromUserName><![CDATA[oLFOttzgu0Jc7C5_lsbic3xPmB-8]]></FromUserName>
<CreateTime>1466989321</CreateTime>
<MsgType><![CDATA[event]]></MsgType>
<Event><![CDATA[VIEW]]></Event>
<EventKey><![CDATA[http://yz.win-k.com/app/index.php?i=2&c=entry&eid=12]]></EventKey>
<MenuId>457882021</MenuId>
</xml>

2016-06-27 09:02:01 params :
------------
Array:
rule : -2 ;
module :  ;
message : Array ;

2016-06-27 09:02:01 response :
------------

2016-06-27 09:05:53 trace :
------------
String:
<xml><ToUserName><![CDATA[gh_53d3c05432a7]]></ToUserName>
<FromUserName><![CDATA[oLFOtt1aSDyo55WOW__m0R-6cUJc]]></FromUserName>
<CreateTime>1466989553</CreateTime>
<MsgType><![CDATA[event]]></MsgType>
<Event><![CDATA[VIEW]]></Event>
<EventKey><![CDATA[http://yz.win-k.com/app/index.php?i=2&c=entry&eid=12]]></EventKey>
<MenuId>457882021</MenuId>
</xml>

2016-06-27 09:05:53 params :
------------
Array:
rule : -2 ;
module :  ;
message : Array ;

2016-06-27 09:05:53 response :
------------

2016-06-27 09:11:16 trace :
------------
String:
<xml><ToUserName><![CDATA[gh_53d3c05432a7]]></ToUserName>
<FromUserName><![CDATA[oLFOtt1aSDyo55WOW__m0R-6cUJc]]></FromUserName>
<CreateTime>1466989876</CreateTime>
<MsgType><![CDATA[event]]></MsgType>
<Event><![CDATA[VIEW]]></Event>
<EventKey><![CDATA[http://yz.win-k.com/app/index.php?i=2&c=entry&eid=12]]></EventKey>
<MenuId>457882021</MenuId>
</xml>

2016-06-27 09:11:16 params :
------------
Array:
rule : -2 ;
module :  ;
message : Array ;

2016-06-27 09:11:16 response :
------------

2016-06-27 09:14:01 trace :
------------
String:
<xml><ToUserName><![CDATA[gh_53d3c05432a7]]></ToUserName>
<FromUserName><![CDATA[oLFOtt1aSDyo55WOW__m0R-6cUJc]]></FromUserName>
<CreateTime>1466990041</CreateTime>
<MsgType><![CDATA[event]]></MsgType>
<Event><![CDATA[VIEW]]></Event>
<EventKey><![CDATA[http://yz.win-k.com/app/index.php?i=2&c=entry&eid=12]]></EventKey>
<MenuId>457882021</MenuId>
</xml>

2016-06-27 09:14:01 params :
------------
Array:
rule : -2 ;
module :  ;
message : Array ;

2016-06-27 09:14:01 response :
------------

2016-06-27 09:15:36 trace :
------------
String:
<xml><ToUserName><![CDATA[gh_53d3c05432a7]]></ToUserName>
<FromUserName><![CDATA[oLFOtt1aSDyo55WOW__m0R-6cUJc]]></FromUserName>
<CreateTime>1466990136</CreateTime>
<MsgType><![CDATA[event]]></MsgType>
<Event><![CDATA[VIEW]]></Event>
<EventKey><![CDATA[http://yz.win-k.com/app/index.php?i=2&c=entry&eid=12]]></EventKey>
<MenuId>457882021</MenuId>
</xml>

2016-06-27 09:15:36 params :
------------
Array:
rule : -2 ;
module :  ;
message : Array ;

2016-06-27 09:15:36 response :
------------

2016-06-27 09:17:20 trace :
------------
String:
<xml><ToUserName><![CDATA[gh_53d3c05432a7]]></ToUserName>
<FromUserName><![CDATA[oLFOtt1aSDyo55WOW__m0R-6cUJc]]></FromUserName>
<CreateTime>1466990240</CreateTime>
<MsgType><![CDATA[event]]></MsgType>
<Event><![CDATA[VIEW]]></Event>
<EventKey><![CDATA[http://yz.win-k.com/app/index.php?i=2&c=entry&eid=12]]></EventKey>
<MenuId>457882021</MenuId>
</xml>

2016-06-27 09:17:20 params :
------------
Array:
rule : -2 ;
module :  ;
message : Array ;

2016-06-27 09:17:20 response :
------------

2016-06-27 09:17:23 trace :
------------
String:
<xml><ToUserName><![CDATA[gh_53d3c05432a7]]></ToUserName>
<FromUserName><![CDATA[oLFOtt1aSDyo55WOW__m0R-6cUJc]]></FromUserName>
<CreateTime>1466990243</CreateTime>
<MsgType><![CDATA[event]]></MsgType>
<Event><![CDATA[VIEW]]></Event>
<EventKey><![CDATA[http://yz.win-k.com/app/index.php?i=2&c=entry&do=member&m=sz_yi]]></EventKey>
<MenuId>457882021</MenuId>
</xml>

2016-06-27 09:17:23 params :
------------
Array:
rule : -2 ;
module :  ;
message : Array ;

2016-06-27 09:17:23 response :
------------

2016-06-27 09:19:01 trace :
------------
String:
<xml><ToUserName><![CDATA[gh_53d3c05432a7]]></ToUserName>
<FromUserName><![CDATA[oLFOtt1aSDyo55WOW__m0R-6cUJc]]></FromUserName>
<CreateTime>1466990341</CreateTime>
<MsgType><![CDATA[event]]></MsgType>
<Event><![CDATA[VIEW]]></Event>
<EventKey><![CDATA[http://yz.win-k.com/app/index.php?i=2&c=entry&eid=12]]></EventKey>
<MenuId>457882021</MenuId>
</xml>

2016-06-27 09:19:01 params :
------------
Array:
rule : -2 ;
module :  ;
message : Array ;

2016-06-27 09:19:01 response :
------------

2016-06-27 09:19:53 trace :
------------
String:
<xml><ToUserName><![CDATA[gh_53d3c05432a7]]></ToUserName>
<FromUserName><![CDATA[oLFOtt1aSDyo55WOW__m0R-6cUJc]]></FromUserName>
<CreateTime>1466990393</CreateTime>
<MsgType><![CDATA[event]]></MsgType>
<Event><![CDATA[VIEW]]></Event>
<EventKey><![CDATA[http://yz.win-k.com/app/index.php?i=2&c=entry&eid=12]]></EventKey>
<MenuId>457882021</MenuId>
</xml>

2016-06-27 09:19:53 params :
------------
Array:
rule : -2 ;
module :  ;
message : Array ;

2016-06-27 09:19:53 response :
------------

2016-06-27 09:22:43 trace :
------------
String:
<xml><ToUserName><![CDATA[gh_53d3c05432a7]]></ToUserName>
<FromUserName><![CDATA[oLFOtt1aSDyo55WOW__m0R-6cUJc]]></FromUserName>
<CreateTime>1466990563</CreateTime>
<MsgType><![CDATA[event]]></MsgType>
<Event><![CDATA[VIEW]]></Event>
<EventKey><![CDATA[http://yz.win-k.com/app/index.php?i=2&c=entry&eid=12]]></EventKey>
<MenuId>457882021</MenuId>
</xml>

2016-06-27 09:22:43 params :
------------
Array:
rule : -2 ;
module :  ;
message : Array ;

2016-06-27 09:22:43 response :
------------

2016-06-27 09:22:44 trace :
------------
String:
<xml><ToUserName><![CDATA[gh_53d3c05432a7]]></ToUserName>
<FromUserName><![CDATA[oLFOttzgu0Jc7C5_lsbic3xPmB-8]]></FromUserName>
<CreateTime>1466990564</CreateTime>
<MsgType><![CDATA[event]]></MsgType>
<Event><![CDATA[VIEW]]></Event>
<EventKey><![CDATA[http://yz.win-k.com/app/index.php?i=2&c=entry&do=member&m=sz_yi]]></EventKey>
<MenuId>457882021</MenuId>
</xml>

2016-06-27 09:22:44 params :
------------
Array:
rule : -2 ;
module :  ;
message : Array ;

2016-06-27 09:22:44 response :
------------

2016-06-27 09:23:51 trace :
------------
String:
<xml><ToUserName><![CDATA[gh_53d3c05432a7]]></ToUserName>
<FromUserName><![CDATA[oLFOtt1aSDyo55WOW__m0R-6cUJc]]></FromUserName>
<CreateTime>1466990631</CreateTime>
<MsgType><![CDATA[event]]></MsgType>
<Event><![CDATA[VIEW]]></Event>
<EventKey><![CDATA[http://yz.win-k.com/app/index.php?i=2&c=entry&do=member&m=sz_yi]]></EventKey>
<MenuId>457882021</MenuId>
</xml>

2016-06-27 09:23:51 params :
------------
Array:
rule : -2 ;
module :  ;
message : Array ;

2016-06-27 09:23:51 response :
------------

2016-06-27 09:25:33 trace :
------------
String:
<xml><ToUserName><![CDATA[gh_53d3c05432a7]]></ToUserName>
<FromUserName><![CDATA[oLFOttzgu0Jc7C5_lsbic3xPmB-8]]></FromUserName>
<CreateTime>1466990733</CreateTime>
<MsgType><![CDATA[event]]></MsgType>
<Event><![CDATA[VIEW]]></Event>
<EventKey><![CDATA[http://yz.win-k.com/app/index.php?i=2&c=entry&eid=12]]></EventKey>
<MenuId>457882021</MenuId>
</xml>

2016-06-27 09:25:33 params :
------------
Array:
rule : -2 ;
module :  ;
message : Array ;

2016-06-27 09:25:33 response :
------------

2016-06-27 09:26:22 trace :
------------
String:
<xml><ToUserName><![CDATA[gh_53d3c05432a7]]></ToUserName>
<FromUserName><![CDATA[oLFOttzgu0Jc7C5_lsbic3xPmB-8]]></FromUserName>
<CreateTime>1466990782</CreateTime>
<MsgType><![CDATA[event]]></MsgType>
<Event><![CDATA[VIEW]]></Event>
<EventKey><![CDATA[http://yz.win-k.com/app/index.php?i=2&c=entry&do=member&m=sz_yi]]></EventKey>
<MenuId>457882021</MenuId>
</xml>

2016-06-27 09:26:22 params :
------------
Array:
rule : -2 ;
module :  ;
message : Array ;

2016-06-27 09:26:22 response :
------------

2016-06-27 09:27:15 trace :
------------
String:
<xml><ToUserName><![CDATA[gh_53d3c05432a7]]></ToUserName>
<FromUserName><![CDATA[oLFOttzgu0Jc7C5_lsbic3xPmB-8]]></FromUserName>
<CreateTime>1466990835</CreateTime>
<MsgType><![CDATA[event]]></MsgType>
<Event><![CDATA[VIEW]]></Event>
<EventKey><![CDATA[http://yz.win-k.com/app/index.php?i=2&c=entry&eid=12]]></EventKey>
<MenuId>457882021</MenuId>
</xml>

2016-06-27 09:27:15 params :
------------
Array:
rule : -2 ;
module :  ;
message : Array ;

2016-06-27 09:27:15 response :
------------

2016-06-27 09:27:20 trace :
------------
String:
<xml><ToUserName><![CDATA[gh_53d3c05432a7]]></ToUserName>
<FromUserName><![CDATA[oLFOttzgu0Jc7C5_lsbic3xPmB-8]]></FromUserName>
<CreateTime>1466990840</CreateTime>
<MsgType><![CDATA[event]]></MsgType>
<Event><![CDATA[VIEW]]></Event>
<EventKey><![CDATA[http://yz.win-k.com/app/index.php?i=2&c=entry&eid=12]]></EventKey>
<MenuId>457882021</MenuId>
</xml>

2016-06-27 09:27:20 params :
------------
Array:
rule : -2 ;
module :  ;
message : Array ;

2016-06-27 09:27:20 response :
------------

2016-06-27 09:29:47 trace :
------------
String:
<xml><ToUserName><![CDATA[gh_53d3c05432a7]]></ToUserName>
<FromUserName><![CDATA[oLFOttzgu0Jc7C5_lsbic3xPmB-8]]></FromUserName>
<CreateTime>1466990987</CreateTime>
<MsgType><![CDATA[event]]></MsgType>
<Event><![CDATA[VIEW]]></Event>
<EventKey><![CDATA[http://yz.win-k.com/app/index.php?i=2&c=entry&do=member&m=sz_yi]]></EventKey>
<MenuId>457882021</MenuId>
</xml>

2016-06-27 09:29:47 params :
------------
Array:
rule : -2 ;
module :  ;
message : Array ;

2016-06-27 09:29:47 response :
------------

2016-06-27 09:34:23 trace :
------------
String:
<xml><ToUserName><![CDATA[gh_53d3c05432a7]]></ToUserName>
<FromUserName><![CDATA[oLFOttzgu0Jc7C5_lsbic3xPmB-8]]></FromUserName>
<CreateTime>1466991263</CreateTime>
<MsgType><![CDATA[event]]></MsgType>
<Event><![CDATA[VIEW]]></Event>
<EventKey><![CDATA[http://yz.win-k.com/app/index.php?i=2&c=entry&eid=12]]></EventKey>
<MenuId>457882021</MenuId>
</xml>

2016-06-27 09:34:23 params :
------------
Array:
rule : -2 ;
module :  ;
message : Array ;

2016-06-27 09:34:23 response :
------------

2016-06-27 09:38:48 trace :
------------
String:
<xml><ToUserName><![CDATA[gh_53d3c05432a7]]></ToUserName>
<FromUserName><![CDATA[oLFOttzgu0Jc7C5_lsbic3xPmB-8]]></FromUserName>
<CreateTime>1466991528</CreateTime>
<MsgType><![CDATA[event]]></MsgType>
<Event><![CDATA[VIEW]]></Event>
<EventKey><![CDATA[http://yz.win-k.com/app/index.php?i=2&c=entry&do=member&m=sz_yi]]></EventKey>
<MenuId>457882021</MenuId>
</xml>

2016-06-27 09:38:48 params :
------------
Array:
rule : -2 ;
module :  ;
message : Array ;

2016-06-27 09:38:48 response :
------------

2016-06-27 09:38:58 trace :
------------
String:
<xml><ToUserName><![CDATA[gh_53d3c05432a7]]></ToUserName>
<FromUserName><![CDATA[oLFOttzgu0Jc7C5_lsbic3xPmB-8]]></FromUserName>
<CreateTime>1466991538</CreateTime>
<MsgType><![CDATA[event]]></MsgType>
<Event><![CDATA[VIEW]]></Event>
<EventKey><![CDATA[http://yz.win-k.com/app/index.php?i=2&c=entry&eid=12]]></EventKey>
<MenuId>457882021</MenuId>
</xml>

2016-06-27 09:38:58 params :
------------
Array:
rule : -2 ;
module :  ;
message : Array ;

2016-06-27 09:38:58 response :
------------

2016-06-27 09:46:56 trace :
------------
String:
<xml><ToUserName><![CDATA[gh_53d3c05432a7]]></ToUserName>
<FromUserName><![CDATA[oLFOttzgu0Jc7C5_lsbic3xPmB-8]]></FromUserName>
<CreateTime>1466992015</CreateTime>
<MsgType><![CDATA[event]]></MsgType>
<Event><![CDATA[VIEW]]></Event>
<EventKey><![CDATA[http://yz.win-k.com/app/index.php?i=2&c=entry&do=member&m=sz_yi]]></EventKey>
<MenuId>457882021</MenuId>
</xml>

2016-06-27 09:46:56 params :
------------
Array:
rule : -2 ;
module :  ;
message : Array ;

2016-06-27 09:46:56 response :
------------

2016-06-27 10:10:58 trace :
------------
String:
<xml><ToUserName><![CDATA[gh_53d3c05432a7]]></ToUserName>
<FromUserName><![CDATA[oLFOttzgu0Jc7C5_lsbic3xPmB-8]]></FromUserName>
<CreateTime>1466993458</CreateTime>
<MsgType><![CDATA[event]]></MsgType>
<Event><![CDATA[VIEW]]></Event>
<EventKey><![CDATA[http://yz.win-k.com/app/index.php?i=2&c=entry&eid=12]]></EventKey>
<MenuId>457882021</MenuId>
</xml>

2016-06-27 10:10:58 params :
------------
Array:
rule : -2 ;
module :  ;
message : Array ;

2016-06-27 10:10:58 response :
------------

2016-06-27 10:21:00 trace :
------------
String:
<xml><ToUserName><![CDATA[gh_53d3c05432a7]]></ToUserName>
<FromUserName><![CDATA[oLFOttzgu0Jc7C5_lsbic3xPmB-8]]></FromUserName>
<CreateTime>1466994060</CreateTime>
<MsgType><![CDATA[event]]></MsgType>
<Event><![CDATA[VIEW]]></Event>
<EventKey><![CDATA[http://yz.win-k.com/app/index.php?i=2&c=entry&eid=12]]></EventKey>
<MenuId>457882021</MenuId>
</xml>

2016-06-27 10:21:00 params :
------------
Array:
rule : -2 ;
module :  ;
message : Array ;

2016-06-27 10:21:00 response :
------------

2016-06-27 12:59:44 trace :
------------
String:
<xml><ToUserName><![CDATA[gh_53d3c05432a7]]></ToUserName>
<FromUserName><![CDATA[oLFOttzgu0Jc7C5_lsbic3xPmB-8]]></FromUserName>
<CreateTime>1467003584</CreateTime>
<MsgType><![CDATA[event]]></MsgType>
<Event><![CDATA[VIEW]]></Event>
<EventKey><![CDATA[http://yz.win-k.com/app/index.php?i=2&c=entry&eid=12]]></EventKey>
<MenuId>457882021</MenuId>
</xml>

2016-06-27 12:59:44 params :
------------
Array:
rule : -2 ;
module :  ;
message : Array ;

2016-06-27 12:59:44 response :
------------

2016-06-27 13:00:20 trace :
------------
String:
<xml><ToUserName><![CDATA[gh_53d3c05432a7]]></ToUserName>
<FromUserName><![CDATA[oLFOttzgu0Jc7C5_lsbic3xPmB-8]]></FromUserName>
<CreateTime>1467003620</CreateTime>
<MsgType><![CDATA[event]]></MsgType>
<Event><![CDATA[VIEW]]></Event>
<EventKey><![CDATA[http://yz.win-k.com/app/index.php?i=2&c=entry&do=member&m=sz_yi]]></EventKey>
<MenuId>457882021</MenuId>
</xml>

2016-06-27 13:00:20 params :
------------
Array:
rule : -2 ;
module :  ;
message : Array ;

2016-06-27 13:00:20 response :
------------

2016-06-27 13:45:21 trace :
------------
String:
<xml><ToUserName><![CDATA[gh_53d3c05432a7]]></ToUserName>
<FromUserName><![CDATA[oLFOtt1aSDyo55WOW__m0R-6cUJc]]></FromUserName>
<CreateTime>1467006321</CreateTime>
<MsgType><![CDATA[event]]></MsgType>
<Event><![CDATA[VIEW]]></Event>
<EventKey><![CDATA[http://yz.win-k.com/app/index.php?i=2&c=entry&do=member&m=sz_yi]]></EventKey>
<MenuId>457882021</MenuId>
</xml>

2016-06-27 13:45:21 params :
------------
Array:
rule : -2 ;
module :  ;
message : Array ;

2016-06-27 13:45:21 response :
------------

2016-06-27 16:02:12 trace :
------------
String:
<xml><ToUserName><![CDATA[gh_53d3c05432a7]]></ToUserName>
<FromUserName><![CDATA[oLFOtt20_YKheQXi1AKAjQzUKMC4]]></FromUserName>
<CreateTime>1467014532</CreateTime>
<MsgType><![CDATA[event]]></MsgType>
<Event><![CDATA[VIEW]]></Event>
<EventKey><![CDATA[http://yz.win-k.com/app/index.php?i=2&c=entry&eid=12]]></EventKey>
<MenuId>457882021</MenuId>
</xml>

2016-06-27 16:02:12 params :
------------
Array:
rule : -2 ;
module :  ;
message : Array ;

2016-06-27 16:02:12 response :
------------

2016-06-27 21:24:46 trace :
------------
String:
<xml><ToUserName><![CDATA[gh_53d3c05432a7]]></ToUserName>
<FromUserName><![CDATA[oLFOtt5J6n-Z-2OLVVC0TFqMrrOQ]]></FromUserName>
<CreateTime>1467033886</CreateTime>
<MsgType><![CDATA[event]]></MsgType>
<Event><![CDATA[subscribe]]></Event>
<EventKey><![CDATA[]]></EventKey>
</xml>

2016-06-27 21:24:46 params :
------------
Array:
rule : -2 ;
module :  ;
message : Array ;

2016-06-27 21:24:46 response :
------------

2016-06-27 21:24:50 trace :
------------
String:
<xml><ToUserName><![CDATA[gh_53d3c05432a7]]></ToUserName>
<FromUserName><![CDATA[oLFOtt5J6n-Z-2OLVVC0TFqMrrOQ]]></FromUserName>
<CreateTime>1467033890</CreateTime>
<MsgType><![CDATA[event]]></MsgType>
<Event><![CDATA[VIEW]]></Event>
<EventKey><![CDATA[http://yz.win-k.com/app/index.php?i=2&c=entry&eid=12]]></EventKey>
<MenuId>457882021</MenuId>
</xml>

2016-06-27 21:24:50 params :
------------
Array:
rule : -2 ;
module :  ;
message : Array ;

2016-06-27 21:24:50 response :
------------

2016-06-27 22:06:34 trace :
------------
String:
<xml><ToUserName><![CDATA[gh_53d3c05432a7]]></ToUserName>
<FromUserName><![CDATA[oLFOtt5J6n-Z-2OLVVC0TFqMrrOQ]]></FromUserName>
<CreateTime>1467036394</CreateTime>
<MsgType><![CDATA[event]]></MsgType>
<Event><![CDATA[VIEW]]></Event>
<EventKey><![CDATA[http://yz.win-k.com/app/index.php?i=2&c=entry&eid=12]]></EventKey>
<MenuId>457882021</MenuId>
</xml>

2016-06-27 22:06:34 params :
------------
Array:
rule : -2 ;
module :  ;
message : Array ;

2016-06-27 22:06:34 response :
------------

2016-06-27 22:06:52 trace :
------------
String:
<xml><ToUserName><![CDATA[gh_53d3c05432a7]]></ToUserName>
<FromUserName><![CDATA[oLFOtt5J6n-Z-2OLVVC0TFqMrrOQ]]></FromUserName>
<CreateTime>1467036412</CreateTime>
<MsgType><![CDATA[event]]></MsgType>
<Event><![CDATA[VIEW]]></Event>
<EventKey><![CDATA[http://yz.win-k.com/app/index.php?i=2&c=entry&eid=12]]></EventKey>
<MenuId>457882021</MenuId>
</xml>

2016-06-27 22:06:52 params :
------------
Array:
rule : -2 ;
module :  ;
message : Array ;

2016-06-27 22:06:52 response :
------------

2016-06-27 22:20:25 trace :
------------
String:
<xml><ToUserName><![CDATA[gh_53d3c05432a7]]></ToUserName>
<FromUserName><![CDATA[oLFOtt7JixhiK5oql33N4fLVBSwc]]></FromUserName>
<CreateTime>1467037225</CreateTime>
<MsgType><![CDATA[event]]></MsgType>
<Event><![CDATA[subscribe]]></Event>
<EventKey><![CDATA[]]></EventKey>
</xml>

2016-06-27 22:20:25 params :
------------
Array:
rule : -2 ;
module :  ;
message : Array ;

2016-06-27 22:20:25 response :
------------

2016-06-27 22:20:28 trace :
------------
String:
<xml><ToUserName><![CDATA[gh_53d3c05432a7]]></ToUserName>
<FromUserName><![CDATA[oLFOtt7JixhiK5oql33N4fLVBSwc]]></FromUserName>
<CreateTime>1467037228</CreateTime>
<MsgType><![CDATA[event]]></MsgType>
<Event><![CDATA[VIEW]]></Event>
<EventKey><![CDATA[http://yz.win-k.com/app/index.php?i=2&c=entry&eid=12]]></EventKey>
<MenuId>457882021</MenuId>
</xml>

2016-06-27 22:20:28 params :
------------
Array:
rule : -2 ;
module :  ;
message : Array ;

2016-06-27 22:20:28 response :
------------

2016-06-27 22:21:19 trace :
------------
String:
<xml><ToUserName><![CDATA[gh_53d3c05432a7]]></ToUserName>
<FromUserName><![CDATA[oLFOtt7JixhiK5oql33N4fLVBSwc]]></FromUserName>
<CreateTime>1467037279</CreateTime>
<MsgType><![CDATA[event]]></MsgType>
<Event><![CDATA[CLICK]]></Event>
<EventKey><![CDATA[二维码海报]]></EventKey>
</xml>

2016-06-27 22:27:08 trace :
------------
String:
<xml><ToUserName><![CDATA[gh_53d3c05432a7]]></ToUserName>
<FromUserName><![CDATA[oLFOtt7JixhiK5oql33N4fLVBSwc]]></FromUserName>
<CreateTime>1467037628</CreateTime>
<MsgType><![CDATA[event]]></MsgType>
<Event><![CDATA[VIEW]]></Event>
<EventKey><![CDATA[http://yz.win-k.com/app/index.php?i=2&c=entry&eid=12]]></EventKey>
<MenuId>457882021</MenuId>
</xml>

2016-06-27 22:27:08 params :
------------
Array:
rule : -2 ;
module :  ;
message : Array ;

2016-06-27 22:27:08 response :
------------

2016-06-27 22:34:48 trace :
------------
String:
<xml><ToUserName><![CDATA[gh_53d3c05432a7]]></ToUserName>
<FromUserName><![CDATA[oLFOtt7Gqj7S4aUOEt40Unh-XrOI]]></FromUserName>
<CreateTime>1467038088</CreateTime>
<MsgType><![CDATA[event]]></MsgType>
<Event><![CDATA[subscribe]]></Event>
<EventKey><![CDATA[]]></EventKey>
</xml>

2016-06-27 22:34:48 params :
------------
Array:
rule : -2 ;
module :  ;
message : Array ;

2016-06-27 22:34:48 response :
------------

2016-06-27 22:34:51 trace :
------------
String:
<xml><ToUserName><![CDATA[gh_53d3c05432a7]]></ToUserName>
<FromUserName><![CDATA[oLFOtt7Gqj7S4aUOEt40Unh-XrOI]]></FromUserName>
<CreateTime>1467038091</CreateTime>
<MsgType><![CDATA[event]]></MsgType>
<Event><![CDATA[VIEW]]></Event>
<EventKey><![CDATA[http://yz.win-k.com/app/index.php?i=2&c=entry&eid=12]]></EventKey>
<MenuId>457882021</MenuId>
</xml>

2016-06-27 22:34:51 params :
------------
Array:
rule : -2 ;
module :  ;
message : Array ;

2016-06-27 22:34:51 response :
------------

2016-06-27 22:35:37 trace :
------------
String:
<xml><ToUserName><![CDATA[gh_53d3c05432a7]]></ToUserName>
<FromUserName><![CDATA[oLFOtt7Gqj7S4aUOEt40Unh-XrOI]]></FromUserName>
<CreateTime>1467038137</CreateTime>
<MsgType><![CDATA[event]]></MsgType>
<Event><![CDATA[VIEW]]></Event>
<EventKey><![CDATA[http://yz.win-k.com/app/index.php?i=2&c=entry&eid=12]]></EventKey>
<MenuId>457882021</MenuId>
</xml>

2016-06-27 22:35:37 params :
------------
Array:
rule : -2 ;
module :  ;
message : Array ;

2016-06-27 22:35:37 response :
------------

2016-06-27 22:37:21 trace :
------------
String:
<xml><ToUserName><![CDATA[gh_53d3c05432a7]]></ToUserName>
<FromUserName><![CDATA[oLFOtt7Gqj7S4aUOEt40Unh-XrOI]]></FromUserName>
<CreateTime>1467038241</CreateTime>
<MsgType><![CDATA[event]]></MsgType>
<Event><![CDATA[CLICK]]></Event>
<EventKey><![CDATA[二维码海报]]></EventKey>
</xml>

2016-06-27 22:37:26 trace :
------------
String:
<xml><ToUserName><![CDATA[gh_53d3c05432a7]]></ToUserName>
<FromUserName><![CDATA[oLFOtt7Gqj7S4aUOEt40Unh-XrOI]]></FromUserName>
<CreateTime>1467038246</CreateTime>
<MsgType><![CDATA[event]]></MsgType>
<Event><![CDATA[VIEW]]></Event>
<EventKey><![CDATA[http://yz.win-k.com/app/index.php?i=2&c=entry&do=member&m=sz_yi]]></EventKey>
<MenuId>457882021</MenuId>
</xml>

2016-06-27 22:37:26 params :
------------
Array:
rule : -2 ;
module :  ;
message : Array ;

2016-06-27 22:37:26 response :
------------

2016-06-27 22:42:50 trace :
------------
String:
<xml><ToUserName><![CDATA[gh_53d3c05432a7]]></ToUserName>
<FromUserName><![CDATA[oLFOtt7Gqj7S4aUOEt40Unh-XrOI]]></FromUserName>
<CreateTime>1467038570</CreateTime>
<MsgType><![CDATA[event]]></MsgType>
<Event><![CDATA[VIEW]]></Event>
<EventKey><![CDATA[http://yz.win-k.com/app/index.php?i=2&c=entry&eid=12]]></EventKey>
<MenuId>457882021</MenuId>
</xml>

2016-06-27 22:42:50 params :
------------
Array:
rule : -2 ;
module :  ;
message : Array ;

2016-06-27 22:42:50 response :
------------

2016-06-27 22:45:56 trace :
------------
String:
<xml><ToUserName><![CDATA[gh_53d3c05432a7]]></ToUserName>
<FromUserName><![CDATA[oLFOtt7Gqj7S4aUOEt40Unh-XrOI]]></FromUserName>
<CreateTime>1467038756</CreateTime>
<MsgType><![CDATA[event]]></MsgType>
<Event><![CDATA[VIEW]]></Event>
<EventKey><![CDATA[http://yz.win-k.com/app/index.php?i=2&c=entry&eid=12]]></EventKey>
<MenuId>457882021</MenuId>
</xml>

2016-06-27 22:45:56 params :
------------
Array:
rule : -2 ;
module :  ;
message : Array ;

2016-06-27 22:45:56 response :
------------

2016-06-27 23:38:39 trace :
------------
String:
<xml><ToUserName><![CDATA[gh_53d3c05432a7]]></ToUserName>
<FromUserName><![CDATA[oLFOtt7Gqj7S4aUOEt40Unh-XrOI]]></FromUserName>
<CreateTime>1467041918</CreateTime>
<MsgType><![CDATA[event]]></MsgType>
<Event><![CDATA[VIEW]]></Event>
<EventKey><![CDATA[http://yz.win-k.com/app/index.php?i=2&c=entry&do=member&m=sz_yi]]></EventKey>
<MenuId>457882021</MenuId>
</xml>

2016-06-27 23:38:39 params :
------------
Array:
rule : -2 ;
module :  ;
message : Array ;

2016-06-27 23:38:39 response :
------------

2016-06-27 23:39:18 trace :
------------
String:
<xml><ToUserName><![CDATA[gh_53d3c05432a7]]></ToUserName>
<FromUserName><![CDATA[oLFOtt7Gqj7S4aUOEt40Unh-XrOI]]></FromUserName>
<CreateTime>1467041958</CreateTime>
<MsgType><![CDATA[event]]></MsgType>
<Event><![CDATA[VIEW]]></Event>
<EventKey><![CDATA[http://yz.win-k.com/app/index.php?i=2&c=entry&do=member&m=sz_yi]]></EventKey>
<MenuId>457882021</MenuId>
</xml>

2016-06-27 23:39:18 params :
------------
Array:
rule : -2 ;
module :  ;
message : Array ;

2016-06-27 23:39:18 response :
------------

2016-06-27 23:40:37 trace :
------------
String:
<xml><ToUserName><![CDATA[gh_53d3c05432a7]]></ToUserName>
<FromUserName><![CDATA[oLFOtt7Gqj7S4aUOEt40Unh-XrOI]]></FromUserName>
<CreateTime>1467042036</CreateTime>
<MsgType><![CDATA[event]]></MsgType>
<Event><![CDATA[VIEW]]></Event>
<EventKey><![CDATA[http://yz.win-k.com/app/index.php?i=2&c=entry&eid=12]]></EventKey>
<MenuId>457882021</MenuId>
</xml>

2016-06-27 23:40:37 params :
------------
Array:
rule : -2 ;
module :  ;
message : Array ;

2016-06-27 23:40:37 response :
------------

2016-06-27 23:40:42 trace :
------------
String:
<xml><ToUserName><![CDATA[gh_53d3c05432a7]]></ToUserName>
<FromUserName><![CDATA[oLFOtt7Gqj7S4aUOEt40Unh-XrOI]]></FromUserName>
<CreateTime>1467042042</CreateTime>
<MsgType><![CDATA[event]]></MsgType>
<Event><![CDATA[VIEW]]></Event>
<EventKey><![CDATA[http://yz.win-k.com/app/index.php?i=2&c=entry&do=member&m=sz_yi]]></EventKey>
<MenuId>457882021</MenuId>
</xml>

2016-06-27 23:40:42 params :
------------
Array:
rule : -2 ;
module :  ;
message : Array ;

2016-06-27 23:40:42 response :
------------

2016-06-27 23:40:57 trace :
------------
String:
<xml><ToUserName><![CDATA[gh_53d3c05432a7]]></ToUserName>
<FromUserName><![CDATA[oLFOtt7Gqj7S4aUOEt40Unh-XrOI]]></FromUserName>
<CreateTime>1467042057</CreateTime>
<MsgType><![CDATA[event]]></MsgType>
<Event><![CDATA[VIEW]]></Event>
<EventKey><![CDATA[http://yz.win-k.com/app/index.php?i=2&c=entry&eid=12]]></EventKey>
<MenuId>457882021</MenuId>
</xml>

2016-06-27 23:40:57 params :
------------
Array:
rule : -2 ;
module :  ;
message : Array ;

2016-06-27 23:40:57 response :
------------

2016-06-27 23:44:58 trace :
------------
String:
<xml><ToUserName><![CDATA[gh_53d3c05432a7]]></ToUserName>
<FromUserName><![CDATA[oLFOtt7Gqj7S4aUOEt40Unh-XrOI]]></FromUserName>
<CreateTime>1467042298</CreateTime>
<MsgType><![CDATA[event]]></MsgType>
<Event><![CDATA[VIEW]]></Event>
<EventKey><![CDATA[http://yz.win-k.com/app/index.php?i=2&c=entry&do=member&m=sz_yi]]></EventKey>
<MenuId>457882021</MenuId>
</xml>

2016-06-27 23:44:58 params :
------------
Array:
rule : -2 ;
module :  ;
message : Array ;

2016-06-27 23:44:58 response :
------------

2016-06-27 23:45:13 trace :
------------
String:
<xml><ToUserName><![CDATA[gh_53d3c05432a7]]></ToUserName>
<FromUserName><![CDATA[oLFOtt7Gqj7S4aUOEt40Unh-XrOI]]></FromUserName>
<CreateTime>1467042313</CreateTime>
<MsgType><![CDATA[event]]></MsgType>
<Event><![CDATA[VIEW]]></Event>
<EventKey><![CDATA[http://yz.win-k.com/app/index.php?i=2&c=entry&do=member&m=sz_yi]]></EventKey>
<MenuId>457882021</MenuId>
</xml>

2016-06-27 23:45:13 params :
------------
Array:
rule : -2 ;
module :  ;
message : Array ;

2016-06-27 23:45:13 response :
------------

