2016-06-21 13:59:29 trace :
------------
String:
<xml><ToUserName><![CDATA[gh_53d3c05432a7]]></ToUserName>
<FromUserName><![CDATA[oLFOtt1X0wq-Wz4J3zlQiCdS2cIA]]></FromUserName>
<CreateTime>1466488769</CreateTime>
<MsgType><![CDATA[event]]></MsgType>
<Event><![CDATA[VIEW]]></Event>
<EventKey><![CDATA[http://yz.win-k.com/app/index.php?i=2&c=entry&eid=12]]></EventKey>
<MenuId>457882021</MenuId>
</xml>

2016-06-21 13:59:29 params :
------------
Array:
rule : -2 ;
module :  ;
message : Array ;

2016-06-21 13:59:29 response :
------------

2016-06-21 13:59:55 trace :
------------
String:
<xml><ToUserName><![CDATA[gh_53d3c05432a7]]></ToUserName>
<FromUserName><![CDATA[oLFOtt1X0wq-Wz4J3zlQiCdS2cIA]]></FromUserName>
<CreateTime>1466488795</CreateTime>
<MsgType><![CDATA[event]]></MsgType>
<Event><![CDATA[VIEW]]></Event>
<EventKey><![CDATA[http://yz.win-k.com/app/index.php?i=2&c=entry&do=member&m=sz_yi]]></EventKey>
<MenuId>457882021</MenuId>
</xml>

2016-06-21 13:59:55 params :
------------
Array:
rule : -2 ;
module :  ;
message : Array ;

2016-06-21 13:59:55 response :
------------

2016-06-21 14:00:22 trace :
------------
String:
<xml><ToUserName><![CDATA[gh_53d3c05432a7]]></ToUserName>
<FromUserName><![CDATA[oLFOtt1X0wq-Wz4J3zlQiCdS2cIA]]></FromUserName>
<CreateTime>1466488822</CreateTime>
<MsgType><![CDATA[event]]></MsgType>
<Event><![CDATA[VIEW]]></Event>
<EventKey><![CDATA[http://yz.win-k.com/app/index.php?i=2&c=entry&do=member&m=sz_yi]]></EventKey>
<MenuId>457882021</MenuId>
</xml>

2016-06-21 14:00:22 params :
------------
Array:
rule : -2 ;
module :  ;
message : Array ;

2016-06-21 14:00:22 response :
------------

2016-06-21 14:00:34 trace :
------------
String:
<xml><ToUserName><![CDATA[gh_53d3c05432a7]]></ToUserName>
<FromUserName><![CDATA[oLFOtt1X0wq-Wz4J3zlQiCdS2cIA]]></FromUserName>
<CreateTime>1466488834</CreateTime>
<MsgType><![CDATA[event]]></MsgType>
<Event><![CDATA[VIEW]]></Event>
<EventKey><![CDATA[http://yz.win-k.com/app/index.php?i=2&c=entry&eid=12]]></EventKey>
<MenuId>457882021</MenuId>
</xml>

2016-06-21 14:00:34 params :
------------
Array:
rule : -2 ;
module :  ;
message : Array ;

2016-06-21 14:00:34 response :
------------

2016-06-21 14:01:40 trace :
------------
String:
<xml><ToUserName><![CDATA[gh_53d3c05432a7]]></ToUserName>
<FromUserName><![CDATA[oLFOtt1X0wq-Wz4J3zlQiCdS2cIA]]></FromUserName>
<CreateTime>1466488900</CreateTime>
<MsgType><![CDATA[event]]></MsgType>
<Event><![CDATA[VIEW]]></Event>
<EventKey><![CDATA[http://yz.win-k.com/app/index.php?i=2&c=entry&eid=12]]></EventKey>
<MenuId>457882021</MenuId>
</xml>

2016-06-21 14:01:40 params :
------------
Array:
rule : -2 ;
module :  ;
message : Array ;

2016-06-21 14:01:40 response :
------------

2016-06-21 14:06:29 trace :
------------
String:
<xml><ToUserName><![CDATA[gh_53d3c05432a7]]></ToUserName>
<FromUserName><![CDATA[oLFOtt1X0wq-Wz4J3zlQiCdS2cIA]]></FromUserName>
<CreateTime>1466489189</CreateTime>
<MsgType><![CDATA[event]]></MsgType>
<Event><![CDATA[VIEW]]></Event>
<EventKey><![CDATA[http://yz.win-k.com/app/index.php?i=2&c=entry&do=member&m=sz_yi]]></EventKey>
<MenuId>457882021</MenuId>
</xml>

2016-06-21 14:06:29 params :
------------
Array:
rule : -2 ;
module :  ;
message : Array ;

2016-06-21 14:06:29 response :
------------

2016-06-21 15:20:01 trace :
------------
String:
<xml><ToUserName><![CDATA[gh_53d3c05432a7]]></ToUserName>
<FromUserName><![CDATA[oLFOtt29r1cwjmWcn-CioxXnQ4mY]]></FromUserName>
<CreateTime>1466493601</CreateTime>
<MsgType><![CDATA[event]]></MsgType>
<Event><![CDATA[VIEW]]></Event>
<EventKey><![CDATA[http://yz.win-k.com/app/index.php?i=2&c=entry&do=member&m=sz_yi]]></EventKey>
<MenuId>457882021</MenuId>
</xml>

2016-06-21 15:20:01 params :
------------
Array:
rule : -2 ;
module :  ;
message : Array ;

2016-06-21 15:20:01 response :
------------

2016-06-21 15:21:10 trace :
------------
String:
<xml><ToUserName><![CDATA[gh_53d3c05432a7]]></ToUserName>
<FromUserName><![CDATA[oLFOtt29r1cwjmWcn-CioxXnQ4mY]]></FromUserName>
<CreateTime>1466493669</CreateTime>
<MsgType><![CDATA[event]]></MsgType>
<Event><![CDATA[VIEW]]></Event>
<EventKey><![CDATA[http://yz.win-k.com/app/index.php?i=2&c=entry&eid=12]]></EventKey>
<MenuId>457882021</MenuId>
</xml>

2016-06-21 15:21:10 params :
------------
Array:
rule : -2 ;
module :  ;
message : Array ;

2016-06-21 15:21:10 response :
------------

2016-06-21 15:24:16 trace :
------------
String:
<xml><ToUserName><![CDATA[gh_53d3c05432a7]]></ToUserName>
<FromUserName><![CDATA[oLFOtt29r1cwjmWcn-CioxXnQ4mY]]></FromUserName>
<CreateTime>1466493856</CreateTime>
<MsgType><![CDATA[event]]></MsgType>
<Event><![CDATA[VIEW]]></Event>
<EventKey><![CDATA[http://yz.win-k.com/app/index.php?i=2&c=entry&do=member&m=sz_yi]]></EventKey>
<MenuId>457882021</MenuId>
</xml>

2016-06-21 15:24:16 params :
------------
Array:
rule : -2 ;
module :  ;
message : Array ;

2016-06-21 15:24:16 response :
------------

2016-06-21 15:26:53 trace :
------------
String:
<xml><ToUserName><![CDATA[gh_53d3c05432a7]]></ToUserName>
<FromUserName><![CDATA[oLFOtt29r1cwjmWcn-CioxXnQ4mY]]></FromUserName>
<CreateTime>1466494012</CreateTime>
<MsgType><![CDATA[event]]></MsgType>
<Event><![CDATA[VIEW]]></Event>
<EventKey><![CDATA[http://yz.win-k.com/app/index.php?i=2&c=entry&do=member&m=sz_yi]]></EventKey>
<MenuId>457882021</MenuId>
</xml>

2016-06-21 15:26:53 params :
------------
Array:
rule : -2 ;
module :  ;
message : Array ;

2016-06-21 15:26:53 response :
------------

2016-06-21 15:47:44 trace :
------------
String:
<xml><ToUserName><![CDATA[gh_53d3c05432a7]]></ToUserName>
<FromUserName><![CDATA[oLFOtt3mCevLcKI7vecbCEtdo1Ig]]></FromUserName>
<CreateTime>1466495263</CreateTime>
<MsgType><![CDATA[event]]></MsgType>
<Event><![CDATA[subscribe]]></Event>
<EventKey><![CDATA[]]></EventKey>
</xml>

2016-06-21 15:47:44 params :
------------
Array:
rule : -2 ;
module :  ;
message : Array ;

2016-06-21 15:47:44 response :
------------

2016-06-21 15:49:44 trace :
------------
String:
<xml><ToUserName><![CDATA[gh_53d3c05432a7]]></ToUserName>
<FromUserName><![CDATA[oLFOttxyj4F4pJNcl7ZcvO_tWPIs]]></FromUserName>
<CreateTime>1466495384</CreateTime>
<MsgType><![CDATA[event]]></MsgType>
<Event><![CDATA[subscribe]]></Event>
<EventKey><![CDATA[]]></EventKey>
</xml>

2016-06-21 15:49:44 params :
------------
Array:
rule : -2 ;
module :  ;
message : Array ;

2016-06-21 15:49:44 response :
------------

2016-06-21 15:49:57 trace :
------------
String:
<xml><ToUserName><![CDATA[gh_53d3c05432a7]]></ToUserName>
<FromUserName><![CDATA[oLFOttxyj4F4pJNcl7ZcvO_tWPIs]]></FromUserName>
<CreateTime>1466495397</CreateTime>
<MsgType><![CDATA[event]]></MsgType>
<Event><![CDATA[VIEW]]></Event>
<EventKey><![CDATA[http://yz.win-k.com/app/index.php?i=2&c=entry&eid=12]]></EventKey>
<MenuId>457882021</MenuId>
</xml>

2016-06-21 15:49:57 params :
------------
Array:
rule : -2 ;
module :  ;
message : Array ;

2016-06-21 15:49:57 response :
------------

2016-06-21 15:50:45 trace :
------------
String:
<xml><ToUserName><![CDATA[gh_53d3c05432a7]]></ToUserName>
<FromUserName><![CDATA[oLFOttwSDFqTYJvpq7SEJyNjroms]]></FromUserName>
<CreateTime>1466495445</CreateTime>
<MsgType><![CDATA[event]]></MsgType>
<Event><![CDATA[VIEW]]></Event>
<EventKey><![CDATA[http://yz.win-k.com/app/index.php?i=2&c=entry&eid=12]]></EventKey>
<MenuId>457882021</MenuId>
</xml>

2016-06-21 15:50:45 params :
------------
Array:
rule : -2 ;
module :  ;
message : Array ;

2016-06-21 15:50:45 response :
------------

2016-06-21 15:52:36 trace :
------------
String:
<xml><ToUserName><![CDATA[gh_53d3c05432a7]]></ToUserName>
<FromUserName><![CDATA[oLFOtt-yFalGoIBVR4n2CBNs4F9I]]></FromUserName>
<CreateTime>1466495556</CreateTime>
<MsgType><![CDATA[event]]></MsgType>
<Event><![CDATA[subscribe]]></Event>
<EventKey><![CDATA[]]></EventKey>
</xml>

2016-06-21 15:52:36 params :
------------
Array:
rule : -2 ;
module :  ;
message : Array ;

2016-06-21 15:52:36 response :
------------

2016-06-21 15:52:38 trace :
------------
String:
<xml><ToUserName><![CDATA[gh_53d3c05432a7]]></ToUserName>
<FromUserName><![CDATA[oLFOtt-yFalGoIBVR4n2CBNs4F9I]]></FromUserName>
<CreateTime>1466495558</CreateTime>
<MsgType><![CDATA[event]]></MsgType>
<Event><![CDATA[VIEW]]></Event>
<EventKey><![CDATA[http://yz.win-k.com/app/index.php?i=2&c=entry&eid=12]]></EventKey>
<MenuId>457882021</MenuId>
</xml>

2016-06-21 15:52:38 params :
------------
Array:
rule : -2 ;
module :  ;
message : Array ;

2016-06-21 15:52:38 response :
------------

2016-06-21 15:52:49 trace :
------------
String:
<xml><ToUserName><![CDATA[gh_53d3c05432a7]]></ToUserName>
<FromUserName><![CDATA[oLFOtt-yFalGoIBVR4n2CBNs4F9I]]></FromUserName>
<CreateTime>1466495569</CreateTime>
<MsgType><![CDATA[event]]></MsgType>
<Event><![CDATA[CLICK]]></Event>
<EventKey><![CDATA[二维码海报]]></EventKey>
</xml>

2016-06-21 15:52:52 trace :
------------
String:
<xml><ToUserName><![CDATA[gh_53d3c05432a7]]></ToUserName>
<FromUserName><![CDATA[oLFOtt-yFalGoIBVR4n2CBNs4F9I]]></FromUserName>
<CreateTime>1466495572</CreateTime>
<MsgType><![CDATA[event]]></MsgType>
<Event><![CDATA[VIEW]]></Event>
<EventKey><![CDATA[http://yz.win-k.com/app/index.php?i=2&c=entry&do=member&m=sz_yi]]></EventKey>
<MenuId>457882021</MenuId>
</xml>

2016-06-21 15:52:52 params :
------------
Array:
rule : -2 ;
module :  ;
message : Array ;

2016-06-21 15:52:52 response :
------------

2016-06-21 15:53:06 trace :
------------
String:
<xml><ToUserName><![CDATA[gh_53d3c05432a7]]></ToUserName>
<FromUserName><![CDATA[oLFOtt-yFalGoIBVR4n2CBNs4F9I]]></FromUserName>
<CreateTime>1466495586</CreateTime>
<MsgType><![CDATA[event]]></MsgType>
<Event><![CDATA[unsubscribe]]></Event>
<EventKey><![CDATA[]]></EventKey>
</xml>

2016-06-21 15:55:44 trace :
------------
String:
<xml><ToUserName><![CDATA[gh_53d3c05432a7]]></ToUserName>
<FromUserName><![CDATA[oLFOttww8CFL3blTnLWGIoKE3m3s]]></FromUserName>
<CreateTime>1466495744</CreateTime>
<MsgType><![CDATA[event]]></MsgType>
<Event><![CDATA[subscribe]]></Event>
<EventKey><![CDATA[]]></EventKey>
</xml>

2016-06-21 15:55:44 params :
------------
Array:
rule : -2 ;
module :  ;
message : Array ;

2016-06-21 15:55:44 response :
------------

2016-06-21 15:55:48 trace :
------------
String:
<xml><ToUserName><![CDATA[gh_53d3c05432a7]]></ToUserName>
<FromUserName><![CDATA[oLFOttww8CFL3blTnLWGIoKE3m3s]]></FromUserName>
<CreateTime>1466495748</CreateTime>
<MsgType><![CDATA[event]]></MsgType>
<Event><![CDATA[VIEW]]></Event>
<EventKey><![CDATA[http://yz.win-k.com/app/index.php?i=2&c=entry&eid=12]]></EventKey>
<MenuId>457882021</MenuId>
</xml>

2016-06-21 15:55:48 params :
------------
Array:
rule : -2 ;
module :  ;
message : Array ;

2016-06-21 15:55:48 response :
------------

2016-06-21 15:56:12 trace :
------------
String:
<xml><ToUserName><![CDATA[gh_53d3c05432a7]]></ToUserName>
<FromUserName><![CDATA[oLFOtt1X0wq-Wz4J3zlQiCdS2cIA]]></FromUserName>
<CreateTime>1466495772</CreateTime>
<MsgType><![CDATA[event]]></MsgType>
<Event><![CDATA[VIEW]]></Event>
<EventKey><![CDATA[http://yz.win-k.com/app/index.php?i=2&c=entry&eid=12]]></EventKey>
<MenuId>457882021</MenuId>
</xml>

2016-06-21 15:56:12 params :
------------
Array:
rule : -2 ;
module :  ;
message : Array ;

2016-06-21 15:56:12 response :
------------

2016-06-21 15:56:13 trace :
------------
String:
<xml><ToUserName><![CDATA[gh_53d3c05432a7]]></ToUserName>
<FromUserName><![CDATA[oLFOtt04RGyoTuL6V_7JuJivcBuY]]></FromUserName>
<CreateTime>1466495773</CreateTime>
<MsgType><![CDATA[event]]></MsgType>
<Event><![CDATA[subscribe]]></Event>
<EventKey><![CDATA[]]></EventKey>
</xml>

2016-06-21 15:56:13 params :
------------
Array:
rule : -2 ;
module :  ;
message : Array ;

2016-06-21 15:56:13 response :
------------

2016-06-21 15:56:13 trace :
------------
String:
<xml><ToUserName><![CDATA[gh_53d3c05432a7]]></ToUserName>
<FromUserName><![CDATA[oLFOtt8GL1nfsBY4vmfs84XZJUAU]]></FromUserName>
<CreateTime>1466495773</CreateTime>
<MsgType><![CDATA[event]]></MsgType>
<Event><![CDATA[VIEW]]></Event>
<EventKey><![CDATA[http://yz.win-k.com/app/index.php?i=2&c=entry&eid=12]]></EventKey>
<MenuId>457882021</MenuId>
</xml>

2016-06-21 15:56:13 params :
------------
Array:
rule : -2 ;
module :  ;
message : Array ;

2016-06-21 15:56:13 response :
------------

2016-06-21 15:56:17 trace :
------------
String:
<xml><ToUserName><![CDATA[gh_53d3c05432a7]]></ToUserName>
<FromUserName><![CDATA[oLFOtt04RGyoTuL6V_7JuJivcBuY]]></FromUserName>
<CreateTime>1466495776</CreateTime>
<MsgType><![CDATA[event]]></MsgType>
<Event><![CDATA[VIEW]]></Event>
<EventKey><![CDATA[http://yz.win-k.com/app/index.php?i=2&c=entry&eid=12]]></EventKey>
<MenuId>457882021</MenuId>
</xml>

2016-06-21 15:56:17 params :
------------
Array:
rule : -2 ;
module :  ;
message : Array ;

2016-06-21 15:56:17 response :
------------

2016-06-21 15:56:36 trace :
------------
String:
<xml><ToUserName><![CDATA[gh_53d3c05432a7]]></ToUserName>
<FromUserName><![CDATA[oLFOtt1X0wq-Wz4J3zlQiCdS2cIA]]></FromUserName>
<CreateTime>1466495796</CreateTime>
<MsgType><![CDATA[event]]></MsgType>
<Event><![CDATA[VIEW]]></Event>
<EventKey><![CDATA[http://yz.win-k.com/app/index.php?i=2&c=entry&eid=12]]></EventKey>
<MenuId>457882021</MenuId>
</xml>

2016-06-21 15:56:36 params :
------------
Array:
rule : -2 ;
module :  ;
message : Array ;

2016-06-21 15:56:36 response :
------------

2016-06-21 15:56:39 trace :
------------
String:
<xml><ToUserName><![CDATA[gh_53d3c05432a7]]></ToUserName>
<FromUserName><![CDATA[oLFOttxyj4F4pJNcl7ZcvO_tWPIs]]></FromUserName>
<CreateTime>1466495799</CreateTime>
<MsgType><![CDATA[event]]></MsgType>
<Event><![CDATA[VIEW]]></Event>
<EventKey><![CDATA[http://yz.win-k.com/app/index.php?i=2&c=entry&do=member&m=sz_yi]]></EventKey>
<MenuId>457882021</MenuId>
</xml>

2016-06-21 15:56:39 params :
------------
Array:
rule : -2 ;
module :  ;
message : Array ;

2016-06-21 15:56:39 response :
------------

2016-06-21 15:57:46 trace :
------------
String:
<xml><ToUserName><![CDATA[gh_53d3c05432a7]]></ToUserName>
<FromUserName><![CDATA[oLFOtt8GL1nfsBY4vmfs84XZJUAU]]></FromUserName>
<CreateTime>1466495866</CreateTime>
<MsgType><![CDATA[event]]></MsgType>
<Event><![CDATA[VIEW]]></Event>
<EventKey><![CDATA[http://yz.win-k.com/app/index.php?i=2&c=entry&do=member&m=sz_yi]]></EventKey>
<MenuId>457882021</MenuId>
</xml>

2016-06-21 15:57:46 params :
------------
Array:
rule : -2 ;
module :  ;
message : Array ;

2016-06-21 15:57:46 response :
------------

2016-06-21 16:00:27 trace :
------------
String:
<xml><ToUserName><![CDATA[gh_53d3c05432a7]]></ToUserName>
<FromUserName><![CDATA[oLFOtt04RGyoTuL6V_7JuJivcBuY]]></FromUserName>
<CreateTime>1466496027</CreateTime>
<MsgType><![CDATA[event]]></MsgType>
<Event><![CDATA[VIEW]]></Event>
<EventKey><![CDATA[http://yz.win-k.com/app/index.php?i=2&c=entry&eid=12]]></EventKey>
<MenuId>457882021</MenuId>
</xml>

2016-06-21 16:00:27 params :
------------
Array:
rule : -2 ;
module :  ;
message : Array ;

2016-06-21 16:00:27 response :
------------

2016-06-21 16:00:50 trace :
------------
String:
<xml><ToUserName><![CDATA[gh_53d3c05432a7]]></ToUserName>
<FromUserName><![CDATA[oLFOtt8GL1nfsBY4vmfs84XZJUAU]]></FromUserName>
<CreateTime>1466496050</CreateTime>
<MsgType><![CDATA[event]]></MsgType>
<Event><![CDATA[VIEW]]></Event>
<EventKey><![CDATA[http://yz.win-k.com/app/index.php?i=2&c=entry&eid=12]]></EventKey>
<MenuId>457882021</MenuId>
</xml>

2016-06-21 16:00:50 params :
------------
Array:
rule : -2 ;
module :  ;
message : Array ;

2016-06-21 16:00:50 response :
------------

2016-06-21 16:13:31 trace :
------------
String:
<xml><ToUserName><![CDATA[gh_53d3c05432a7]]></ToUserName>
<FromUserName><![CDATA[oLFOtt6Xc-fQhYoUHRMbuvywtqcE]]></FromUserName>
<CreateTime>1466496810</CreateTime>
<MsgType><![CDATA[event]]></MsgType>
<Event><![CDATA[subscribe]]></Event>
<EventKey><![CDATA[]]></EventKey>
</xml>

2016-06-21 16:13:31 params :
------------
Array:
rule : -2 ;
module :  ;
message : Array ;

2016-06-21 16:13:31 response :
------------

2016-06-21 16:13:34 trace :
------------
String:
<xml><ToUserName><![CDATA[gh_53d3c05432a7]]></ToUserName>
<FromUserName><![CDATA[oLFOtt6Xc-fQhYoUHRMbuvywtqcE]]></FromUserName>
<CreateTime>1466496814</CreateTime>
<MsgType><![CDATA[event]]></MsgType>
<Event><![CDATA[VIEW]]></Event>
<EventKey><![CDATA[http://yz.win-k.com/app/index.php?i=2&c=entry&eid=12]]></EventKey>
<MenuId>457882021</MenuId>
</xml>

2016-06-21 16:13:34 params :
------------
Array:
rule : -2 ;
module :  ;
message : Array ;

2016-06-21 16:13:34 response :
------------

2016-06-21 16:13:41 trace :
------------
String:
<xml><ToUserName><![CDATA[gh_53d3c05432a7]]></ToUserName>
<FromUserName><![CDATA[oLFOtt6Xc-fQhYoUHRMbuvywtqcE]]></FromUserName>
<CreateTime>1466496821</CreateTime>
<MsgType><![CDATA[event]]></MsgType>
<Event><![CDATA[VIEW]]></Event>
<EventKey><![CDATA[http://yz.win-k.com/app/index.php?i=2&c=entry&do=member&m=sz_yi]]></EventKey>
<MenuId>457882021</MenuId>
</xml>

2016-06-21 16:13:41 params :
------------
Array:
rule : -2 ;
module :  ;
message : Array ;

2016-06-21 16:13:41 response :
------------

2016-06-21 16:13:44 trace :
------------
String:
<xml><ToUserName><![CDATA[gh_53d3c05432a7]]></ToUserName>
<FromUserName><![CDATA[oLFOtt6Xc-fQhYoUHRMbuvywtqcE]]></FromUserName>
<CreateTime>1466496824</CreateTime>
<MsgType><![CDATA[event]]></MsgType>
<Event><![CDATA[CLICK]]></Event>
<EventKey><![CDATA[二维码海报]]></EventKey>
</xml>

2016-06-21 16:13:49 trace :
------------
String:
<xml><ToUserName><![CDATA[gh_53d3c05432a7]]></ToUserName>
<FromUserName><![CDATA[oLFOtt6Xc-fQhYoUHRMbuvywtqcE]]></FromUserName>
<CreateTime>1466496829</CreateTime>
<MsgType><![CDATA[event]]></MsgType>
<Event><![CDATA[VIEW]]></Event>
<EventKey><![CDATA[http://yz.win-k.com/app/index.php?i=2&c=entry&eid=12]]></EventKey>
<MenuId>457882021</MenuId>
</xml>

2016-06-21 16:13:49 params :
------------
Array:
rule : -2 ;
module :  ;
message : Array ;

2016-06-21 16:13:49 response :
------------

2016-06-21 16:13:50 trace :
------------
String:
<xml><ToUserName><![CDATA[gh_53d3c05432a7]]></ToUserName>
<FromUserName><![CDATA[oLFOtt__Ak830sQJ_0W1LE9qn9ok]]></FromUserName>
<CreateTime>1466496830</CreateTime>
<MsgType><![CDATA[event]]></MsgType>
<Event><![CDATA[subscribe]]></Event>
<EventKey><![CDATA[]]></EventKey>
</xml>

2016-06-21 16:13:50 params :
------------
Array:
rule : -2 ;
module :  ;
message : Array ;

2016-06-21 16:13:50 response :
------------

2016-06-21 16:13:53 trace :
------------
String:
<xml><ToUserName><![CDATA[gh_53d3c05432a7]]></ToUserName>
<FromUserName><![CDATA[oLFOtt__Ak830sQJ_0W1LE9qn9ok]]></FromUserName>
<CreateTime>1466496833</CreateTime>
<MsgType><![CDATA[event]]></MsgType>
<Event><![CDATA[VIEW]]></Event>
<EventKey><![CDATA[http://yz.win-k.com/app/index.php?i=2&c=entry&eid=12]]></EventKey>
<MenuId>457882021</MenuId>
</xml>

2016-06-21 16:13:53 params :
------------
Array:
rule : -2 ;
module :  ;
message : Array ;

2016-06-21 16:13:53 response :
------------

2016-06-21 16:14:14 trace :
------------
String:
<xml><ToUserName><![CDATA[gh_53d3c05432a7]]></ToUserName>
<FromUserName><![CDATA[oLFOtt__Ak830sQJ_0W1LE9qn9ok]]></FromUserName>
<CreateTime>1466496853</CreateTime>
<MsgType><![CDATA[event]]></MsgType>
<Event><![CDATA[CLICK]]></Event>
<EventKey><![CDATA[二维码海报]]></EventKey>
</xml>

2016-06-21 16:14:21 trace :
------------
String:
<xml><ToUserName><![CDATA[gh_53d3c05432a7]]></ToUserName>
<FromUserName><![CDATA[oLFOtt__Ak830sQJ_0W1LE9qn9ok]]></FromUserName>
<CreateTime>1466496860</CreateTime>
<MsgType><![CDATA[event]]></MsgType>
<Event><![CDATA[VIEW]]></Event>
<EventKey><![CDATA[http://yz.win-k.com/app/index.php?i=2&c=entry&do=member&m=sz_yi]]></EventKey>
<MenuId>457882021</MenuId>
</xml>

2016-06-21 16:14:21 params :
------------
Array:
rule : -2 ;
module :  ;
message : Array ;

2016-06-21 16:14:21 response :
------------

2016-06-21 16:20:43 trace :
------------
String:
<xml><ToUserName><![CDATA[gh_53d3c05432a7]]></ToUserName>
<FromUserName><![CDATA[oLFOtt__Ak830sQJ_0W1LE9qn9ok]]></FromUserName>
<CreateTime>1466497243</CreateTime>
<MsgType><![CDATA[event]]></MsgType>
<Event><![CDATA[VIEW]]></Event>
<EventKey><![CDATA[http://yz.win-k.com/app/index.php?i=2&c=entry&eid=12]]></EventKey>
<MenuId>457882021</MenuId>
</xml>

2016-06-21 16:20:43 params :
------------
Array:
rule : -2 ;
module :  ;
message : Array ;

2016-06-21 16:20:43 response :
------------

2016-06-21 16:27:53 trace :
------------
String:
<xml><ToUserName><![CDATA[gh_53d3c05432a7]]></ToUserName>
<FromUserName><![CDATA[oLFOtt29r1cwjmWcn-CioxXnQ4mY]]></FromUserName>
<CreateTime>1466497673</CreateTime>
<MsgType><![CDATA[event]]></MsgType>
<Event><![CDATA[VIEW]]></Event>
<EventKey><![CDATA[http://yz.win-k.com/app/index.php?i=2&c=entry&do=member&m=sz_yi]]></EventKey>
<MenuId>457882021</MenuId>
</xml>

2016-06-21 16:27:53 params :
------------
Array:
rule : -2 ;
module :  ;
message : Array ;

2016-06-21 16:27:53 response :
------------

2016-06-21 16:29:18 trace :
------------
String:
<xml><ToUserName><![CDATA[gh_53d3c05432a7]]></ToUserName>
<FromUserName><![CDATA[oLFOtt29r1cwjmWcn-CioxXnQ4mY]]></FromUserName>
<CreateTime>1466497758</CreateTime>
<MsgType><![CDATA[event]]></MsgType>
<Event><![CDATA[VIEW]]></Event>
<EventKey><![CDATA[http://yz.win-k.com/app/index.php?i=2&c=entry&do=member&m=sz_yi]]></EventKey>
<MenuId>457882021</MenuId>
</xml>

2016-06-21 16:29:18 params :
------------
Array:
rule : -2 ;
module :  ;
message : Array ;

2016-06-21 16:29:18 response :
------------

2016-06-21 16:29:53 trace :
------------
String:
<xml><ToUserName><![CDATA[gh_53d3c05432a7]]></ToUserName>
<FromUserName><![CDATA[oLFOtt29r1cwjmWcn-CioxXnQ4mY]]></FromUserName>
<CreateTime>1466497793</CreateTime>
<MsgType><![CDATA[event]]></MsgType>
<Event><![CDATA[VIEW]]></Event>
<EventKey><![CDATA[http://yz.win-k.com/app/index.php?i=2&c=entry&do=member&m=sz_yi]]></EventKey>
<MenuId>457882021</MenuId>
</xml>

2016-06-21 16:29:53 params :
------------
Array:
rule : -2 ;
module :  ;
message : Array ;

2016-06-21 16:29:53 response :
------------

2016-06-21 17:00:26 trace :
------------
String:
<xml><ToUserName><![CDATA[gh_53d3c05432a7]]></ToUserName>
<FromUserName><![CDATA[oLFOtt_DWpFTStXhFldltX_Uk5_g]]></FromUserName>
<CreateTime>1466499625</CreateTime>
<MsgType><![CDATA[event]]></MsgType>
<Event><![CDATA[subscribe]]></Event>
<EventKey><![CDATA[]]></EventKey>
</xml>

2016-06-21 17:00:26 params :
------------
Array:
rule : -2 ;
module :  ;
message : Array ;

2016-06-21 17:00:26 response :
------------

2016-06-21 19:09:34 trace :
------------
String:
<xml><ToUserName><![CDATA[gh_53d3c05432a7]]></ToUserName>
<FromUserName><![CDATA[oLFOttxJJoypJxEkDRPzmC4Pv-ic]]></FromUserName>
<CreateTime>1466507374</CreateTime>
<MsgType><![CDATA[event]]></MsgType>
<Event><![CDATA[VIEW]]></Event>
<EventKey><![CDATA[http://yz.win-k.com/app/index.php?i=2&c=entry&eid=12]]></EventKey>
<MenuId>457882021</MenuId>
</xml>

2016-06-21 19:09:34 params :
------------
Array:
rule : -2 ;
module :  ;
message : Array ;

2016-06-21 19:09:34 response :
------------

2016-06-21 19:54:56 trace :
------------
String:
<xml><ToUserName><![CDATA[gh_53d3c05432a7]]></ToUserName>
<FromUserName><![CDATA[oLFOtt-gKAhm8I9VyvE4tt__AUoQ]]></FromUserName>
<CreateTime>1466510096</CreateTime>
<MsgType><![CDATA[event]]></MsgType>
<Event><![CDATA[subscribe]]></Event>
<EventKey><![CDATA[]]></EventKey>
</xml>

2016-06-21 19:54:56 params :
------------
Array:
rule : -2 ;
module :  ;
message : Array ;

2016-06-21 19:54:56 response :
------------

2016-06-21 19:55:00 trace :
------------
String:
<xml><ToUserName><![CDATA[gh_53d3c05432a7]]></ToUserName>
<FromUserName><![CDATA[oLFOtt-gKAhm8I9VyvE4tt__AUoQ]]></FromUserName>
<CreateTime>1466510100</CreateTime>
<MsgType><![CDATA[event]]></MsgType>
<Event><![CDATA[VIEW]]></Event>
<EventKey><![CDATA[http://yz.win-k.com/app/index.php?i=2&c=entry&eid=12]]></EventKey>
<MenuId>457882021</MenuId>
</xml>

2016-06-21 19:55:00 params :
------------
Array:
rule : -2 ;
module :  ;
message : Array ;

2016-06-21 19:55:00 response :
------------

2016-06-21 19:56:33 trace :
------------
String:
<xml><ToUserName><![CDATA[gh_53d3c05432a7]]></ToUserName>
<FromUserName><![CDATA[oLFOtt-gKAhm8I9VyvE4tt__AUoQ]]></FromUserName>
<CreateTime>1466510193</CreateTime>
<MsgType><![CDATA[event]]></MsgType>
<Event><![CDATA[CLICK]]></Event>
<EventKey><![CDATA[二维码海报]]></EventKey>
</xml>

