2016-06-25 09:42:43 trace :
------------
String:
<xml><ToUserName><![CDATA[gh_53d3c05432a7]]></ToUserName>
<FromUserName><![CDATA[oLFOtt6vkIEa_gxRkVOHhPccfusU]]></FromUserName>
<CreateTime>1466818963</CreateTime>
<MsgType><![CDATA[event]]></MsgType>
<Event><![CDATA[subscribe]]></Event>
<EventKey><![CDATA[]]></EventKey>
</xml>

2016-06-25 09:42:43 params :
------------
Array:
rule : -2 ;
module :  ;
message : Array ;

2016-06-25 09:42:43 response :
------------

2016-06-25 09:42:46 trace :
------------
String:
<xml><ToUserName><![CDATA[gh_53d3c05432a7]]></ToUserName>
<FromUserName><![CDATA[oLFOtt6vkIEa_gxRkVOHhPccfusU]]></FromUserName>
<CreateTime>1466818965</CreateTime>
<MsgType><![CDATA[event]]></MsgType>
<Event><![CDATA[CLICK]]></Event>
<EventKey><![CDATA[二维码海报]]></EventKey>
</xml>

2016-06-25 09:42:52 trace :
------------
String:
<xml><ToUserName><![CDATA[gh_53d3c05432a7]]></ToUserName>
<FromUserName><![CDATA[oLFOtt6vkIEa_gxRkVOHhPccfusU]]></FromUserName>
<CreateTime>1466818972</CreateTime>
<MsgType><![CDATA[event]]></MsgType>
<Event><![CDATA[VIEW]]></Event>
<EventKey><![CDATA[http://yz.win-k.com/app/index.php?i=2&c=entry&do=member&m=sz_yi]]></EventKey>
<MenuId>457882021</MenuId>
</xml>

2016-06-25 09:42:52 params :
------------
Array:
rule : -2 ;
module :  ;
message : Array ;

2016-06-25 09:42:52 response :
------------

2016-06-25 09:43:49 trace :
------------
String:
<xml><ToUserName><![CDATA[gh_53d3c05432a7]]></ToUserName>
<FromUserName><![CDATA[oLFOtt6vkIEa_gxRkVOHhPccfusU]]></FromUserName>
<CreateTime>1466819029</CreateTime>
<MsgType><![CDATA[event]]></MsgType>
<Event><![CDATA[VIEW]]></Event>
<EventKey><![CDATA[http://yz.win-k.com/app/index.php?i=2&c=entry&eid=12]]></EventKey>
<MenuId>457882021</MenuId>
</xml>

2016-06-25 09:43:49 params :
------------
Array:
rule : -2 ;
module :  ;
message : Array ;

2016-06-25 09:43:49 response :
------------

2016-06-25 16:59:16 trace :
------------
String:
<xml><ToUserName><![CDATA[gh_53d3c05432a7]]></ToUserName>
<FromUserName><![CDATA[oLFOtt1X0wq-Wz4J3zlQiCdS2cIA]]></FromUserName>
<CreateTime>1466845156</CreateTime>
<MsgType><![CDATA[event]]></MsgType>
<Event><![CDATA[VIEW]]></Event>
<EventKey><![CDATA[http://yz.win-k.com/app/index.php?i=2&c=entry&eid=12]]></EventKey>
<MenuId>457882021</MenuId>
</xml>

2016-06-25 16:59:16 params :
------------
Array:
rule : -2 ;
module :  ;
message : Array ;

2016-06-25 16:59:16 response :
------------

2016-06-25 17:38:36 trace :
------------
String:
<xml><ToUserName><![CDATA[gh_53d3c05432a7]]></ToUserName>
<FromUserName><![CDATA[oLFOtt1X0wq-Wz4J3zlQiCdS2cIA]]></FromUserName>
<CreateTime>1466847516</CreateTime>
<MsgType><![CDATA[event]]></MsgType>
<Event><![CDATA[VIEW]]></Event>
<EventKey><![CDATA[http://yz.win-k.com/app/index.php?i=2&c=entry&eid=12]]></EventKey>
<MenuId>457882021</MenuId>
</xml>

2016-06-25 17:38:36 params :
------------
Array:
rule : -2 ;
module :  ;
message : Array ;

2016-06-25 17:38:36 response :
------------

2016-06-25 20:56:45 trace :
------------
String:
<xml><ToUserName><![CDATA[gh_53d3c05432a7]]></ToUserName>
<FromUserName><![CDATA[oLFOtt-GfsZv5sN69rTIBlybC2Go]]></FromUserName>
<CreateTime>1466859405</CreateTime>
<MsgType><![CDATA[event]]></MsgType>
<Event><![CDATA[subscribe]]></Event>
<EventKey><![CDATA[]]></EventKey>
</xml>

2016-06-25 20:56:45 params :
------------
Array:
rule : -2 ;
module :  ;
message : Array ;

2016-06-25 20:56:45 response :
------------

2016-06-25 20:56:46 trace :
------------
String:
<xml><ToUserName><![CDATA[gh_53d3c05432a7]]></ToUserName>
<FromUserName><![CDATA[oLFOtt-GfsZv5sN69rTIBlybC2Go]]></FromUserName>
<CreateTime>1466859406</CreateTime>
<MsgType><![CDATA[event]]></MsgType>
<Event><![CDATA[VIEW]]></Event>
<EventKey><![CDATA[http://yz.win-k.com/app/index.php?i=2&c=entry&eid=12]]></EventKey>
<MenuId>457882021</MenuId>
</xml>

2016-06-25 20:56:46 params :
------------
Array:
rule : -2 ;
module :  ;
message : Array ;

2016-06-25 20:56:46 response :
------------

2016-06-25 22:15:06 trace :
------------
String:
<xml><ToUserName><![CDATA[gh_53d3c05432a7]]></ToUserName>
<FromUserName><![CDATA[oLFOtt6vkIEa_gxRkVOHhPccfusU]]></FromUserName>
<CreateTime>1466864106</CreateTime>
<MsgType><![CDATA[event]]></MsgType>
<Event><![CDATA[VIEW]]></Event>
<EventKey><![CDATA[http://yz.win-k.com/app/index.php?i=2&c=entry&eid=12]]></EventKey>
<MenuId>457882021</MenuId>
</xml>

2016-06-25 22:15:06 params :
------------
Array:
rule : -2 ;
module :  ;
message : Array ;

2016-06-25 22:15:06 response :
------------

2016-06-25 23:45:18 trace :
------------
String:
<xml><ToUserName><![CDATA[gh_53d3c05432a7]]></ToUserName>
<FromUserName><![CDATA[oLFOtt2qVdqWGAdQ8utsfjOdjAMk]]></FromUserName>
<CreateTime>1466869518</CreateTime>
<MsgType><![CDATA[event]]></MsgType>
<Event><![CDATA[VIEW]]></Event>
<EventKey><![CDATA[http://yz.win-k.com/app/index.php?i=2&c=entry&eid=12]]></EventKey>
<MenuId>457882021</MenuId>
</xml>

2016-06-25 23:45:18 params :
------------
Array:
rule : -2 ;
module :  ;
message : Array ;

2016-06-25 23:45:18 response :
------------

2016-06-25 23:47:03 trace :
------------
String:
<xml><ToUserName><![CDATA[gh_53d3c05432a7]]></ToUserName>
<FromUserName><![CDATA[oLFOtt2qVdqWGAdQ8utsfjOdjAMk]]></FromUserName>
<CreateTime>1466869623</CreateTime>
<MsgType><![CDATA[event]]></MsgType>
<Event><![CDATA[VIEW]]></Event>
<EventKey><![CDATA[http://yz.win-k.com/app/index.php?i=2&c=entry&do=member&m=sz_yi]]></EventKey>
<MenuId>457882021</MenuId>
</xml>

2016-06-25 23:47:03 params :
------------
Array:
rule : -2 ;
module :  ;
message : Array ;

2016-06-25 23:47:03 response :
------------

