2017-06-08 12:18:13 trace :
------------
String:
<xml><ToUserName><![CDATA[gh_2cc1b47a6d8a]]></ToUserName>
<FromUserName><![CDATA[omxiWs9CGOa0OGx7lvxk61SWAFEU]]></FromUserName>
<CreateTime>1496895493</CreateTime>
<MsgType><![CDATA[event]]></MsgType>
<Event><![CDATA[unsubscribe]]></Event>
<EventKey><![CDATA[]]></EventKey>
</xml>

2017-06-08 13:01:06 trace :
------------
String:
<xml><ToUserName><![CDATA[gh_599a701eee6b]]></ToUserName>
<FromUserName><![CDATA[oeSIo0UTWIuotg7YlGD34CdwLVD4]]></FromUserName>
<CreateTime>1496898066</CreateTime>
<MsgType><![CDATA[event]]></MsgType>
<Event><![CDATA[LOCATION]]></Event>
<Latitude>22.572159</Latitude>
<Longitude>114.122223</Longitude>
<Precision>65.000000</Precision>
</xml>

2017-06-08 13:01:06 params :
------------
String:
array (
  'message' => 
  array (
    'tousername' => 'gh_599a701eee6b',
    'fromusername' => 'oeSIo0UTWIuotg7YlGD34CdwLVD4',
    'createtime' => '1496898066',
    'msgtype' => 'event',
    'event' => 'LOCATION',
    'latitude' => '22.572159',
    'longitude' => '114.122223',
    'precision' => '65.000000',
    'from' => 'oeSIo0UTWIuotg7YlGD34CdwLVD4',
    'to' => 'gh_599a701eee6b',
    'time' => '1496898066',
    'type' => 'trace',
    'location_x' => '22.572159',
    'location_y' => '114.122223',
  ),
  'module' => 'default',
  'rule' => '-1',
)

2017-06-08 13:01:06 response :
------------
Array:
errno : -1 ;
message : Invaild value ;

2017-06-08 13:45:09 trace :
------------
String:
<xml><ToUserName><![CDATA[gh_599a701eee6b]]></ToUserName>
<FromUserName><![CDATA[oeSIo0QvBFd9micbjQy0joBju_Js]]></FromUserName>
<CreateTime>1496900709</CreateTime>
<MsgType><![CDATA[event]]></MsgType>
<Event><![CDATA[LOCATION]]></Event>
<Latitude>22.572289</Latitude>
<Longitude>114.122169</Longitude>
<Precision>65.000000</Precision>
</xml>

2017-06-08 13:45:09 params :
------------
String:
array (
  'message' => 
  array (
    'tousername' => 'gh_599a701eee6b',
    'fromusername' => 'oeSIo0QvBFd9micbjQy0joBju_Js',
    'createtime' => '1496900709',
    'msgtype' => 'event',
    'event' => 'LOCATION',
    'latitude' => '22.572289',
    'longitude' => '114.122169',
    'precision' => '65.000000',
    'from' => 'oeSIo0QvBFd9micbjQy0joBju_Js',
    'to' => 'gh_599a701eee6b',
    'time' => '1496900709',
    'type' => 'trace',
    'location_x' => '22.572289',
    'location_y' => '114.122169',
  ),
  'module' => 'default',
  'rule' => '-1',
)

2017-06-08 13:45:09 response :
------------
Array:
errno : -1 ;
message : Invaild value ;

2017-06-08 13:45:12 trace :
------------
String:
<xml><ToUserName><![CDATA[gh_2cc1b47a6d8a]]></ToUserName>
<FromUserName><![CDATA[omxiWszxwZb-BuylwmWESsHP75U0]]></FromUserName>
<CreateTime>1496900712</CreateTime>
<MsgType><![CDATA[event]]></MsgType>
<Event><![CDATA[LOCATION]]></Event>
<Latitude>22.572300</Latitude>
<Longitude>114.122169</Longitude>
<Precision>65.000000</Precision>
</xml>

2017-06-08 13:45:12 params :
------------
String:
array (
  'message' => 
  array (
    'tousername' => 'gh_2cc1b47a6d8a',
    'fromusername' => 'omxiWszxwZb-BuylwmWESsHP75U0',
    'createtime' => '1496900712',
    'msgtype' => 'event',
    'event' => 'LOCATION',
    'latitude' => '22.572300',
    'longitude' => '114.122169',
    'precision' => '65.000000',
    'from' => 'omxiWszxwZb-BuylwmWESsHP75U0',
    'to' => 'gh_2cc1b47a6d8a',
    'time' => '1496900712',
    'type' => 'trace',
    'location_x' => '22.572300',
    'location_y' => '114.122169',
  ),
  'module' => 'default',
  'rule' => '-1',
)

2017-06-08 13:45:12 response :
------------
Array:
errno : -1 ;
message : Invaild value ;

2017-06-08 13:45:14 trace :
------------
String:
<xml><ToUserName><![CDATA[gh_2cc1b47a6d8a]]></ToUserName>
<FromUserName><![CDATA[omxiWszxwZb-BuylwmWESsHP75U0]]></FromUserName>
<CreateTime>1496900714</CreateTime>
<MsgType><![CDATA[event]]></MsgType>
<Event><![CDATA[VIEW]]></Event>
<EventKey><![CDATA[http://r.xiumi.us/stage/v5/2EA7C/43908634#/]]></EventKey>
<MenuId>409603874</MenuId>
</xml>

2017-06-08 13:45:14 params :
------------
String:
array (
  'message' => 
  array (
    'tousername' => 'gh_2cc1b47a6d8a',
    'fromusername' => 'omxiWszxwZb-BuylwmWESsHP75U0',
    'createtime' => '1496900714',
    'msgtype' => 'event',
    'event' => 'VIEW',
    'eventkey' => 'http://r.xiumi.us/stage/v5/2EA7C/43908634#/',
    'menuid' => '409603874',
    'from' => 'omxiWszxwZb-BuylwmWESsHP75U0',
    'to' => 'gh_2cc1b47a6d8a',
    'time' => '1496900714',
    'type' => 'text',
    'content' => '投票活动',
    'redirection' => true,
    'source' => 'default',
    'original' => 'http://r.xiumi.us/stage/v5/2EA7C/43908634#/',
  ),
  'module' => 'news',
  'rule' => '23',
  'priority' => '0',
  'keyword' => 
  array (
    'id' => '485',
    'rid' => '23',
    'uniacid' => '5',
    'module' => 'news',
    'content' => '投票活动',
    'type' => '1',
    'displayorder' => '0',
    'status' => '1',
  ),
)

2017-06-08 13:45:14 response :
------------
Array:
FromUserName : gh_2cc1b47a6d8a ;
ToUserName : omxiWszxwZb-BuylwmWESsHP75U0 ;
MsgType : news ;
ArticleCount : 1 ;
Articles : Array ;

2017-06-08 13:47:31 trace :
------------
String:
<xml><ToUserName><![CDATA[gh_2cc1b47a6d8a]]></ToUserName>
<FromUserName><![CDATA[omxiWszxwZb-BuylwmWESsHP75U0]]></FromUserName>
<CreateTime>1496900851</CreateTime>
<MsgType><![CDATA[event]]></MsgType>
<Event><![CDATA[VIEW]]></Event>
<EventKey><![CDATA[http://mp.weixin.qq.com/s/6zX50aaM25344qd-U3FtzQ]]></EventKey>
<MenuId>409603874</MenuId>
</xml>

2017-06-08 13:47:31 params :
------------
String:
array (
  'message' => 
  array (
    'tousername' => 'gh_2cc1b47a6d8a',
    'fromusername' => 'omxiWszxwZb-BuylwmWESsHP75U0',
    'createtime' => '1496900851',
    'msgtype' => 'event',
    'event' => 'VIEW',
    'eventkey' => 'http://mp.weixin.qq.com/s/6zX50aaM25344qd-U3FtzQ',
    'menuid' => '409603874',
    'from' => 'omxiWszxwZb-BuylwmWESsHP75U0',
    'to' => 'gh_2cc1b47a6d8a',
    'time' => '1496900851',
    'type' => 'text',
    'content' => '投票活动',
    'redirection' => true,
    'source' => 'default',
    'original' => 'http://mp.weixin.qq.com/s/6zX50aaM25344qd-U3FtzQ',
  ),
  'module' => 'news',
  'rule' => '23',
  'priority' => '0',
  'keyword' => 
  array (
    'id' => '485',
    'rid' => '23',
    'uniacid' => '5',
    'module' => 'news',
    'content' => '投票活动',
    'type' => '1',
    'displayorder' => '0',
    'status' => '1',
  ),
)

2017-06-08 13:47:31 response :
------------
Array:
FromUserName : gh_2cc1b47a6d8a ;
ToUserName : omxiWszxwZb-BuylwmWESsHP75U0 ;
MsgType : news ;
ArticleCount : 1 ;
Articles : Array ;

2017-06-08 16:10:02 trace :
------------
String:
<xml><ToUserName><![CDATA[gh_599a701eee6b]]></ToUserName>
<FromUserName><![CDATA[oeSIo0SRtHXyEAmpEd_-jWBgeo8c]]></FromUserName>
<CreateTime>1496909402</CreateTime>
<MsgType><![CDATA[event]]></MsgType>
<Event><![CDATA[LOCATION]]></Event>
<Latitude>22.572233</Latitude>
<Longitude>114.122253</Longitude>
<Precision>65.000000</Precision>
</xml>

2017-06-08 16:10:02 params :
------------
String:
array (
  'message' => 
  array (
    'tousername' => 'gh_599a701eee6b',
    'fromusername' => 'oeSIo0SRtHXyEAmpEd_-jWBgeo8c',
    'createtime' => '1496909402',
    'msgtype' => 'event',
    'event' => 'LOCATION',
    'latitude' => '22.572233',
    'longitude' => '114.122253',
    'precision' => '65.000000',
    'from' => 'oeSIo0SRtHXyEAmpEd_-jWBgeo8c',
    'to' => 'gh_599a701eee6b',
    'time' => '1496909402',
    'type' => 'trace',
    'location_x' => '22.572233',
    'location_y' => '114.122253',
  ),
  'module' => 'default',
  'rule' => '-1',
)

2017-06-08 16:10:02 response :
------------
Array:
errno : -1 ;
message : Invaild value ;

2017-06-08 16:14:14 trace :
------------
String:
<xml><ToUserName><![CDATA[gh_2cc1b47a6d8a]]></ToUserName>
<FromUserName><![CDATA[omxiWs659Vsf1BnBZl-ZhH_4_jYY]]></FromUserName>
<CreateTime>1496909654</CreateTime>
<MsgType><![CDATA[event]]></MsgType>
<Event><![CDATA[LOCATION]]></Event>
<Latitude>22.572298</Latitude>
<Longitude>114.122177</Longitude>
<Precision>65.000000</Precision>
</xml>

2017-06-08 16:14:14 params :
------------
String:
array (
  'message' => 
  array (
    'tousername' => 'gh_2cc1b47a6d8a',
    'fromusername' => 'omxiWs659Vsf1BnBZl-ZhH_4_jYY',
    'createtime' => '1496909654',
    'msgtype' => 'event',
    'event' => 'LOCATION',
    'latitude' => '22.572298',
    'longitude' => '114.122177',
    'precision' => '65.000000',
    'from' => 'omxiWs659Vsf1BnBZl-ZhH_4_jYY',
    'to' => 'gh_2cc1b47a6d8a',
    'time' => '1496909654',
    'type' => 'trace',
    'location_x' => '22.572298',
    'location_y' => '114.122177',
  ),
  'module' => 'default',
  'rule' => '-1',
)

2017-06-08 16:14:14 response :
------------
Array:
errno : -1 ;
message : Invaild value ;

2017-06-08 16:14:18 trace :
------------
String:
<xml><ToUserName><![CDATA[gh_599a701eee6b]]></ToUserName>
<FromUserName><![CDATA[oeSIo0UTWIuotg7YlGD34CdwLVD4]]></FromUserName>
<CreateTime>1496909658</CreateTime>
<MsgType><![CDATA[event]]></MsgType>
<Event><![CDATA[LOCATION]]></Event>
<Latitude>22.572264</Latitude>
<Longitude>114.122223</Longitude>
<Precision>65.000000</Precision>
</xml>

2017-06-08 16:14:18 params :
------------
String:
array (
  'message' => 
  array (
    'tousername' => 'gh_599a701eee6b',
    'fromusername' => 'oeSIo0UTWIuotg7YlGD34CdwLVD4',
    'createtime' => '1496909658',
    'msgtype' => 'event',
    'event' => 'LOCATION',
    'latitude' => '22.572264',
    'longitude' => '114.122223',
    'precision' => '65.000000',
    'from' => 'oeSIo0UTWIuotg7YlGD34CdwLVD4',
    'to' => 'gh_599a701eee6b',
    'time' => '1496909658',
    'type' => 'trace',
    'location_x' => '22.572264',
    'location_y' => '114.122223',
  ),
  'module' => 'default',
  'rule' => '-1',
)

2017-06-08 16:14:18 response :
------------
Array:
errno : -1 ;
message : Invaild value ;

2017-06-08 16:20:10 trace :
------------
String:
<xml><ToUserName><![CDATA[gh_599a701eee6b]]></ToUserName>
<FromUserName><![CDATA[oeSIo0UTWIuotg7YlGD34CdwLVD4]]></FromUserName>
<CreateTime>1496910009</CreateTime>
<MsgType><![CDATA[event]]></MsgType>
<Event><![CDATA[LOCATION]]></Event>
<Latitude>22.572330</Latitude>
<Longitude>114.122200</Longitude>
<Precision>65.000000</Precision>
</xml>

2017-06-08 16:20:10 params :
------------
String:
array (
  'message' => 
  array (
    'tousername' => 'gh_599a701eee6b',
    'fromusername' => 'oeSIo0UTWIuotg7YlGD34CdwLVD4',
    'createtime' => '1496910009',
    'msgtype' => 'event',
    'event' => 'LOCATION',
    'latitude' => '22.572330',
    'longitude' => '114.122200',
    'precision' => '65.000000',
    'from' => 'oeSIo0UTWIuotg7YlGD34CdwLVD4',
    'to' => 'gh_599a701eee6b',
    'time' => '1496910009',
    'type' => 'trace',
    'location_x' => '22.572330',
    'location_y' => '114.122200',
  ),
  'module' => 'default',
  'rule' => '-1',
)

2017-06-08 16:20:10 response :
------------
Array:
errno : -1 ;
message : Invaild value ;

2017-06-08 23:33:37 trace :
------------
String:
<xml><ToUserName><![CDATA[gh_2cc1b47a6d8a]]></ToUserName>
<FromUserName><![CDATA[omxiWs-htLVbDWfrje39g_OmwCI0]]></FromUserName>
<CreateTime>1496936017</CreateTime>
<MsgType><![CDATA[event]]></MsgType>
<Event><![CDATA[unsubscribe]]></Event>
<EventKey><![CDATA[]]></EventKey>
</xml>

