2017-06-26 01:54:15 trace :
------------
String:
<xml><ToUserName><![CDATA[gh_2cc1b47a6d8a]]></ToUserName>
<FromUserName><![CDATA[omxiWs3OBuSNsXRCiKokqht9kiE4]]></FromUserName>
<CreateTime>1498413255</CreateTime>
<MsgType><![CDATA[event]]></MsgType>
<Event><![CDATA[unsubscribe]]></Event>
<EventKey><![CDATA[]]></EventKey>
</xml>

2017-06-26 06:18:19 trace :
------------
String:
<xml><ToUserName><![CDATA[gh_2cc1b47a6d8a]]></ToUserName>
<FromUserName><![CDATA[omxiWs8V1Rl0i_904D5zmCWD24LU]]></FromUserName>
<CreateTime>1498429099</CreateTime>
<MsgType><![CDATA[event]]></MsgType>
<Event><![CDATA[unsubscribe]]></Event>
<EventKey><![CDATA[]]></EventKey>
</xml>

2017-06-26 10:20:14 trace :
------------
String:
<xml><ToUserName><![CDATA[gh_599a701eee6b]]></ToUserName>
<FromUserName><![CDATA[oeSIo0UTWIuotg7YlGD34CdwLVD4]]></FromUserName>
<CreateTime>1498443613</CreateTime>
<MsgType><![CDATA[event]]></MsgType>
<Event><![CDATA[LOCATION]]></Event>
<Latitude>22.572241</Latitude>
<Longitude>114.122200</Longitude>
<Precision>65.000000</Precision>
</xml>

2017-06-26 10:20:14 params :
------------
String:
array (
  'message' => 
  array (
    'tousername' => 'gh_599a701eee6b',
    'fromusername' => 'oeSIo0UTWIuotg7YlGD34CdwLVD4',
    'createtime' => '1498443613',
    'msgtype' => 'event',
    'event' => 'LOCATION',
    'latitude' => '22.572241',
    'longitude' => '114.122200',
    'precision' => '65.000000',
    'from' => 'oeSIo0UTWIuotg7YlGD34CdwLVD4',
    'to' => 'gh_599a701eee6b',
    'time' => '1498443613',
    'type' => 'trace',
    'location_x' => '22.572241',
    'location_y' => '114.122200',
  ),
  'module' => 'default',
  'rule' => '-1',
)

2017-06-26 10:20:14 response :
------------
Array:
errno : -1 ;
message : Invaild value ;

2017-06-26 10:20:14 trace :
------------
String:
<xml><ToUserName><![CDATA[gh_599a701eee6b]]></ToUserName>
<FromUserName><![CDATA[oeSIo0UTWIuotg7YlGD34CdwLVD4]]></FromUserName>
<CreateTime>1498443614</CreateTime>
<MsgType><![CDATA[event]]></MsgType>
<Event><![CDATA[LOCATION]]></Event>
<Latitude>22.572208</Latitude>
<Longitude>114.122253</Longitude>
<Precision>65.000000</Precision>
</xml>

2017-06-26 10:20:14 params :
------------
String:
array (
  'message' => 
  array (
    'tousername' => 'gh_599a701eee6b',
    'fromusername' => 'oeSIo0UTWIuotg7YlGD34CdwLVD4',
    'createtime' => '1498443614',
    'msgtype' => 'event',
    'event' => 'LOCATION',
    'latitude' => '22.572208',
    'longitude' => '114.122253',
    'precision' => '65.000000',
    'from' => 'oeSIo0UTWIuotg7YlGD34CdwLVD4',
    'to' => 'gh_599a701eee6b',
    'time' => '1498443614',
    'type' => 'trace',
    'location_x' => '22.572208',
    'location_y' => '114.122253',
  ),
  'module' => 'default',
  'rule' => '-1',
)

2017-06-26 10:20:14 response :
------------
Array:
errno : -1 ;
message : Invaild value ;

2017-06-26 10:20:26 trace :
------------
String:
<xml><ToUserName><![CDATA[gh_599a701eee6b]]></ToUserName>
<FromUserName><![CDATA[oeSIo0UTWIuotg7YlGD34CdwLVD4]]></FromUserName>
<CreateTime>1498443626</CreateTime>
<MsgType><![CDATA[event]]></MsgType>
<Event><![CDATA[LOCATION]]></Event>
<Latitude>22.572206</Latitude>
<Longitude>114.122253</Longitude>
<Precision>65.000000</Precision>
</xml>

2017-06-26 10:20:26 params :
------------
String:
array (
  'message' => 
  array (
    'tousername' => 'gh_599a701eee6b',
    'fromusername' => 'oeSIo0UTWIuotg7YlGD34CdwLVD4',
    'createtime' => '1498443626',
    'msgtype' => 'event',
    'event' => 'LOCATION',
    'latitude' => '22.572206',
    'longitude' => '114.122253',
    'precision' => '65.000000',
    'from' => 'oeSIo0UTWIuotg7YlGD34CdwLVD4',
    'to' => 'gh_599a701eee6b',
    'time' => '1498443626',
    'type' => 'trace',
    'location_x' => '22.572206',
    'location_y' => '114.122253',
  ),
  'module' => 'default',
  'rule' => '-1',
)

2017-06-26 10:20:26 response :
------------
Array:
errno : -1 ;
message : Invaild value ;

2017-06-26 10:20:27 trace :
------------
String:
<xml><ToUserName><![CDATA[gh_599a701eee6b]]></ToUserName>
<FromUserName><![CDATA[oeSIo0UTWIuotg7YlGD34CdwLVD4]]></FromUserName>
<CreateTime>1498443626</CreateTime>
<MsgType><![CDATA[event]]></MsgType>
<Event><![CDATA[LOCATION]]></Event>
<Latitude>22.572248</Latitude>
<Longitude>114.122192</Longitude>
<Precision>65.000000</Precision>
</xml>

2017-06-26 10:20:27 params :
------------
String:
array (
  'message' => 
  array (
    'tousername' => 'gh_599a701eee6b',
    'fromusername' => 'oeSIo0UTWIuotg7YlGD34CdwLVD4',
    'createtime' => '1498443626',
    'msgtype' => 'event',
    'event' => 'LOCATION',
    'latitude' => '22.572248',
    'longitude' => '114.122192',
    'precision' => '65.000000',
    'from' => 'oeSIo0UTWIuotg7YlGD34CdwLVD4',
    'to' => 'gh_599a701eee6b',
    'time' => '1498443626',
    'type' => 'trace',
    'location_x' => '22.572248',
    'location_y' => '114.122192',
  ),
  'module' => 'default',
  'rule' => '-1',
)

2017-06-26 10:20:27 response :
------------
Array:
errno : -1 ;
message : Invaild value ;

2017-06-26 10:20:37 trace :
------------
String:
<xml><ToUserName><![CDATA[gh_599a701eee6b]]></ToUserName>
<FromUserName><![CDATA[oeSIo0UTWIuotg7YlGD34CdwLVD4]]></FromUserName>
<CreateTime>1498443637</CreateTime>
<MsgType><![CDATA[event]]></MsgType>
<Event><![CDATA[LOCATION]]></Event>
<Latitude>22.572229</Latitude>
<Longitude>114.122231</Longitude>
<Precision>65.000000</Precision>
</xml>

2017-06-26 10:20:37 params :
------------
String:
array (
  'message' => 
  array (
    'tousername' => 'gh_599a701eee6b',
    'fromusername' => 'oeSIo0UTWIuotg7YlGD34CdwLVD4',
    'createtime' => '1498443637',
    'msgtype' => 'event',
    'event' => 'LOCATION',
    'latitude' => '22.572229',
    'longitude' => '114.122231',
    'precision' => '65.000000',
    'from' => 'oeSIo0UTWIuotg7YlGD34CdwLVD4',
    'to' => 'gh_599a701eee6b',
    'time' => '1498443637',
    'type' => 'trace',
    'location_x' => '22.572229',
    'location_y' => '114.122231',
  ),
  'module' => 'default',
  'rule' => '-1',
)

2017-06-26 10:20:37 response :
------------
Array:
errno : -1 ;
message : Invaild value ;

2017-06-26 10:20:38 trace :
------------
String:
<xml><ToUserName><![CDATA[gh_599a701eee6b]]></ToUserName>
<FromUserName><![CDATA[oeSIo0UTWIuotg7YlGD34CdwLVD4]]></FromUserName>
<CreateTime>1498443638</CreateTime>
<MsgType><![CDATA[event]]></MsgType>
<Event><![CDATA[LOCATION]]></Event>
<Latitude>22.572218</Latitude>
<Longitude>114.122238</Longitude>
<Precision>65.000000</Precision>
</xml>

2017-06-26 10:20:38 params :
------------
String:
array (
  'message' => 
  array (
    'tousername' => 'gh_599a701eee6b',
    'fromusername' => 'oeSIo0UTWIuotg7YlGD34CdwLVD4',
    'createtime' => '1498443638',
    'msgtype' => 'event',
    'event' => 'LOCATION',
    'latitude' => '22.572218',
    'longitude' => '114.122238',
    'precision' => '65.000000',
    'from' => 'oeSIo0UTWIuotg7YlGD34CdwLVD4',
    'to' => 'gh_599a701eee6b',
    'time' => '1498443638',
    'type' => 'trace',
    'location_x' => '22.572218',
    'location_y' => '114.122238',
  ),
  'module' => 'default',
  'rule' => '-1',
)

2017-06-26 10:20:38 response :
------------
Array:
errno : -1 ;
message : Invaild value ;

2017-06-26 10:20:51 trace :
------------
String:
<xml><ToUserName><![CDATA[gh_599a701eee6b]]></ToUserName>
<FromUserName><![CDATA[oeSIo0UTWIuotg7YlGD34CdwLVD4]]></FromUserName>
<CreateTime>1498443651</CreateTime>
<MsgType><![CDATA[event]]></MsgType>
<Event><![CDATA[LOCATION]]></Event>
<Latitude>22.572216</Latitude>
<Longitude>114.122238</Longitude>
<Precision>65.000000</Precision>
</xml>

2017-06-26 10:20:51 params :
------------
String:
array (
  'message' => 
  array (
    'tousername' => 'gh_599a701eee6b',
    'fromusername' => 'oeSIo0UTWIuotg7YlGD34CdwLVD4',
    'createtime' => '1498443651',
    'msgtype' => 'event',
    'event' => 'LOCATION',
    'latitude' => '22.572216',
    'longitude' => '114.122238',
    'precision' => '65.000000',
    'from' => 'oeSIo0UTWIuotg7YlGD34CdwLVD4',
    'to' => 'gh_599a701eee6b',
    'time' => '1498443651',
    'type' => 'trace',
    'location_x' => '22.572216',
    'location_y' => '114.122238',
  ),
  'module' => 'default',
  'rule' => '-1',
)

2017-06-26 10:20:51 response :
------------
Array:
errno : -1 ;
message : Invaild value ;

2017-06-26 10:20:52 trace :
------------
String:
<xml><ToUserName><![CDATA[gh_599a701eee6b]]></ToUserName>
<FromUserName><![CDATA[oeSIo0UTWIuotg7YlGD34CdwLVD4]]></FromUserName>
<CreateTime>1498443652</CreateTime>
<MsgType><![CDATA[event]]></MsgType>
<Event><![CDATA[LOCATION]]></Event>
<Latitude>22.572227</Latitude>
<Longitude>114.122223</Longitude>
<Precision>65.000000</Precision>
</xml>

2017-06-26 10:20:52 params :
------------
String:
array (
  'message' => 
  array (
    'tousername' => 'gh_599a701eee6b',
    'fromusername' => 'oeSIo0UTWIuotg7YlGD34CdwLVD4',
    'createtime' => '1498443652',
    'msgtype' => 'event',
    'event' => 'LOCATION',
    'latitude' => '22.572227',
    'longitude' => '114.122223',
    'precision' => '65.000000',
    'from' => 'oeSIo0UTWIuotg7YlGD34CdwLVD4',
    'to' => 'gh_599a701eee6b',
    'time' => '1498443652',
    'type' => 'trace',
    'location_x' => '22.572227',
    'location_y' => '114.122223',
  ),
  'module' => 'default',
  'rule' => '-1',
)

2017-06-26 10:20:52 response :
------------
Array:
errno : -1 ;
message : Invaild value ;

2017-06-26 10:24:22 trace :
------------
String:
<xml><ToUserName><![CDATA[gh_599a701eee6b]]></ToUserName>
<FromUserName><![CDATA[oeSIo0UTWIuotg7YlGD34CdwLVD4]]></FromUserName>
<CreateTime>1498443862</CreateTime>
<MsgType><![CDATA[event]]></MsgType>
<Event><![CDATA[LOCATION]]></Event>
<Latitude>22.572273</Latitude>
<Longitude>114.122154</Longitude>
<Precision>65.000000</Precision>
</xml>

2017-06-26 10:24:22 params :
------------
String:
array (
  'message' => 
  array (
    'tousername' => 'gh_599a701eee6b',
    'fromusername' => 'oeSIo0UTWIuotg7YlGD34CdwLVD4',
    'createtime' => '1498443862',
    'msgtype' => 'event',
    'event' => 'LOCATION',
    'latitude' => '22.572273',
    'longitude' => '114.122154',
    'precision' => '65.000000',
    'from' => 'oeSIo0UTWIuotg7YlGD34CdwLVD4',
    'to' => 'gh_599a701eee6b',
    'time' => '1498443862',
    'type' => 'trace',
    'location_x' => '22.572273',
    'location_y' => '114.122154',
  ),
  'module' => 'default',
  'rule' => '-1',
)

2017-06-26 10:24:22 response :
------------
Array:
errno : -1 ;
message : Invaild value ;

2017-06-26 10:31:59 trace :
------------
String:
<xml><ToUserName><![CDATA[gh_599a701eee6b]]></ToUserName>
<FromUserName><![CDATA[oeSIo0UTWIuotg7YlGD34CdwLVD4]]></FromUserName>
<CreateTime>1498444319</CreateTime>
<MsgType><![CDATA[event]]></MsgType>
<Event><![CDATA[LOCATION]]></Event>
<Latitude>22.572233</Latitude>
<Longitude>114.122215</Longitude>
<Precision>65.000000</Precision>
</xml>

2017-06-26 10:31:59 params :
------------
String:
array (
  'message' => 
  array (
    'tousername' => 'gh_599a701eee6b',
    'fromusername' => 'oeSIo0UTWIuotg7YlGD34CdwLVD4',
    'createtime' => '1498444319',
    'msgtype' => 'event',
    'event' => 'LOCATION',
    'latitude' => '22.572233',
    'longitude' => '114.122215',
    'precision' => '65.000000',
    'from' => 'oeSIo0UTWIuotg7YlGD34CdwLVD4',
    'to' => 'gh_599a701eee6b',
    'time' => '1498444319',
    'type' => 'trace',
    'location_x' => '22.572233',
    'location_y' => '114.122215',
  ),
  'module' => 'default',
  'rule' => '-1',
)

2017-06-26 10:31:59 response :
------------
Array:
errno : -1 ;
message : Invaild value ;

2017-06-26 11:13:50 trace :
------------
String:
<xml><ToUserName><![CDATA[gh_599a701eee6b]]></ToUserName>
<FromUserName><![CDATA[oeSIo0SRtHXyEAmpEd_-jWBgeo8c]]></FromUserName>
<CreateTime>1498446830</CreateTime>
<MsgType><![CDATA[event]]></MsgType>
<Event><![CDATA[LOCATION]]></Event>
<Latitude>22.572248</Latitude>
<Longitude>114.122208</Longitude>
<Precision>65.000000</Precision>
</xml>

2017-06-26 11:13:50 params :
------------
String:
array (
  'message' => 
  array (
    'tousername' => 'gh_599a701eee6b',
    'fromusername' => 'oeSIo0SRtHXyEAmpEd_-jWBgeo8c',
    'createtime' => '1498446830',
    'msgtype' => 'event',
    'event' => 'LOCATION',
    'latitude' => '22.572248',
    'longitude' => '114.122208',
    'precision' => '65.000000',
    'from' => 'oeSIo0SRtHXyEAmpEd_-jWBgeo8c',
    'to' => 'gh_599a701eee6b',
    'time' => '1498446830',
    'type' => 'trace',
    'location_x' => '22.572248',
    'location_y' => '114.122208',
  ),
  'module' => 'default',
  'rule' => '-1',
)

2017-06-26 11:13:50 response :
------------
Array:
errno : -1 ;
message : Invaild value ;

2017-06-26 11:14:00 trace :
------------
String:
<xml><ToUserName><![CDATA[gh_2cc1b47a6d8a]]></ToUserName>
<FromUserName><![CDATA[omxiWs6MMb-Ji2OZadEvVtdEwJuI]]></FromUserName>
<CreateTime>1498446840</CreateTime>
<MsgType><![CDATA[event]]></MsgType>
<Event><![CDATA[LOCATION]]></Event>
<Latitude>22.572224</Latitude>
<Longitude>114.122253</Longitude>
<Precision>65.000000</Precision>
</xml>

2017-06-26 11:14:00 params :
------------
String:
array (
  'message' => 
  array (
    'tousername' => 'gh_2cc1b47a6d8a',
    'fromusername' => 'omxiWs6MMb-Ji2OZadEvVtdEwJuI',
    'createtime' => '1498446840',
    'msgtype' => 'event',
    'event' => 'LOCATION',
    'latitude' => '22.572224',
    'longitude' => '114.122253',
    'precision' => '65.000000',
    'from' => 'omxiWs6MMb-Ji2OZadEvVtdEwJuI',
    'to' => 'gh_2cc1b47a6d8a',
    'time' => '1498446840',
    'type' => 'trace',
    'location_x' => '22.572224',
    'location_y' => '114.122253',
  ),
  'module' => 'default',
  'rule' => '-1',
)

2017-06-26 11:14:00 response :
------------
Array:
errno : -1 ;
message : Invaild value ;

2017-06-26 11:52:31 trace :
------------
String:
<xml><ToUserName><![CDATA[gh_2cc1b47a6d8a]]></ToUserName>
<FromUserName><![CDATA[omxiWs3sVJZ8bxtarcR3v9-LVBho]]></FromUserName>
<CreateTime>1498449151</CreateTime>
<MsgType><![CDATA[event]]></MsgType>
<Event><![CDATA[LOCATION]]></Event>
<Latitude>22.575981</Latitude>
<Longitude>114.121597</Longitude>
<Precision>65.000000</Precision>
</xml>

2017-06-26 11:52:31 params :
------------
String:
array (
  'message' => 
  array (
    'tousername' => 'gh_2cc1b47a6d8a',
    'fromusername' => 'omxiWs3sVJZ8bxtarcR3v9-LVBho',
    'createtime' => '1498449151',
    'msgtype' => 'event',
    'event' => 'LOCATION',
    'latitude' => '22.575981',
    'longitude' => '114.121597',
    'precision' => '65.000000',
    'from' => 'omxiWs3sVJZ8bxtarcR3v9-LVBho',
    'to' => 'gh_2cc1b47a6d8a',
    'time' => '1498449151',
    'type' => 'trace',
    'location_x' => '22.575981',
    'location_y' => '114.121597',
  ),
  'module' => 'default',
  'rule' => '-1',
)

2017-06-26 11:52:31 response :
------------
Array:
errno : -1 ;
message : Invaild value ;

2017-06-26 11:52:34 trace :
------------
String:
<xml><ToUserName><![CDATA[gh_599a701eee6b]]></ToUserName>
<FromUserName><![CDATA[oeSIo0XzLZscOKuHCioz1zRvXSl4]]></FromUserName>
<CreateTime>1498449154</CreateTime>
<MsgType><![CDATA[event]]></MsgType>
<Event><![CDATA[LOCATION]]></Event>
<Latitude>22.575953</Latitude>
<Longitude>114.121704</Longitude>
<Precision>65.000000</Precision>
</xml>

2017-06-26 11:52:34 params :
------------
String:
array (
  'message' => 
  array (
    'tousername' => 'gh_599a701eee6b',
    'fromusername' => 'oeSIo0XzLZscOKuHCioz1zRvXSl4',
    'createtime' => '1498449154',
    'msgtype' => 'event',
    'event' => 'LOCATION',
    'latitude' => '22.575953',
    'longitude' => '114.121704',
    'precision' => '65.000000',
    'from' => 'oeSIo0XzLZscOKuHCioz1zRvXSl4',
    'to' => 'gh_599a701eee6b',
    'time' => '1498449154',
    'type' => 'trace',
    'location_x' => '22.575953',
    'location_y' => '114.121704',
  ),
  'module' => 'default',
  'rule' => '-1',
)

2017-06-26 11:52:34 response :
------------
Array:
errno : -1 ;
message : Invaild value ;

2017-06-26 12:16:31 trace :
------------
String:
<xml><ToUserName><![CDATA[gh_599a701eee6b]]></ToUserName>
<FromUserName><![CDATA[oeSIo0T33y8PcmlLpByzpoBlmk7s]]></FromUserName>
<CreateTime>1498450591</CreateTime>
<MsgType><![CDATA[event]]></MsgType>
<Event><![CDATA[TEMPLATESENDJOBFINISH]]></Event>
<MsgID>432680709</MsgID>
<Status><![CDATA[success]]></Status>
</xml>

2017-06-26 12:16:31 params :
------------
String:
array (
  'message' => 
  array (
    'tousername' => 'gh_599a701eee6b',
    'fromusername' => 'oeSIo0T33y8PcmlLpByzpoBlmk7s',
    'createtime' => '1498450591',
    'msgtype' => 'event',
    'event' => 'TEMPLATESENDJOBFINISH',
    'msgid' => '432680709',
    'status' => 'success',
    'from' => 'oeSIo0T33y8PcmlLpByzpoBlmk7s',
    'to' => 'gh_599a701eee6b',
    'time' => '1498450591',
    'type' => 'text',
    'content' => '投票活动',
    'redirection' => true,
    'source' => 'default',
    'original' => NULL,
  ),
  'module' => 'news',
  'rule' => '26',
  'priority' => '0',
  'keyword' => 
  array (
    'id' => '487',
    'rid' => '26',
    'uniacid' => '3',
    'module' => 'news',
    'content' => '投票活动',
    'type' => '1',
    'displayorder' => '0',
    'status' => '1',
  ),
)

2017-06-26 12:16:31 response :
------------
Array:
FromUserName : gh_599a701eee6b ;
ToUserName : oeSIo0T33y8PcmlLpByzpoBlmk7s ;
MsgType : news ;
ArticleCount : 1 ;
Articles : Array ;

2017-06-26 12:16:31 trace :
------------
String:
<xml><ToUserName><![CDATA[gh_599a701eee6b]]></ToUserName>
<FromUserName><![CDATA[oeSIo0XzLZscOKuHCioz1zRvXSl4]]></FromUserName>
<CreateTime>1498450591</CreateTime>
<MsgType><![CDATA[event]]></MsgType>
<Event><![CDATA[TEMPLATESENDJOBFINISH]]></Event>
<MsgID>432680710</MsgID>
<Status><![CDATA[success]]></Status>
</xml>

2017-06-26 12:16:31 params :
------------
String:
array (
  'message' => 
  array (
    'tousername' => 'gh_599a701eee6b',
    'fromusername' => 'oeSIo0XzLZscOKuHCioz1zRvXSl4',
    'createtime' => '1498450591',
    'msgtype' => 'event',
    'event' => 'TEMPLATESENDJOBFINISH',
    'msgid' => '432680710',
    'status' => 'success',
    'from' => 'oeSIo0XzLZscOKuHCioz1zRvXSl4',
    'to' => 'gh_599a701eee6b',
    'time' => '1498450591',
    'type' => 'text',
    'content' => '投票活动',
    'redirection' => true,
    'source' => 'default',
    'original' => NULL,
  ),
  'module' => 'news',
  'rule' => '26',
  'priority' => '0',
  'keyword' => 
  array (
    'id' => '487',
    'rid' => '26',
    'uniacid' => '3',
    'module' => 'news',
    'content' => '投票活动',
    'type' => '1',
    'displayorder' => '0',
    'status' => '1',
  ),
)

2017-06-26 12:16:31 response :
------------
Array:
FromUserName : gh_599a701eee6b ;
ToUserName : oeSIo0XzLZscOKuHCioz1zRvXSl4 ;
MsgType : news ;
ArticleCount : 1 ;
Articles : Array ;

2017-06-26 12:16:31 trace :
------------
String:
<xml><ToUserName><![CDATA[gh_599a701eee6b]]></ToUserName>
<FromUserName><![CDATA[oeSIo0T33y8PcmlLpByzpoBlmk7s]]></FromUserName>
<CreateTime>1498450591</CreateTime>
<MsgType><![CDATA[event]]></MsgType>
<Event><![CDATA[TEMPLATESENDJOBFINISH]]></Event>
<MsgID>432680712</MsgID>
<Status><![CDATA[success]]></Status>
</xml>

2017-06-26 12:16:31 params :
------------
String:
array (
  'message' => 
  array (
    'tousername' => 'gh_599a701eee6b',
    'fromusername' => 'oeSIo0T33y8PcmlLpByzpoBlmk7s',
    'createtime' => '1498450591',
    'msgtype' => 'event',
    'event' => 'TEMPLATESENDJOBFINISH',
    'msgid' => '432680712',
    'status' => 'success',
    'from' => 'oeSIo0T33y8PcmlLpByzpoBlmk7s',
    'to' => 'gh_599a701eee6b',
    'time' => '1498450591',
    'type' => 'text',
    'content' => '投票活动',
    'redirection' => true,
    'source' => 'default',
    'original' => NULL,
  ),
  'module' => 'news',
  'rule' => '26',
  'priority' => '0',
  'keyword' => 
  array (
    'id' => '487',
    'rid' => '26',
    'uniacid' => '3',
    'module' => 'news',
    'content' => '投票活动',
    'type' => '1',
    'displayorder' => '0',
    'status' => '1',
  ),
)

2017-06-26 12:16:31 response :
------------
Array:
FromUserName : gh_599a701eee6b ;
ToUserName : oeSIo0T33y8PcmlLpByzpoBlmk7s ;
MsgType : news ;
ArticleCount : 1 ;
Articles : Array ;

2017-06-26 12:20:14 trace :
------------
String:
<xml><ToUserName><![CDATA[gh_599a701eee6b]]></ToUserName>
<FromUserName><![CDATA[oeSIo0XzLZscOKuHCioz1zRvXSl4]]></FromUserName>
<CreateTime>1498450814</CreateTime>
<MsgType><![CDATA[event]]></MsgType>
<Event><![CDATA[LOCATION]]></Event>
<Latitude>22.575905</Latitude>
<Longitude>114.121704</Longitude>
<Precision>65.000000</Precision>
</xml>

2017-06-26 12:20:14 params :
------------
String:
array (
  'message' => 
  array (
    'tousername' => 'gh_599a701eee6b',
    'fromusername' => 'oeSIo0XzLZscOKuHCioz1zRvXSl4',
    'createtime' => '1498450814',
    'msgtype' => 'event',
    'event' => 'LOCATION',
    'latitude' => '22.575905',
    'longitude' => '114.121704',
    'precision' => '65.000000',
    'from' => 'oeSIo0XzLZscOKuHCioz1zRvXSl4',
    'to' => 'gh_599a701eee6b',
    'time' => '1498450814',
    'type' => 'trace',
    'location_x' => '22.575905',
    'location_y' => '114.121704',
  ),
  'module' => 'default',
  'rule' => '-1',
)

2017-06-26 12:20:14 response :
------------
Array:
errno : -1 ;
message : Invaild value ;

2017-06-26 13:28:01 trace :
------------
String:
<xml><ToUserName><![CDATA[gh_2cc1b47a6d8a]]></ToUserName>
<FromUserName><![CDATA[omxiWs-oZa6tNTruCKgMGtF97KzQ]]></FromUserName>
<CreateTime>1498454881</CreateTime>
<MsgType><![CDATA[event]]></MsgType>
<Event><![CDATA[unsubscribe]]></Event>
<EventKey><![CDATA[]]></EventKey>
</xml>

2017-06-26 14:18:14 trace :
------------
String:
<xml><ToUserName><![CDATA[gh_2cc1b47a6d8a]]></ToUserName>
<FromUserName><![CDATA[omxiWszQuXFdrQZ8TDoqBucqSVbc]]></FromUserName>
<CreateTime>1498457894</CreateTime>
<MsgType><![CDATA[event]]></MsgType>
<Event><![CDATA[LOCATION]]></Event>
<Latitude>22.575747</Latitude>
<Longitude>114.121704</Longitude>
<Precision>65.000000</Precision>
</xml>

2017-06-26 14:18:14 params :
------------
String:
array (
  'message' => 
  array (
    'tousername' => 'gh_2cc1b47a6d8a',
    'fromusername' => 'omxiWszQuXFdrQZ8TDoqBucqSVbc',
    'createtime' => '1498457894',
    'msgtype' => 'event',
    'event' => 'LOCATION',
    'latitude' => '22.575747',
    'longitude' => '114.121704',
    'precision' => '65.000000',
    'from' => 'omxiWszQuXFdrQZ8TDoqBucqSVbc',
    'to' => 'gh_2cc1b47a6d8a',
    'time' => '1498457894',
    'type' => 'trace',
    'location_x' => '22.575747',
    'location_y' => '114.121704',
  ),
  'module' => 'default',
  'rule' => '-1',
)

2017-06-26 14:18:14 response :
------------
Array:
errno : -1 ;
message : Invaild value ;

2017-06-26 16:29:03 trace :
------------
String:
<xml><ToUserName><![CDATA[gh_599a701eee6b]]></ToUserName>
<FromUserName><![CDATA[oeSIo0SbGRxAiziS0lAKqzgB7Vg4]]></FromUserName>
<CreateTime>1498465742</CreateTime>
<MsgType><![CDATA[event]]></MsgType>
<Event><![CDATA[LOCATION]]></Event>
<Latitude>22.575750</Latitude>
<Longitude>114.121696</Longitude>
<Precision>65.000000</Precision>
</xml>

2017-06-26 16:29:03 params :
------------
String:
array (
  'message' => 
  array (
    'tousername' => 'gh_599a701eee6b',
    'fromusername' => 'oeSIo0SbGRxAiziS0lAKqzgB7Vg4',
    'createtime' => '1498465742',
    'msgtype' => 'event',
    'event' => 'LOCATION',
    'latitude' => '22.575750',
    'longitude' => '114.121696',
    'precision' => '65.000000',
    'from' => 'oeSIo0SbGRxAiziS0lAKqzgB7Vg4',
    'to' => 'gh_599a701eee6b',
    'time' => '1498465742',
    'type' => 'trace',
    'location_x' => '22.575750',
    'location_y' => '114.121696',
  ),
  'module' => 'default',
  'rule' => '-1',
)

2017-06-26 16:29:03 response :
------------
Array:
errno : -1 ;
message : Invaild value ;

2017-06-26 16:34:26 trace :
------------
String:
<xml><ToUserName><![CDATA[gh_599a701eee6b]]></ToUserName>
<FromUserName><![CDATA[oeSIo0SbGRxAiziS0lAKqzgB7Vg4]]></FromUserName>
<CreateTime>1498466066</CreateTime>
<MsgType><![CDATA[event]]></MsgType>
<Event><![CDATA[LOCATION]]></Event>
<Latitude>22.575748</Latitude>
<Longitude>114.121681</Longitude>
<Precision>65.000000</Precision>
</xml>

2017-06-26 16:34:26 params :
------------
String:
array (
  'message' => 
  array (
    'tousername' => 'gh_599a701eee6b',
    'fromusername' => 'oeSIo0SbGRxAiziS0lAKqzgB7Vg4',
    'createtime' => '1498466066',
    'msgtype' => 'event',
    'event' => 'LOCATION',
    'latitude' => '22.575748',
    'longitude' => '114.121681',
    'precision' => '65.000000',
    'from' => 'oeSIo0SbGRxAiziS0lAKqzgB7Vg4',
    'to' => 'gh_599a701eee6b',
    'time' => '1498466066',
    'type' => 'trace',
    'location_x' => '22.575748',
    'location_y' => '114.121681',
  ),
  'module' => 'default',
  'rule' => '-1',
)

2017-06-26 16:34:26 response :
------------
Array:
errno : -1 ;
message : Invaild value ;

2017-06-26 16:35:17 trace :
------------
String:
<xml><ToUserName><![CDATA[gh_599a701eee6b]]></ToUserName>
<FromUserName><![CDATA[oeSIo0SbGRxAiziS0lAKqzgB7Vg4]]></FromUserName>
<CreateTime>1498466117</CreateTime>
<MsgType><![CDATA[event]]></MsgType>
<Event><![CDATA[LOCATION]]></Event>
<Latitude>22.575741</Latitude>
<Longitude>114.121689</Longitude>
<Precision>65.000000</Precision>
</xml>

2017-06-26 16:35:17 params :
------------
String:
array (
  'message' => 
  array (
    'tousername' => 'gh_599a701eee6b',
    'fromusername' => 'oeSIo0SbGRxAiziS0lAKqzgB7Vg4',
    'createtime' => '1498466117',
    'msgtype' => 'event',
    'event' => 'LOCATION',
    'latitude' => '22.575741',
    'longitude' => '114.121689',
    'precision' => '65.000000',
    'from' => 'oeSIo0SbGRxAiziS0lAKqzgB7Vg4',
    'to' => 'gh_599a701eee6b',
    'time' => '1498466117',
    'type' => 'trace',
    'location_x' => '22.575741',
    'location_y' => '114.121689',
  ),
  'module' => 'default',
  'rule' => '-1',
)

2017-06-26 16:35:17 response :
------------
Array:
errno : -1 ;
message : Invaild value ;

2017-06-26 16:36:02 trace :
------------
String:
<xml><ToUserName><![CDATA[gh_599a701eee6b]]></ToUserName>
<FromUserName><![CDATA[oeSIo0SbGRxAiziS0lAKqzgB7Vg4]]></FromUserName>
<CreateTime>1498466161</CreateTime>
<MsgType><![CDATA[event]]></MsgType>
<Event><![CDATA[LOCATION]]></Event>
<Latitude>22.575756</Latitude>
<Longitude>114.121696</Longitude>
<Precision>65.000000</Precision>
</xml>

2017-06-26 16:36:02 params :
------------
String:
array (
  'message' => 
  array (
    'tousername' => 'gh_599a701eee6b',
    'fromusername' => 'oeSIo0SbGRxAiziS0lAKqzgB7Vg4',
    'createtime' => '1498466161',
    'msgtype' => 'event',
    'event' => 'LOCATION',
    'latitude' => '22.575756',
    'longitude' => '114.121696',
    'precision' => '65.000000',
    'from' => 'oeSIo0SbGRxAiziS0lAKqzgB7Vg4',
    'to' => 'gh_599a701eee6b',
    'time' => '1498466161',
    'type' => 'trace',
    'location_x' => '22.575756',
    'location_y' => '114.121696',
  ),
  'module' => 'default',
  'rule' => '-1',
)

2017-06-26 16:36:02 response :
------------
Array:
errno : -1 ;
message : Invaild value ;

2017-06-26 16:37:02 trace :
------------
String:
<xml><ToUserName><![CDATA[gh_599a701eee6b]]></ToUserName>
<FromUserName><![CDATA[oeSIo0SbGRxAiziS0lAKqzgB7Vg4]]></FromUserName>
<CreateTime>1498466222</CreateTime>
<MsgType><![CDATA[event]]></MsgType>
<Event><![CDATA[LOCATION]]></Event>
<Latitude>22.575806</Latitude>
<Longitude>114.121696</Longitude>
<Precision>65.000000</Precision>
</xml>

2017-06-26 16:37:02 params :
------------
String:
array (
  'message' => 
  array (
    'tousername' => 'gh_599a701eee6b',
    'fromusername' => 'oeSIo0SbGRxAiziS0lAKqzgB7Vg4',
    'createtime' => '1498466222',
    'msgtype' => 'event',
    'event' => 'LOCATION',
    'latitude' => '22.575806',
    'longitude' => '114.121696',
    'precision' => '65.000000',
    'from' => 'oeSIo0SbGRxAiziS0lAKqzgB7Vg4',
    'to' => 'gh_599a701eee6b',
    'time' => '1498466222',
    'type' => 'trace',
    'location_x' => '22.575806',
    'location_y' => '114.121696',
  ),
  'module' => 'default',
  'rule' => '-1',
)

2017-06-26 16:37:02 response :
------------
Array:
errno : -1 ;
message : Invaild value ;

2017-06-26 16:38:18 trace :
------------
String:
<xml><ToUserName><![CDATA[gh_599a701eee6b]]></ToUserName>
<FromUserName><![CDATA[oeSIo0SbGRxAiziS0lAKqzgB7Vg4]]></FromUserName>
<CreateTime>1498466298</CreateTime>
<MsgType><![CDATA[event]]></MsgType>
<Event><![CDATA[LOCATION]]></Event>
<Latitude>22.575806</Latitude>
<Longitude>114.121704</Longitude>
<Precision>65.000000</Precision>
</xml>

2017-06-26 16:38:18 params :
------------
String:
array (
  'message' => 
  array (
    'tousername' => 'gh_599a701eee6b',
    'fromusername' => 'oeSIo0SbGRxAiziS0lAKqzgB7Vg4',
    'createtime' => '1498466298',
    'msgtype' => 'event',
    'event' => 'LOCATION',
    'latitude' => '22.575806',
    'longitude' => '114.121704',
    'precision' => '65.000000',
    'from' => 'oeSIo0SbGRxAiziS0lAKqzgB7Vg4',
    'to' => 'gh_599a701eee6b',
    'time' => '1498466298',
    'type' => 'trace',
    'location_x' => '22.575806',
    'location_y' => '114.121704',
  ),
  'module' => 'default',
  'rule' => '-1',
)

2017-06-26 16:38:18 response :
------------
Array:
errno : -1 ;
message : Invaild value ;

2017-06-26 16:39:12 trace :
------------
String:
<xml><ToUserName><![CDATA[gh_599a701eee6b]]></ToUserName>
<FromUserName><![CDATA[oeSIo0SbGRxAiziS0lAKqzgB7Vg4]]></FromUserName>
<CreateTime>1498466352</CreateTime>
<MsgType><![CDATA[event]]></MsgType>
<Event><![CDATA[LOCATION]]></Event>
<Latitude>22.575756</Latitude>
<Longitude>114.121689</Longitude>
<Precision>65.000000</Precision>
</xml>

2017-06-26 16:39:12 params :
------------
String:
array (
  'message' => 
  array (
    'tousername' => 'gh_599a701eee6b',
    'fromusername' => 'oeSIo0SbGRxAiziS0lAKqzgB7Vg4',
    'createtime' => '1498466352',
    'msgtype' => 'event',
    'event' => 'LOCATION',
    'latitude' => '22.575756',
    'longitude' => '114.121689',
    'precision' => '65.000000',
    'from' => 'oeSIo0SbGRxAiziS0lAKqzgB7Vg4',
    'to' => 'gh_599a701eee6b',
    'time' => '1498466352',
    'type' => 'trace',
    'location_x' => '22.575756',
    'location_y' => '114.121689',
  ),
  'module' => 'default',
  'rule' => '-1',
)

2017-06-26 16:39:12 response :
------------
Array:
errno : -1 ;
message : Invaild value ;

2017-06-26 16:39:26 trace :
------------
String:
<xml><ToUserName><![CDATA[gh_599a701eee6b]]></ToUserName>
<FromUserName><![CDATA[oeSIo0SbGRxAiziS0lAKqzgB7Vg4]]></FromUserName>
<CreateTime>1498466366</CreateTime>
<MsgType><![CDATA[event]]></MsgType>
<Event><![CDATA[LOCATION]]></Event>
<Latitude>22.575802</Latitude>
<Longitude>114.121681</Longitude>
<Precision>65.000000</Precision>
</xml>

2017-06-26 16:39:26 params :
------------
String:
array (
  'message' => 
  array (
    'tousername' => 'gh_599a701eee6b',
    'fromusername' => 'oeSIo0SbGRxAiziS0lAKqzgB7Vg4',
    'createtime' => '1498466366',
    'msgtype' => 'event',
    'event' => 'LOCATION',
    'latitude' => '22.575802',
    'longitude' => '114.121681',
    'precision' => '65.000000',
    'from' => 'oeSIo0SbGRxAiziS0lAKqzgB7Vg4',
    'to' => 'gh_599a701eee6b',
    'time' => '1498466366',
    'type' => 'trace',
    'location_x' => '22.575802',
    'location_y' => '114.121681',
  ),
  'module' => 'default',
  'rule' => '-1',
)

2017-06-26 16:39:26 response :
------------
Array:
errno : -1 ;
message : Invaild value ;

2017-06-26 16:41:27 trace :
------------
String:
<xml><ToUserName><![CDATA[gh_599a701eee6b]]></ToUserName>
<FromUserName><![CDATA[oeSIo0SbGRxAiziS0lAKqzgB7Vg4]]></FromUserName>
<CreateTime>1498466487</CreateTime>
<MsgType><![CDATA[event]]></MsgType>
<Event><![CDATA[LOCATION]]></Event>
<Latitude>22.575788</Latitude>
<Longitude>114.121696</Longitude>
<Precision>65.000000</Precision>
</xml>

2017-06-26 16:41:27 params :
------------
String:
array (
  'message' => 
  array (
    'tousername' => 'gh_599a701eee6b',
    'fromusername' => 'oeSIo0SbGRxAiziS0lAKqzgB7Vg4',
    'createtime' => '1498466487',
    'msgtype' => 'event',
    'event' => 'LOCATION',
    'latitude' => '22.575788',
    'longitude' => '114.121696',
    'precision' => '65.000000',
    'from' => 'oeSIo0SbGRxAiziS0lAKqzgB7Vg4',
    'to' => 'gh_599a701eee6b',
    'time' => '1498466487',
    'type' => 'trace',
    'location_x' => '22.575788',
    'location_y' => '114.121696',
  ),
  'module' => 'default',
  'rule' => '-1',
)

2017-06-26 16:41:27 response :
------------
Array:
errno : -1 ;
message : Invaild value ;

2017-06-26 16:41:43 trace :
------------
String:
<xml><ToUserName><![CDATA[gh_599a701eee6b]]></ToUserName>
<FromUserName><![CDATA[oeSIo0SbGRxAiziS0lAKqzgB7Vg4]]></FromUserName>
<CreateTime>1498466503</CreateTime>
<MsgType><![CDATA[event]]></MsgType>
<Event><![CDATA[LOCATION]]></Event>
<Latitude>22.575739</Latitude>
<Longitude>114.121681</Longitude>
<Precision>65.000000</Precision>
</xml>

2017-06-26 16:41:43 params :
------------
String:
array (
  'message' => 
  array (
    'tousername' => 'gh_599a701eee6b',
    'fromusername' => 'oeSIo0SbGRxAiziS0lAKqzgB7Vg4',
    'createtime' => '1498466503',
    'msgtype' => 'event',
    'event' => 'LOCATION',
    'latitude' => '22.575739',
    'longitude' => '114.121681',
    'precision' => '65.000000',
    'from' => 'oeSIo0SbGRxAiziS0lAKqzgB7Vg4',
    'to' => 'gh_599a701eee6b',
    'time' => '1498466503',
    'type' => 'trace',
    'location_x' => '22.575739',
    'location_y' => '114.121681',
  ),
  'module' => 'default',
  'rule' => '-1',
)

2017-06-26 16:41:43 response :
------------
Array:
errno : -1 ;
message : Invaild value ;

2017-06-26 16:42:52 trace :
------------
String:
<xml><ToUserName><![CDATA[gh_599a701eee6b]]></ToUserName>
<FromUserName><![CDATA[oeSIo0SbGRxAiziS0lAKqzgB7Vg4]]></FromUserName>
<CreateTime>1498466572</CreateTime>
<MsgType><![CDATA[event]]></MsgType>
<Event><![CDATA[LOCATION]]></Event>
<Latitude>22.575764</Latitude>
<Longitude>114.121689</Longitude>
<Precision>65.000000</Precision>
</xml>

2017-06-26 16:42:52 params :
------------
String:
array (
  'message' => 
  array (
    'tousername' => 'gh_599a701eee6b',
    'fromusername' => 'oeSIo0SbGRxAiziS0lAKqzgB7Vg4',
    'createtime' => '1498466572',
    'msgtype' => 'event',
    'event' => 'LOCATION',
    'latitude' => '22.575764',
    'longitude' => '114.121689',
    'precision' => '65.000000',
    'from' => 'oeSIo0SbGRxAiziS0lAKqzgB7Vg4',
    'to' => 'gh_599a701eee6b',
    'time' => '1498466572',
    'type' => 'trace',
    'location_x' => '22.575764',
    'location_y' => '114.121689',
  ),
  'module' => 'default',
  'rule' => '-1',
)

2017-06-26 16:42:52 response :
------------
Array:
errno : -1 ;
message : Invaild value ;

2017-06-26 16:44:12 trace :
------------
String:
<xml><ToUserName><![CDATA[gh_599a701eee6b]]></ToUserName>
<FromUserName><![CDATA[oeSIo0SbGRxAiziS0lAKqzgB7Vg4]]></FromUserName>
<CreateTime>1498466652</CreateTime>
<MsgType><![CDATA[event]]></MsgType>
<Event><![CDATA[LOCATION]]></Event>
<Latitude>22.575773</Latitude>
<Longitude>114.121689</Longitude>
<Precision>65.000000</Precision>
</xml>

2017-06-26 16:44:12 params :
------------
String:
array (
  'message' => 
  array (
    'tousername' => 'gh_599a701eee6b',
    'fromusername' => 'oeSIo0SbGRxAiziS0lAKqzgB7Vg4',
    'createtime' => '1498466652',
    'msgtype' => 'event',
    'event' => 'LOCATION',
    'latitude' => '22.575773',
    'longitude' => '114.121689',
    'precision' => '65.000000',
    'from' => 'oeSIo0SbGRxAiziS0lAKqzgB7Vg4',
    'to' => 'gh_599a701eee6b',
    'time' => '1498466652',
    'type' => 'trace',
    'location_x' => '22.575773',
    'location_y' => '114.121689',
  ),
  'module' => 'default',
  'rule' => '-1',
)

2017-06-26 16:44:12 response :
------------
Array:
errno : -1 ;
message : Invaild value ;

2017-06-26 16:48:00 trace :
------------
String:
<xml><ToUserName><![CDATA[gh_599a701eee6b]]></ToUserName>
<FromUserName><![CDATA[oeSIo0SbGRxAiziS0lAKqzgB7Vg4]]></FromUserName>
<CreateTime>1498466879</CreateTime>
<MsgType><![CDATA[event]]></MsgType>
<Event><![CDATA[LOCATION]]></Event>
<Latitude>22.575720</Latitude>
<Longitude>114.121696</Longitude>
<Precision>65.000000</Precision>
</xml>

2017-06-26 16:48:00 params :
------------
String:
array (
  'message' => 
  array (
    'tousername' => 'gh_599a701eee6b',
    'fromusername' => 'oeSIo0SbGRxAiziS0lAKqzgB7Vg4',
    'createtime' => '1498466879',
    'msgtype' => 'event',
    'event' => 'LOCATION',
    'latitude' => '22.575720',
    'longitude' => '114.121696',
    'precision' => '65.000000',
    'from' => 'oeSIo0SbGRxAiziS0lAKqzgB7Vg4',
    'to' => 'gh_599a701eee6b',
    'time' => '1498466879',
    'type' => 'trace',
    'location_x' => '22.575720',
    'location_y' => '114.121696',
  ),
  'module' => 'default',
  'rule' => '-1',
)

2017-06-26 16:48:00 response :
------------
Array:
errno : -1 ;
message : Invaild value ;

2017-06-26 16:48:13 trace :
------------
String:
<xml><ToUserName><![CDATA[gh_599a701eee6b]]></ToUserName>
<FromUserName><![CDATA[oeSIo0SbGRxAiziS0lAKqzgB7Vg4]]></FromUserName>
<CreateTime>1498466893</CreateTime>
<MsgType><![CDATA[event]]></MsgType>
<Event><![CDATA[LOCATION]]></Event>
<Latitude>22.575720</Latitude>
<Longitude>114.121696</Longitude>
<Precision>65.000000</Precision>
</xml>

2017-06-26 16:48:13 params :
------------
String:
array (
  'message' => 
  array (
    'tousername' => 'gh_599a701eee6b',
    'fromusername' => 'oeSIo0SbGRxAiziS0lAKqzgB7Vg4',
    'createtime' => '1498466893',
    'msgtype' => 'event',
    'event' => 'LOCATION',
    'latitude' => '22.575720',
    'longitude' => '114.121696',
    'precision' => '65.000000',
    'from' => 'oeSIo0SbGRxAiziS0lAKqzgB7Vg4',
    'to' => 'gh_599a701eee6b',
    'time' => '1498466893',
    'type' => 'trace',
    'location_x' => '22.575720',
    'location_y' => '114.121696',
  ),
  'module' => 'default',
  'rule' => '-1',
)

2017-06-26 16:48:13 response :
------------
Array:
errno : -1 ;
message : Invaild value ;

2017-06-26 16:48:16 trace :
------------
String:
<xml><ToUserName><![CDATA[gh_599a701eee6b]]></ToUserName>
<FromUserName><![CDATA[oeSIo0SbGRxAiziS0lAKqzgB7Vg4]]></FromUserName>
<CreateTime>1498466896</CreateTime>
<MsgType><![CDATA[event]]></MsgType>
<Event><![CDATA[LOCATION]]></Event>
<Latitude>22.575720</Latitude>
<Longitude>114.121696</Longitude>
<Precision>65.000000</Precision>
</xml>

2017-06-26 16:48:16 params :
------------
String:
array (
  'message' => 
  array (
    'tousername' => 'gh_599a701eee6b',
    'fromusername' => 'oeSIo0SbGRxAiziS0lAKqzgB7Vg4',
    'createtime' => '1498466896',
    'msgtype' => 'event',
    'event' => 'LOCATION',
    'latitude' => '22.575720',
    'longitude' => '114.121696',
    'precision' => '65.000000',
    'from' => 'oeSIo0SbGRxAiziS0lAKqzgB7Vg4',
    'to' => 'gh_599a701eee6b',
    'time' => '1498466896',
    'type' => 'trace',
    'location_x' => '22.575720',
    'location_y' => '114.121696',
  ),
  'module' => 'default',
  'rule' => '-1',
)

2017-06-26 16:48:16 response :
------------
Array:
errno : -1 ;
message : Invaild value ;

2017-06-26 17:36:04 trace :
------------
String:
<xml><ToUserName><![CDATA[gh_599a701eee6b]]></ToUserName>
<FromUserName><![CDATA[oeSIo0Tr0kS85RsotKoySgDN20r0]]></FromUserName>
<CreateTime>1498469764</CreateTime>
<MsgType><![CDATA[event]]></MsgType>
<Event><![CDATA[subscribe]]></Event>
<EventKey><![CDATA[]]></EventKey>
</xml>

2017-06-26 17:36:04 params :
------------
String:
array (
  'message' => 
  array (
    'tousername' => 'gh_599a701eee6b',
    'fromusername' => 'oeSIo0Tr0kS85RsotKoySgDN20r0',
    'createtime' => '1498469764',
    'msgtype' => 'event',
    'event' => 'subscribe',
    'eventkey' => '',
    'from' => 'oeSIo0Tr0kS85RsotKoySgDN20r0',
    'to' => 'gh_599a701eee6b',
    'time' => '1498469764',
    'type' => 'text',
    'redirection' => true,
    'source' => 'subscribe',
    'content' => '投票活动',
  ),
  'module' => 'news',
  'rule' => '26',
  'priority' => '0',
  'keyword' => 
  array (
    'id' => '487',
    'rid' => '26',
    'uniacid' => '3',
    'module' => 'news',
    'content' => '投票活动',
    'type' => '1',
    'displayorder' => '0',
    'status' => '1',
  ),
)

2017-06-26 17:36:04 response :
------------
Array:
FromUserName : gh_599a701eee6b ;
ToUserName : oeSIo0Tr0kS85RsotKoySgDN20r0 ;
MsgType : news ;
ArticleCount : 1 ;
Articles : Array ;

2017-06-26 17:36:07 trace :
------------
String:
<xml><ToUserName><![CDATA[gh_599a701eee6b]]></ToUserName>
<FromUserName><![CDATA[oeSIo0Tr0kS85RsotKoySgDN20r0]]></FromUserName>
<CreateTime>1498469767</CreateTime>
<MsgType><![CDATA[event]]></MsgType>
<Event><![CDATA[LOCATION]]></Event>
<Latitude>22.572309</Latitude>
<Longitude>114.122154</Longitude>
<Precision>65.000000</Precision>
</xml>

2017-06-26 17:36:07 params :
------------
String:
array (
  'message' => 
  array (
    'tousername' => 'gh_599a701eee6b',
    'fromusername' => 'oeSIo0Tr0kS85RsotKoySgDN20r0',
    'createtime' => '1498469767',
    'msgtype' => 'event',
    'event' => 'LOCATION',
    'latitude' => '22.572309',
    'longitude' => '114.122154',
    'precision' => '65.000000',
    'from' => 'oeSIo0Tr0kS85RsotKoySgDN20r0',
    'to' => 'gh_599a701eee6b',
    'time' => '1498469767',
    'type' => 'trace',
    'location_x' => '22.572309',
    'location_y' => '114.122154',
  ),
  'module' => 'default',
  'rule' => '-1',
)

2017-06-26 17:36:07 response :
------------
Array:
errno : -1 ;
message : Invaild value ;

2017-06-26 17:38:05 trace :
------------
String:
<xml><ToUserName><![CDATA[gh_599a701eee6b]]></ToUserName>
<FromUserName><![CDATA[oeSIo0Tr0kS85RsotKoySgDN20r0]]></FromUserName>
<CreateTime>1498469885</CreateTime>
<MsgType><![CDATA[event]]></MsgType>
<Event><![CDATA[LOCATION]]></Event>
<Latitude>22.572269</Latitude>
<Longitude>114.122253</Longitude>
<Precision>65.000000</Precision>
</xml>

2017-06-26 17:38:05 params :
------------
String:
array (
  'message' => 
  array (
    'tousername' => 'gh_599a701eee6b',
    'fromusername' => 'oeSIo0Tr0kS85RsotKoySgDN20r0',
    'createtime' => '1498469885',
    'msgtype' => 'event',
    'event' => 'LOCATION',
    'latitude' => '22.572269',
    'longitude' => '114.122253',
    'precision' => '65.000000',
    'from' => 'oeSIo0Tr0kS85RsotKoySgDN20r0',
    'to' => 'gh_599a701eee6b',
    'time' => '1498469885',
    'type' => 'trace',
    'location_x' => '22.572269',
    'location_y' => '114.122253',
  ),
  'module' => 'default',
  'rule' => '-1',
)

2017-06-26 17:38:05 response :
------------
Array:
errno : -1 ;
message : Invaild value ;

2017-06-26 17:38:36 trace :
------------
String:
<xml><ToUserName><![CDATA[gh_599a701eee6b]]></ToUserName>
<FromUserName><![CDATA[oeSIo0Tr0kS85RsotKoySgDN20r0]]></FromUserName>
<CreateTime>1498469915</CreateTime>
<MsgType><![CDATA[event]]></MsgType>
<Event><![CDATA[LOCATION]]></Event>
<Latitude>22.572262</Latitude>
<Longitude>114.122253</Longitude>
<Precision>65.000000</Precision>
</xml>

2017-06-26 17:38:36 params :
------------
String:
array (
  'message' => 
  array (
    'tousername' => 'gh_599a701eee6b',
    'fromusername' => 'oeSIo0Tr0kS85RsotKoySgDN20r0',
    'createtime' => '1498469915',
    'msgtype' => 'event',
    'event' => 'LOCATION',
    'latitude' => '22.572262',
    'longitude' => '114.122253',
    'precision' => '65.000000',
    'from' => 'oeSIo0Tr0kS85RsotKoySgDN20r0',
    'to' => 'gh_599a701eee6b',
    'time' => '1498469915',
    'type' => 'trace',
    'location_x' => '22.572262',
    'location_y' => '114.122253',
  ),
  'module' => 'default',
  'rule' => '-1',
)

2017-06-26 17:38:36 response :
------------
Array:
errno : -1 ;
message : Invaild value ;

2017-06-26 17:40:35 trace :
------------
String:
<xml><ToUserName><![CDATA[gh_599a701eee6b]]></ToUserName>
<FromUserName><![CDATA[oeSIo0Tr0kS85RsotKoySgDN20r0]]></FromUserName>
<CreateTime>1498470035</CreateTime>
<MsgType><![CDATA[event]]></MsgType>
<Event><![CDATA[LOCATION]]></Event>
<Latitude>22.572241</Latitude>
<Longitude>114.122192</Longitude>
<Precision>65.000000</Precision>
</xml>

2017-06-26 17:40:35 params :
------------
String:
array (
  'message' => 
  array (
    'tousername' => 'gh_599a701eee6b',
    'fromusername' => 'oeSIo0Tr0kS85RsotKoySgDN20r0',
    'createtime' => '1498470035',
    'msgtype' => 'event',
    'event' => 'LOCATION',
    'latitude' => '22.572241',
    'longitude' => '114.122192',
    'precision' => '65.000000',
    'from' => 'oeSIo0Tr0kS85RsotKoySgDN20r0',
    'to' => 'gh_599a701eee6b',
    'time' => '1498470035',
    'type' => 'trace',
    'location_x' => '22.572241',
    'location_y' => '114.122192',
  ),
  'module' => 'default',
  'rule' => '-1',
)

2017-06-26 17:40:35 response :
------------
Array:
errno : -1 ;
message : Invaild value ;

2017-06-26 22:00:00 trace :
------------
String:
<xml><ToUserName><![CDATA[gh_2cc1b47a6d8a]]></ToUserName>
<FromUserName><![CDATA[omxiWs7v_htm5ZEM6-Vw0nPvN7rI]]></FromUserName>
<CreateTime>1498485600</CreateTime>
<MsgType><![CDATA[event]]></MsgType>
<Event><![CDATA[LOCATION]]></Event>
<Latitude>22.648954</Latitude>
<Longitude>114.190056</Longitude>
<Precision>40.000000</Precision>
</xml>

2017-06-26 22:00:00 params :
------------
String:
array (
  'message' => 
  array (
    'tousername' => 'gh_2cc1b47a6d8a',
    'fromusername' => 'omxiWs7v_htm5ZEM6-Vw0nPvN7rI',
    'createtime' => '1498485600',
    'msgtype' => 'event',
    'event' => 'LOCATION',
    'latitude' => '22.648954',
    'longitude' => '114.190056',
    'precision' => '40.000000',
    'from' => 'omxiWs7v_htm5ZEM6-Vw0nPvN7rI',
    'to' => 'gh_2cc1b47a6d8a',
    'time' => '1498485600',
    'type' => 'trace',
    'location_x' => '22.648954',
    'location_y' => '114.190056',
  ),
  'module' => 'default',
  'rule' => '-1',
)

2017-06-26 22:00:00 response :
------------
Array:
errno : -1 ;
message : Invaild value ;

2017-06-26 22:08:59 trace :
------------
String:
<xml><ToUserName><![CDATA[gh_2cc1b47a6d8a]]></ToUserName>
<FromUserName><![CDATA[omxiWs5aj4l2FaYMj48j_qP8BzJ0]]></FromUserName>
<CreateTime>1498486139</CreateTime>
<MsgType><![CDATA[event]]></MsgType>
<Event><![CDATA[unsubscribe]]></Event>
<EventKey><![CDATA[]]></EventKey>
</xml>

