2017-06-25 09:41:05 trace :
------------
String:
<xml><ToUserName><![CDATA[gh_2cc1b47a6d8a]]></ToUserName>
<FromUserName><![CDATA[omxiWs5qXP3j84NgdpJHJXMo1qzI]]></FromUserName>
<CreateTime>1498354865</CreateTime>
<MsgType><![CDATA[event]]></MsgType>
<Event><![CDATA[LOCATION]]></Event>
<Latitude>26.197317</Latitude>
<Longitude>119.525253</Longitude>
<Precision>40.000000</Precision>
</xml>

2017-06-25 09:41:05 params :
------------
String:
array (
  'message' => 
  array (
    'tousername' => 'gh_2cc1b47a6d8a',
    'fromusername' => 'omxiWs5qXP3j84NgdpJHJXMo1qzI',
    'createtime' => '1498354865',
    'msgtype' => 'event',
    'event' => 'LOCATION',
    'latitude' => '26.197317',
    'longitude' => '119.525253',
    'precision' => '40.000000',
    'from' => 'omxiWs5qXP3j84NgdpJHJXMo1qzI',
    'to' => 'gh_2cc1b47a6d8a',
    'time' => '1498354865',
    'type' => 'trace',
    'location_x' => '26.197317',
    'location_y' => '119.525253',
  ),
  'module' => 'default',
  'rule' => '-1',
)

2017-06-25 09:41:05 response :
------------
Array:
errno : -1 ;
message : Invaild value ;

2017-06-25 12:42:42 trace :
------------
String:
<xml><ToUserName><![CDATA[gh_599a701eee6b]]></ToUserName>
<FromUserName><![CDATA[oeSIo0b8v3vzngZ8K4rJ9PoRObzw]]></FromUserName>
<CreateTime>1498365761</CreateTime>
<MsgType><![CDATA[event]]></MsgType>
<Event><![CDATA[LOCATION]]></Event>
<Latitude>22.573183</Latitude>
<Longitude>114.122635</Longitude>
<Precision>65.000000</Precision>
</xml>

2017-06-25 12:42:42 params :
------------
String:
array (
  'message' => 
  array (
    'tousername' => 'gh_599a701eee6b',
    'fromusername' => 'oeSIo0b8v3vzngZ8K4rJ9PoRObzw',
    'createtime' => '1498365761',
    'msgtype' => 'event',
    'event' => 'LOCATION',
    'latitude' => '22.573183',
    'longitude' => '114.122635',
    'precision' => '65.000000',
    'from' => 'oeSIo0b8v3vzngZ8K4rJ9PoRObzw',
    'to' => 'gh_599a701eee6b',
    'time' => '1498365761',
    'type' => 'trace',
    'location_x' => '22.573183',
    'location_y' => '114.122635',
  ),
  'module' => 'default',
  'rule' => '-1',
)

2017-06-25 12:42:42 response :
------------
Array:
errno : -1 ;
message : Invaild value ;

2017-06-25 13:50:48 trace :
------------
String:
<xml><ToUserName><![CDATA[gh_599a701eee6b]]></ToUserName>
<FromUserName><![CDATA[oeSIo0TKgtmoswQlkdhEMpktF8b0]]></FromUserName>
<CreateTime>1498369848</CreateTime>
<MsgType><![CDATA[event]]></MsgType>
<Event><![CDATA[subscribe]]></Event>
<EventKey><![CDATA[]]></EventKey>
</xml>

2017-06-25 13:50:48 params :
------------
String:
array (
  'message' => 
  array (
    'tousername' => 'gh_599a701eee6b',
    'fromusername' => 'oeSIo0TKgtmoswQlkdhEMpktF8b0',
    'createtime' => '1498369848',
    'msgtype' => 'event',
    'event' => 'subscribe',
    'eventkey' => '',
    'from' => 'oeSIo0TKgtmoswQlkdhEMpktF8b0',
    'to' => 'gh_599a701eee6b',
    'time' => '1498369848',
    'type' => 'text',
    'redirection' => true,
    'source' => 'subscribe',
    'content' => '投票活动',
  ),
  'module' => 'news',
  'rule' => '26',
  'priority' => '0',
  'keyword' => 
  array (
    'id' => '487',
    'rid' => '26',
    'uniacid' => '3',
    'module' => 'news',
    'content' => '投票活动',
    'type' => '1',
    'displayorder' => '0',
    'status' => '1',
  ),
)

2017-06-25 13:50:48 response :
------------
Array:
FromUserName : gh_599a701eee6b ;
ToUserName : oeSIo0TKgtmoswQlkdhEMpktF8b0 ;
MsgType : news ;
ArticleCount : 1 ;
Articles : Array ;

2017-06-25 13:53:17 trace :
------------
String:
<xml><ToUserName><![CDATA[gh_599a701eee6b]]></ToUserName>
<FromUserName><![CDATA[oeSIo0TKgtmoswQlkdhEMpktF8b0]]></FromUserName>
<CreateTime>1498369997</CreateTime>
<MsgType><![CDATA[event]]></MsgType>
<Event><![CDATA[LOCATION]]></Event>
<Latitude>22.572134</Latitude>
<Longitude>114.122330</Longitude>
<Precision>65.000000</Precision>
</xml>

2017-06-25 13:53:17 params :
------------
String:
array (
  'message' => 
  array (
    'tousername' => 'gh_599a701eee6b',
    'fromusername' => 'oeSIo0TKgtmoswQlkdhEMpktF8b0',
    'createtime' => '1498369997',
    'msgtype' => 'event',
    'event' => 'LOCATION',
    'latitude' => '22.572134',
    'longitude' => '114.122330',
    'precision' => '65.000000',
    'from' => 'oeSIo0TKgtmoswQlkdhEMpktF8b0',
    'to' => 'gh_599a701eee6b',
    'time' => '1498369997',
    'type' => 'trace',
    'location_x' => '22.572134',
    'location_y' => '114.122330',
  ),
  'module' => 'default',
  'rule' => '-1',
)

2017-06-25 13:53:17 response :
------------
Array:
errno : -1 ;
message : Invaild value ;

2017-06-25 14:10:09 trace :
------------
String:
<xml><ToUserName><![CDATA[gh_2cc1b47a6d8a]]></ToUserName>
<FromUserName><![CDATA[omxiWs5b5X6OI_j0HN5Qd61LikNI]]></FromUserName>
<CreateTime>1498371009</CreateTime>
<MsgType><![CDATA[event]]></MsgType>
<Event><![CDATA[LOCATION]]></Event>
<Latitude>22.571100</Latitude>
<Longitude>114.127472</Longitude>
<Precision>65.000000</Precision>
</xml>

2017-06-25 14:10:09 params :
------------
String:
array (
  'message' => 
  array (
    'tousername' => 'gh_2cc1b47a6d8a',
    'fromusername' => 'omxiWs5b5X6OI_j0HN5Qd61LikNI',
    'createtime' => '1498371009',
    'msgtype' => 'event',
    'event' => 'LOCATION',
    'latitude' => '22.571100',
    'longitude' => '114.127472',
    'precision' => '65.000000',
    'from' => 'omxiWs5b5X6OI_j0HN5Qd61LikNI',
    'to' => 'gh_2cc1b47a6d8a',
    'time' => '1498371009',
    'type' => 'trace',
    'location_x' => '22.571100',
    'location_y' => '114.127472',
  ),
  'module' => 'default',
  'rule' => '-1',
)

2017-06-25 14:10:09 response :
------------
Array:
errno : -1 ;
message : Invaild value ;

2017-06-25 14:10:22 trace :
------------
String:
<xml><ToUserName><![CDATA[gh_2cc1b47a6d8a]]></ToUserName>
<FromUserName><![CDATA[omxiWs5b5X6OI_j0HN5Qd61LikNI]]></FromUserName>
<CreateTime>1498371021</CreateTime>
<MsgType><![CDATA[event]]></MsgType>
<Event><![CDATA[unsubscribe]]></Event>
<EventKey><![CDATA[]]></EventKey>
</xml>

2017-06-25 14:32:54 trace :
------------
String:
<xml><ToUserName><![CDATA[gh_2cc1b47a6d8a]]></ToUserName>
<FromUserName><![CDATA[omxiWs1kbrCBG4eov9iJXqclRBeg]]></FromUserName>
<CreateTime>1498372374</CreateTime>
<MsgType><![CDATA[event]]></MsgType>
<Event><![CDATA[unsubscribe]]></Event>
<EventKey><![CDATA[]]></EventKey>
</xml>

2017-06-25 15:36:00 trace :
------------
String:
<xml><ToUserName><![CDATA[gh_2cc1b47a6d8a]]></ToUserName>
<FromUserName><![CDATA[omxiWsxpsQueo0iNsTZdYriQeyus]]></FromUserName>
<CreateTime>1498376160</CreateTime>
<MsgType><![CDATA[event]]></MsgType>
<Event><![CDATA[unsubscribe]]></Event>
<EventKey><![CDATA[]]></EventKey>
</xml>

2017-06-25 15:40:09 trace :
------------
String:
<xml><ToUserName><![CDATA[gh_2cc1b47a6d8a]]></ToUserName>
<FromUserName><![CDATA[omxiWswY_Lw8j8Dwpd-te5orcuM4]]></FromUserName>
<CreateTime>1498376409</CreateTime>
<MsgType><![CDATA[event]]></MsgType>
<Event><![CDATA[LOCATION]]></Event>
<Latitude>31.928843</Latitude>
<Longitude>119.600517</Longitude>
<Precision>5.000000</Precision>
</xml>

2017-06-25 15:40:09 params :
------------
String:
array (
  'message' => 
  array (
    'tousername' => 'gh_2cc1b47a6d8a',
    'fromusername' => 'omxiWswY_Lw8j8Dwpd-te5orcuM4',
    'createtime' => '1498376409',
    'msgtype' => 'event',
    'event' => 'LOCATION',
    'latitude' => '31.928843',
    'longitude' => '119.600517',
    'precision' => '5.000000',
    'from' => 'omxiWswY_Lw8j8Dwpd-te5orcuM4',
    'to' => 'gh_2cc1b47a6d8a',
    'time' => '1498376409',
    'type' => 'trace',
    'location_x' => '31.928843',
    'location_y' => '119.600517',
  ),
  'module' => 'default',
  'rule' => '-1',
)

2017-06-25 15:40:09 response :
------------
Array:
errno : -1 ;
message : Invaild value ;

2017-06-25 17:16:39 trace :
------------
String:
<xml><ToUserName><![CDATA[gh_2cc1b47a6d8a]]></ToUserName>
<FromUserName><![CDATA[omxiWs7IJCwiHNNNMV3trEej7Bc8]]></FromUserName>
<CreateTime>1498382199</CreateTime>
<MsgType><![CDATA[event]]></MsgType>
<Event><![CDATA[LOCATION]]></Event>
<Latitude>22.820471</Latitude>
<Longitude>113.875771</Longitude>
<Precision>65.000000</Precision>
</xml>

2017-06-25 17:16:39 params :
------------
String:
array (
  'message' => 
  array (
    'tousername' => 'gh_2cc1b47a6d8a',
    'fromusername' => 'omxiWs7IJCwiHNNNMV3trEej7Bc8',
    'createtime' => '1498382199',
    'msgtype' => 'event',
    'event' => 'LOCATION',
    'latitude' => '22.820471',
    'longitude' => '113.875771',
    'precision' => '65.000000',
    'from' => 'omxiWs7IJCwiHNNNMV3trEej7Bc8',
    'to' => 'gh_2cc1b47a6d8a',
    'time' => '1498382199',
    'type' => 'trace',
    'location_x' => '22.820471',
    'location_y' => '113.875771',
  ),
  'module' => 'default',
  'rule' => '-1',
)

2017-06-25 17:16:39 response :
------------
Array:
errno : -1 ;
message : Invaild value ;

2017-06-25 17:27:36 trace :
------------
String:
<xml><ToUserName><![CDATA[gh_2cc1b47a6d8a]]></ToUserName>
<FromUserName><![CDATA[omxiWsz5b1iXXjNCK_MRFlSWC8iQ]]></FromUserName>
<CreateTime>1498382856</CreateTime>
<MsgType><![CDATA[event]]></MsgType>
<Event><![CDATA[unsubscribe]]></Event>
<EventKey><![CDATA[]]></EventKey>
</xml>

2017-06-25 17:28:11 trace :
------------
String:
<xml><ToUserName><![CDATA[gh_2cc1b47a6d8a]]></ToUserName>
<FromUserName><![CDATA[omxiWs3T3_Bx3iQGgodnCC6-U2Pk]]></FromUserName>
<CreateTime>1498382891</CreateTime>
<MsgType><![CDATA[event]]></MsgType>
<Event><![CDATA[unsubscribe]]></Event>
<EventKey><![CDATA[]]></EventKey>
</xml>

2017-06-25 17:55:03 trace :
------------
String:
<xml><ToUserName><![CDATA[gh_599a701eee6b]]></ToUserName>
<FromUserName><![CDATA[oeSIo0RHA7WXQpjuonTQmfgsNGyY]]></FromUserName>
<CreateTime>1498384502</CreateTime>
<MsgType><![CDATA[event]]></MsgType>
<Event><![CDATA[subscribe]]></Event>
<EventKey><![CDATA[]]></EventKey>
</xml>

2017-06-25 17:55:03 params :
------------
String:
array (
  'message' => 
  array (
    'tousername' => 'gh_599a701eee6b',
    'fromusername' => 'oeSIo0RHA7WXQpjuonTQmfgsNGyY',
    'createtime' => '1498384502',
    'msgtype' => 'event',
    'event' => 'subscribe',
    'eventkey' => '',
    'from' => 'oeSIo0RHA7WXQpjuonTQmfgsNGyY',
    'to' => 'gh_599a701eee6b',
    'time' => '1498384502',
    'type' => 'text',
    'redirection' => true,
    'source' => 'subscribe',
    'content' => '投票活动',
  ),
  'module' => 'news',
  'rule' => '26',
  'priority' => '0',
  'keyword' => 
  array (
    'id' => '487',
    'rid' => '26',
    'uniacid' => '3',
    'module' => 'news',
    'content' => '投票活动',
    'type' => '1',
    'displayorder' => '0',
    'status' => '1',
  ),
)

2017-06-25 17:55:03 response :
------------
Array:
FromUserName : gh_599a701eee6b ;
ToUserName : oeSIo0RHA7WXQpjuonTQmfgsNGyY ;
MsgType : news ;
ArticleCount : 1 ;
Articles : Array ;

2017-06-25 23:06:07 trace :
------------
String:
<xml><ToUserName><![CDATA[gh_2cc1b47a6d8a]]></ToUserName>
<FromUserName><![CDATA[omxiWs4VxezRXIMmCkjfqT-MnuAc]]></FromUserName>
<CreateTime>1498403167</CreateTime>
<MsgType><![CDATA[event]]></MsgType>
<Event><![CDATA[unsubscribe]]></Event>
<EventKey><![CDATA[]]></EventKey>
</xml>

