2017-07-06 07:43:59 trace :
------------
String:
<xml><ToUserName><![CDATA[gh_599a701eee6b]]></ToUserName>
<FromUserName><![CDATA[oeSIo0WtQcutasTa8z9UNKPZiC6o]]></FromUserName>
<CreateTime>1499298239</CreateTime>
<MsgType><![CDATA[event]]></MsgType>
<Event><![CDATA[LOCATION]]></Event>
<Latitude>22.635975</Latitude>
<Longitude>113.827118</Longitude>
<Precision>35.295300</Precision>
</xml>

2017-07-06 07:43:59 params :
------------
String:
array (
  'message' => 
  array (
    'tousername' => 'gh_599a701eee6b',
    'fromusername' => 'oeSIo0WtQcutasTa8z9UNKPZiC6o',
    'createtime' => '1499298239',
    'msgtype' => 'event',
    'event' => 'LOCATION',
    'latitude' => '22.635975',
    'longitude' => '113.827118',
    'precision' => '35.295300',
    'from' => 'oeSIo0WtQcutasTa8z9UNKPZiC6o',
    'to' => 'gh_599a701eee6b',
    'time' => '1499298239',
    'type' => 'trace',
    'location_x' => '22.635975',
    'location_y' => '113.827118',
  ),
  'module' => 'default',
  'rule' => '-1',
)

2017-07-06 07:43:59 response :
------------
Array:
errno : -1 ;
message : Invaild value ;

2017-07-06 07:44:09 trace :
------------
String:
<xml><ToUserName><![CDATA[gh_599a701eee6b]]></ToUserName>
<FromUserName><![CDATA[oeSIo0WtQcutasTa8z9UNKPZiC6o]]></FromUserName>
<CreateTime>1499298249</CreateTime>
<MsgType><![CDATA[event]]></MsgType>
<Event><![CDATA[LOCATION]]></Event>
<Latitude>22.635975</Latitude>
<Longitude>113.827118</Longitude>
<Precision>35.295300</Precision>
</xml>

2017-07-06 07:44:09 params :
------------
String:
array (
  'message' => 
  array (
    'tousername' => 'gh_599a701eee6b',
    'fromusername' => 'oeSIo0WtQcutasTa8z9UNKPZiC6o',
    'createtime' => '1499298249',
    'msgtype' => 'event',
    'event' => 'LOCATION',
    'latitude' => '22.635975',
    'longitude' => '113.827118',
    'precision' => '35.295300',
    'from' => 'oeSIo0WtQcutasTa8z9UNKPZiC6o',
    'to' => 'gh_599a701eee6b',
    'time' => '1499298249',
    'type' => 'trace',
    'location_x' => '22.635975',
    'location_y' => '113.827118',
  ),
  'module' => 'default',
  'rule' => '-1',
)

2017-07-06 07:44:09 response :
------------
Array:
errno : -1 ;
message : Invaild value ;

2017-07-06 10:22:37 trace :
------------
String:
<xml><ToUserName><![CDATA[gh_599a701eee6b]]></ToUserName>
<FromUserName><![CDATA[oeSIo0XzLZscOKuHCioz1zRvXSl4]]></FromUserName>
<CreateTime>1499307756</CreateTime>
<MsgType><![CDATA[event]]></MsgType>
<Event><![CDATA[LOCATION]]></Event>
<Latitude>22.575928</Latitude>
<Longitude>114.121719</Longitude>
<Precision>65.000000</Precision>
</xml>

2017-07-06 10:22:37 params :
------------
String:
array (
  'message' => 
  array (
    'tousername' => 'gh_599a701eee6b',
    'fromusername' => 'oeSIo0XzLZscOKuHCioz1zRvXSl4',
    'createtime' => '1499307756',
    'msgtype' => 'event',
    'event' => 'LOCATION',
    'latitude' => '22.575928',
    'longitude' => '114.121719',
    'precision' => '65.000000',
    'from' => 'oeSIo0XzLZscOKuHCioz1zRvXSl4',
    'to' => 'gh_599a701eee6b',
    'time' => '1499307756',
    'type' => 'trace',
    'location_x' => '22.575928',
    'location_y' => '114.121719',
  ),
  'module' => 'default',
  'rule' => '-1',
)

2017-07-06 10:22:37 response :
------------
Array:
errno : -1 ;
message : Invaild value ;

2017-07-06 10:22:38 trace :
------------
String:
<xml><ToUserName><![CDATA[gh_2cc1b47a6d8a]]></ToUserName>
<FromUserName><![CDATA[omxiWs3sVJZ8bxtarcR3v9-LVBho]]></FromUserName>
<CreateTime>1499307758</CreateTime>
<MsgType><![CDATA[event]]></MsgType>
<Event><![CDATA[LOCATION]]></Event>
<Latitude>22.575928</Latitude>
<Longitude>114.121719</Longitude>
<Precision>65.000000</Precision>
</xml>

2017-07-06 10:22:38 params :
------------
String:
array (
  'message' => 
  array (
    'tousername' => 'gh_2cc1b47a6d8a',
    'fromusername' => 'omxiWs3sVJZ8bxtarcR3v9-LVBho',
    'createtime' => '1499307758',
    'msgtype' => 'event',
    'event' => 'LOCATION',
    'latitude' => '22.575928',
    'longitude' => '114.121719',
    'precision' => '65.000000',
    'from' => 'omxiWs3sVJZ8bxtarcR3v9-LVBho',
    'to' => 'gh_2cc1b47a6d8a',
    'time' => '1499307758',
    'type' => 'trace',
    'location_x' => '22.575928',
    'location_y' => '114.121719',
  ),
  'module' => 'default',
  'rule' => '-1',
)

2017-07-06 10:22:38 response :
------------
Array:
errno : -1 ;
message : Invaild value ;

2017-07-06 10:23:11 trace :
------------
String:
<xml><ToUserName><![CDATA[gh_599a701eee6b]]></ToUserName>
<FromUserName><![CDATA[oeSIo0XzLZscOKuHCioz1zRvXSl4]]></FromUserName>
<CreateTime>1499307791</CreateTime>
<MsgType><![CDATA[event]]></MsgType>
<Event><![CDATA[LOCATION]]></Event>
<Latitude>22.575907</Latitude>
<Longitude>114.121696</Longitude>
<Precision>65.000000</Precision>
</xml>

2017-07-06 10:23:11 params :
------------
String:
array (
  'message' => 
  array (
    'tousername' => 'gh_599a701eee6b',
    'fromusername' => 'oeSIo0XzLZscOKuHCioz1zRvXSl4',
    'createtime' => '1499307791',
    'msgtype' => 'event',
    'event' => 'LOCATION',
    'latitude' => '22.575907',
    'longitude' => '114.121696',
    'precision' => '65.000000',
    'from' => 'oeSIo0XzLZscOKuHCioz1zRvXSl4',
    'to' => 'gh_599a701eee6b',
    'time' => '1499307791',
    'type' => 'trace',
    'location_x' => '22.575907',
    'location_y' => '114.121696',
  ),
  'module' => 'default',
  'rule' => '-1',
)

2017-07-06 10:23:11 response :
------------
Array:
errno : -1 ;
message : Invaild value ;

2017-07-06 10:24:29 trace :
------------
String:
<xml><ToUserName><![CDATA[gh_2cc1b47a6d8a]]></ToUserName>
<FromUserName><![CDATA[omxiWs3sVJZ8bxtarcR3v9-LVBho]]></FromUserName>
<CreateTime>1499307869</CreateTime>
<MsgType><![CDATA[event]]></MsgType>
<Event><![CDATA[LOCATION]]></Event>
<Latitude>22.575897</Latitude>
<Longitude>114.121704</Longitude>
<Precision>65.000000</Precision>
</xml>

2017-07-06 10:24:29 params :
------------
String:
array (
  'message' => 
  array (
    'tousername' => 'gh_2cc1b47a6d8a',
    'fromusername' => 'omxiWs3sVJZ8bxtarcR3v9-LVBho',
    'createtime' => '1499307869',
    'msgtype' => 'event',
    'event' => 'LOCATION',
    'latitude' => '22.575897',
    'longitude' => '114.121704',
    'precision' => '65.000000',
    'from' => 'omxiWs3sVJZ8bxtarcR3v9-LVBho',
    'to' => 'gh_2cc1b47a6d8a',
    'time' => '1499307869',
    'type' => 'trace',
    'location_x' => '22.575897',
    'location_y' => '114.121704',
  ),
  'module' => 'default',
  'rule' => '-1',
)

2017-07-06 10:24:29 response :
------------
Array:
errno : -1 ;
message : Invaild value ;

2017-07-06 13:09:42 trace :
------------
String:
<xml><ToUserName><![CDATA[gh_2cc1b47a6d8a]]></ToUserName>
<FromUserName><![CDATA[omxiWs64TSjwoTr2vJt8bd49qjUM]]></FromUserName>
<CreateTime>1499317782</CreateTime>
<MsgType><![CDATA[event]]></MsgType>
<Event><![CDATA[LOCATION]]></Event>
<Latitude>34.384129</Latitude>
<Longitude>116.234978</Longitude>
<Precision>1090.000000</Precision>
</xml>

2017-07-06 13:09:42 params :
------------
String:
array (
  'message' => 
  array (
    'tousername' => 'gh_2cc1b47a6d8a',
    'fromusername' => 'omxiWs64TSjwoTr2vJt8bd49qjUM',
    'createtime' => '1499317782',
    'msgtype' => 'event',
    'event' => 'LOCATION',
    'latitude' => '34.384129',
    'longitude' => '116.234978',
    'precision' => '1090.000000',
    'from' => 'omxiWs64TSjwoTr2vJt8bd49qjUM',
    'to' => 'gh_2cc1b47a6d8a',
    'time' => '1499317782',
    'type' => 'trace',
    'location_x' => '34.384129',
    'location_y' => '116.234978',
  ),
  'module' => 'default',
  'rule' => '-1',
)

2017-07-06 13:09:42 response :
------------
Array:
errno : -1 ;
message : Invaild value ;

2017-07-06 15:04:13 trace :
------------
String:
<xml><ToUserName><![CDATA[gh_599a701eee6b]]></ToUserName>
<FromUserName><![CDATA[oeSIo0XzLZscOKuHCioz1zRvXSl4]]></FromUserName>
<CreateTime>1499324652</CreateTime>
<MsgType><![CDATA[event]]></MsgType>
<Event><![CDATA[LOCATION]]></Event>
<Latitude>22.575890</Latitude>
<Longitude>114.121696</Longitude>
<Precision>65.000000</Precision>
</xml>

2017-07-06 15:04:13 params :
------------
String:
array (
  'message' => 
  array (
    'tousername' => 'gh_599a701eee6b',
    'fromusername' => 'oeSIo0XzLZscOKuHCioz1zRvXSl4',
    'createtime' => '1499324652',
    'msgtype' => 'event',
    'event' => 'LOCATION',
    'latitude' => '22.575890',
    'longitude' => '114.121696',
    'precision' => '65.000000',
    'from' => 'oeSIo0XzLZscOKuHCioz1zRvXSl4',
    'to' => 'gh_599a701eee6b',
    'time' => '1499324652',
    'type' => 'trace',
    'location_x' => '22.575890',
    'location_y' => '114.121696',
  ),
  'module' => 'default',
  'rule' => '-1',
)

2017-07-06 15:04:13 response :
------------
Array:
errno : -1 ;
message : Invaild value ;

2017-07-06 21:10:11 trace :
------------
String:
<xml><ToUserName><![CDATA[gh_599a701eee6b]]></ToUserName>
<FromUserName><![CDATA[oeSIo0R-JXrWojzN5n5z69QTuuO8]]></FromUserName>
<CreateTime>1499346611</CreateTime>
<MsgType><![CDATA[event]]></MsgType>
<Event><![CDATA[LOCATION]]></Event>
<Latitude>31.653851</Latitude>
<Longitude>120.053062</Longitude>
<Precision>10.000000</Precision>
</xml>

2017-07-06 21:10:11 params :
------------
String:
array (
  'message' => 
  array (
    'tousername' => 'gh_599a701eee6b',
    'fromusername' => 'oeSIo0R-JXrWojzN5n5z69QTuuO8',
    'createtime' => '1499346611',
    'msgtype' => 'event',
    'event' => 'LOCATION',
    'latitude' => '31.653851',
    'longitude' => '120.053062',
    'precision' => '10.000000',
    'from' => 'oeSIo0R-JXrWojzN5n5z69QTuuO8',
    'to' => 'gh_599a701eee6b',
    'time' => '1499346611',
    'type' => 'trace',
    'location_x' => '31.653851',
    'location_y' => '120.053062',
  ),
  'module' => 'default',
  'rule' => '-1',
)

2017-07-06 21:10:11 response :
------------
Array:
errno : -1 ;
message : Invaild value ;

2017-07-06 21:10:18 trace :
------------
String:
<xml><ToUserName><![CDATA[gh_599a701eee6b]]></ToUserName>
<FromUserName><![CDATA[oeSIo0R-JXrWojzN5n5z69QTuuO8]]></FromUserName>
<CreateTime>1499346618</CreateTime>
<MsgType><![CDATA[event]]></MsgType>
<Event><![CDATA[LOCATION]]></Event>
<Latitude>31.654131</Latitude>
<Longitude>120.052948</Longitude>
<Precision>10.000000</Precision>
</xml>

2017-07-06 21:10:18 params :
------------
String:
array (
  'message' => 
  array (
    'tousername' => 'gh_599a701eee6b',
    'fromusername' => 'oeSIo0R-JXrWojzN5n5z69QTuuO8',
    'createtime' => '1499346618',
    'msgtype' => 'event',
    'event' => 'LOCATION',
    'latitude' => '31.654131',
    'longitude' => '120.052948',
    'precision' => '10.000000',
    'from' => 'oeSIo0R-JXrWojzN5n5z69QTuuO8',
    'to' => 'gh_599a701eee6b',
    'time' => '1499346618',
    'type' => 'trace',
    'location_x' => '31.654131',
    'location_y' => '120.052948',
  ),
  'module' => 'default',
  'rule' => '-1',
)

2017-07-06 21:10:18 response :
------------
Array:
errno : -1 ;
message : Invaild value ;

