2017-07-15 01:50:25 trace :
------------
String:
<xml><ToUserName><![CDATA[gh_2cc1b47a6d8a]]></ToUserName>
<FromUserName><![CDATA[omxiWs3r-PjX6mpxLEzNxg_EKJQ0]]></FromUserName>
<CreateTime>1500054625</CreateTime>
<MsgType><![CDATA[event]]></MsgType>
<Event><![CDATA[unsubscribe]]></Event>
<EventKey><![CDATA[]]></EventKey>
</xml>

2017-07-15 14:39:30 trace :
------------
String:
<xml><ToUserName><![CDATA[gh_599a701eee6b]]></ToUserName>
<FromUserName><![CDATA[oeSIo0T33y8PcmlLpByzpoBlmk7s]]></FromUserName>
<CreateTime>1500100769</CreateTime>
<MsgType><![CDATA[event]]></MsgType>
<Event><![CDATA[TEMPLATESENDJOBFINISH]]></Event>
<MsgID>434965810</MsgID>
<Status><![CDATA[success]]></Status>
</xml>

2017-07-15 14:39:30 params :
------------
String:
array (
  'message' => 
  array (
    'tousername' => 'gh_599a701eee6b',
    'fromusername' => 'oeSIo0T33y8PcmlLpByzpoBlmk7s',
    'createtime' => '1500100769',
    'msgtype' => 'event',
    'event' => 'TEMPLATESENDJOBFINISH',
    'msgid' => '434965810',
    'status' => 'success',
    'from' => 'oeSIo0T33y8PcmlLpByzpoBlmk7s',
    'to' => 'gh_599a701eee6b',
    'time' => '1500100769',
    'type' => 'text',
    'content' => '投票活动',
    'redirection' => true,
    'source' => 'default',
    'original' => NULL,
  ),
  'module' => 'news',
  'rule' => '26',
  'priority' => '0',
  'keyword' => 
  array (
    'id' => '487',
    'rid' => '26',
    'uniacid' => '3',
    'module' => 'news',
    'content' => '投票活动',
    'type' => '1',
    'displayorder' => '0',
    'status' => '1',
  ),
)

2017-07-15 14:39:30 response :
------------
Array:
FromUserName : gh_599a701eee6b ;
ToUserName : oeSIo0T33y8PcmlLpByzpoBlmk7s ;
MsgType : news ;
ArticleCount : 1 ;
Articles : Array ;

2017-07-15 14:39:30 trace :
------------
String:
<xml><ToUserName><![CDATA[gh_599a701eee6b]]></ToUserName>
<FromUserName><![CDATA[oeSIo0T33y8PcmlLpByzpoBlmk7s]]></FromUserName>
<CreateTime>1500100769</CreateTime>
<MsgType><![CDATA[event]]></MsgType>
<Event><![CDATA[TEMPLATESENDJOBFINISH]]></Event>
<MsgID>434965809</MsgID>
<Status><![CDATA[success]]></Status>
</xml>

2017-07-15 14:39:30 params :
------------
String:
array (
  'message' => 
  array (
    'tousername' => 'gh_599a701eee6b',
    'fromusername' => 'oeSIo0T33y8PcmlLpByzpoBlmk7s',
    'createtime' => '1500100769',
    'msgtype' => 'event',
    'event' => 'TEMPLATESENDJOBFINISH',
    'msgid' => '434965809',
    'status' => 'success',
    'from' => 'oeSIo0T33y8PcmlLpByzpoBlmk7s',
    'to' => 'gh_599a701eee6b',
    'time' => '1500100769',
    'type' => 'text',
    'content' => '投票活动',
    'redirection' => true,
    'source' => 'default',
    'original' => NULL,
  ),
  'module' => 'news',
  'rule' => '26',
  'priority' => '0',
  'keyword' => 
  array (
    'id' => '487',
    'rid' => '26',
    'uniacid' => '3',
    'module' => 'news',
    'content' => '投票活动',
    'type' => '1',
    'displayorder' => '0',
    'status' => '1',
  ),
)

2017-07-15 14:39:30 response :
------------
Array:
FromUserName : gh_599a701eee6b ;
ToUserName : oeSIo0T33y8PcmlLpByzpoBlmk7s ;
MsgType : news ;
ArticleCount : 1 ;
Articles : Array ;

