2017-05-12 10:15:25 trace :
------------
String:
<xml><ToUserName><![CDATA[gh_599a701eee6b]]></ToUserName>
<FromUserName><![CDATA[oeSIo0T33y8PcmlLpByzpoBlmk7s]]></FromUserName>
<CreateTime>1494555325</CreateTime>
<MsgType><![CDATA[event]]></MsgType>
<Event><![CDATA[VIEW]]></Event>
<EventKey><![CDATA[http://www.cdj1946.cn/app/index.php?i=3&c=entry&m=ewei_shopv2&do=mobile&r=diypage&id=19]]></EventKey>
<MenuId>428903699</MenuId>
</xml>

2017-05-12 10:15:25 params :
------------
String:
array (
  'rule' => -2,
  'module' => '',
  'message' => 
  array (
    'tousername' => 'gh_599a701eee6b',
    'fromusername' => 'oeSIo0T33y8PcmlLpByzpoBlmk7s',
    'createtime' => '1494555325',
    'msgtype' => 'event',
    'event' => 'VIEW',
    'eventkey' => 'http://www.cdj1946.cn/app/index.php?i=3&c=entry&m=ewei_shopv2&do=mobile&r=diypage&id=19',
    'menuid' => '428903699',
    'from' => 'oeSIo0T33y8PcmlLpByzpoBlmk7s',
    'to' => 'gh_599a701eee6b',
    'time' => '1494555325',
    'type' => 'text',
    'content' => 'http://www.cdj1946.cn/app/index.php?i=3&c=entry&m=ewei_shopv2&do=mobile&r=diypage&id=19',
    'redirection' => true,
    'source' => 'VIEW',
  ),
)

2017-05-12 10:15:25 response :
------------

2017-05-12 10:15:37 trace :
------------
String:
<xml><ToUserName><![CDATA[gh_599a701eee6b]]></ToUserName>
<FromUserName><![CDATA[oeSIo0T33y8PcmlLpByzpoBlmk7s]]></FromUserName>
<CreateTime>1494555337</CreateTime>
<MsgType><![CDATA[event]]></MsgType>
<Event><![CDATA[VIEW]]></Event>
<EventKey><![CDATA[http://www.cdj1946.cn/app/index.php?i=3&c=entry&m=ewei_shopv2&do=mobile&r=diypage&id=19]]></EventKey>
<MenuId>428903699</MenuId>
</xml>

2017-05-12 10:15:37 params :
------------
String:
array (
  'rule' => -2,
  'module' => '',
  'message' => 
  array (
    'tousername' => 'gh_599a701eee6b',
    'fromusername' => 'oeSIo0T33y8PcmlLpByzpoBlmk7s',
    'createtime' => '1494555337',
    'msgtype' => 'event',
    'event' => 'VIEW',
    'eventkey' => 'http://www.cdj1946.cn/app/index.php?i=3&c=entry&m=ewei_shopv2&do=mobile&r=diypage&id=19',
    'menuid' => '428903699',
    'from' => 'oeSIo0T33y8PcmlLpByzpoBlmk7s',
    'to' => 'gh_599a701eee6b',
    'time' => '1494555337',
    'type' => 'text',
    'content' => 'http://www.cdj1946.cn/app/index.php?i=3&c=entry&m=ewei_shopv2&do=mobile&r=diypage&id=19',
    'redirection' => true,
    'source' => 'VIEW',
  ),
)

2017-05-12 10:15:37 response :
------------

2017-05-12 10:15:43 trace :
------------
String:
<xml><ToUserName><![CDATA[gh_599a701eee6b]]></ToUserName>
<FromUserName><![CDATA[oeSIo0T33y8PcmlLpByzpoBlmk7s]]></FromUserName>
<CreateTime>1494555343</CreateTime>
<MsgType><![CDATA[event]]></MsgType>
<Event><![CDATA[CLICK]]></Event>
<EventKey><![CDATA[推广代言]]></EventKey>
</xml>

2017-05-12 10:16:40 trace :
------------
String:
<xml><ToUserName><![CDATA[gh_599a701eee6b]]></ToUserName>
<FromUserName><![CDATA[oeSIo0T33y8PcmlLpByzpoBlmk7s]]></FromUserName>
<CreateTime>1494555399</CreateTime>
<MsgType><![CDATA[event]]></MsgType>
<Event><![CDATA[CLICK]]></Event>
<EventKey><![CDATA[推广代言]]></EventKey>
</xml>

2017-05-12 10:17:10 trace :
------------
String:
<xml><ToUserName><![CDATA[gh_599a701eee6b]]></ToUserName>
<FromUserName><![CDATA[oeSIo0T33y8PcmlLpByzpoBlmk7s]]></FromUserName>
<CreateTime>1494555430</CreateTime>
<MsgType><![CDATA[event]]></MsgType>
<Event><![CDATA[VIEW]]></Event>
<EventKey><![CDATA[http://www.cdj1946.cn/app/index.php?i=3&c=entry&m=ewei_shopv2&do=mobile&r=diypage&id=19]]></EventKey>
<MenuId>428903699</MenuId>
</xml>

2017-05-12 10:17:10 params :
------------
String:
array (
  'rule' => -2,
  'module' => '',
  'message' => 
  array (
    'tousername' => 'gh_599a701eee6b',
    'fromusername' => 'oeSIo0T33y8PcmlLpByzpoBlmk7s',
    'createtime' => '1494555430',
    'msgtype' => 'event',
    'event' => 'VIEW',
    'eventkey' => 'http://www.cdj1946.cn/app/index.php?i=3&c=entry&m=ewei_shopv2&do=mobile&r=diypage&id=19',
    'menuid' => '428903699',
    'from' => 'oeSIo0T33y8PcmlLpByzpoBlmk7s',
    'to' => 'gh_599a701eee6b',
    'time' => '1494555430',
    'type' => 'text',
    'content' => 'http://www.cdj1946.cn/app/index.php?i=3&c=entry&m=ewei_shopv2&do=mobile&r=diypage&id=19',
    'redirection' => true,
    'source' => 'VIEW',
  ),
)

2017-05-12 10:17:10 response :
------------

2017-05-12 10:17:18 trace :
------------
String:
<xml><ToUserName><![CDATA[gh_599a701eee6b]]></ToUserName>
<FromUserName><![CDATA[oeSIo0T33y8PcmlLpByzpoBlmk7s]]></FromUserName>
<CreateTime>1494555438</CreateTime>
<MsgType><![CDATA[event]]></MsgType>
<Event><![CDATA[CLICK]]></Event>
<EventKey><![CDATA[推广代言]]></EventKey>
</xml>

2017-05-12 10:17:38 trace :
------------
String:
<xml><ToUserName><![CDATA[gh_599a701eee6b]]></ToUserName>
<FromUserName><![CDATA[oeSIo0T33y8PcmlLpByzpoBlmk7s]]></FromUserName>
<CreateTime>1494555458</CreateTime>
<MsgType><![CDATA[event]]></MsgType>
<Event><![CDATA[VIEW]]></Event>
<EventKey><![CDATA[http://www.cdj1946.cn/app/index.php?i=3&c=entry&m=ewei_shopv2&do=mobile&r=diypage&id=19]]></EventKey>
<MenuId>428903699</MenuId>
</xml>

2017-05-12 10:17:38 params :
------------
String:
array (
  'rule' => -2,
  'module' => '',
  'message' => 
  array (
    'tousername' => 'gh_599a701eee6b',
    'fromusername' => 'oeSIo0T33y8PcmlLpByzpoBlmk7s',
    'createtime' => '1494555458',
    'msgtype' => 'event',
    'event' => 'VIEW',
    'eventkey' => 'http://www.cdj1946.cn/app/index.php?i=3&c=entry&m=ewei_shopv2&do=mobile&r=diypage&id=19',
    'menuid' => '428903699',
    'from' => 'oeSIo0T33y8PcmlLpByzpoBlmk7s',
    'to' => 'gh_599a701eee6b',
    'time' => '1494555458',
    'type' => 'text',
    'content' => 'http://www.cdj1946.cn/app/index.php?i=3&c=entry&m=ewei_shopv2&do=mobile&r=diypage&id=19',
    'redirection' => true,
    'source' => 'VIEW',
  ),
)

2017-05-12 10:17:38 response :
------------

2017-05-12 10:18:16 trace :
------------
String:
<xml><ToUserName><![CDATA[gh_599a701eee6b]]></ToUserName>
<FromUserName><![CDATA[oeSIo0T33y8PcmlLpByzpoBlmk7s]]></FromUserName>
<CreateTime>1494555496</CreateTime>
<MsgType><![CDATA[text]]></MsgType>
<Content><![CDATA[http://www.cdj1946.cn/app/index.php?i=3&c=entry&m=ewei_shopv2&do=mobile&r=goods.detail&id=198]]></Content>
<MsgId>6419066977805962799</MsgId>
</xml>

2017-05-12 10:18:16 params :
------------
String:
array (
  'rule' => -2,
  'module' => '',
  'message' => 
  array (
    'tousername' => 'gh_599a701eee6b',
    'fromusername' => 'oeSIo0T33y8PcmlLpByzpoBlmk7s',
    'createtime' => '1494555496',
    'msgtype' => 'text',
    'content' => 'http://www.cdj1946.cn/app/index.php?i=3&c=entry&m=ewei_shopv2&do=mobile&r=goods.detail&id=198',
    'msgid' => '6419066977805962799',
    'from' => 'oeSIo0T33y8PcmlLpByzpoBlmk7s',
    'to' => 'gh_599a701eee6b',
    'time' => '1494555496',
    'type' => 'text',
    'event' => NULL,
    'redirection' => false,
    'source' => NULL,
  ),
)

2017-05-12 10:18:16 response :
------------

2017-05-12 10:23:57 trace :
------------
String:
<xml><ToUserName><![CDATA[gh_599a701eee6b]]></ToUserName>
<FromUserName><![CDATA[oeSIo0VX1mdpwvPelu_9TP4EYdC8]]></FromUserName>
<CreateTime>1494555836</CreateTime>
<MsgType><![CDATA[event]]></MsgType>
<Event><![CDATA[subscribe]]></Event>
<EventKey><![CDATA[]]></EventKey>
</xml>

2017-05-12 10:23:57 params :
------------
String:
array (
  'rule' => -2,
  'module' => '',
  'message' => 
  array (
    'tousername' => 'gh_599a701eee6b',
    'fromusername' => 'oeSIo0VX1mdpwvPelu_9TP4EYdC8',
    'createtime' => '1494555836',
    'msgtype' => 'event',
    'event' => 'subscribe',
    'eventkey' => '',
    'from' => 'oeSIo0VX1mdpwvPelu_9TP4EYdC8',
    'to' => 'gh_599a701eee6b',
    'time' => '1494555836',
    'type' => 'text',
    'redirection' => true,
    'source' => 'subscribe',
  ),
)

2017-05-12 10:23:57 response :
------------

2017-05-12 10:23:59 trace :
------------
String:
<xml><ToUserName><![CDATA[gh_599a701eee6b]]></ToUserName>
<FromUserName><![CDATA[oeSIo0VX1mdpwvPelu_9TP4EYdC8]]></FromUserName>
<CreateTime>1494555839</CreateTime>
<MsgType><![CDATA[event]]></MsgType>
<Event><![CDATA[VIEW]]></Event>
<EventKey><![CDATA[http://www.cdj1946.cn/app/index.php?i=3&c=entry&m=ewei_shopv2&do=mobile&r=diypage&id=19]]></EventKey>
<MenuId>428903699</MenuId>
</xml>

2017-05-12 10:23:59 params :
------------
String:
array (
  'rule' => -2,
  'module' => '',
  'message' => 
  array (
    'tousername' => 'gh_599a701eee6b',
    'fromusername' => 'oeSIo0VX1mdpwvPelu_9TP4EYdC8',
    'createtime' => '1494555839',
    'msgtype' => 'event',
    'event' => 'VIEW',
    'eventkey' => 'http://www.cdj1946.cn/app/index.php?i=3&c=entry&m=ewei_shopv2&do=mobile&r=diypage&id=19',
    'menuid' => '428903699',
    'from' => 'oeSIo0VX1mdpwvPelu_9TP4EYdC8',
    'to' => 'gh_599a701eee6b',
    'time' => '1494555839',
    'type' => 'text',
    'content' => 'http://www.cdj1946.cn/app/index.php?i=3&c=entry&m=ewei_shopv2&do=mobile&r=diypage&id=19',
    'redirection' => true,
    'source' => 'VIEW',
  ),
)

2017-05-12 10:23:59 response :
------------

2017-05-12 10:24:10 trace :
------------
String:
<xml><ToUserName><![CDATA[gh_599a701eee6b]]></ToUserName>
<FromUserName><![CDATA[oeSIo0VX1mdpwvPelu_9TP4EYdC8]]></FromUserName>
<CreateTime>1494555850</CreateTime>
<MsgType><![CDATA[event]]></MsgType>
<Event><![CDATA[VIEW]]></Event>
<EventKey><![CDATA[http://www.cdj1946.cn/app/index.php?i=3&c=entry&m=ewei_shopv2&do=mobile&r=diypage&id=19]]></EventKey>
<MenuId>428903699</MenuId>
</xml>

2017-05-12 10:24:10 params :
------------
String:
array (
  'rule' => -2,
  'module' => '',
  'message' => 
  array (
    'tousername' => 'gh_599a701eee6b',
    'fromusername' => 'oeSIo0VX1mdpwvPelu_9TP4EYdC8',
    'createtime' => '1494555850',
    'msgtype' => 'event',
    'event' => 'VIEW',
    'eventkey' => 'http://www.cdj1946.cn/app/index.php?i=3&c=entry&m=ewei_shopv2&do=mobile&r=diypage&id=19',
    'menuid' => '428903699',
    'from' => 'oeSIo0VX1mdpwvPelu_9TP4EYdC8',
    'to' => 'gh_599a701eee6b',
    'time' => '1494555850',
    'type' => 'text',
    'content' => 'http://www.cdj1946.cn/app/index.php?i=3&c=entry&m=ewei_shopv2&do=mobile&r=diypage&id=19',
    'redirection' => true,
    'source' => 'VIEW',
  ),
)

2017-05-12 10:24:10 response :
------------

2017-05-12 10:27:28 trace :
------------
String:
<xml><ToUserName><![CDATA[gh_599a701eee6b]]></ToUserName>
<FromUserName><![CDATA[oeSIo0T33y8PcmlLpByzpoBlmk7s]]></FromUserName>
<CreateTime>1494556048</CreateTime>
<MsgType><![CDATA[event]]></MsgType>
<Event><![CDATA[TEMPLATESENDJOBFINISH]]></Event>
<MsgID>428904577</MsgID>
<Status><![CDATA[success]]></Status>
</xml>

2017-05-12 10:27:28 params :
------------
String:
array (
  'rule' => -2,
  'module' => '',
  'message' => 
  array (
    'tousername' => 'gh_599a701eee6b',
    'fromusername' => 'oeSIo0T33y8PcmlLpByzpoBlmk7s',
    'createtime' => '1494556048',
    'msgtype' => 'event',
    'event' => 'TEMPLATESENDJOBFINISH',
    'msgid' => '428904577',
    'status' => 'success',
    'from' => 'oeSIo0T33y8PcmlLpByzpoBlmk7s',
    'to' => 'gh_599a701eee6b',
    'time' => '1494556048',
    'type' => 'event',
  ),
)

2017-05-12 10:27:28 response :
------------

2017-05-12 10:28:20 trace :
------------
String:
<xml><ToUserName><![CDATA[gh_599a701eee6b]]></ToUserName>
<FromUserName><![CDATA[oeSIo0T33y8PcmlLpByzpoBlmk7s]]></FromUserName>
<CreateTime>1494556100</CreateTime>
<MsgType><![CDATA[event]]></MsgType>
<Event><![CDATA[TEMPLATESENDJOBFINISH]]></Event>
<MsgID>428904645</MsgID>
<Status><![CDATA[success]]></Status>
</xml>

2017-05-12 10:28:20 params :
------------
String:
array (
  'rule' => -2,
  'module' => '',
  'message' => 
  array (
    'tousername' => 'gh_599a701eee6b',
    'fromusername' => 'oeSIo0T33y8PcmlLpByzpoBlmk7s',
    'createtime' => '1494556100',
    'msgtype' => 'event',
    'event' => 'TEMPLATESENDJOBFINISH',
    'msgid' => '428904645',
    'status' => 'success',
    'from' => 'oeSIo0T33y8PcmlLpByzpoBlmk7s',
    'to' => 'gh_599a701eee6b',
    'time' => '1494556100',
    'type' => 'event',
  ),
)

2017-05-12 10:28:20 response :
------------

2017-05-12 10:29:02 trace :
------------
String:
<xml><ToUserName><![CDATA[gh_599a701eee6b]]></ToUserName>
<FromUserName><![CDATA[oeSIo0T33y8PcmlLpByzpoBlmk7s]]></FromUserName>
<CreateTime>1494556142</CreateTime>
<MsgType><![CDATA[event]]></MsgType>
<Event><![CDATA[TEMPLATESENDJOBFINISH]]></Event>
<MsgID>428904695</MsgID>
<Status><![CDATA[success]]></Status>
</xml>

2017-05-12 10:29:02 params :
------------
String:
array (
  'rule' => -2,
  'module' => '',
  'message' => 
  array (
    'tousername' => 'gh_599a701eee6b',
    'fromusername' => 'oeSIo0T33y8PcmlLpByzpoBlmk7s',
    'createtime' => '1494556142',
    'msgtype' => 'event',
    'event' => 'TEMPLATESENDJOBFINISH',
    'msgid' => '428904695',
    'status' => 'success',
    'from' => 'oeSIo0T33y8PcmlLpByzpoBlmk7s',
    'to' => 'gh_599a701eee6b',
    'time' => '1494556142',
    'type' => 'event',
  ),
)

2017-05-12 10:29:02 response :
------------

2017-05-12 10:29:03 trace :
------------
String:
<xml><ToUserName><![CDATA[gh_599a701eee6b]]></ToUserName>
<FromUserName><![CDATA[oeSIo0T33y8PcmlLpByzpoBlmk7s]]></FromUserName>
<CreateTime>1494556143</CreateTime>
<MsgType><![CDATA[event]]></MsgType>
<Event><![CDATA[TEMPLATESENDJOBFINISH]]></Event>
<MsgID>428904696</MsgID>
<Status><![CDATA[success]]></Status>
</xml>

2017-05-12 10:29:03 params :
------------
String:
array (
  'rule' => -2,
  'module' => '',
  'message' => 
  array (
    'tousername' => 'gh_599a701eee6b',
    'fromusername' => 'oeSIo0T33y8PcmlLpByzpoBlmk7s',
    'createtime' => '1494556143',
    'msgtype' => 'event',
    'event' => 'TEMPLATESENDJOBFINISH',
    'msgid' => '428904696',
    'status' => 'success',
    'from' => 'oeSIo0T33y8PcmlLpByzpoBlmk7s',
    'to' => 'gh_599a701eee6b',
    'time' => '1494556143',
    'type' => 'event',
  ),
)

2017-05-12 10:29:03 response :
------------

2017-05-12 11:06:17 trace :
------------
String:
<xml><ToUserName><![CDATA[gh_599a701eee6b]]></ToUserName>
<FromUserName><![CDATA[oeSIo0T33y8PcmlLpByzpoBlmk7s]]></FromUserName>
<CreateTime>1494558377</CreateTime>
<MsgType><![CDATA[event]]></MsgType>
<Event><![CDATA[TEMPLATESENDJOBFINISH]]></Event>
<MsgID>428907109</MsgID>
<Status><![CDATA[success]]></Status>
</xml>

2017-05-12 11:06:17 params :
------------
String:
array (
  'rule' => -2,
  'module' => '',
  'message' => 
  array (
    'tousername' => 'gh_599a701eee6b',
    'fromusername' => 'oeSIo0T33y8PcmlLpByzpoBlmk7s',
    'createtime' => '1494558377',
    'msgtype' => 'event',
    'event' => 'TEMPLATESENDJOBFINISH',
    'msgid' => '428907109',
    'status' => 'success',
    'from' => 'oeSIo0T33y8PcmlLpByzpoBlmk7s',
    'to' => 'gh_599a701eee6b',
    'time' => '1494558377',
    'type' => 'event',
  ),
)

2017-05-12 11:06:17 response :
------------

2017-05-12 13:51:48 trace :
------------
String:
<xml><ToUserName><![CDATA[gh_599a701eee6b]]></ToUserName>
<FromUserName><![CDATA[oeSIo0T33y8PcmlLpByzpoBlmk7s]]></FromUserName>
<CreateTime>1494568308</CreateTime>
<MsgType><![CDATA[event]]></MsgType>
<Event><![CDATA[TEMPLATESENDJOBFINISH]]></Event>
<MsgID>428916567</MsgID>
<Status><![CDATA[success]]></Status>
</xml>

2017-05-12 13:51:48 params :
------------
String:
array (
  'rule' => -2,
  'module' => '',
  'message' => 
  array (
    'tousername' => 'gh_599a701eee6b',
    'fromusername' => 'oeSIo0T33y8PcmlLpByzpoBlmk7s',
    'createtime' => '1494568308',
    'msgtype' => 'event',
    'event' => 'TEMPLATESENDJOBFINISH',
    'msgid' => '428916567',
    'status' => 'success',
    'from' => 'oeSIo0T33y8PcmlLpByzpoBlmk7s',
    'to' => 'gh_599a701eee6b',
    'time' => '1494568308',
    'type' => 'event',
  ),
)

2017-05-12 13:51:48 response :
------------

2017-05-12 13:51:49 trace :
------------
String:
<xml><ToUserName><![CDATA[gh_599a701eee6b]]></ToUserName>
<FromUserName><![CDATA[oeSIo0T33y8PcmlLpByzpoBlmk7s]]></FromUserName>
<CreateTime>1494568308</CreateTime>
<MsgType><![CDATA[event]]></MsgType>
<Event><![CDATA[TEMPLATESENDJOBFINISH]]></Event>
<MsgID>428916568</MsgID>
<Status><![CDATA[success]]></Status>
</xml>

2017-05-12 13:51:49 params :
------------
String:
array (
  'rule' => -2,
  'module' => '',
  'message' => 
  array (
    'tousername' => 'gh_599a701eee6b',
    'fromusername' => 'oeSIo0T33y8PcmlLpByzpoBlmk7s',
    'createtime' => '1494568308',
    'msgtype' => 'event',
    'event' => 'TEMPLATESENDJOBFINISH',
    'msgid' => '428916568',
    'status' => 'success',
    'from' => 'oeSIo0T33y8PcmlLpByzpoBlmk7s',
    'to' => 'gh_599a701eee6b',
    'time' => '1494568308',
    'type' => 'event',
  ),
)

2017-05-12 13:51:49 response :
------------

2017-05-12 13:52:12 trace :
------------
String:
<xml><ToUserName><![CDATA[gh_599a701eee6b]]></ToUserName>
<FromUserName><![CDATA[oeSIo0T33y8PcmlLpByzpoBlmk7s]]></FromUserName>
<CreateTime>1494568332</CreateTime>
<MsgType><![CDATA[event]]></MsgType>
<Event><![CDATA[CLICK]]></Event>
<EventKey><![CDATA[推广代言]]></EventKey>
</xml>

2017-05-12 13:59:52 trace :
------------
String:
<xml><ToUserName><![CDATA[gh_599a701eee6b]]></ToUserName>
<FromUserName><![CDATA[oeSIo0TZyfBJA5uKV4AP4QTugous]]></FromUserName>
<CreateTime>1494568792</CreateTime>
<MsgType><![CDATA[event]]></MsgType>
<Event><![CDATA[subscribe]]></Event>
<EventKey><![CDATA[]]></EventKey>
</xml>

2017-05-12 13:59:52 params :
------------
String:
array (
  'rule' => -2,
  'module' => '',
  'message' => 
  array (
    'tousername' => 'gh_599a701eee6b',
    'fromusername' => 'oeSIo0TZyfBJA5uKV4AP4QTugous',
    'createtime' => '1494568792',
    'msgtype' => 'event',
    'event' => 'subscribe',
    'eventkey' => '',
    'from' => 'oeSIo0TZyfBJA5uKV4AP4QTugous',
    'to' => 'gh_599a701eee6b',
    'time' => '1494568792',
    'type' => 'text',
    'redirection' => true,
    'source' => 'subscribe',
  ),
)

2017-05-12 13:59:52 response :
------------

2017-05-12 13:59:58 trace :
------------
String:
<xml><ToUserName><![CDATA[gh_599a701eee6b]]></ToUserName>
<FromUserName><![CDATA[oeSIo0TZyfBJA5uKV4AP4QTugous]]></FromUserName>
<CreateTime>1494568798</CreateTime>
<MsgType><![CDATA[event]]></MsgType>
<Event><![CDATA[VIEW]]></Event>
<EventKey><![CDATA[http://www.cdj1946.cn/app/index.php?i=3&c=entry&m=ewei_shopv2&do=mobile&r=diypage&id=19]]></EventKey>
<MenuId>428903699</MenuId>
</xml>

2017-05-12 13:59:58 params :
------------
String:
array (
  'rule' => -2,
  'module' => '',
  'message' => 
  array (
    'tousername' => 'gh_599a701eee6b',
    'fromusername' => 'oeSIo0TZyfBJA5uKV4AP4QTugous',
    'createtime' => '1494568798',
    'msgtype' => 'event',
    'event' => 'VIEW',
    'eventkey' => 'http://www.cdj1946.cn/app/index.php?i=3&c=entry&m=ewei_shopv2&do=mobile&r=diypage&id=19',
    'menuid' => '428903699',
    'from' => 'oeSIo0TZyfBJA5uKV4AP4QTugous',
    'to' => 'gh_599a701eee6b',
    'time' => '1494568798',
    'type' => 'text',
    'content' => 'http://www.cdj1946.cn/app/index.php?i=3&c=entry&m=ewei_shopv2&do=mobile&r=diypage&id=19',
    'redirection' => true,
    'source' => 'VIEW',
  ),
)

2017-05-12 13:59:58 response :
------------

2017-05-12 14:00:15 trace :
------------
String:
<xml><ToUserName><![CDATA[gh_599a701eee6b]]></ToUserName>
<FromUserName><![CDATA[oeSIo0TZyfBJA5uKV4AP4QTugous]]></FromUserName>
<CreateTime>1494568815</CreateTime>
<MsgType><![CDATA[event]]></MsgType>
<Event><![CDATA[CLICK]]></Event>
<EventKey><![CDATA[推广代言]]></EventKey>
</xml>

2017-05-12 14:00:21 trace :
------------
String:
<xml><ToUserName><![CDATA[gh_599a701eee6b]]></ToUserName>
<FromUserName><![CDATA[oeSIo0T33y8PcmlLpByzpoBlmk7s]]></FromUserName>
<CreateTime>1494568820</CreateTime>
<MsgType><![CDATA[event]]></MsgType>
<Event><![CDATA[VIEW]]></Event>
<EventKey><![CDATA[http://www.cdj1946.cn/app/index.php?i=3&c=entry&m=ewei_shopv2&do=mobile&r=diypage&id=19]]></EventKey>
<MenuId>428903699</MenuId>
</xml>

2017-05-12 14:00:21 params :
------------
String:
array (
  'rule' => -2,
  'module' => '',
  'message' => 
  array (
    'tousername' => 'gh_599a701eee6b',
    'fromusername' => 'oeSIo0T33y8PcmlLpByzpoBlmk7s',
    'createtime' => '1494568820',
    'msgtype' => 'event',
    'event' => 'VIEW',
    'eventkey' => 'http://www.cdj1946.cn/app/index.php?i=3&c=entry&m=ewei_shopv2&do=mobile&r=diypage&id=19',
    'menuid' => '428903699',
    'from' => 'oeSIo0T33y8PcmlLpByzpoBlmk7s',
    'to' => 'gh_599a701eee6b',
    'time' => '1494568820',
    'type' => 'text',
    'content' => 'http://www.cdj1946.cn/app/index.php?i=3&c=entry&m=ewei_shopv2&do=mobile&r=diypage&id=19',
    'redirection' => true,
    'source' => 'VIEW',
  ),
)

2017-05-12 14:00:21 response :
------------

2017-05-12 14:00:30 trace :
------------
String:
<xml><ToUserName><![CDATA[gh_599a701eee6b]]></ToUserName>
<FromUserName><![CDATA[oeSIo0T33y8PcmlLpByzpoBlmk7s]]></FromUserName>
<CreateTime>1494568830</CreateTime>
<MsgType><![CDATA[event]]></MsgType>
<Event><![CDATA[LOCATION]]></Event>
<Latitude>22.575281</Latitude>
<Longitude>114.121635</Longitude>
<Precision>30.000000</Precision>
</xml>

2017-05-12 14:00:30 params :
------------
String:
array (
  'message' => 
  array (
    'tousername' => 'gh_599a701eee6b',
    'fromusername' => 'oeSIo0T33y8PcmlLpByzpoBlmk7s',
    'createtime' => '1494568830',
    'msgtype' => 'event',
    'event' => 'LOCATION',
    'latitude' => '22.575281',
    'longitude' => '114.121635',
    'precision' => '30.000000',
    'from' => 'oeSIo0T33y8PcmlLpByzpoBlmk7s',
    'to' => 'gh_599a701eee6b',
    'time' => '1494568830',
    'type' => 'trace',
    'location_x' => '22.575281',
    'location_y' => '114.121635',
  ),
  'module' => 'default',
  'rule' => '-1',
)

2017-05-12 14:00:30 response :
------------
Array:
errno : -1 ;
message : Invaild value ;

2017-05-12 14:00:31 trace :
------------
String:
<xml><ToUserName><![CDATA[gh_599a701eee6b]]></ToUserName>
<FromUserName><![CDATA[oeSIo0T33y8PcmlLpByzpoBlmk7s]]></FromUserName>
<CreateTime>1494568831</CreateTime>
<MsgType><![CDATA[event]]></MsgType>
<Event><![CDATA[VIEW]]></Event>
<EventKey><![CDATA[http://www.cdj1946.cn/app/index.php?i=3&c=entry&m=ewei_shopv2&do=mobile&r=diypage&id=19]]></EventKey>
<MenuId>428903699</MenuId>
</xml>

2017-05-12 14:00:31 params :
------------
String:
array (
  'rule' => -2,
  'module' => '',
  'message' => 
  array (
    'tousername' => 'gh_599a701eee6b',
    'fromusername' => 'oeSIo0T33y8PcmlLpByzpoBlmk7s',
    'createtime' => '1494568831',
    'msgtype' => 'event',
    'event' => 'VIEW',
    'eventkey' => 'http://www.cdj1946.cn/app/index.php?i=3&c=entry&m=ewei_shopv2&do=mobile&r=diypage&id=19',
    'menuid' => '428903699',
    'from' => 'oeSIo0T33y8PcmlLpByzpoBlmk7s',
    'to' => 'gh_599a701eee6b',
    'time' => '1494568831',
    'type' => 'text',
    'content' => 'http://www.cdj1946.cn/app/index.php?i=3&c=entry&m=ewei_shopv2&do=mobile&r=diypage&id=19',
    'redirection' => true,
    'source' => 'VIEW',
  ),
)

2017-05-12 14:00:31 response :
------------

2017-05-12 14:00:32 trace :
------------
String:
<xml><ToUserName><![CDATA[gh_599a701eee6b]]></ToUserName>
<FromUserName><![CDATA[oeSIo0TZyfBJA5uKV4AP4QTugous]]></FromUserName>
<CreateTime>1494568832</CreateTime>
<MsgType><![CDATA[text]]></MsgType>
<Content><![CDATA[推广代言]]></Content>
<MsgId>6419124255489835366</MsgId>
</xml>

2017-05-12 14:00:34 trace :
------------
String:
<xml><ToUserName><![CDATA[gh_599a701eee6b]]></ToUserName>
<FromUserName><![CDATA[oeSIo0T33y8PcmlLpByzpoBlmk7s]]></FromUserName>
<CreateTime>1494568834</CreateTime>
<MsgType><![CDATA[event]]></MsgType>
<Event><![CDATA[VIEW]]></Event>
<EventKey><![CDATA[http://w.url.cn/s/Aupht7u]]></EventKey>
<MenuId>428903699</MenuId>
</xml>

2017-05-12 14:00:34 params :
------------
String:
array (
  'rule' => -2,
  'module' => '',
  'message' => 
  array (
    'tousername' => 'gh_599a701eee6b',
    'fromusername' => 'oeSIo0T33y8PcmlLpByzpoBlmk7s',
    'createtime' => '1494568834',
    'msgtype' => 'event',
    'event' => 'VIEW',
    'eventkey' => 'http://w.url.cn/s/Aupht7u',
    'menuid' => '428903699',
    'from' => 'oeSIo0T33y8PcmlLpByzpoBlmk7s',
    'to' => 'gh_599a701eee6b',
    'time' => '1494568834',
    'type' => 'text',
    'content' => 'http://w.url.cn/s/Aupht7u',
    'redirection' => true,
    'source' => 'VIEW',
  ),
)

2017-05-12 14:00:34 response :
------------

2017-05-12 14:04:22 trace :
------------
String:
<xml><ToUserName><![CDATA[gh_599a701eee6b]]></ToUserName>
<FromUserName><![CDATA[oeSIo0T33y8PcmlLpByzpoBlmk7s]]></FromUserName>
<CreateTime>1494569062</CreateTime>
<MsgType><![CDATA[event]]></MsgType>
<Event><![CDATA[CLICK]]></Event>
<EventKey><![CDATA[推广代言]]></EventKey>
</xml>

2017-05-12 15:33:50 trace :
------------
String:
<xml><ToUserName><![CDATA[gh_599a701eee6b]]></ToUserName>
<FromUserName><![CDATA[oeSIo0aqUh8FIKIeEBmhBi6KzlRs]]></FromUserName>
<CreateTime>1494574430</CreateTime>
<MsgType><![CDATA[event]]></MsgType>
<Event><![CDATA[subscribe]]></Event>
<EventKey><![CDATA[]]></EventKey>
</xml>

2017-05-12 15:33:50 params :
------------
String:
array (
  'rule' => -2,
  'module' => '',
  'message' => 
  array (
    'tousername' => 'gh_599a701eee6b',
    'fromusername' => 'oeSIo0aqUh8FIKIeEBmhBi6KzlRs',
    'createtime' => '1494574430',
    'msgtype' => 'event',
    'event' => 'subscribe',
    'eventkey' => '',
    'from' => 'oeSIo0aqUh8FIKIeEBmhBi6KzlRs',
    'to' => 'gh_599a701eee6b',
    'time' => '1494574430',
    'type' => 'text',
    'redirection' => true,
    'source' => 'subscribe',
  ),
)

2017-05-12 15:33:50 response :
------------

2017-05-12 15:33:53 trace :
------------
String:
<xml><ToUserName><![CDATA[gh_599a701eee6b]]></ToUserName>
<FromUserName><![CDATA[oeSIo0aqUh8FIKIeEBmhBi6KzlRs]]></FromUserName>
<CreateTime>1494574433</CreateTime>
<MsgType><![CDATA[event]]></MsgType>
<Event><![CDATA[LOCATION]]></Event>
<Latitude>22.575939</Latitude>
<Longitude>114.121475</Longitude>
<Precision>30.000000</Precision>
</xml>

2017-05-12 15:33:53 params :
------------
String:
array (
  'message' => 
  array (
    'tousername' => 'gh_599a701eee6b',
    'fromusername' => 'oeSIo0aqUh8FIKIeEBmhBi6KzlRs',
    'createtime' => '1494574433',
    'msgtype' => 'event',
    'event' => 'LOCATION',
    'latitude' => '22.575939',
    'longitude' => '114.121475',
    'precision' => '30.000000',
    'from' => 'oeSIo0aqUh8FIKIeEBmhBi6KzlRs',
    'to' => 'gh_599a701eee6b',
    'time' => '1494574433',
    'type' => 'trace',
    'location_x' => '22.575939',
    'location_y' => '114.121475',
  ),
  'module' => 'default',
  'rule' => '-1',
)

2017-05-12 15:33:53 response :
------------
Array:
errno : -1 ;
message : Invaild value ;

2017-05-12 15:33:54 trace :
------------
String:
<xml><ToUserName><![CDATA[gh_599a701eee6b]]></ToUserName>
<FromUserName><![CDATA[oeSIo0aqUh8FIKIeEBmhBi6KzlRs]]></FromUserName>
<CreateTime>1494574434</CreateTime>
<MsgType><![CDATA[event]]></MsgType>
<Event><![CDATA[VIEW]]></Event>
<EventKey><![CDATA[http://www.cdj1946.cn/app/index.php?i=3&c=entry&m=ewei_shopv2&do=mobile&r=diypage&id=19]]></EventKey>
<MenuId>428903699</MenuId>
</xml>

2017-05-12 15:33:54 params :
------------
String:
array (
  'rule' => -2,
  'module' => '',
  'message' => 
  array (
    'tousername' => 'gh_599a701eee6b',
    'fromusername' => 'oeSIo0aqUh8FIKIeEBmhBi6KzlRs',
    'createtime' => '1494574434',
    'msgtype' => 'event',
    'event' => 'VIEW',
    'eventkey' => 'http://www.cdj1946.cn/app/index.php?i=3&c=entry&m=ewei_shopv2&do=mobile&r=diypage&id=19',
    'menuid' => '428903699',
    'from' => 'oeSIo0aqUh8FIKIeEBmhBi6KzlRs',
    'to' => 'gh_599a701eee6b',
    'time' => '1494574434',
    'type' => 'text',
    'content' => 'http://www.cdj1946.cn/app/index.php?i=3&c=entry&m=ewei_shopv2&do=mobile&r=diypage&id=19',
    'redirection' => true,
    'source' => 'VIEW',
  ),
)

2017-05-12 15:33:54 response :
------------

2017-05-12 15:39:46 trace :
------------
String:
<xml><ToUserName><![CDATA[gh_599a701eee6b]]></ToUserName>
<FromUserName><![CDATA[oeSIo0T33y8PcmlLpByzpoBlmk7s]]></FromUserName>
<CreateTime>1494574786</CreateTime>
<MsgType><![CDATA[event]]></MsgType>
<Event><![CDATA[CLICK]]></Event>
<EventKey><![CDATA[推广代言]]></EventKey>
</xml>

2017-05-12 15:40:02 trace :
------------
String:
<xml><ToUserName><![CDATA[gh_599a701eee6b]]></ToUserName>
<FromUserName><![CDATA[oeSIo0aqUh8FIKIeEBmhBi6KzlRs]]></FromUserName>
<CreateTime>1494574802</CreateTime>
<MsgType><![CDATA[event]]></MsgType>
<Event><![CDATA[LOCATION]]></Event>
<Latitude>22.575878</Latitude>
<Longitude>114.121521</Longitude>
<Precision>30.000000</Precision>
</xml>

2017-05-12 15:40:02 params :
------------
String:
array (
  'message' => 
  array (
    'tousername' => 'gh_599a701eee6b',
    'fromusername' => 'oeSIo0aqUh8FIKIeEBmhBi6KzlRs',
    'createtime' => '1494574802',
    'msgtype' => 'event',
    'event' => 'LOCATION',
    'latitude' => '22.575878',
    'longitude' => '114.121521',
    'precision' => '30.000000',
    'from' => 'oeSIo0aqUh8FIKIeEBmhBi6KzlRs',
    'to' => 'gh_599a701eee6b',
    'time' => '1494574802',
    'type' => 'trace',
    'location_x' => '22.575878',
    'location_y' => '114.121521',
  ),
  'module' => 'default',
  'rule' => '-1',
)

2017-05-12 15:40:02 response :
------------
Array:
errno : -1 ;
message : Invaild value ;

2017-05-12 15:54:36 trace :
------------
String:
<xml><ToUserName><![CDATA[gh_599a701eee6b]]></ToUserName>
<FromUserName><![CDATA[oeSIo0R-JXrWojzN5n5z69QTuuO8]]></FromUserName>
<CreateTime>1494575676</CreateTime>
<MsgType><![CDATA[event]]></MsgType>
<Event><![CDATA[subscribe]]></Event>
<EventKey><![CDATA[]]></EventKey>
</xml>

2017-05-12 15:54:36 params :
------------
String:
array (
  'rule' => -2,
  'module' => '',
  'message' => 
  array (
    'tousername' => 'gh_599a701eee6b',
    'fromusername' => 'oeSIo0R-JXrWojzN5n5z69QTuuO8',
    'createtime' => '1494575676',
    'msgtype' => 'event',
    'event' => 'subscribe',
    'eventkey' => '',
    'from' => 'oeSIo0R-JXrWojzN5n5z69QTuuO8',
    'to' => 'gh_599a701eee6b',
    'time' => '1494575676',
    'type' => 'text',
    'redirection' => true,
    'source' => 'subscribe',
  ),
)

2017-05-12 15:54:36 response :
------------

2017-05-12 15:54:38 trace :
------------
String:
<xml><ToUserName><![CDATA[gh_599a701eee6b]]></ToUserName>
<FromUserName><![CDATA[oeSIo0R-JXrWojzN5n5z69QTuuO8]]></FromUserName>
<CreateTime>1494575678</CreateTime>
<MsgType><![CDATA[event]]></MsgType>
<Event><![CDATA[LOCATION]]></Event>
<Latitude>31.813004</Latitude>
<Longitude>119.988258</Longitude>
<Precision>65.000000</Precision>
</xml>

2017-05-12 15:54:38 params :
------------
String:
array (
  'message' => 
  array (
    'tousername' => 'gh_599a701eee6b',
    'fromusername' => 'oeSIo0R-JXrWojzN5n5z69QTuuO8',
    'createtime' => '1494575678',
    'msgtype' => 'event',
    'event' => 'LOCATION',
    'latitude' => '31.813004',
    'longitude' => '119.988258',
    'precision' => '65.000000',
    'from' => 'oeSIo0R-JXrWojzN5n5z69QTuuO8',
    'to' => 'gh_599a701eee6b',
    'time' => '1494575678',
    'type' => 'trace',
    'location_x' => '31.813004',
    'location_y' => '119.988258',
  ),
  'module' => 'default',
  'rule' => '-1',
)

2017-05-12 15:54:38 response :
------------
Array:
errno : -1 ;
message : Invaild value ;

2017-05-12 15:55:01 trace :
------------
String:
<xml><ToUserName><![CDATA[gh_599a701eee6b]]></ToUserName>
<FromUserName><![CDATA[oeSIo0R-JXrWojzN5n5z69QTuuO8]]></FromUserName>
<CreateTime>1494575701</CreateTime>
<MsgType><![CDATA[event]]></MsgType>
<Event><![CDATA[CLICK]]></Event>
<EventKey><![CDATA[推广代言]]></EventKey>
</xml>

2017-05-12 15:57:12 trace :
------------
String:
<xml><ToUserName><![CDATA[gh_599a701eee6b]]></ToUserName>
<FromUserName><![CDATA[oeSIo0R-JXrWojzN5n5z69QTuuO8]]></FromUserName>
<CreateTime>1494575831</CreateTime>
<MsgType><![CDATA[event]]></MsgType>
<Event><![CDATA[LOCATION]]></Event>
<Latitude>31.813032</Latitude>
<Longitude>119.988319</Longitude>
<Precision>65.000000</Precision>
</xml>

2017-05-12 15:57:12 params :
------------
String:
array (
  'message' => 
  array (
    'tousername' => 'gh_599a701eee6b',
    'fromusername' => 'oeSIo0R-JXrWojzN5n5z69QTuuO8',
    'createtime' => '1494575831',
    'msgtype' => 'event',
    'event' => 'LOCATION',
    'latitude' => '31.813032',
    'longitude' => '119.988319',
    'precision' => '65.000000',
    'from' => 'oeSIo0R-JXrWojzN5n5z69QTuuO8',
    'to' => 'gh_599a701eee6b',
    'time' => '1494575831',
    'type' => 'trace',
    'location_x' => '31.813032',
    'location_y' => '119.988319',
  ),
  'module' => 'default',
  'rule' => '-1',
)

2017-05-12 15:57:12 response :
------------
Array:
errno : -1 ;
message : Invaild value ;

2017-05-12 15:57:13 trace :
------------
String:
<xml><ToUserName><![CDATA[gh_599a701eee6b]]></ToUserName>
<FromUserName><![CDATA[oeSIo0R-JXrWojzN5n5z69QTuuO8]]></FromUserName>
<CreateTime>1494575833</CreateTime>
<MsgType><![CDATA[event]]></MsgType>
<Event><![CDATA[CLICK]]></Event>
<EventKey><![CDATA[推广代言]]></EventKey>
</xml>

2017-05-12 15:57:22 trace :
------------
String:
<xml><ToUserName><![CDATA[gh_599a701eee6b]]></ToUserName>
<FromUserName><![CDATA[oeSIo0R-JXrWojzN5n5z69QTuuO8]]></FromUserName>
<CreateTime>1494575842</CreateTime>
<MsgType><![CDATA[event]]></MsgType>
<Event><![CDATA[SCAN]]></Event>
<EventKey><![CDATA[8dd86696d2ac4ba48634f54649a2778b]]></EventKey>
<Ticket><![CDATA[gQHe7zwAAAAAAAAAAS5odHRwOi8vd2VpeGluLnFxLmNvbS9xLzAyZHBoNTRnVnljRWgxMDAwMHcwN2MAAgRWahVZAwQAAAAA]]></Ticket>
</xml>

2017-05-12 15:57:22 trace :
------------
String:
<xml><ToUserName><![CDATA[gh_599a701eee6b]]></ToUserName>
<FromUserName><![CDATA[oeSIo0R-JXrWojzN5n5z69QTuuO8]]></FromUserName>
<CreateTime>1494575842</CreateTime>
<MsgType><![CDATA[event]]></MsgType>
<Event><![CDATA[LOCATION]]></Event>
<Latitude>31.813002</Latitude>
<Longitude>119.988258</Longitude>
<Precision>65.000000</Precision>
</xml>

2017-05-12 15:57:22 params :
------------
String:
array (
  'message' => 
  array (
    'tousername' => 'gh_599a701eee6b',
    'fromusername' => 'oeSIo0R-JXrWojzN5n5z69QTuuO8',
    'createtime' => '1494575842',
    'msgtype' => 'event',
    'event' => 'LOCATION',
    'latitude' => '31.813002',
    'longitude' => '119.988258',
    'precision' => '65.000000',
    'from' => 'oeSIo0R-JXrWojzN5n5z69QTuuO8',
    'to' => 'gh_599a701eee6b',
    'time' => '1494575842',
    'type' => 'trace',
    'location_x' => '31.813002',
    'location_y' => '119.988258',
  ),
  'module' => 'default',
  'rule' => '-1',
)

2017-05-12 15:57:22 response :
------------
Array:
errno : -1 ;
message : Invaild value ;

2017-05-12 16:01:12 trace :
------------
String:
<xml><ToUserName><![CDATA[gh_599a701eee6b]]></ToUserName>
<FromUserName><![CDATA[oeSIo0aqUh8FIKIeEBmhBi6KzlRs]]></FromUserName>
<CreateTime>1494576072</CreateTime>
<MsgType><![CDATA[event]]></MsgType>
<Event><![CDATA[LOCATION]]></Event>
<Latitude>22.575865</Latitude>
<Longitude>114.121475</Longitude>
<Precision>30.000000</Precision>
</xml>

2017-05-12 16:01:12 params :
------------
String:
array (
  'message' => 
  array (
    'tousername' => 'gh_599a701eee6b',
    'fromusername' => 'oeSIo0aqUh8FIKIeEBmhBi6KzlRs',
    'createtime' => '1494576072',
    'msgtype' => 'event',
    'event' => 'LOCATION',
    'latitude' => '22.575865',
    'longitude' => '114.121475',
    'precision' => '30.000000',
    'from' => 'oeSIo0aqUh8FIKIeEBmhBi6KzlRs',
    'to' => 'gh_599a701eee6b',
    'time' => '1494576072',
    'type' => 'trace',
    'location_x' => '22.575865',
    'location_y' => '114.121475',
  ),
  'module' => 'default',
  'rule' => '-1',
)

2017-05-12 16:01:12 response :
------------
Array:
errno : -1 ;
message : Invaild value ;

2017-05-12 16:01:12 trace :
------------
String:
<xml><ToUserName><![CDATA[gh_599a701eee6b]]></ToUserName>
<FromUserName><![CDATA[oeSIo0aqUh8FIKIeEBmhBi6KzlRs]]></FromUserName>
<CreateTime>1494576072</CreateTime>
<MsgType><![CDATA[event]]></MsgType>
<Event><![CDATA[CLICK]]></Event>
<EventKey><![CDATA[推广代言]]></EventKey>
</xml>

2017-05-12 16:01:39 trace :
------------
String:
<xml><ToUserName><![CDATA[gh_599a701eee6b]]></ToUserName>
<FromUserName><![CDATA[oeSIo0aqUh8FIKIeEBmhBi6KzlRs]]></FromUserName>
<CreateTime>1494576099</CreateTime>
<MsgType><![CDATA[event]]></MsgType>
<Event><![CDATA[SCAN]]></Event>
<EventKey><![CDATA[fc5bfceab89da770190a0c0d6a5def2b]]></EventKey>
<Ticket><![CDATA[gQHE8DwAAAAAAAAAAS5odHRwOi8vd2VpeGluLnFxLmNvbS9xLzAyOVNPXzRjVnljRWgxMDAwMHcwN0QAAgTJaxVZAwQAAAAA]]></Ticket>
</xml>

2017-05-12 16:01:40 trace :
------------
String:
<xml><ToUserName><![CDATA[gh_599a701eee6b]]></ToUserName>
<FromUserName><![CDATA[oeSIo0aqUh8FIKIeEBmhBi6KzlRs]]></FromUserName>
<CreateTime>1494576100</CreateTime>
<MsgType><![CDATA[event]]></MsgType>
<Event><![CDATA[LOCATION]]></Event>
<Latitude>22.575865</Latitude>
<Longitude>114.121475</Longitude>
<Precision>30.000000</Precision>
</xml>

2017-05-12 16:01:40 params :
------------
String:
array (
  'message' => 
  array (
    'tousername' => 'gh_599a701eee6b',
    'fromusername' => 'oeSIo0aqUh8FIKIeEBmhBi6KzlRs',
    'createtime' => '1494576100',
    'msgtype' => 'event',
    'event' => 'LOCATION',
    'latitude' => '22.575865',
    'longitude' => '114.121475',
    'precision' => '30.000000',
    'from' => 'oeSIo0aqUh8FIKIeEBmhBi6KzlRs',
    'to' => 'gh_599a701eee6b',
    'time' => '1494576100',
    'type' => 'trace',
    'location_x' => '22.575865',
    'location_y' => '114.121475',
  ),
  'module' => 'default',
  'rule' => '-1',
)

2017-05-12 16:01:40 response :
------------
Array:
errno : -1 ;
message : Invaild value ;

2017-05-12 16:17:51 trace :
------------
String:
<xml><ToUserName><![CDATA[gh_599a701eee6b]]></ToUserName>
<FromUserName><![CDATA[oeSIo0aqUh8FIKIeEBmhBi6KzlRs]]></FromUserName>
<CreateTime>1494577071</CreateTime>
<MsgType><![CDATA[event]]></MsgType>
<Event><![CDATA[LOCATION]]></Event>
<Latitude>22.575880</Latitude>
<Longitude>114.121490</Longitude>
<Precision>30.000000</Precision>
</xml>

2017-05-12 16:17:51 params :
------------
String:
array (
  'message' => 
  array (
    'tousername' => 'gh_599a701eee6b',
    'fromusername' => 'oeSIo0aqUh8FIKIeEBmhBi6KzlRs',
    'createtime' => '1494577071',
    'msgtype' => 'event',
    'event' => 'LOCATION',
    'latitude' => '22.575880',
    'longitude' => '114.121490',
    'precision' => '30.000000',
    'from' => 'oeSIo0aqUh8FIKIeEBmhBi6KzlRs',
    'to' => 'gh_599a701eee6b',
    'time' => '1494577071',
    'type' => 'trace',
    'location_x' => '22.575880',
    'location_y' => '114.121490',
  ),
  'module' => 'default',
  'rule' => '-1',
)

2017-05-12 16:17:51 response :
------------
Array:
errno : -1 ;
message : Invaild value ;

