2017-07-27 15:33:49 trace :
------------
String:
<xml><ToUserName><![CDATA[gh_2cc1b47a6d8a]]></ToUserName>
<FromUserName><![CDATA[omxiWszcCX3xRvun78WATpbYBtZQ]]></FromUserName>
<CreateTime>1501140829</CreateTime>
<MsgType><![CDATA[event]]></MsgType>
<Event><![CDATA[LOCATION]]></Event>
<Latitude>22.575829</Latitude>
<Longitude>114.121391</Longitude>
<Precision>30.000000</Precision>
</xml>

2017-07-27 15:33:49 params :
------------
String:
array (
  'message' => 
  array (
    'tousername' => 'gh_2cc1b47a6d8a',
    'fromusername' => 'omxiWszcCX3xRvun78WATpbYBtZQ',
    'createtime' => '1501140829',
    'msgtype' => 'event',
    'event' => 'LOCATION',
    'latitude' => '22.575829',
    'longitude' => '114.121391',
    'precision' => '30.000000',
    'from' => 'omxiWszcCX3xRvun78WATpbYBtZQ',
    'to' => 'gh_2cc1b47a6d8a',
    'time' => '1501140829',
    'type' => 'trace',
    'location_x' => '22.575829',
    'location_y' => '114.121391',
  ),
  'module' => 'default',
  'rule' => '-1',
)

2017-07-27 15:33:49 response :
------------
Array:
errno : -1 ;
message : Invaild value ;

2017-07-27 15:34:06 trace :
------------
String:
<xml><ToUserName><![CDATA[gh_2cc1b47a6d8a]]></ToUserName>
<FromUserName><![CDATA[omxiWszcCX3xRvun78WATpbYBtZQ]]></FromUserName>
<CreateTime>1501140846</CreateTime>
<MsgType><![CDATA[event]]></MsgType>
<Event><![CDATA[LOCATION]]></Event>
<Latitude>22.575829</Latitude>
<Longitude>114.121391</Longitude>
<Precision>30.000000</Precision>
</xml>

2017-07-27 15:34:06 params :
------------
String:
array (
  'message' => 
  array (
    'tousername' => 'gh_2cc1b47a6d8a',
    'fromusername' => 'omxiWszcCX3xRvun78WATpbYBtZQ',
    'createtime' => '1501140846',
    'msgtype' => 'event',
    'event' => 'LOCATION',
    'latitude' => '22.575829',
    'longitude' => '114.121391',
    'precision' => '30.000000',
    'from' => 'omxiWszcCX3xRvun78WATpbYBtZQ',
    'to' => 'gh_2cc1b47a6d8a',
    'time' => '1501140846',
    'type' => 'trace',
    'location_x' => '22.575829',
    'location_y' => '114.121391',
  ),
  'module' => 'default',
  'rule' => '-1',
)

2017-07-27 15:34:06 response :
------------
Array:
errno : -1 ;
message : Invaild value ;

2017-07-27 16:20:08 trace :
------------
String:
<xml><ToUserName><![CDATA[gh_599a701eee6b]]></ToUserName>
<FromUserName><![CDATA[oeSIo0X3V5xAT8IhMHEbF-HZRHj4]]></FromUserName>
<CreateTime>1501143607</CreateTime>
<MsgType><![CDATA[event]]></MsgType>
<Event><![CDATA[subscribe]]></Event>
<EventKey><![CDATA[]]></EventKey>
</xml>

2017-07-27 16:20:08 params :
------------
String:
array (
  'message' => 
  array (
    'tousername' => 'gh_599a701eee6b',
    'fromusername' => 'oeSIo0X3V5xAT8IhMHEbF-HZRHj4',
    'createtime' => '1501143607',
    'msgtype' => 'event',
    'event' => 'subscribe',
    'eventkey' => '',
    'from' => 'oeSIo0X3V5xAT8IhMHEbF-HZRHj4',
    'to' => 'gh_599a701eee6b',
    'time' => '1501143607',
    'type' => 'text',
    'redirection' => true,
    'source' => 'subscribe',
    'content' => '投票活动',
  ),
  'module' => 'news',
  'rule' => '26',
  'priority' => '0',
  'keyword' => 
  array (
    'id' => '487',
    'rid' => '26',
    'uniacid' => '3',
    'module' => 'news',
    'content' => '投票活动',
    'type' => '1',
    'displayorder' => '0',
    'status' => '1',
  ),
)

2017-07-27 16:20:08 response :
------------
Array:
FromUserName : gh_599a701eee6b ;
ToUserName : oeSIo0X3V5xAT8IhMHEbF-HZRHj4 ;
MsgType : news ;
ArticleCount : 1 ;
Articles : Array ;

2017-07-27 16:20:14 trace :
------------
String:
<xml><ToUserName><![CDATA[gh_2cc1b47a6d8a]]></ToUserName>
<FromUserName><![CDATA[omxiWszr43UkgLlYMHAy75Czf-KI]]></FromUserName>
<CreateTime>1501143614</CreateTime>
<MsgType><![CDATA[event]]></MsgType>
<Event><![CDATA[subscribe]]></Event>
<EventKey><![CDATA[]]></EventKey>
</xml>

2017-07-27 16:20:14 params :
------------
String:
array (
  'message' => 
  array (
    'tousername' => 'gh_2cc1b47a6d8a',
    'fromusername' => 'omxiWszr43UkgLlYMHAy75Czf-KI',
    'createtime' => '1501143614',
    'msgtype' => 'event',
    'event' => 'subscribe',
    'eventkey' => '',
    'from' => 'omxiWszr43UkgLlYMHAy75Czf-KI',
    'to' => 'gh_2cc1b47a6d8a',
    'time' => '1501143614',
    'type' => 'text',
    'redirection' => true,
    'source' => 'subscribe',
    'content' => '活动',
  ),
  'module' => 'news',
  'rule' => '23',
  'priority' => '0',
  'keyword' => 
  array (
    'id' => '486',
    'rid' => '23',
    'uniacid' => '5',
    'module' => 'news',
    'content' => '活动',
    'type' => '2',
    'displayorder' => '0',
    'status' => '1',
  ),
)

2017-07-27 16:20:14 response :
------------
Array:
FromUserName : gh_2cc1b47a6d8a ;
ToUserName : omxiWszr43UkgLlYMHAy75Czf-KI ;
MsgType : news ;
ArticleCount : 1 ;
Articles : Array ;

