2017-06-21 07:52:28 trace :
------------
String:
<xml><ToUserName><![CDATA[gh_2cc1b47a6d8a]]></ToUserName>
<FromUserName><![CDATA[omxiWs5omImyn4vwD9mEvesDdQVw]]></FromUserName>
<CreateTime>1498002748</CreateTime>
<MsgType><![CDATA[event]]></MsgType>
<Event><![CDATA[LOCATION]]></Event>
<Latitude>22.562033</Latitude>
<Longitude>114.134850</Longitude>
<Precision>30.000000</Precision>
</xml>

2017-06-21 07:52:28 params :
------------
String:
array (
  'message' => 
  array (
    'tousername' => 'gh_2cc1b47a6d8a',
    'fromusername' => 'omxiWs5omImyn4vwD9mEvesDdQVw',
    'createtime' => '1498002748',
    'msgtype' => 'event',
    'event' => 'LOCATION',
    'latitude' => '22.562033',
    'longitude' => '114.134850',
    'precision' => '30.000000',
    'from' => 'omxiWs5omImyn4vwD9mEvesDdQVw',
    'to' => 'gh_2cc1b47a6d8a',
    'time' => '1498002748',
    'type' => 'trace',
    'location_x' => '22.562033',
    'location_y' => '114.134850',
  ),
  'module' => 'default',
  'rule' => '-1',
)

2017-06-21 07:52:28 response :
------------
Array:
errno : -1 ;
message : Invaild value ;

2017-06-21 07:52:30 trace :
------------
String:
<xml><ToUserName><![CDATA[gh_2cc1b47a6d8a]]></ToUserName>
<FromUserName><![CDATA[omxiWs5omImyn4vwD9mEvesDdQVw]]></FromUserName>
<CreateTime>1498002750</CreateTime>
<MsgType><![CDATA[event]]></MsgType>
<Event><![CDATA[VIEW]]></Event>
<EventKey><![CDATA[http://mp.weixin.qq.com/s/6zX50aaM25344qd-U3FtzQ]]></EventKey>
<MenuId>409603874</MenuId>
</xml>

2017-06-21 07:52:30 params :
------------
String:
array (
  'message' => 
  array (
    'tousername' => 'gh_2cc1b47a6d8a',
    'fromusername' => 'omxiWs5omImyn4vwD9mEvesDdQVw',
    'createtime' => '1498002750',
    'msgtype' => 'event',
    'event' => 'VIEW',
    'eventkey' => 'http://mp.weixin.qq.com/s/6zX50aaM25344qd-U3FtzQ',
    'menuid' => '409603874',
    'from' => 'omxiWs5omImyn4vwD9mEvesDdQVw',
    'to' => 'gh_2cc1b47a6d8a',
    'time' => '1498002750',
    'type' => 'text',
    'content' => '投票活动',
    'redirection' => true,
    'source' => 'default',
    'original' => 'http://mp.weixin.qq.com/s/6zX50aaM25344qd-U3FtzQ',
  ),
  'module' => 'news',
  'rule' => '23',
  'priority' => '0',
  'keyword' => 
  array (
    'id' => '485',
    'rid' => '23',
    'uniacid' => '5',
    'module' => 'news',
    'content' => '投票活动',
    'type' => '1',
    'displayorder' => '0',
    'status' => '1',
  ),
)

2017-06-21 07:52:30 response :
------------
Array:
FromUserName : gh_2cc1b47a6d8a ;
ToUserName : omxiWs5omImyn4vwD9mEvesDdQVw ;
MsgType : news ;
ArticleCount : 1 ;
Articles : Array ;

2017-06-21 07:52:34 trace :
------------
String:
<xml><ToUserName><![CDATA[gh_2cc1b47a6d8a]]></ToUserName>
<FromUserName><![CDATA[omxiWs5omImyn4vwD9mEvesDdQVw]]></FromUserName>
<CreateTime>1498002754</CreateTime>
<MsgType><![CDATA[event]]></MsgType>
<Event><![CDATA[LOCATION]]></Event>
<Latitude>22.562033</Latitude>
<Longitude>114.134850</Longitude>
<Precision>30.000000</Precision>
</xml>

2017-06-21 07:52:34 params :
------------
String:
array (
  'message' => 
  array (
    'tousername' => 'gh_2cc1b47a6d8a',
    'fromusername' => 'omxiWs5omImyn4vwD9mEvesDdQVw',
    'createtime' => '1498002754',
    'msgtype' => 'event',
    'event' => 'LOCATION',
    'latitude' => '22.562033',
    'longitude' => '114.134850',
    'precision' => '30.000000',
    'from' => 'omxiWs5omImyn4vwD9mEvesDdQVw',
    'to' => 'gh_2cc1b47a6d8a',
    'time' => '1498002754',
    'type' => 'trace',
    'location_x' => '22.562033',
    'location_y' => '114.134850',
  ),
  'module' => 'default',
  'rule' => '-1',
)

2017-06-21 07:52:34 response :
------------
Array:
errno : -1 ;
message : Invaild value ;

2017-06-21 07:52:35 trace :
------------
String:
<xml><ToUserName><![CDATA[gh_2cc1b47a6d8a]]></ToUserName>
<FromUserName><![CDATA[omxiWs5omImyn4vwD9mEvesDdQVw]]></FromUserName>
<CreateTime>1498002755</CreateTime>
<MsgType><![CDATA[event]]></MsgType>
<Event><![CDATA[VIEW]]></Event>
<EventKey><![CDATA[http://r.xiumi.us/stage/v5/2EA7C/43908634#/]]></EventKey>
<MenuId>409603874</MenuId>
</xml>

2017-06-21 07:52:35 params :
------------
String:
array (
  'message' => 
  array (
    'tousername' => 'gh_2cc1b47a6d8a',
    'fromusername' => 'omxiWs5omImyn4vwD9mEvesDdQVw',
    'createtime' => '1498002755',
    'msgtype' => 'event',
    'event' => 'VIEW',
    'eventkey' => 'http://r.xiumi.us/stage/v5/2EA7C/43908634#/',
    'menuid' => '409603874',
    'from' => 'omxiWs5omImyn4vwD9mEvesDdQVw',
    'to' => 'gh_2cc1b47a6d8a',
    'time' => '1498002755',
    'type' => 'text',
    'content' => '投票活动',
    'redirection' => true,
    'source' => 'default',
    'original' => 'http://r.xiumi.us/stage/v5/2EA7C/43908634#/',
  ),
  'module' => 'news',
  'rule' => '23',
  'priority' => '0',
  'keyword' => 
  array (
    'id' => '485',
    'rid' => '23',
    'uniacid' => '5',
    'module' => 'news',
    'content' => '投票活动',
    'type' => '1',
    'displayorder' => '0',
    'status' => '1',
  ),
)

2017-06-21 07:52:35 response :
------------
Array:
FromUserName : gh_2cc1b47a6d8a ;
ToUserName : omxiWs5omImyn4vwD9mEvesDdQVw ;
MsgType : news ;
ArticleCount : 1 ;
Articles : Array ;

2017-06-21 07:52:39 trace :
------------
String:
<xml><ToUserName><![CDATA[gh_2cc1b47a6d8a]]></ToUserName>
<FromUserName><![CDATA[omxiWs5omImyn4vwD9mEvesDdQVw]]></FromUserName>
<CreateTime>1498002759</CreateTime>
<MsgType><![CDATA[event]]></MsgType>
<Event><![CDATA[VIEW]]></Event>
<EventKey><![CDATA[http://www.cdj1946.cn/app/index.php?i=5&c=entry&rid=24&do=index&m=tyzm_diamondvote]]></EventKey>
<MenuId>409603874</MenuId>
</xml>

2017-06-21 07:52:39 params :
------------
String:
array (
  'message' => 
  array (
    'tousername' => 'gh_2cc1b47a6d8a',
    'fromusername' => 'omxiWs5omImyn4vwD9mEvesDdQVw',
    'createtime' => '1498002759',
    'msgtype' => 'event',
    'event' => 'VIEW',
    'eventkey' => 'http://www.cdj1946.cn/app/index.php?i=5&c=entry&rid=24&do=index&m=tyzm_diamondvote',
    'menuid' => '409603874',
    'from' => 'omxiWs5omImyn4vwD9mEvesDdQVw',
    'to' => 'gh_2cc1b47a6d8a',
    'time' => '1498002759',
    'type' => 'text',
    'content' => '投票活动',
    'redirection' => true,
    'source' => 'default',
    'original' => 'http://www.cdj1946.cn/app/index.php?i=5&c=entry&rid=24&do=index&m=tyzm_diamondvote',
  ),
  'module' => 'news',
  'rule' => '23',
  'priority' => '0',
  'keyword' => 
  array (
    'id' => '485',
    'rid' => '23',
    'uniacid' => '5',
    'module' => 'news',
    'content' => '投票活动',
    'type' => '1',
    'displayorder' => '0',
    'status' => '1',
  ),
)

2017-06-21 07:52:39 response :
------------
Array:
FromUserName : gh_2cc1b47a6d8a ;
ToUserName : omxiWs5omImyn4vwD9mEvesDdQVw ;
MsgType : news ;
ArticleCount : 1 ;
Articles : Array ;

2017-06-21 07:52:41 trace :
------------
String:
<xml><ToUserName><![CDATA[gh_2cc1b47a6d8a]]></ToUserName>
<FromUserName><![CDATA[omxiWs5omImyn4vwD9mEvesDdQVw]]></FromUserName>
<CreateTime>1498002761</CreateTime>
<MsgType><![CDATA[event]]></MsgType>
<Event><![CDATA[LOCATION]]></Event>
<Latitude>22.562033</Latitude>
<Longitude>114.134850</Longitude>
<Precision>30.000000</Precision>
</xml>

2017-06-21 07:52:41 params :
------------
String:
array (
  'message' => 
  array (
    'tousername' => 'gh_2cc1b47a6d8a',
    'fromusername' => 'omxiWs5omImyn4vwD9mEvesDdQVw',
    'createtime' => '1498002761',
    'msgtype' => 'event',
    'event' => 'LOCATION',
    'latitude' => '22.562033',
    'longitude' => '114.134850',
    'precision' => '30.000000',
    'from' => 'omxiWs5omImyn4vwD9mEvesDdQVw',
    'to' => 'gh_2cc1b47a6d8a',
    'time' => '1498002761',
    'type' => 'trace',
    'location_x' => '22.562033',
    'location_y' => '114.134850',
  ),
  'module' => 'default',
  'rule' => '-1',
)

2017-06-21 07:52:41 response :
------------
Array:
errno : -1 ;
message : Invaild value ;

2017-06-21 07:52:47 trace :
------------
String:
<xml><ToUserName><![CDATA[gh_2cc1b47a6d8a]]></ToUserName>
<FromUserName><![CDATA[omxiWs5omImyn4vwD9mEvesDdQVw]]></FromUserName>
<CreateTime>1498002767</CreateTime>
<MsgType><![CDATA[event]]></MsgType>
<Event><![CDATA[LOCATION]]></Event>
<Latitude>22.562033</Latitude>
<Longitude>114.134850</Longitude>
<Precision>30.000000</Precision>
</xml>

2017-06-21 07:52:47 params :
------------
String:
array (
  'message' => 
  array (
    'tousername' => 'gh_2cc1b47a6d8a',
    'fromusername' => 'omxiWs5omImyn4vwD9mEvesDdQVw',
    'createtime' => '1498002767',
    'msgtype' => 'event',
    'event' => 'LOCATION',
    'latitude' => '22.562033',
    'longitude' => '114.134850',
    'precision' => '30.000000',
    'from' => 'omxiWs5omImyn4vwD9mEvesDdQVw',
    'to' => 'gh_2cc1b47a6d8a',
    'time' => '1498002767',
    'type' => 'trace',
    'location_x' => '22.562033',
    'location_y' => '114.134850',
  ),
  'module' => 'default',
  'rule' => '-1',
)

2017-06-21 07:52:47 response :
------------
Array:
errno : -1 ;
message : Invaild value ;

2017-06-21 07:52:57 trace :
------------
String:
<xml><ToUserName><![CDATA[gh_2cc1b47a6d8a]]></ToUserName>
<FromUserName><![CDATA[omxiWs5omImyn4vwD9mEvesDdQVw]]></FromUserName>
<CreateTime>1498002777</CreateTime>
<MsgType><![CDATA[event]]></MsgType>
<Event><![CDATA[LOCATION]]></Event>
<Latitude>22.562033</Latitude>
<Longitude>114.134850</Longitude>
<Precision>30.000000</Precision>
</xml>

2017-06-21 07:52:57 params :
------------
String:
array (
  'message' => 
  array (
    'tousername' => 'gh_2cc1b47a6d8a',
    'fromusername' => 'omxiWs5omImyn4vwD9mEvesDdQVw',
    'createtime' => '1498002777',
    'msgtype' => 'event',
    'event' => 'LOCATION',
    'latitude' => '22.562033',
    'longitude' => '114.134850',
    'precision' => '30.000000',
    'from' => 'omxiWs5omImyn4vwD9mEvesDdQVw',
    'to' => 'gh_2cc1b47a6d8a',
    'time' => '1498002777',
    'type' => 'trace',
    'location_x' => '22.562033',
    'location_y' => '114.134850',
  ),
  'module' => 'default',
  'rule' => '-1',
)

2017-06-21 07:52:57 response :
------------
Array:
errno : -1 ;
message : Invaild value ;

2017-06-21 08:43:08 trace :
------------
String:
<xml><ToUserName><![CDATA[gh_2cc1b47a6d8a]]></ToUserName>
<FromUserName><![CDATA[omxiWs3g_MnxfN7Pe045x5nF6gEo]]></FromUserName>
<CreateTime>1498005788</CreateTime>
<MsgType><![CDATA[event]]></MsgType>
<Event><![CDATA[unsubscribe]]></Event>
<EventKey><![CDATA[]]></EventKey>
</xml>

2017-06-21 15:47:50 trace :
------------
String:
<xml><ToUserName><![CDATA[gh_599a701eee6b]]></ToUserName>
<FromUserName><![CDATA[oeSIo0R0o6xAUCkGuJCQd0387ciA]]></FromUserName>
<CreateTime>1498031270</CreateTime>
<MsgType><![CDATA[event]]></MsgType>
<Event><![CDATA[VIEW]]></Event>
<EventKey><![CDATA[http://www.cdj1946.cn/app/index.php?i=5&c=entry&rid=24&do=index&m=tyzm_diamondvote]]></EventKey>
<MenuId>429584449</MenuId>
</xml>

2017-06-21 15:47:50 params :
------------
String:
array (
  'message' => 
  array (
    'tousername' => 'gh_599a701eee6b',
    'fromusername' => 'oeSIo0R0o6xAUCkGuJCQd0387ciA',
    'createtime' => '1498031270',
    'msgtype' => 'event',
    'event' => 'VIEW',
    'eventkey' => 'http://www.cdj1946.cn/app/index.php?i=5&c=entry&rid=24&do=index&m=tyzm_diamondvote',
    'menuid' => '429584449',
    'from' => 'oeSIo0R0o6xAUCkGuJCQd0387ciA',
    'to' => 'gh_599a701eee6b',
    'time' => '1498031270',
    'type' => 'text',
    'content' => '投票活动',
    'redirection' => true,
    'source' => 'default',
    'original' => 'http://www.cdj1946.cn/app/index.php?i=5&c=entry&rid=24&do=index&m=tyzm_diamondvote',
  ),
  'module' => 'news',
  'rule' => '26',
  'priority' => '0',
  'keyword' => 
  array (
    'id' => '487',
    'rid' => '26',
    'uniacid' => '3',
    'module' => 'news',
    'content' => '投票活动',
    'type' => '1',
    'displayorder' => '0',
    'status' => '1',
  ),
)

2017-06-21 15:47:50 response :
------------
Array:
FromUserName : gh_599a701eee6b ;
ToUserName : oeSIo0R0o6xAUCkGuJCQd0387ciA ;
MsgType : news ;
ArticleCount : 1 ;
Articles : Array ;

2017-06-21 15:54:02 trace :
------------
String:
<xml><ToUserName><![CDATA[gh_599a701eee6b]]></ToUserName>
<FromUserName><![CDATA[oeSIo0TFyr7LsUX6AgiRXytdAcQQ]]></FromUserName>
<CreateTime>1498031641</CreateTime>
<MsgType><![CDATA[event]]></MsgType>
<Event><![CDATA[subscribe]]></Event>
<EventKey><![CDATA[]]></EventKey>
</xml>

2017-06-21 15:54:02 params :
------------
String:
array (
  'message' => 
  array (
    'tousername' => 'gh_599a701eee6b',
    'fromusername' => 'oeSIo0TFyr7LsUX6AgiRXytdAcQQ',
    'createtime' => '1498031641',
    'msgtype' => 'event',
    'event' => 'subscribe',
    'eventkey' => '',
    'from' => 'oeSIo0TFyr7LsUX6AgiRXytdAcQQ',
    'to' => 'gh_599a701eee6b',
    'time' => '1498031641',
    'type' => 'text',
    'redirection' => true,
    'source' => 'subscribe',
    'content' => '投票活动',
  ),
  'module' => 'news',
  'rule' => '26',
  'priority' => '0',
  'keyword' => 
  array (
    'id' => '487',
    'rid' => '26',
    'uniacid' => '3',
    'module' => 'news',
    'content' => '投票活动',
    'type' => '1',
    'displayorder' => '0',
    'status' => '1',
  ),
)

2017-06-21 15:54:02 response :
------------
Array:
FromUserName : gh_599a701eee6b ;
ToUserName : oeSIo0TFyr7LsUX6AgiRXytdAcQQ ;
MsgType : news ;
ArticleCount : 1 ;
Articles : Array ;

2017-06-21 15:54:04 trace :
------------
String:
<xml><ToUserName><![CDATA[gh_599a701eee6b]]></ToUserName>
<FromUserName><![CDATA[oeSIo0TFyr7LsUX6AgiRXytdAcQQ]]></FromUserName>
<CreateTime>1498031644</CreateTime>
<MsgType><![CDATA[event]]></MsgType>
<Event><![CDATA[LOCATION]]></Event>
<Latitude>22.572109</Latitude>
<Longitude>114.122368</Longitude>
<Precision>65.000000</Precision>
</xml>

2017-06-21 15:54:04 params :
------------
String:
array (
  'message' => 
  array (
    'tousername' => 'gh_599a701eee6b',
    'fromusername' => 'oeSIo0TFyr7LsUX6AgiRXytdAcQQ',
    'createtime' => '1498031644',
    'msgtype' => 'event',
    'event' => 'LOCATION',
    'latitude' => '22.572109',
    'longitude' => '114.122368',
    'precision' => '65.000000',
    'from' => 'oeSIo0TFyr7LsUX6AgiRXytdAcQQ',
    'to' => 'gh_599a701eee6b',
    'time' => '1498031644',
    'type' => 'trace',
    'location_x' => '22.572109',
    'location_y' => '114.122368',
  ),
  'module' => 'default',
  'rule' => '-1',
)

2017-06-21 15:54:04 response :
------------
Array:
errno : -1 ;
message : Invaild value ;

2017-06-21 18:08:03 trace :
------------
String:
<xml><ToUserName><![CDATA[gh_599a701eee6b]]></ToUserName>
<FromUserName><![CDATA[oeSIo0TFyr7LsUX6AgiRXytdAcQQ]]></FromUserName>
<CreateTime>1498039683</CreateTime>
<MsgType><![CDATA[event]]></MsgType>
<Event><![CDATA[LOCATION]]></Event>
<Latitude>22.571859</Latitude>
<Longitude>114.122688</Longitude>
<Precision>65.000000</Precision>
</xml>

2017-06-21 18:08:03 params :
------------
String:
array (
  'message' => 
  array (
    'tousername' => 'gh_599a701eee6b',
    'fromusername' => 'oeSIo0TFyr7LsUX6AgiRXytdAcQQ',
    'createtime' => '1498039683',
    'msgtype' => 'event',
    'event' => 'LOCATION',
    'latitude' => '22.571859',
    'longitude' => '114.122688',
    'precision' => '65.000000',
    'from' => 'oeSIo0TFyr7LsUX6AgiRXytdAcQQ',
    'to' => 'gh_599a701eee6b',
    'time' => '1498039683',
    'type' => 'trace',
    'location_x' => '22.571859',
    'location_y' => '114.122688',
  ),
  'module' => 'default',
  'rule' => '-1',
)

2017-06-21 18:08:03 response :
------------
Array:
errno : -1 ;
message : Invaild value ;

2017-06-21 18:08:08 trace :
------------
String:
<xml><ToUserName><![CDATA[gh_599a701eee6b]]></ToUserName>
<FromUserName><![CDATA[oeSIo0TFyr7LsUX6AgiRXytdAcQQ]]></FromUserName>
<CreateTime>1498039688</CreateTime>
<MsgType><![CDATA[event]]></MsgType>
<Event><![CDATA[unsubscribe]]></Event>
<EventKey><![CDATA[]]></EventKey>
</xml>

