2017-06-17 01:11:14 trace :
------------
String:
<xml><ToUserName><![CDATA[gh_2cc1b47a6d8a]]></ToUserName>
<FromUserName><![CDATA[omxiWs6Ci8jNoLUUAhYg9ao5dFkw]]></FromUserName>
<CreateTime>1497633073</CreateTime>
<MsgType><![CDATA[event]]></MsgType>
<Event><![CDATA[LOCATION]]></Event>
<Latitude>22.574394</Latitude>
<Longitude>114.128731</Longitude>
<Precision>30.000000</Precision>
</xml>

2017-06-17 01:11:14 params :
------------
String:
array (
  'message' => 
  array (
    'tousername' => 'gh_2cc1b47a6d8a',
    'fromusername' => 'omxiWs6Ci8jNoLUUAhYg9ao5dFkw',
    'createtime' => '1497633073',
    'msgtype' => 'event',
    'event' => 'LOCATION',
    'latitude' => '22.574394',
    'longitude' => '114.128731',
    'precision' => '30.000000',
    'from' => 'omxiWs6Ci8jNoLUUAhYg9ao5dFkw',
    'to' => 'gh_2cc1b47a6d8a',
    'time' => '1497633073',
    'type' => 'trace',
    'location_x' => '22.574394',
    'location_y' => '114.128731',
  ),
  'module' => 'default',
  'rule' => '-1',
)

2017-06-17 01:11:14 response :
------------
Array:
errno : -1 ;
message : Invaild value ;

2017-06-17 10:01:09 trace :
------------
String:
<xml><ToUserName><![CDATA[gh_2cc1b47a6d8a]]></ToUserName>
<FromUserName><![CDATA[omxiWsyc_h11ORIlP0B9gbPftHPo]]></FromUserName>
<CreateTime>1497664869</CreateTime>
<MsgType><![CDATA[event]]></MsgType>
<Event><![CDATA[VIEW]]></Event>
<EventKey><![CDATA[http://r.xiumi.us/stage/v5/2EA7C/43908634#/]]></EventKey>
<MenuId>409603874</MenuId>
</xml>

2017-06-17 10:01:09 params :
------------
String:
array (
  'message' => 
  array (
    'tousername' => 'gh_2cc1b47a6d8a',
    'fromusername' => 'omxiWsyc_h11ORIlP0B9gbPftHPo',
    'createtime' => '1497664869',
    'msgtype' => 'event',
    'event' => 'VIEW',
    'eventkey' => 'http://r.xiumi.us/stage/v5/2EA7C/43908634#/',
    'menuid' => '409603874',
    'from' => 'omxiWsyc_h11ORIlP0B9gbPftHPo',
    'to' => 'gh_2cc1b47a6d8a',
    'time' => '1497664869',
    'type' => 'text',
    'content' => '投票活动',
    'redirection' => true,
    'source' => 'default',
    'original' => 'http://r.xiumi.us/stage/v5/2EA7C/43908634#/',
  ),
  'module' => 'news',
  'rule' => '23',
  'priority' => '0',
  'keyword' => 
  array (
    'id' => '485',
    'rid' => '23',
    'uniacid' => '5',
    'module' => 'news',
    'content' => '投票活动',
    'type' => '1',
    'displayorder' => '0',
    'status' => '1',
  ),
)

2017-06-17 10:01:09 response :
------------
Array:
FromUserName : gh_2cc1b47a6d8a ;
ToUserName : omxiWsyc_h11ORIlP0B9gbPftHPo ;
MsgType : news ;
ArticleCount : 1 ;
Articles : Array ;

2017-06-17 10:45:59 trace :
------------
String:
<xml><ToUserName><![CDATA[gh_2cc1b47a6d8a]]></ToUserName>
<FromUserName><![CDATA[omxiWsyc_h11ORIlP0B9gbPftHPo]]></FromUserName>
<CreateTime>1497667559</CreateTime>
<MsgType><![CDATA[event]]></MsgType>
<Event><![CDATA[VIEW]]></Event>
<EventKey><![CDATA[http://www.cdj1946.cn/app/index.php?i=5&c=entry&rid=24&do=index&m=tyzm_diamondvote]]></EventKey>
<MenuId>409603874</MenuId>
</xml>

2017-06-17 10:45:59 params :
------------
String:
array (
  'message' => 
  array (
    'tousername' => 'gh_2cc1b47a6d8a',
    'fromusername' => 'omxiWsyc_h11ORIlP0B9gbPftHPo',
    'createtime' => '1497667559',
    'msgtype' => 'event',
    'event' => 'VIEW',
    'eventkey' => 'http://www.cdj1946.cn/app/index.php?i=5&c=entry&rid=24&do=index&m=tyzm_diamondvote',
    'menuid' => '409603874',
    'from' => 'omxiWsyc_h11ORIlP0B9gbPftHPo',
    'to' => 'gh_2cc1b47a6d8a',
    'time' => '1497667559',
    'type' => 'text',
    'content' => '投票活动',
    'redirection' => true,
    'source' => 'default',
    'original' => 'http://www.cdj1946.cn/app/index.php?i=5&c=entry&rid=24&do=index&m=tyzm_diamondvote',
  ),
  'module' => 'news',
  'rule' => '23',
  'priority' => '0',
  'keyword' => 
  array (
    'id' => '485',
    'rid' => '23',
    'uniacid' => '5',
    'module' => 'news',
    'content' => '投票活动',
    'type' => '1',
    'displayorder' => '0',
    'status' => '1',
  ),
)

2017-06-17 10:45:59 response :
------------
Array:
FromUserName : gh_2cc1b47a6d8a ;
ToUserName : omxiWsyc_h11ORIlP0B9gbPftHPo ;
MsgType : news ;
ArticleCount : 1 ;
Articles : Array ;

2017-06-17 10:46:03 trace :
------------
String:
<xml><ToUserName><![CDATA[gh_2cc1b47a6d8a]]></ToUserName>
<FromUserName><![CDATA[omxiWsyc_h11ORIlP0B9gbPftHPo]]></FromUserName>
<CreateTime>1497667563</CreateTime>
<MsgType><![CDATA[event]]></MsgType>
<Event><![CDATA[VIEW]]></Event>
<EventKey><![CDATA[http://r.xiumi.us/stage/v5/2EA7C/43908634#/]]></EventKey>
<MenuId>409603874</MenuId>
</xml>

2017-06-17 10:46:03 params :
------------
String:
array (
  'message' => 
  array (
    'tousername' => 'gh_2cc1b47a6d8a',
    'fromusername' => 'omxiWsyc_h11ORIlP0B9gbPftHPo',
    'createtime' => '1497667563',
    'msgtype' => 'event',
    'event' => 'VIEW',
    'eventkey' => 'http://r.xiumi.us/stage/v5/2EA7C/43908634#/',
    'menuid' => '409603874',
    'from' => 'omxiWsyc_h11ORIlP0B9gbPftHPo',
    'to' => 'gh_2cc1b47a6d8a',
    'time' => '1497667563',
    'type' => 'text',
    'content' => '投票活动',
    'redirection' => true,
    'source' => 'default',
    'original' => 'http://r.xiumi.us/stage/v5/2EA7C/43908634#/',
  ),
  'module' => 'news',
  'rule' => '23',
  'priority' => '0',
  'keyword' => 
  array (
    'id' => '485',
    'rid' => '23',
    'uniacid' => '5',
    'module' => 'news',
    'content' => '投票活动',
    'type' => '1',
    'displayorder' => '0',
    'status' => '1',
  ),
)

2017-06-17 10:46:03 response :
------------
Array:
FromUserName : gh_2cc1b47a6d8a ;
ToUserName : omxiWsyc_h11ORIlP0B9gbPftHPo ;
MsgType : news ;
ArticleCount : 1 ;
Articles : Array ;

2017-06-17 10:46:05 trace :
------------
String:
<xml><ToUserName><![CDATA[gh_2cc1b47a6d8a]]></ToUserName>
<FromUserName><![CDATA[omxiWsyc_h11ORIlP0B9gbPftHPo]]></FromUserName>
<CreateTime>1497667565</CreateTime>
<MsgType><![CDATA[event]]></MsgType>
<Event><![CDATA[VIEW]]></Event>
<EventKey><![CDATA[http://mp.weixin.qq.com/s/6zX50aaM25344qd-U3FtzQ]]></EventKey>
<MenuId>409603874</MenuId>
</xml>

2017-06-17 10:46:05 params :
------------
String:
array (
  'message' => 
  array (
    'tousername' => 'gh_2cc1b47a6d8a',
    'fromusername' => 'omxiWsyc_h11ORIlP0B9gbPftHPo',
    'createtime' => '1497667565',
    'msgtype' => 'event',
    'event' => 'VIEW',
    'eventkey' => 'http://mp.weixin.qq.com/s/6zX50aaM25344qd-U3FtzQ',
    'menuid' => '409603874',
    'from' => 'omxiWsyc_h11ORIlP0B9gbPftHPo',
    'to' => 'gh_2cc1b47a6d8a',
    'time' => '1497667565',
    'type' => 'text',
    'content' => '投票活动',
    'redirection' => true,
    'source' => 'default',
    'original' => 'http://mp.weixin.qq.com/s/6zX50aaM25344qd-U3FtzQ',
  ),
  'module' => 'news',
  'rule' => '23',
  'priority' => '0',
  'keyword' => 
  array (
    'id' => '485',
    'rid' => '23',
    'uniacid' => '5',
    'module' => 'news',
    'content' => '投票活动',
    'type' => '1',
    'displayorder' => '0',
    'status' => '1',
  ),
)

2017-06-17 10:46:05 response :
------------
Array:
FromUserName : gh_2cc1b47a6d8a ;
ToUserName : omxiWsyc_h11ORIlP0B9gbPftHPo ;
MsgType : news ;
ArticleCount : 1 ;
Articles : Array ;

2017-06-17 11:23:02 trace :
------------
String:
<xml><ToUserName><![CDATA[gh_2cc1b47a6d8a]]></ToUserName>
<FromUserName><![CDATA[omxiWswX2Qv8DqtocqCcimjBfsxk]]></FromUserName>
<CreateTime>1497669782</CreateTime>
<MsgType><![CDATA[event]]></MsgType>
<Event><![CDATA[unsubscribe]]></Event>
<EventKey><![CDATA[]]></EventKey>
</xml>

2017-06-17 11:35:58 trace :
------------
String:
<xml><ToUserName><![CDATA[gh_2cc1b47a6d8a]]></ToUserName>
<FromUserName><![CDATA[omxiWs3sVJZ8bxtarcR3v9-LVBho]]></FromUserName>
<CreateTime>1497670558</CreateTime>
<MsgType><![CDATA[event]]></MsgType>
<Event><![CDATA[subscribe]]></Event>
<EventKey><![CDATA[]]></EventKey>
</xml>

2017-06-17 11:35:58 params :
------------
String:
array (
  'message' => 
  array (
    'tousername' => 'gh_2cc1b47a6d8a',
    'fromusername' => 'omxiWs3sVJZ8bxtarcR3v9-LVBho',
    'createtime' => '1497670558',
    'msgtype' => 'event',
    'event' => 'subscribe',
    'eventkey' => '',
    'from' => 'omxiWs3sVJZ8bxtarcR3v9-LVBho',
    'to' => 'gh_2cc1b47a6d8a',
    'time' => '1497670558',
    'type' => 'text',
    'redirection' => true,
    'source' => 'subscribe',
    'content' => '活动',
  ),
  'module' => 'news',
  'rule' => '23',
  'priority' => '0',
  'keyword' => 
  array (
    'id' => '486',
    'rid' => '23',
    'uniacid' => '5',
    'module' => 'news',
    'content' => '活动',
    'type' => '2',
    'displayorder' => '0',
    'status' => '1',
  ),
)

2017-06-17 11:35:58 response :
------------
Array:
FromUserName : gh_2cc1b47a6d8a ;
ToUserName : omxiWs3sVJZ8bxtarcR3v9-LVBho ;
MsgType : news ;
ArticleCount : 1 ;
Articles : Array ;

2017-06-17 11:36:07 trace :
------------
String:
<xml><ToUserName><![CDATA[gh_2cc1b47a6d8a]]></ToUserName>
<FromUserName><![CDATA[omxiWs3sVJZ8bxtarcR3v9-LVBho]]></FromUserName>
<CreateTime>1497670567</CreateTime>
<MsgType><![CDATA[event]]></MsgType>
<Event><![CDATA[LOCATION]]></Event>
<Latitude>22.575930</Latitude>
<Longitude>114.121674</Longitude>
<Precision>65.000000</Precision>
</xml>

2017-06-17 11:36:07 params :
------------
String:
array (
  'message' => 
  array (
    'tousername' => 'gh_2cc1b47a6d8a',
    'fromusername' => 'omxiWs3sVJZ8bxtarcR3v9-LVBho',
    'createtime' => '1497670567',
    'msgtype' => 'event',
    'event' => 'LOCATION',
    'latitude' => '22.575930',
    'longitude' => '114.121674',
    'precision' => '65.000000',
    'from' => 'omxiWs3sVJZ8bxtarcR3v9-LVBho',
    'to' => 'gh_2cc1b47a6d8a',
    'time' => '1497670567',
    'type' => 'trace',
    'location_x' => '22.575930',
    'location_y' => '114.121674',
  ),
  'module' => 'default',
  'rule' => '-1',
)

2017-06-17 11:36:07 response :
------------
Array:
errno : -1 ;
message : Invaild value ;

2017-06-17 11:38:35 trace :
------------
String:
<xml><ToUserName><![CDATA[gh_2cc1b47a6d8a]]></ToUserName>
<FromUserName><![CDATA[omxiWs3sVJZ8bxtarcR3v9-LVBho]]></FromUserName>
<CreateTime>1497670715</CreateTime>
<MsgType><![CDATA[event]]></MsgType>
<Event><![CDATA[LOCATION]]></Event>
<Latitude>22.575893</Latitude>
<Longitude>114.121704</Longitude>
<Precision>65.000000</Precision>
</xml>

2017-06-17 11:38:35 params :
------------
String:
array (
  'message' => 
  array (
    'tousername' => 'gh_2cc1b47a6d8a',
    'fromusername' => 'omxiWs3sVJZ8bxtarcR3v9-LVBho',
    'createtime' => '1497670715',
    'msgtype' => 'event',
    'event' => 'LOCATION',
    'latitude' => '22.575893',
    'longitude' => '114.121704',
    'precision' => '65.000000',
    'from' => 'omxiWs3sVJZ8bxtarcR3v9-LVBho',
    'to' => 'gh_2cc1b47a6d8a',
    'time' => '1497670715',
    'type' => 'trace',
    'location_x' => '22.575893',
    'location_y' => '114.121704',
  ),
  'module' => 'default',
  'rule' => '-1',
)

2017-06-17 11:38:35 response :
------------
Array:
errno : -1 ;
message : Invaild value ;

2017-06-17 11:38:39 trace :
------------
String:
<xml><ToUserName><![CDATA[gh_2cc1b47a6d8a]]></ToUserName>
<FromUserName><![CDATA[omxiWs3sVJZ8bxtarcR3v9-LVBho]]></FromUserName>
<CreateTime>1497670719</CreateTime>
<MsgType><![CDATA[event]]></MsgType>
<Event><![CDATA[LOCATION]]></Event>
<Latitude>22.575882</Latitude>
<Longitude>114.121681</Longitude>
<Precision>65.000000</Precision>
</xml>

2017-06-17 11:38:39 params :
------------
String:
array (
  'message' => 
  array (
    'tousername' => 'gh_2cc1b47a6d8a',
    'fromusername' => 'omxiWs3sVJZ8bxtarcR3v9-LVBho',
    'createtime' => '1497670719',
    'msgtype' => 'event',
    'event' => 'LOCATION',
    'latitude' => '22.575882',
    'longitude' => '114.121681',
    'precision' => '65.000000',
    'from' => 'omxiWs3sVJZ8bxtarcR3v9-LVBho',
    'to' => 'gh_2cc1b47a6d8a',
    'time' => '1497670719',
    'type' => 'trace',
    'location_x' => '22.575882',
    'location_y' => '114.121681',
  ),
  'module' => 'default',
  'rule' => '-1',
)

2017-06-17 11:38:39 response :
------------
Array:
errno : -1 ;
message : Invaild value ;

2017-06-17 11:39:27 trace :
------------
String:
<xml><ToUserName><![CDATA[gh_2cc1b47a6d8a]]></ToUserName>
<FromUserName><![CDATA[omxiWs3sVJZ8bxtarcR3v9-LVBho]]></FromUserName>
<CreateTime>1497670767</CreateTime>
<MsgType><![CDATA[event]]></MsgType>
<Event><![CDATA[VIEW]]></Event>
<EventKey><![CDATA[http://www.cdj1946.cn/app/index.php?i=5&c=entry&rid=24&do=index&m=tyzm_diamondvote]]></EventKey>
<MenuId>409603874</MenuId>
</xml>

2017-06-17 11:39:27 params :
------------
String:
array (
  'message' => 
  array (
    'tousername' => 'gh_2cc1b47a6d8a',
    'fromusername' => 'omxiWs3sVJZ8bxtarcR3v9-LVBho',
    'createtime' => '1497670767',
    'msgtype' => 'event',
    'event' => 'VIEW',
    'eventkey' => 'http://www.cdj1946.cn/app/index.php?i=5&c=entry&rid=24&do=index&m=tyzm_diamondvote',
    'menuid' => '409603874',
    'from' => 'omxiWs3sVJZ8bxtarcR3v9-LVBho',
    'to' => 'gh_2cc1b47a6d8a',
    'time' => '1497670767',
    'type' => 'text',
    'content' => '投票活动',
    'redirection' => true,
    'source' => 'default',
    'original' => 'http://www.cdj1946.cn/app/index.php?i=5&c=entry&rid=24&do=index&m=tyzm_diamondvote',
  ),
  'module' => 'news',
  'rule' => '23',
  'priority' => '0',
  'keyword' => 
  array (
    'id' => '485',
    'rid' => '23',
    'uniacid' => '5',
    'module' => 'news',
    'content' => '投票活动',
    'type' => '1',
    'displayorder' => '0',
    'status' => '1',
  ),
)

2017-06-17 11:39:27 response :
------------
Array:
FromUserName : gh_2cc1b47a6d8a ;
ToUserName : omxiWs3sVJZ8bxtarcR3v9-LVBho ;
MsgType : news ;
ArticleCount : 1 ;
Articles : Array ;

2017-06-17 11:39:30 trace :
------------
String:
<xml><ToUserName><![CDATA[gh_2cc1b47a6d8a]]></ToUserName>
<FromUserName><![CDATA[omxiWs3sVJZ8bxtarcR3v9-LVBho]]></FromUserName>
<CreateTime>1497670770</CreateTime>
<MsgType><![CDATA[event]]></MsgType>
<Event><![CDATA[VIEW]]></Event>
<EventKey><![CDATA[http://mp.weixin.qq.com/s/6zX50aaM25344qd-U3FtzQ]]></EventKey>
<MenuId>409603874</MenuId>
</xml>

2017-06-17 11:39:30 params :
------------
String:
array (
  'message' => 
  array (
    'tousername' => 'gh_2cc1b47a6d8a',
    'fromusername' => 'omxiWs3sVJZ8bxtarcR3v9-LVBho',
    'createtime' => '1497670770',
    'msgtype' => 'event',
    'event' => 'VIEW',
    'eventkey' => 'http://mp.weixin.qq.com/s/6zX50aaM25344qd-U3FtzQ',
    'menuid' => '409603874',
    'from' => 'omxiWs3sVJZ8bxtarcR3v9-LVBho',
    'to' => 'gh_2cc1b47a6d8a',
    'time' => '1497670770',
    'type' => 'text',
    'content' => '投票活动',
    'redirection' => true,
    'source' => 'default',
    'original' => 'http://mp.weixin.qq.com/s/6zX50aaM25344qd-U3FtzQ',
  ),
  'module' => 'news',
  'rule' => '23',
  'priority' => '0',
  'keyword' => 
  array (
    'id' => '485',
    'rid' => '23',
    'uniacid' => '5',
    'module' => 'news',
    'content' => '投票活动',
    'type' => '1',
    'displayorder' => '0',
    'status' => '1',
  ),
)

2017-06-17 11:39:30 response :
------------
Array:
FromUserName : gh_2cc1b47a6d8a ;
ToUserName : omxiWs3sVJZ8bxtarcR3v9-LVBho ;
MsgType : news ;
ArticleCount : 1 ;
Articles : Array ;

2017-06-17 11:39:33 trace :
------------
String:
<xml><ToUserName><![CDATA[gh_2cc1b47a6d8a]]></ToUserName>
<FromUserName><![CDATA[omxiWs3sVJZ8bxtarcR3v9-LVBho]]></FromUserName>
<CreateTime>1497670773</CreateTime>
<MsgType><![CDATA[event]]></MsgType>
<Event><![CDATA[VIEW]]></Event>
<EventKey><![CDATA[http://r.xiumi.us/stage/v5/2EA7C/43908634#/]]></EventKey>
<MenuId>409603874</MenuId>
</xml>

2017-06-17 11:39:33 params :
------------
String:
array (
  'message' => 
  array (
    'tousername' => 'gh_2cc1b47a6d8a',
    'fromusername' => 'omxiWs3sVJZ8bxtarcR3v9-LVBho',
    'createtime' => '1497670773',
    'msgtype' => 'event',
    'event' => 'VIEW',
    'eventkey' => 'http://r.xiumi.us/stage/v5/2EA7C/43908634#/',
    'menuid' => '409603874',
    'from' => 'omxiWs3sVJZ8bxtarcR3v9-LVBho',
    'to' => 'gh_2cc1b47a6d8a',
    'time' => '1497670773',
    'type' => 'text',
    'content' => '投票活动',
    'redirection' => true,
    'source' => 'default',
    'original' => 'http://r.xiumi.us/stage/v5/2EA7C/43908634#/',
  ),
  'module' => 'news',
  'rule' => '23',
  'priority' => '0',
  'keyword' => 
  array (
    'id' => '485',
    'rid' => '23',
    'uniacid' => '5',
    'module' => 'news',
    'content' => '投票活动',
    'type' => '1',
    'displayorder' => '0',
    'status' => '1',
  ),
)

2017-06-17 11:39:33 response :
------------
Array:
FromUserName : gh_2cc1b47a6d8a ;
ToUserName : omxiWs3sVJZ8bxtarcR3v9-LVBho ;
MsgType : news ;
ArticleCount : 1 ;
Articles : Array ;

2017-06-17 11:39:33 trace :
------------
String:
<xml><ToUserName><![CDATA[gh_599a701eee6b]]></ToUserName>
<FromUserName><![CDATA[oeSIo0UTWIuotg7YlGD34CdwLVD4]]></FromUserName>
<CreateTime>1497670773</CreateTime>
<MsgType><![CDATA[event]]></MsgType>
<Event><![CDATA[LOCATION]]></Event>
<Latitude>22.572227</Latitude>
<Longitude>114.122208</Longitude>
<Precision>65.000000</Precision>
</xml>

2017-06-17 11:39:33 params :
------------
String:
array (
  'message' => 
  array (
    'tousername' => 'gh_599a701eee6b',
    'fromusername' => 'oeSIo0UTWIuotg7YlGD34CdwLVD4',
    'createtime' => '1497670773',
    'msgtype' => 'event',
    'event' => 'LOCATION',
    'latitude' => '22.572227',
    'longitude' => '114.122208',
    'precision' => '65.000000',
    'from' => 'oeSIo0UTWIuotg7YlGD34CdwLVD4',
    'to' => 'gh_599a701eee6b',
    'time' => '1497670773',
    'type' => 'trace',
    'location_x' => '22.572227',
    'location_y' => '114.122208',
  ),
  'module' => 'default',
  'rule' => '-1',
)

2017-06-17 11:39:33 response :
------------
Array:
errno : -1 ;
message : Invaild value ;

2017-06-17 11:39:34 trace :
------------
String:
<xml><ToUserName><![CDATA[gh_599a701eee6b]]></ToUserName>
<FromUserName><![CDATA[oeSIo0UTWIuotg7YlGD34CdwLVD4]]></FromUserName>
<CreateTime>1497670773</CreateTime>
<MsgType><![CDATA[event]]></MsgType>
<Event><![CDATA[LOCATION]]></Event>
<Latitude>22.572201</Latitude>
<Longitude>114.122253</Longitude>
<Precision>65.000000</Precision>
</xml>

2017-06-17 11:39:34 params :
------------
String:
array (
  'message' => 
  array (
    'tousername' => 'gh_599a701eee6b',
    'fromusername' => 'oeSIo0UTWIuotg7YlGD34CdwLVD4',
    'createtime' => '1497670773',
    'msgtype' => 'event',
    'event' => 'LOCATION',
    'latitude' => '22.572201',
    'longitude' => '114.122253',
    'precision' => '65.000000',
    'from' => 'oeSIo0UTWIuotg7YlGD34CdwLVD4',
    'to' => 'gh_599a701eee6b',
    'time' => '1497670773',
    'type' => 'trace',
    'location_x' => '22.572201',
    'location_y' => '114.122253',
  ),
  'module' => 'default',
  'rule' => '-1',
)

2017-06-17 11:39:34 response :
------------
Array:
errno : -1 ;
message : Invaild value ;

2017-06-17 11:40:54 trace :
------------
String:
<xml><ToUserName><![CDATA[gh_599a701eee6b]]></ToUserName>
<FromUserName><![CDATA[oeSIo0UTWIuotg7YlGD34CdwLVD4]]></FromUserName>
<CreateTime>1497670854</CreateTime>
<MsgType><![CDATA[event]]></MsgType>
<Event><![CDATA[LOCATION]]></Event>
<Latitude>22.572201</Latitude>
<Longitude>114.122253</Longitude>
<Precision>65.000000</Precision>
</xml>

2017-06-17 11:40:54 params :
------------
String:
array (
  'message' => 
  array (
    'tousername' => 'gh_599a701eee6b',
    'fromusername' => 'oeSIo0UTWIuotg7YlGD34CdwLVD4',
    'createtime' => '1497670854',
    'msgtype' => 'event',
    'event' => 'LOCATION',
    'latitude' => '22.572201',
    'longitude' => '114.122253',
    'precision' => '65.000000',
    'from' => 'oeSIo0UTWIuotg7YlGD34CdwLVD4',
    'to' => 'gh_599a701eee6b',
    'time' => '1497670854',
    'type' => 'trace',
    'location_x' => '22.572201',
    'location_y' => '114.122253',
  ),
  'module' => 'default',
  'rule' => '-1',
)

2017-06-17 11:40:54 response :
------------
Array:
errno : -1 ;
message : Invaild value ;

2017-06-17 11:40:57 trace :
------------
String:
<xml><ToUserName><![CDATA[gh_2cc1b47a6d8a]]></ToUserName>
<FromUserName><![CDATA[omxiWs3sVJZ8bxtarcR3v9-LVBho]]></FromUserName>
<CreateTime>1497670857</CreateTime>
<MsgType><![CDATA[event]]></MsgType>
<Event><![CDATA[LOCATION]]></Event>
<Latitude>22.576157</Latitude>
<Longitude>114.120590</Longitude>
<Precision>50.000000</Precision>
</xml>

2017-06-17 11:40:57 params :
------------
String:
array (
  'message' => 
  array (
    'tousername' => 'gh_2cc1b47a6d8a',
    'fromusername' => 'omxiWs3sVJZ8bxtarcR3v9-LVBho',
    'createtime' => '1497670857',
    'msgtype' => 'event',
    'event' => 'LOCATION',
    'latitude' => '22.576157',
    'longitude' => '114.120590',
    'precision' => '50.000000',
    'from' => 'omxiWs3sVJZ8bxtarcR3v9-LVBho',
    'to' => 'gh_2cc1b47a6d8a',
    'time' => '1497670857',
    'type' => 'trace',
    'location_x' => '22.576157',
    'location_y' => '114.120590',
  ),
  'module' => 'default',
  'rule' => '-1',
)

2017-06-17 11:40:57 response :
------------
Array:
errno : -1 ;
message : Invaild value ;

2017-06-17 11:41:01 trace :
------------
String:
<xml><ToUserName><![CDATA[gh_2cc1b47a6d8a]]></ToUserName>
<FromUserName><![CDATA[omxiWs3sVJZ8bxtarcR3v9-LVBho]]></FromUserName>
<CreateTime>1497670861</CreateTime>
<MsgType><![CDATA[event]]></MsgType>
<Event><![CDATA[LOCATION]]></Event>
<Latitude>22.575895</Latitude>
<Longitude>114.121666</Longitude>
<Precision>65.000000</Precision>
</xml>

2017-06-17 11:41:01 params :
------------
String:
array (
  'message' => 
  array (
    'tousername' => 'gh_2cc1b47a6d8a',
    'fromusername' => 'omxiWs3sVJZ8bxtarcR3v9-LVBho',
    'createtime' => '1497670861',
    'msgtype' => 'event',
    'event' => 'LOCATION',
    'latitude' => '22.575895',
    'longitude' => '114.121666',
    'precision' => '65.000000',
    'from' => 'omxiWs3sVJZ8bxtarcR3v9-LVBho',
    'to' => 'gh_2cc1b47a6d8a',
    'time' => '1497670861',
    'type' => 'trace',
    'location_x' => '22.575895',
    'location_y' => '114.121666',
  ),
  'module' => 'default',
  'rule' => '-1',
)

2017-06-17 11:41:01 response :
------------
Array:
errno : -1 ;
message : Invaild value ;

2017-06-17 11:41:03 trace :
------------
String:
<xml><ToUserName><![CDATA[gh_2cc1b47a6d8a]]></ToUserName>
<FromUserName><![CDATA[omxiWs3sVJZ8bxtarcR3v9-LVBho]]></FromUserName>
<CreateTime>1497670863</CreateTime>
<MsgType><![CDATA[event]]></MsgType>
<Event><![CDATA[VIEW]]></Event>
<EventKey><![CDATA[http://mp.weixin.qq.com/s/6zX50aaM25344qd-U3FtzQ]]></EventKey>
<MenuId>409603874</MenuId>
</xml>

2017-06-17 11:41:03 params :
------------
String:
array (
  'message' => 
  array (
    'tousername' => 'gh_2cc1b47a6d8a',
    'fromusername' => 'omxiWs3sVJZ8bxtarcR3v9-LVBho',
    'createtime' => '1497670863',
    'msgtype' => 'event',
    'event' => 'VIEW',
    'eventkey' => 'http://mp.weixin.qq.com/s/6zX50aaM25344qd-U3FtzQ',
    'menuid' => '409603874',
    'from' => 'omxiWs3sVJZ8bxtarcR3v9-LVBho',
    'to' => 'gh_2cc1b47a6d8a',
    'time' => '1497670863',
    'type' => 'text',
    'content' => '投票活动',
    'redirection' => true,
    'source' => 'default',
    'original' => 'http://mp.weixin.qq.com/s/6zX50aaM25344qd-U3FtzQ',
  ),
  'module' => 'news',
  'rule' => '23',
  'priority' => '0',
  'keyword' => 
  array (
    'id' => '485',
    'rid' => '23',
    'uniacid' => '5',
    'module' => 'news',
    'content' => '投票活动',
    'type' => '1',
    'displayorder' => '0',
    'status' => '1',
  ),
)

2017-06-17 11:41:03 response :
------------
Array:
FromUserName : gh_2cc1b47a6d8a ;
ToUserName : omxiWs3sVJZ8bxtarcR3v9-LVBho ;
MsgType : news ;
ArticleCount : 1 ;
Articles : Array ;

2017-06-17 11:41:08 trace :
------------
String:
<xml><ToUserName><![CDATA[gh_2cc1b47a6d8a]]></ToUserName>
<FromUserName><![CDATA[omxiWs3sVJZ8bxtarcR3v9-LVBho]]></FromUserName>
<CreateTime>1497670868</CreateTime>
<MsgType><![CDATA[event]]></MsgType>
<Event><![CDATA[VIEW]]></Event>
<EventKey><![CDATA[http://www.cdj1946.cn/app/index.php?i=5&c=entry&rid=24&do=index&m=tyzm_diamondvote]]></EventKey>
<MenuId>409603874</MenuId>
</xml>

2017-06-17 11:41:08 params :
------------
String:
array (
  'message' => 
  array (
    'tousername' => 'gh_2cc1b47a6d8a',
    'fromusername' => 'omxiWs3sVJZ8bxtarcR3v9-LVBho',
    'createtime' => '1497670868',
    'msgtype' => 'event',
    'event' => 'VIEW',
    'eventkey' => 'http://www.cdj1946.cn/app/index.php?i=5&c=entry&rid=24&do=index&m=tyzm_diamondvote',
    'menuid' => '409603874',
    'from' => 'omxiWs3sVJZ8bxtarcR3v9-LVBho',
    'to' => 'gh_2cc1b47a6d8a',
    'time' => '1497670868',
    'type' => 'text',
    'content' => '投票活动',
    'redirection' => true,
    'source' => 'default',
    'original' => 'http://www.cdj1946.cn/app/index.php?i=5&c=entry&rid=24&do=index&m=tyzm_diamondvote',
  ),
  'module' => 'news',
  'rule' => '23',
  'priority' => '0',
  'keyword' => 
  array (
    'id' => '485',
    'rid' => '23',
    'uniacid' => '5',
    'module' => 'news',
    'content' => '投票活动',
    'type' => '1',
    'displayorder' => '0',
    'status' => '1',
  ),
)

2017-06-17 11:41:08 response :
------------
Array:
FromUserName : gh_2cc1b47a6d8a ;
ToUserName : omxiWs3sVJZ8bxtarcR3v9-LVBho ;
MsgType : news ;
ArticleCount : 1 ;
Articles : Array ;

2017-06-17 15:48:41 trace :
------------
String:
<xml><ToUserName><![CDATA[gh_599a701eee6b]]></ToUserName>
<FromUserName><![CDATA[oeSIo0ZcrD6vgkJOVKFyoojoODOY]]></FromUserName>
<CreateTime>1497685720</CreateTime>
<MsgType><![CDATA[event]]></MsgType>
<Event><![CDATA[LOCATION]]></Event>
<Latitude>28.135674</Latitude>
<Longitude>121.226067</Longitude>
<Precision>65.000000</Precision>
</xml>

2017-06-17 15:48:41 params :
------------
String:
array (
  'message' => 
  array (
    'tousername' => 'gh_599a701eee6b',
    'fromusername' => 'oeSIo0ZcrD6vgkJOVKFyoojoODOY',
    'createtime' => '1497685720',
    'msgtype' => 'event',
    'event' => 'LOCATION',
    'latitude' => '28.135674',
    'longitude' => '121.226067',
    'precision' => '65.000000',
    'from' => 'oeSIo0ZcrD6vgkJOVKFyoojoODOY',
    'to' => 'gh_599a701eee6b',
    'time' => '1497685720',
    'type' => 'trace',
    'location_x' => '28.135674',
    'location_y' => '121.226067',
  ),
  'module' => 'default',
  'rule' => '-1',
)

2017-06-17 15:48:41 response :
------------
Array:
errno : -1 ;
message : Invaild value ;

2017-06-17 17:32:18 trace :
------------
String:
<xml><ToUserName><![CDATA[gh_2cc1b47a6d8a]]></ToUserName>
<FromUserName><![CDATA[omxiWs38QEyliYMTISzItEC2gtqw]]></FromUserName>
<CreateTime>1497691937</CreateTime>
<MsgType><![CDATA[text]]></MsgType>
<Content><![CDATA[1]]></Content>
<MsgId>6432537889308014086</MsgId>
</xml>

2017-06-17 17:32:18 params :
------------
String:
array (
  'message' => 
  array (
    'tousername' => 'gh_2cc1b47a6d8a',
    'fromusername' => 'omxiWs38QEyliYMTISzItEC2gtqw',
    'createtime' => '1497691937',
    'msgtype' => 'text',
    'content' => '投票活动',
    'msgid' => '6432537889308014086',
    'from' => 'omxiWs38QEyliYMTISzItEC2gtqw',
    'to' => 'gh_2cc1b47a6d8a',
    'time' => '1497691937',
    'type' => 'text',
    'event' => NULL,
    'redirection' => true,
    'source' => 'default',
    'original' => '1',
  ),
  'module' => 'news',
  'rule' => '23',
  'priority' => '0',
  'keyword' => 
  array (
    'id' => '485',
    'rid' => '23',
    'uniacid' => '5',
    'module' => 'news',
    'content' => '投票活动',
    'type' => '1',
    'displayorder' => '0',
    'status' => '1',
  ),
)

2017-06-17 17:32:18 response :
------------
Array:
FromUserName : gh_2cc1b47a6d8a ;
ToUserName : omxiWs38QEyliYMTISzItEC2gtqw ;
MsgType : news ;
ArticleCount : 1 ;
Articles : Array ;

2017-06-17 20:58:11 trace :
------------
String:
<xml><ToUserName><![CDATA[gh_2cc1b47a6d8a]]></ToUserName>
<FromUserName><![CDATA[omxiWs-omjuOWGTLZEbJLFqdkmKw]]></FromUserName>
<CreateTime>1497704291</CreateTime>
<MsgType><![CDATA[event]]></MsgType>
<Event><![CDATA[unsubscribe]]></Event>
<EventKey><![CDATA[]]></EventKey>
</xml>

2017-06-17 21:51:50 trace :
------------
String:
<xml><ToUserName><![CDATA[gh_2cc1b47a6d8a]]></ToUserName>
<FromUserName><![CDATA[omxiWs9d8IcgUNJkCnU95fAtQ7KQ]]></FromUserName>
<CreateTime>1497707510</CreateTime>
<MsgType><![CDATA[event]]></MsgType>
<Event><![CDATA[unsubscribe]]></Event>
<EventKey><![CDATA[]]></EventKey>
</xml>

2017-06-17 21:57:14 trace :
------------
String:
<xml><ToUserName><![CDATA[gh_2cc1b47a6d8a]]></ToUserName>
<FromUserName><![CDATA[omxiWs24-xpC44bq5UaFEd64DBbc]]></FromUserName>
<CreateTime>1497707834</CreateTime>
<MsgType><![CDATA[event]]></MsgType>
<Event><![CDATA[LOCATION]]></Event>
<Latitude>22.530306</Latitude>
<Longitude>114.022003</Longitude>
<Precision>65.000000</Precision>
</xml>

2017-06-17 21:57:14 params :
------------
String:
array (
  'message' => 
  array (
    'tousername' => 'gh_2cc1b47a6d8a',
    'fromusername' => 'omxiWs24-xpC44bq5UaFEd64DBbc',
    'createtime' => '1497707834',
    'msgtype' => 'event',
    'event' => 'LOCATION',
    'latitude' => '22.530306',
    'longitude' => '114.022003',
    'precision' => '65.000000',
    'from' => 'omxiWs24-xpC44bq5UaFEd64DBbc',
    'to' => 'gh_2cc1b47a6d8a',
    'time' => '1497707834',
    'type' => 'trace',
    'location_x' => '22.530306',
    'location_y' => '114.022003',
  ),
  'module' => 'default',
  'rule' => '-1',
)

2017-06-17 21:57:14 response :
------------
Array:
errno : -1 ;
message : Invaild value ;

2017-06-17 21:57:16 trace :
------------
String:
<xml><ToUserName><![CDATA[gh_2cc1b47a6d8a]]></ToUserName>
<FromUserName><![CDATA[omxiWs24-xpC44bq5UaFEd64DBbc]]></FromUserName>
<CreateTime>1497707836</CreateTime>
<MsgType><![CDATA[event]]></MsgType>
<Event><![CDATA[VIEW]]></Event>
<EventKey><![CDATA[http://mp.weixin.qq.com/s/6zX50aaM25344qd-U3FtzQ]]></EventKey>
<MenuId>409603874</MenuId>
</xml>

2017-06-17 21:57:16 params :
------------
String:
array (
  'message' => 
  array (
    'tousername' => 'gh_2cc1b47a6d8a',
    'fromusername' => 'omxiWs24-xpC44bq5UaFEd64DBbc',
    'createtime' => '1497707836',
    'msgtype' => 'event',
    'event' => 'VIEW',
    'eventkey' => 'http://mp.weixin.qq.com/s/6zX50aaM25344qd-U3FtzQ',
    'menuid' => '409603874',
    'from' => 'omxiWs24-xpC44bq5UaFEd64DBbc',
    'to' => 'gh_2cc1b47a6d8a',
    'time' => '1497707836',
    'type' => 'text',
    'content' => '投票活动',
    'redirection' => true,
    'source' => 'default',
    'original' => 'http://mp.weixin.qq.com/s/6zX50aaM25344qd-U3FtzQ',
  ),
  'module' => 'news',
  'rule' => '23',
  'priority' => '0',
  'keyword' => 
  array (
    'id' => '485',
    'rid' => '23',
    'uniacid' => '5',
    'module' => 'news',
    'content' => '投票活动',
    'type' => '1',
    'displayorder' => '0',
    'status' => '1',
  ),
)

2017-06-17 21:57:16 response :
------------
Array:
FromUserName : gh_2cc1b47a6d8a ;
ToUserName : omxiWs24-xpC44bq5UaFEd64DBbc ;
MsgType : news ;
ArticleCount : 1 ;
Articles : Array ;

2017-06-17 21:57:26 trace :
------------
String:
<xml><ToUserName><![CDATA[gh_2cc1b47a6d8a]]></ToUserName>
<FromUserName><![CDATA[omxiWs24-xpC44bq5UaFEd64DBbc]]></FromUserName>
<CreateTime>1497707846</CreateTime>
<MsgType><![CDATA[event]]></MsgType>
<Event><![CDATA[unsubscribe]]></Event>
<EventKey><![CDATA[]]></EventKey>
</xml>

2017-06-17 22:11:17 trace :
------------
String:
<xml><ToUserName><![CDATA[gh_2cc1b47a6d8a]]></ToUserName>
<FromUserName><![CDATA[omxiWs3MDEyKFnYNMLkuYLqC0wp0]]></FromUserName>
<CreateTime>1497708677</CreateTime>
<MsgType><![CDATA[event]]></MsgType>
<Event><![CDATA[LOCATION]]></Event>
<Latitude>22.764490</Latitude>
<Longitude>114.157997</Longitude>
<Precision>65.000000</Precision>
</xml>

2017-06-17 22:11:17 params :
------------
String:
array (
  'message' => 
  array (
    'tousername' => 'gh_2cc1b47a6d8a',
    'fromusername' => 'omxiWs3MDEyKFnYNMLkuYLqC0wp0',
    'createtime' => '1497708677',
    'msgtype' => 'event',
    'event' => 'LOCATION',
    'latitude' => '22.764490',
    'longitude' => '114.157997',
    'precision' => '65.000000',
    'from' => 'omxiWs3MDEyKFnYNMLkuYLqC0wp0',
    'to' => 'gh_2cc1b47a6d8a',
    'time' => '1497708677',
    'type' => 'trace',
    'location_x' => '22.764490',
    'location_y' => '114.157997',
  ),
  'module' => 'default',
  'rule' => '-1',
)

2017-06-17 22:11:17 response :
------------
Array:
errno : -1 ;
message : Invaild value ;

2017-06-17 22:11:24 trace :
------------
String:
<xml><ToUserName><![CDATA[gh_2cc1b47a6d8a]]></ToUserName>
<FromUserName><![CDATA[omxiWs3MDEyKFnYNMLkuYLqC0wp0]]></FromUserName>
<CreateTime>1497708684</CreateTime>
<MsgType><![CDATA[event]]></MsgType>
<Event><![CDATA[unsubscribe]]></Event>
<EventKey><![CDATA[]]></EventKey>
</xml>

2017-06-17 23:25:14 trace :
------------
String:
<xml><ToUserName><![CDATA[gh_2cc1b47a6d8a]]></ToUserName>
<FromUserName><![CDATA[omxiWs6Ci8jNoLUUAhYg9ao5dFkw]]></FromUserName>
<CreateTime>1497713114</CreateTime>
<MsgType><![CDATA[event]]></MsgType>
<Event><![CDATA[LOCATION]]></Event>
<Latitude>22.574450</Latitude>
<Longitude>114.128830</Longitude>
<Precision>30.000000</Precision>
</xml>

2017-06-17 23:25:14 params :
------------
String:
array (
  'message' => 
  array (
    'tousername' => 'gh_2cc1b47a6d8a',
    'fromusername' => 'omxiWs6Ci8jNoLUUAhYg9ao5dFkw',
    'createtime' => '1497713114',
    'msgtype' => 'event',
    'event' => 'LOCATION',
    'latitude' => '22.574450',
    'longitude' => '114.128830',
    'precision' => '30.000000',
    'from' => 'omxiWs6Ci8jNoLUUAhYg9ao5dFkw',
    'to' => 'gh_2cc1b47a6d8a',
    'time' => '1497713114',
    'type' => 'trace',
    'location_x' => '22.574450',
    'location_y' => '114.128830',
  ),
  'module' => 'default',
  'rule' => '-1',
)

2017-06-17 23:25:14 response :
------------
Array:
errno : -1 ;
message : Invaild value ;

2017-06-17 23:25:56 trace :
------------
String:
<xml><ToUserName><![CDATA[gh_2cc1b47a6d8a]]></ToUserName>
<FromUserName><![CDATA[omxiWs6Ci8jNoLUUAhYg9ao5dFkw]]></FromUserName>
<CreateTime>1497713156</CreateTime>
<MsgType><![CDATA[event]]></MsgType>
<Event><![CDATA[LOCATION]]></Event>
<Latitude>22.574450</Latitude>
<Longitude>114.128830</Longitude>
<Precision>30.000000</Precision>
</xml>

2017-06-17 23:25:56 params :
------------
String:
array (
  'message' => 
  array (
    'tousername' => 'gh_2cc1b47a6d8a',
    'fromusername' => 'omxiWs6Ci8jNoLUUAhYg9ao5dFkw',
    'createtime' => '1497713156',
    'msgtype' => 'event',
    'event' => 'LOCATION',
    'latitude' => '22.574450',
    'longitude' => '114.128830',
    'precision' => '30.000000',
    'from' => 'omxiWs6Ci8jNoLUUAhYg9ao5dFkw',
    'to' => 'gh_2cc1b47a6d8a',
    'time' => '1497713156',
    'type' => 'trace',
    'location_x' => '22.574450',
    'location_y' => '114.128830',
  ),
  'module' => 'default',
  'rule' => '-1',
)

2017-06-17 23:25:56 response :
------------
Array:
errno : -1 ;
message : Invaild value ;

