2017-06-24 10:05:03 trace :
------------
String:
<xml><ToUserName><![CDATA[gh_599a701eee6b]]></ToUserName>
<FromUserName><![CDATA[oeSIo0T33y8PcmlLpByzpoBlmk7s]]></FromUserName>
<CreateTime>1498269902</CreateTime>
<MsgType><![CDATA[text]]></MsgType>
<Content><![CDATA[推广代言]]></Content>
<MsgId>6435020230103657981</MsgId>
</xml>

2017-06-24 10:05:29 trace :
------------
String:
<xml><ToUserName><![CDATA[gh_599a701eee6b]]></ToUserName>
<FromUserName><![CDATA[oeSIo0XzLZscOKuHCioz1zRvXSl4]]></FromUserName>
<CreateTime>1498269929</CreateTime>
<MsgType><![CDATA[event]]></MsgType>
<Event><![CDATA[subscribe]]></Event>
<EventKey><![CDATA[qrscene_74ea03578b34e10112ea369cf2294e89]]></EventKey>
<Ticket><![CDATA[gQHk8DwAAAAAAAAAAS5odHRwOi8vd2VpeGluLnFxLmNvbS9xLzAyX2Q3czRWVnljRWgxMDAwME0wN3IAAgTQGhVZAwQAAAAA]]></Ticket>
</xml>

2017-06-24 10:05:30 trace :
------------
String:
<xml><ToUserName><![CDATA[gh_599a701eee6b]]></ToUserName>
<FromUserName><![CDATA[oeSIo0XzLZscOKuHCioz1zRvXSl4]]></FromUserName>
<CreateTime>1498269930</CreateTime>
<MsgType><![CDATA[event]]></MsgType>
<Event><![CDATA[TEMPLATESENDJOBFINISH]]></Event>
<MsgID>432533030</MsgID>
<Status><![CDATA[success]]></Status>
</xml>

2017-06-24 10:05:30 params :
------------
String:
array (
  'message' => 
  array (
    'tousername' => 'gh_599a701eee6b',
    'fromusername' => 'oeSIo0XzLZscOKuHCioz1zRvXSl4',
    'createtime' => '1498269930',
    'msgtype' => 'event',
    'event' => 'TEMPLATESENDJOBFINISH',
    'msgid' => '432533030',
    'status' => 'success',
    'from' => 'oeSIo0XzLZscOKuHCioz1zRvXSl4',
    'to' => 'gh_599a701eee6b',
    'time' => '1498269930',
    'type' => 'text',
    'content' => '投票活动',
    'redirection' => true,
    'source' => 'default',
    'original' => NULL,
  ),
  'module' => 'news',
  'rule' => '26',
  'priority' => '0',
  'keyword' => 
  array (
    'id' => '487',
    'rid' => '26',
    'uniacid' => '3',
    'module' => 'news',
    'content' => '投票活动',
    'type' => '1',
    'displayorder' => '0',
    'status' => '1',
  ),
)

2017-06-24 10:05:30 response :
------------
Array:
FromUserName : gh_599a701eee6b ;
ToUserName : oeSIo0XzLZscOKuHCioz1zRvXSl4 ;
MsgType : news ;
ArticleCount : 1 ;
Articles : Array ;

2017-06-24 10:05:30 trace :
------------
String:
<xml><ToUserName><![CDATA[gh_599a701eee6b]]></ToUserName>
<FromUserName><![CDATA[oeSIo0T33y8PcmlLpByzpoBlmk7s]]></FromUserName>
<CreateTime>1498269930</CreateTime>
<MsgType><![CDATA[event]]></MsgType>
<Event><![CDATA[TEMPLATESENDJOBFINISH]]></Event>
<MsgID>432533029</MsgID>
<Status><![CDATA[success]]></Status>
</xml>

2017-06-24 10:05:30 params :
------------
String:
array (
  'message' => 
  array (
    'tousername' => 'gh_599a701eee6b',
    'fromusername' => 'oeSIo0T33y8PcmlLpByzpoBlmk7s',
    'createtime' => '1498269930',
    'msgtype' => 'event',
    'event' => 'TEMPLATESENDJOBFINISH',
    'msgid' => '432533029',
    'status' => 'success',
    'from' => 'oeSIo0T33y8PcmlLpByzpoBlmk7s',
    'to' => 'gh_599a701eee6b',
    'time' => '1498269930',
    'type' => 'text',
    'content' => '投票活动',
    'redirection' => true,
    'source' => 'default',
    'original' => NULL,
  ),
  'module' => 'news',
  'rule' => '26',
  'priority' => '0',
  'keyword' => 
  array (
    'id' => '487',
    'rid' => '26',
    'uniacid' => '3',
    'module' => 'news',
    'content' => '投票活动',
    'type' => '1',
    'displayorder' => '0',
    'status' => '1',
  ),
)

2017-06-24 10:05:30 response :
------------
Array:
FromUserName : gh_599a701eee6b ;
ToUserName : oeSIo0T33y8PcmlLpByzpoBlmk7s ;
MsgType : news ;
ArticleCount : 1 ;
Articles : Array ;

2017-06-24 10:05:30 trace :
------------
String:
<xml><ToUserName><![CDATA[gh_599a701eee6b]]></ToUserName>
<FromUserName><![CDATA[oeSIo0T33y8PcmlLpByzpoBlmk7s]]></FromUserName>
<CreateTime>1498269930</CreateTime>
<MsgType><![CDATA[event]]></MsgType>
<Event><![CDATA[TEMPLATESENDJOBFINISH]]></Event>
<MsgID>432533032</MsgID>
<Status><![CDATA[success]]></Status>
</xml>

2017-06-24 10:05:30 params :
------------
String:
array (
  'message' => 
  array (
    'tousername' => 'gh_599a701eee6b',
    'fromusername' => 'oeSIo0T33y8PcmlLpByzpoBlmk7s',
    'createtime' => '1498269930',
    'msgtype' => 'event',
    'event' => 'TEMPLATESENDJOBFINISH',
    'msgid' => '432533032',
    'status' => 'success',
    'from' => 'oeSIo0T33y8PcmlLpByzpoBlmk7s',
    'to' => 'gh_599a701eee6b',
    'time' => '1498269930',
    'type' => 'text',
    'content' => '投票活动',
    'redirection' => true,
    'source' => 'default',
    'original' => NULL,
  ),
  'module' => 'news',
  'rule' => '26',
  'priority' => '0',
  'keyword' => 
  array (
    'id' => '487',
    'rid' => '26',
    'uniacid' => '3',
    'module' => 'news',
    'content' => '投票活动',
    'type' => '1',
    'displayorder' => '0',
    'status' => '1',
  ),
)

2017-06-24 10:05:30 response :
------------
Array:
FromUserName : gh_599a701eee6b ;
ToUserName : oeSIo0T33y8PcmlLpByzpoBlmk7s ;
MsgType : news ;
ArticleCount : 1 ;
Articles : Array ;

2017-06-24 10:05:32 trace :
------------
String:
<xml><ToUserName><![CDATA[gh_599a701eee6b]]></ToUserName>
<FromUserName><![CDATA[oeSIo0XzLZscOKuHCioz1zRvXSl4]]></FromUserName>
<CreateTime>1498269931</CreateTime>
<MsgType><![CDATA[event]]></MsgType>
<Event><![CDATA[LOCATION]]></Event>
<Latitude>22.575920</Latitude>
<Longitude>114.121704</Longitude>
<Precision>65.000000</Precision>
</xml>

2017-06-24 10:05:32 params :
------------
String:
array (
  'message' => 
  array (
    'tousername' => 'gh_599a701eee6b',
    'fromusername' => 'oeSIo0XzLZscOKuHCioz1zRvXSl4',
    'createtime' => '1498269931',
    'msgtype' => 'event',
    'event' => 'LOCATION',
    'latitude' => '22.575920',
    'longitude' => '114.121704',
    'precision' => '65.000000',
    'from' => 'oeSIo0XzLZscOKuHCioz1zRvXSl4',
    'to' => 'gh_599a701eee6b',
    'time' => '1498269931',
    'type' => 'trace',
    'location_x' => '22.575920',
    'location_y' => '114.121704',
  ),
  'module' => 'default',
  'rule' => '-1',
)

2017-06-24 10:05:32 response :
------------
Array:
errno : -1 ;
message : Invaild value ;

2017-06-24 10:06:14 trace :
------------
String:
<xml><ToUserName><![CDATA[gh_599a701eee6b]]></ToUserName>
<FromUserName><![CDATA[oeSIo0XzLZscOKuHCioz1zRvXSl4]]></FromUserName>
<CreateTime>1498269974</CreateTime>
<MsgType><![CDATA[event]]></MsgType>
<Event><![CDATA[LOCATION]]></Event>
<Latitude>22.575891</Latitude>
<Longitude>114.121712</Longitude>
<Precision>65.000000</Precision>
</xml>

2017-06-24 10:06:14 params :
------------
String:
array (
  'message' => 
  array (
    'tousername' => 'gh_599a701eee6b',
    'fromusername' => 'oeSIo0XzLZscOKuHCioz1zRvXSl4',
    'createtime' => '1498269974',
    'msgtype' => 'event',
    'event' => 'LOCATION',
    'latitude' => '22.575891',
    'longitude' => '114.121712',
    'precision' => '65.000000',
    'from' => 'oeSIo0XzLZscOKuHCioz1zRvXSl4',
    'to' => 'gh_599a701eee6b',
    'time' => '1498269974',
    'type' => 'trace',
    'location_x' => '22.575891',
    'location_y' => '114.121712',
  ),
  'module' => 'default',
  'rule' => '-1',
)

2017-06-24 10:06:14 response :
------------
Array:
errno : -1 ;
message : Invaild value ;

2017-06-24 10:08:17 trace :
------------
String:
<xml><ToUserName><![CDATA[gh_599a701eee6b]]></ToUserName>
<FromUserName><![CDATA[oeSIo0XzLZscOKuHCioz1zRvXSl4]]></FromUserName>
<CreateTime>1498270097</CreateTime>
<MsgType><![CDATA[event]]></MsgType>
<Event><![CDATA[TEMPLATESENDJOBFINISH]]></Event>
<MsgID>432533225</MsgID>
<Status><![CDATA[success]]></Status>
</xml>

2017-06-24 10:08:17 params :
------------
String:
array (
  'message' => 
  array (
    'tousername' => 'gh_599a701eee6b',
    'fromusername' => 'oeSIo0XzLZscOKuHCioz1zRvXSl4',
    'createtime' => '1498270097',
    'msgtype' => 'event',
    'event' => 'TEMPLATESENDJOBFINISH',
    'msgid' => '432533225',
    'status' => 'success',
    'from' => 'oeSIo0XzLZscOKuHCioz1zRvXSl4',
    'to' => 'gh_599a701eee6b',
    'time' => '1498270097',
    'type' => 'text',
    'content' => '投票活动',
    'redirection' => true,
    'source' => 'default',
    'original' => NULL,
  ),
  'module' => 'news',
  'rule' => '26',
  'priority' => '0',
  'keyword' => 
  array (
    'id' => '487',
    'rid' => '26',
    'uniacid' => '3',
    'module' => 'news',
    'content' => '投票活动',
    'type' => '1',
    'displayorder' => '0',
    'status' => '1',
  ),
)

2017-06-24 10:08:17 response :
------------
Array:
FromUserName : gh_599a701eee6b ;
ToUserName : oeSIo0XzLZscOKuHCioz1zRvXSl4 ;
MsgType : news ;
ArticleCount : 1 ;
Articles : Array ;

2017-06-24 10:08:22 trace :
------------
String:
<xml><ToUserName><![CDATA[gh_599a701eee6b]]></ToUserName>
<FromUserName><![CDATA[oeSIo0XzLZscOKuHCioz1zRvXSl4]]></FromUserName>
<CreateTime>1498270101</CreateTime>
<MsgType><![CDATA[event]]></MsgType>
<Event><![CDATA[LOCATION]]></Event>
<Latitude>22.575888</Latitude>
<Longitude>114.121712</Longitude>
<Precision>65.000000</Precision>
</xml>

2017-06-24 10:08:22 params :
------------
String:
array (
  'message' => 
  array (
    'tousername' => 'gh_599a701eee6b',
    'fromusername' => 'oeSIo0XzLZscOKuHCioz1zRvXSl4',
    'createtime' => '1498270101',
    'msgtype' => 'event',
    'event' => 'LOCATION',
    'latitude' => '22.575888',
    'longitude' => '114.121712',
    'precision' => '65.000000',
    'from' => 'oeSIo0XzLZscOKuHCioz1zRvXSl4',
    'to' => 'gh_599a701eee6b',
    'time' => '1498270101',
    'type' => 'trace',
    'location_x' => '22.575888',
    'location_y' => '114.121712',
  ),
  'module' => 'default',
  'rule' => '-1',
)

2017-06-24 10:08:22 response :
------------
Array:
errno : -1 ;
message : Invaild value ;

2017-06-24 10:10:42 trace :
------------
String:
<xml><ToUserName><![CDATA[gh_599a701eee6b]]></ToUserName>
<FromUserName><![CDATA[oeSIo0T33y8PcmlLpByzpoBlmk7s]]></FromUserName>
<CreateTime>1498270242</CreateTime>
<MsgType><![CDATA[event]]></MsgType>
<Event><![CDATA[TEMPLATESENDJOBFINISH]]></Event>
<MsgID>432533409</MsgID>
<Status><![CDATA[success]]></Status>
</xml>

2017-06-24 10:10:42 params :
------------
String:
array (
  'message' => 
  array (
    'tousername' => 'gh_599a701eee6b',
    'fromusername' => 'oeSIo0T33y8PcmlLpByzpoBlmk7s',
    'createtime' => '1498270242',
    'msgtype' => 'event',
    'event' => 'TEMPLATESENDJOBFINISH',
    'msgid' => '432533409',
    'status' => 'success',
    'from' => 'oeSIo0T33y8PcmlLpByzpoBlmk7s',
    'to' => 'gh_599a701eee6b',
    'time' => '1498270242',
    'type' => 'text',
    'content' => '投票活动',
    'redirection' => true,
    'source' => 'default',
    'original' => NULL,
  ),
  'module' => 'news',
  'rule' => '26',
  'priority' => '0',
  'keyword' => 
  array (
    'id' => '487',
    'rid' => '26',
    'uniacid' => '3',
    'module' => 'news',
    'content' => '投票活动',
    'type' => '1',
    'displayorder' => '0',
    'status' => '1',
  ),
)

2017-06-24 10:10:42 response :
------------
Array:
FromUserName : gh_599a701eee6b ;
ToUserName : oeSIo0T33y8PcmlLpByzpoBlmk7s ;
MsgType : news ;
ArticleCount : 1 ;
Articles : Array ;

2017-06-24 10:10:42 trace :
------------
String:
<xml><ToUserName><![CDATA[gh_599a701eee6b]]></ToUserName>
<FromUserName><![CDATA[oeSIo0XzLZscOKuHCioz1zRvXSl4]]></FromUserName>
<CreateTime>1498270242</CreateTime>
<MsgType><![CDATA[event]]></MsgType>
<Event><![CDATA[TEMPLATESENDJOBFINISH]]></Event>
<MsgID>432533410</MsgID>
<Status><![CDATA[success]]></Status>
</xml>

2017-06-24 10:10:42 params :
------------
String:
array (
  'message' => 
  array (
    'tousername' => 'gh_599a701eee6b',
    'fromusername' => 'oeSIo0XzLZscOKuHCioz1zRvXSl4',
    'createtime' => '1498270242',
    'msgtype' => 'event',
    'event' => 'TEMPLATESENDJOBFINISH',
    'msgid' => '432533410',
    'status' => 'success',
    'from' => 'oeSIo0XzLZscOKuHCioz1zRvXSl4',
    'to' => 'gh_599a701eee6b',
    'time' => '1498270242',
    'type' => 'text',
    'content' => '投票活动',
    'redirection' => true,
    'source' => 'default',
    'original' => NULL,
  ),
  'module' => 'news',
  'rule' => '26',
  'priority' => '0',
  'keyword' => 
  array (
    'id' => '487',
    'rid' => '26',
    'uniacid' => '3',
    'module' => 'news',
    'content' => '投票活动',
    'type' => '1',
    'displayorder' => '0',
    'status' => '1',
  ),
)

2017-06-24 10:10:42 response :
------------
Array:
FromUserName : gh_599a701eee6b ;
ToUserName : oeSIo0XzLZscOKuHCioz1zRvXSl4 ;
MsgType : news ;
ArticleCount : 1 ;
Articles : Array ;

2017-06-24 10:10:43 trace :
------------
String:
<xml><ToUserName><![CDATA[gh_599a701eee6b]]></ToUserName>
<FromUserName><![CDATA[oeSIo0T33y8PcmlLpByzpoBlmk7s]]></FromUserName>
<CreateTime>1498270243</CreateTime>
<MsgType><![CDATA[event]]></MsgType>
<Event><![CDATA[TEMPLATESENDJOBFINISH]]></Event>
<MsgID>432533411</MsgID>
<Status><![CDATA[success]]></Status>
</xml>

2017-06-24 10:10:43 params :
------------
String:
array (
  'message' => 
  array (
    'tousername' => 'gh_599a701eee6b',
    'fromusername' => 'oeSIo0T33y8PcmlLpByzpoBlmk7s',
    'createtime' => '1498270243',
    'msgtype' => 'event',
    'event' => 'TEMPLATESENDJOBFINISH',
    'msgid' => '432533411',
    'status' => 'success',
    'from' => 'oeSIo0T33y8PcmlLpByzpoBlmk7s',
    'to' => 'gh_599a701eee6b',
    'time' => '1498270243',
    'type' => 'text',
    'content' => '投票活动',
    'redirection' => true,
    'source' => 'default',
    'original' => NULL,
  ),
  'module' => 'news',
  'rule' => '26',
  'priority' => '0',
  'keyword' => 
  array (
    'id' => '487',
    'rid' => '26',
    'uniacid' => '3',
    'module' => 'news',
    'content' => '投票活动',
    'type' => '1',
    'displayorder' => '0',
    'status' => '1',
  ),
)

2017-06-24 10:10:43 response :
------------
Array:
FromUserName : gh_599a701eee6b ;
ToUserName : oeSIo0T33y8PcmlLpByzpoBlmk7s ;
MsgType : news ;
ArticleCount : 1 ;
Articles : Array ;

2017-06-24 10:12:43 trace :
------------
String:
<xml><ToUserName><![CDATA[gh_599a701eee6b]]></ToUserName>
<FromUserName><![CDATA[oeSIo0XzLZscOKuHCioz1zRvXSl4]]></FromUserName>
<CreateTime>1498270362</CreateTime>
<MsgType><![CDATA[event]]></MsgType>
<Event><![CDATA[LOCATION]]></Event>
<Latitude>22.575926</Latitude>
<Longitude>114.121712</Longitude>
<Precision>65.000000</Precision>
</xml>

2017-06-24 10:12:43 params :
------------
String:
array (
  'message' => 
  array (
    'tousername' => 'gh_599a701eee6b',
    'fromusername' => 'oeSIo0XzLZscOKuHCioz1zRvXSl4',
    'createtime' => '1498270362',
    'msgtype' => 'event',
    'event' => 'LOCATION',
    'latitude' => '22.575926',
    'longitude' => '114.121712',
    'precision' => '65.000000',
    'from' => 'oeSIo0XzLZscOKuHCioz1zRvXSl4',
    'to' => 'gh_599a701eee6b',
    'time' => '1498270362',
    'type' => 'trace',
    'location_x' => '22.575926',
    'location_y' => '114.121712',
  ),
  'module' => 'default',
  'rule' => '-1',
)

2017-06-24 10:12:43 response :
------------
Array:
errno : -1 ;
message : Invaild value ;

2017-06-24 10:16:45 trace :
------------
String:
<xml><ToUserName><![CDATA[gh_599a701eee6b]]></ToUserName>
<FromUserName><![CDATA[oeSIo0XzLZscOKuHCioz1zRvXSl4]]></FromUserName>
<CreateTime>1498270605</CreateTime>
<MsgType><![CDATA[event]]></MsgType>
<Event><![CDATA[TEMPLATESENDJOBFINISH]]></Event>
<MsgID>432533743</MsgID>
<Status><![CDATA[success]]></Status>
</xml>

2017-06-24 10:16:45 params :
------------
String:
array (
  'message' => 
  array (
    'tousername' => 'gh_599a701eee6b',
    'fromusername' => 'oeSIo0XzLZscOKuHCioz1zRvXSl4',
    'createtime' => '1498270605',
    'msgtype' => 'event',
    'event' => 'TEMPLATESENDJOBFINISH',
    'msgid' => '432533743',
    'status' => 'success',
    'from' => 'oeSIo0XzLZscOKuHCioz1zRvXSl4',
    'to' => 'gh_599a701eee6b',
    'time' => '1498270605',
    'type' => 'text',
    'content' => '投票活动',
    'redirection' => true,
    'source' => 'default',
    'original' => NULL,
  ),
  'module' => 'news',
  'rule' => '26',
  'priority' => '0',
  'keyword' => 
  array (
    'id' => '487',
    'rid' => '26',
    'uniacid' => '3',
    'module' => 'news',
    'content' => '投票活动',
    'type' => '1',
    'displayorder' => '0',
    'status' => '1',
  ),
)

2017-06-24 10:16:45 response :
------------
Array:
FromUserName : gh_599a701eee6b ;
ToUserName : oeSIo0XzLZscOKuHCioz1zRvXSl4 ;
MsgType : news ;
ArticleCount : 1 ;
Articles : Array ;

2017-06-24 10:18:25 trace :
------------
String:
<xml><ToUserName><![CDATA[gh_599a701eee6b]]></ToUserName>
<FromUserName><![CDATA[oeSIo0T33y8PcmlLpByzpoBlmk7s]]></FromUserName>
<CreateTime>1498270705</CreateTime>
<MsgType><![CDATA[event]]></MsgType>
<Event><![CDATA[TEMPLATESENDJOBFINISH]]></Event>
<MsgID>432533829</MsgID>
<Status><![CDATA[success]]></Status>
</xml>

2017-06-24 10:18:25 params :
------------
String:
array (
  'message' => 
  array (
    'tousername' => 'gh_599a701eee6b',
    'fromusername' => 'oeSIo0T33y8PcmlLpByzpoBlmk7s',
    'createtime' => '1498270705',
    'msgtype' => 'event',
    'event' => 'TEMPLATESENDJOBFINISH',
    'msgid' => '432533829',
    'status' => 'success',
    'from' => 'oeSIo0T33y8PcmlLpByzpoBlmk7s',
    'to' => 'gh_599a701eee6b',
    'time' => '1498270705',
    'type' => 'text',
    'content' => '投票活动',
    'redirection' => true,
    'source' => 'default',
    'original' => NULL,
  ),
  'module' => 'news',
  'rule' => '26',
  'priority' => '0',
  'keyword' => 
  array (
    'id' => '487',
    'rid' => '26',
    'uniacid' => '3',
    'module' => 'news',
    'content' => '投票活动',
    'type' => '1',
    'displayorder' => '0',
    'status' => '1',
  ),
)

2017-06-24 10:18:25 response :
------------
Array:
FromUserName : gh_599a701eee6b ;
ToUserName : oeSIo0T33y8PcmlLpByzpoBlmk7s ;
MsgType : news ;
ArticleCount : 1 ;
Articles : Array ;

2017-06-24 10:21:18 trace :
------------
String:
<xml><ToUserName><![CDATA[gh_599a701eee6b]]></ToUserName>
<FromUserName><![CDATA[oeSIo0T33y8PcmlLpByzpoBlmk7s]]></FromUserName>
<CreateTime>1498270878</CreateTime>
<MsgType><![CDATA[event]]></MsgType>
<Event><![CDATA[TEMPLATESENDJOBFINISH]]></Event>
<MsgID>432534124</MsgID>
<Status><![CDATA[success]]></Status>
</xml>

2017-06-24 10:21:18 params :
------------
String:
array (
  'message' => 
  array (
    'tousername' => 'gh_599a701eee6b',
    'fromusername' => 'oeSIo0T33y8PcmlLpByzpoBlmk7s',
    'createtime' => '1498270878',
    'msgtype' => 'event',
    'event' => 'TEMPLATESENDJOBFINISH',
    'msgid' => '432534124',
    'status' => 'success',
    'from' => 'oeSIo0T33y8PcmlLpByzpoBlmk7s',
    'to' => 'gh_599a701eee6b',
    'time' => '1498270878',
    'type' => 'text',
    'content' => '投票活动',
    'redirection' => true,
    'source' => 'default',
    'original' => NULL,
  ),
  'module' => 'news',
  'rule' => '26',
  'priority' => '0',
  'keyword' => 
  array (
    'id' => '487',
    'rid' => '26',
    'uniacid' => '3',
    'module' => 'news',
    'content' => '投票活动',
    'type' => '1',
    'displayorder' => '0',
    'status' => '1',
  ),
)

2017-06-24 10:21:18 response :
------------
Array:
FromUserName : gh_599a701eee6b ;
ToUserName : oeSIo0T33y8PcmlLpByzpoBlmk7s ;
MsgType : news ;
ArticleCount : 1 ;
Articles : Array ;

2017-06-24 10:21:53 trace :
------------
String:
<xml><ToUserName><![CDATA[gh_599a701eee6b]]></ToUserName>
<FromUserName><![CDATA[oeSIo0T33y8PcmlLpByzpoBlmk7s]]></FromUserName>
<CreateTime>1498270913</CreateTime>
<MsgType><![CDATA[event]]></MsgType>
<Event><![CDATA[TEMPLATESENDJOBFINISH]]></Event>
<MsgID>432534210</MsgID>
<Status><![CDATA[success]]></Status>
</xml>

2017-06-24 10:21:53 params :
------------
String:
array (
  'message' => 
  array (
    'tousername' => 'gh_599a701eee6b',
    'fromusername' => 'oeSIo0T33y8PcmlLpByzpoBlmk7s',
    'createtime' => '1498270913',
    'msgtype' => 'event',
    'event' => 'TEMPLATESENDJOBFINISH',
    'msgid' => '432534210',
    'status' => 'success',
    'from' => 'oeSIo0T33y8PcmlLpByzpoBlmk7s',
    'to' => 'gh_599a701eee6b',
    'time' => '1498270913',
    'type' => 'text',
    'content' => '投票活动',
    'redirection' => true,
    'source' => 'default',
    'original' => NULL,
  ),
  'module' => 'news',
  'rule' => '26',
  'priority' => '0',
  'keyword' => 
  array (
    'id' => '487',
    'rid' => '26',
    'uniacid' => '3',
    'module' => 'news',
    'content' => '投票活动',
    'type' => '1',
    'displayorder' => '0',
    'status' => '1',
  ),
)

2017-06-24 10:21:53 response :
------------
Array:
FromUserName : gh_599a701eee6b ;
ToUserName : oeSIo0T33y8PcmlLpByzpoBlmk7s ;
MsgType : news ;
ArticleCount : 1 ;
Articles : Array ;

2017-06-24 10:27:17 trace :
------------
String:
<xml><ToUserName><![CDATA[gh_599a701eee6b]]></ToUserName>
<FromUserName><![CDATA[oeSIo0XzLZscOKuHCioz1zRvXSl4]]></FromUserName>
<CreateTime>1498271237</CreateTime>
<MsgType><![CDATA[event]]></MsgType>
<Event><![CDATA[LOCATION]]></Event>
<Latitude>22.575891</Latitude>
<Longitude>114.121696</Longitude>
<Precision>65.000000</Precision>
</xml>

2017-06-24 10:27:17 params :
------------
String:
array (
  'message' => 
  array (
    'tousername' => 'gh_599a701eee6b',
    'fromusername' => 'oeSIo0XzLZscOKuHCioz1zRvXSl4',
    'createtime' => '1498271237',
    'msgtype' => 'event',
    'event' => 'LOCATION',
    'latitude' => '22.575891',
    'longitude' => '114.121696',
    'precision' => '65.000000',
    'from' => 'oeSIo0XzLZscOKuHCioz1zRvXSl4',
    'to' => 'gh_599a701eee6b',
    'time' => '1498271237',
    'type' => 'trace',
    'location_x' => '22.575891',
    'location_y' => '114.121696',
  ),
  'module' => 'default',
  'rule' => '-1',
)

2017-06-24 10:27:17 response :
------------
Array:
errno : -1 ;
message : Invaild value ;

2017-06-24 10:27:21 trace :
------------
String:
<xml><ToUserName><![CDATA[gh_599a701eee6b]]></ToUserName>
<FromUserName><![CDATA[oeSIo0XzLZscOKuHCioz1zRvXSl4]]></FromUserName>
<CreateTime>1498271241</CreateTime>
<MsgType><![CDATA[event]]></MsgType>
<Event><![CDATA[unsubscribe]]></Event>
<EventKey><![CDATA[]]></EventKey>
</xml>

2017-06-24 10:27:29 trace :
------------
String:
<xml><ToUserName><![CDATA[gh_599a701eee6b]]></ToUserName>
<FromUserName><![CDATA[oeSIo0XzLZscOKuHCioz1zRvXSl4]]></FromUserName>
<CreateTime>1498271249</CreateTime>
<MsgType><![CDATA[event]]></MsgType>
<Event><![CDATA[subscribe]]></Event>
<EventKey><![CDATA[qrscene_74ea03578b34e10112ea369cf2294e89]]></EventKey>
<Ticket><![CDATA[gQHk8DwAAAAAAAAAAS5odHRwOi8vd2VpeGluLnFxLmNvbS9xLzAyX2Q3czRWVnljRWgxMDAwME0wN3IAAgTQGhVZAwQAAAAA]]></Ticket>
</xml>

2017-06-24 10:27:32 trace :
------------
String:
<xml><ToUserName><![CDATA[gh_599a701eee6b]]></ToUserName>
<FromUserName><![CDATA[oeSIo0XzLZscOKuHCioz1zRvXSl4]]></FromUserName>
<CreateTime>1498271251</CreateTime>
<MsgType><![CDATA[event]]></MsgType>
<Event><![CDATA[LOCATION]]></Event>
<Latitude>22.575891</Latitude>
<Longitude>114.121696</Longitude>
<Precision>65.000000</Precision>
</xml>

2017-06-24 10:27:32 params :
------------
String:
array (
  'message' => 
  array (
    'tousername' => 'gh_599a701eee6b',
    'fromusername' => 'oeSIo0XzLZscOKuHCioz1zRvXSl4',
    'createtime' => '1498271251',
    'msgtype' => 'event',
    'event' => 'LOCATION',
    'latitude' => '22.575891',
    'longitude' => '114.121696',
    'precision' => '65.000000',
    'from' => 'oeSIo0XzLZscOKuHCioz1zRvXSl4',
    'to' => 'gh_599a701eee6b',
    'time' => '1498271251',
    'type' => 'trace',
    'location_x' => '22.575891',
    'location_y' => '114.121696',
  ),
  'module' => 'default',
  'rule' => '-1',
)

2017-06-24 10:27:32 response :
------------
Array:
errno : -1 ;
message : Invaild value ;

2017-06-24 10:28:01 trace :
------------
String:
<xml><ToUserName><![CDATA[gh_599a701eee6b]]></ToUserName>
<FromUserName><![CDATA[oeSIo0XzLZscOKuHCioz1zRvXSl4]]></FromUserName>
<CreateTime>1498271281</CreateTime>
<MsgType><![CDATA[event]]></MsgType>
<Event><![CDATA[unsubscribe]]></Event>
<EventKey><![CDATA[]]></EventKey>
</xml>

2017-06-24 10:28:30 trace :
------------
String:
<xml><ToUserName><![CDATA[gh_599a701eee6b]]></ToUserName>
<FromUserName><![CDATA[oeSIo0T33y8PcmlLpByzpoBlmk7s]]></FromUserName>
<CreateTime>1498271310</CreateTime>
<MsgType><![CDATA[text]]></MsgType>
<Content><![CDATA[推广代言]]></Content>
<MsgId>6435026277417612858</MsgId>
</xml>

2017-06-24 10:28:38 trace :
------------
String:
<xml><ToUserName><![CDATA[gh_599a701eee6b]]></ToUserName>
<FromUserName><![CDATA[oeSIo0XzLZscOKuHCioz1zRvXSl4]]></FromUserName>
<CreateTime>1498271318</CreateTime>
<MsgType><![CDATA[event]]></MsgType>
<Event><![CDATA[subscribe]]></Event>
<EventKey><![CDATA[qrscene_74ea03578b34e10112ea369cf2294e89]]></EventKey>
<Ticket><![CDATA[gQHk8DwAAAAAAAAAAS5odHRwOi8vd2VpeGluLnFxLmNvbS9xLzAyX2Q3czRWVnljRWgxMDAwME0wN3IAAgTQGhVZAwQAAAAA]]></Ticket>
</xml>

2017-06-24 10:28:39 trace :
------------
String:
<xml><ToUserName><![CDATA[gh_599a701eee6b]]></ToUserName>
<FromUserName><![CDATA[oeSIo0T33y8PcmlLpByzpoBlmk7s]]></FromUserName>
<CreateTime>1498271319</CreateTime>
<MsgType><![CDATA[event]]></MsgType>
<Event><![CDATA[TEMPLATESENDJOBFINISH]]></Event>
<MsgID>432535126</MsgID>
<Status><![CDATA[success]]></Status>
</xml>

2017-06-24 10:28:39 params :
------------
String:
array (
  'message' => 
  array (
    'tousername' => 'gh_599a701eee6b',
    'fromusername' => 'oeSIo0T33y8PcmlLpByzpoBlmk7s',
    'createtime' => '1498271319',
    'msgtype' => 'event',
    'event' => 'TEMPLATESENDJOBFINISH',
    'msgid' => '432535126',
    'status' => 'success',
    'from' => 'oeSIo0T33y8PcmlLpByzpoBlmk7s',
    'to' => 'gh_599a701eee6b',
    'time' => '1498271319',
    'type' => 'text',
    'content' => '投票活动',
    'redirection' => true,
    'source' => 'default',
    'original' => NULL,
  ),
  'module' => 'news',
  'rule' => '26',
  'priority' => '0',
  'keyword' => 
  array (
    'id' => '487',
    'rid' => '26',
    'uniacid' => '3',
    'module' => 'news',
    'content' => '投票活动',
    'type' => '1',
    'displayorder' => '0',
    'status' => '1',
  ),
)

2017-06-24 10:28:39 response :
------------
Array:
FromUserName : gh_599a701eee6b ;
ToUserName : oeSIo0T33y8PcmlLpByzpoBlmk7s ;
MsgType : news ;
ArticleCount : 1 ;
Articles : Array ;

2017-06-24 10:28:57 trace :
------------
String:
<xml><ToUserName><![CDATA[gh_599a701eee6b]]></ToUserName>
<FromUserName><![CDATA[oeSIo0XzLZscOKuHCioz1zRvXSl4]]></FromUserName>
<CreateTime>1498271337</CreateTime>
<MsgType><![CDATA[event]]></MsgType>
<Event><![CDATA[LOCATION]]></Event>
<Latitude>22.575871</Latitude>
<Longitude>114.121696</Longitude>
<Precision>65.000000</Precision>
</xml>

2017-06-24 10:28:57 params :
------------
String:
array (
  'message' => 
  array (
    'tousername' => 'gh_599a701eee6b',
    'fromusername' => 'oeSIo0XzLZscOKuHCioz1zRvXSl4',
    'createtime' => '1498271337',
    'msgtype' => 'event',
    'event' => 'LOCATION',
    'latitude' => '22.575871',
    'longitude' => '114.121696',
    'precision' => '65.000000',
    'from' => 'oeSIo0XzLZscOKuHCioz1zRvXSl4',
    'to' => 'gh_599a701eee6b',
    'time' => '1498271337',
    'type' => 'trace',
    'location_x' => '22.575871',
    'location_y' => '114.121696',
  ),
  'module' => 'default',
  'rule' => '-1',
)

2017-06-24 10:28:57 response :
------------
Array:
errno : -1 ;
message : Invaild value ;

2017-06-24 10:29:22 trace :
------------
String:
<xml><ToUserName><![CDATA[gh_599a701eee6b]]></ToUserName>
<FromUserName><![CDATA[oeSIo0XzLZscOKuHCioz1zRvXSl4]]></FromUserName>
<CreateTime>1498271362</CreateTime>
<MsgType><![CDATA[event]]></MsgType>
<Event><![CDATA[unsubscribe]]></Event>
<EventKey><![CDATA[]]></EventKey>
</xml>

2017-06-24 10:29:50 trace :
------------
String:
<xml><ToUserName><![CDATA[gh_599a701eee6b]]></ToUserName>
<FromUserName><![CDATA[oeSIo0T33y8PcmlLpByzpoBlmk7s]]></FromUserName>
<CreateTime>1498271390</CreateTime>
<MsgType><![CDATA[text]]></MsgType>
<Content><![CDATA[推广代言]]></Content>
<MsgId>6435026621014996726</MsgId>
</xml>

2017-06-24 10:29:59 trace :
------------
String:
<xml><ToUserName><![CDATA[gh_599a701eee6b]]></ToUserName>
<FromUserName><![CDATA[oeSIo0XzLZscOKuHCioz1zRvXSl4]]></FromUserName>
<CreateTime>1498271399</CreateTime>
<MsgType><![CDATA[event]]></MsgType>
<Event><![CDATA[subscribe]]></Event>
<EventKey><![CDATA[qrscene_74ea03578b34e10112ea369cf2294e89]]></EventKey>
<Ticket><![CDATA[gQHk8DwAAAAAAAAAAS5odHRwOi8vd2VpeGluLnFxLmNvbS9xLzAyX2Q3czRWVnljRWgxMDAwME0wN3IAAgTQGhVZAwQAAAAA]]></Ticket>
</xml>

2017-06-24 10:30:00 trace :
------------
String:
<xml><ToUserName><![CDATA[gh_599a701eee6b]]></ToUserName>
<FromUserName><![CDATA[oeSIo0T33y8PcmlLpByzpoBlmk7s]]></FromUserName>
<CreateTime>1498271400</CreateTime>
<MsgType><![CDATA[event]]></MsgType>
<Event><![CDATA[TEMPLATESENDJOBFINISH]]></Event>
<MsgID>432535310</MsgID>
<Status><![CDATA[success]]></Status>
</xml>

2017-06-24 10:30:00 params :
------------
String:
array (
  'message' => 
  array (
    'tousername' => 'gh_599a701eee6b',
    'fromusername' => 'oeSIo0T33y8PcmlLpByzpoBlmk7s',
    'createtime' => '1498271400',
    'msgtype' => 'event',
    'event' => 'TEMPLATESENDJOBFINISH',
    'msgid' => '432535310',
    'status' => 'success',
    'from' => 'oeSIo0T33y8PcmlLpByzpoBlmk7s',
    'to' => 'gh_599a701eee6b',
    'time' => '1498271400',
    'type' => 'text',
    'content' => '投票活动',
    'redirection' => true,
    'source' => 'default',
    'original' => NULL,
  ),
  'module' => 'news',
  'rule' => '26',
  'priority' => '0',
  'keyword' => 
  array (
    'id' => '487',
    'rid' => '26',
    'uniacid' => '3',
    'module' => 'news',
    'content' => '投票活动',
    'type' => '1',
    'displayorder' => '0',
    'status' => '1',
  ),
)

2017-06-24 10:30:00 response :
------------
Array:
FromUserName : gh_599a701eee6b ;
ToUserName : oeSIo0T33y8PcmlLpByzpoBlmk7s ;
MsgType : news ;
ArticleCount : 1 ;
Articles : Array ;

2017-06-24 10:30:02 trace :
------------
String:
<xml><ToUserName><![CDATA[gh_599a701eee6b]]></ToUserName>
<FromUserName><![CDATA[oeSIo0XzLZscOKuHCioz1zRvXSl4]]></FromUserName>
<CreateTime>1498271402</CreateTime>
<MsgType><![CDATA[event]]></MsgType>
<Event><![CDATA[LOCATION]]></Event>
<Latitude>22.575930</Latitude>
<Longitude>114.121712</Longitude>
<Precision>65.000000</Precision>
</xml>

2017-06-24 10:30:02 params :
------------
String:
array (
  'message' => 
  array (
    'tousername' => 'gh_599a701eee6b',
    'fromusername' => 'oeSIo0XzLZscOKuHCioz1zRvXSl4',
    'createtime' => '1498271402',
    'msgtype' => 'event',
    'event' => 'LOCATION',
    'latitude' => '22.575930',
    'longitude' => '114.121712',
    'precision' => '65.000000',
    'from' => 'oeSIo0XzLZscOKuHCioz1zRvXSl4',
    'to' => 'gh_599a701eee6b',
    'time' => '1498271402',
    'type' => 'trace',
    'location_x' => '22.575930',
    'location_y' => '114.121712',
  ),
  'module' => 'default',
  'rule' => '-1',
)

2017-06-24 10:30:02 response :
------------
Array:
errno : -1 ;
message : Invaild value ;

2017-06-24 10:33:40 trace :
------------
String:
<xml><ToUserName><![CDATA[gh_599a701eee6b]]></ToUserName>
<FromUserName><![CDATA[oeSIo0T33y8PcmlLpByzpoBlmk7s]]></FromUserName>
<CreateTime>1498271620</CreateTime>
<MsgType><![CDATA[event]]></MsgType>
<Event><![CDATA[LOCATION]]></Event>
<Latitude>22.575897</Latitude>
<Longitude>114.121712</Longitude>
<Precision>50.000000</Precision>
</xml>

2017-06-24 10:33:40 params :
------------
String:
array (
  'message' => 
  array (
    'tousername' => 'gh_599a701eee6b',
    'fromusername' => 'oeSIo0T33y8PcmlLpByzpoBlmk7s',
    'createtime' => '1498271620',
    'msgtype' => 'event',
    'event' => 'LOCATION',
    'latitude' => '22.575897',
    'longitude' => '114.121712',
    'precision' => '50.000000',
    'from' => 'oeSIo0T33y8PcmlLpByzpoBlmk7s',
    'to' => 'gh_599a701eee6b',
    'time' => '1498271620',
    'type' => 'trace',
    'location_x' => '22.575897',
    'location_y' => '114.121712',
  ),
  'module' => 'default',
  'rule' => '-1',
)

2017-06-24 10:33:40 response :
------------
Array:
errno : -1 ;
message : Invaild value ;

2017-06-24 11:30:24 trace :
------------
String:
<xml><ToUserName><![CDATA[gh_599a701eee6b]]></ToUserName>
<FromUserName><![CDATA[oeSIo0T33y8PcmlLpByzpoBlmk7s]]></FromUserName>
<CreateTime>1498275024</CreateTime>
<MsgType><![CDATA[event]]></MsgType>
<Event><![CDATA[TEMPLATESENDJOBFINISH]]></Event>
<MsgID>432540971</MsgID>
<Status><![CDATA[success]]></Status>
</xml>

2017-06-24 11:30:24 params :
------------
String:
array (
  'message' => 
  array (
    'tousername' => 'gh_599a701eee6b',
    'fromusername' => 'oeSIo0T33y8PcmlLpByzpoBlmk7s',
    'createtime' => '1498275024',
    'msgtype' => 'event',
    'event' => 'TEMPLATESENDJOBFINISH',
    'msgid' => '432540971',
    'status' => 'success',
    'from' => 'oeSIo0T33y8PcmlLpByzpoBlmk7s',
    'to' => 'gh_599a701eee6b',
    'time' => '1498275024',
    'type' => 'text',
    'content' => '投票活动',
    'redirection' => true,
    'source' => 'default',
    'original' => NULL,
  ),
  'module' => 'news',
  'rule' => '26',
  'priority' => '0',
  'keyword' => 
  array (
    'id' => '487',
    'rid' => '26',
    'uniacid' => '3',
    'module' => 'news',
    'content' => '投票活动',
    'type' => '1',
    'displayorder' => '0',
    'status' => '1',
  ),
)

2017-06-24 11:30:24 response :
------------
Array:
FromUserName : gh_599a701eee6b ;
ToUserName : oeSIo0T33y8PcmlLpByzpoBlmk7s ;
MsgType : news ;
ArticleCount : 1 ;
Articles : Array ;

2017-06-24 11:31:20 trace :
------------
String:
<xml><ToUserName><![CDATA[gh_599a701eee6b]]></ToUserName>
<FromUserName><![CDATA[oeSIo0T33y8PcmlLpByzpoBlmk7s]]></FromUserName>
<CreateTime>1498275080</CreateTime>
<MsgType><![CDATA[event]]></MsgType>
<Event><![CDATA[TEMPLATESENDJOBFINISH]]></Event>
<MsgID>432541030</MsgID>
<Status><![CDATA[success]]></Status>
</xml>

2017-06-24 11:31:20 params :
------------
String:
array (
  'message' => 
  array (
    'tousername' => 'gh_599a701eee6b',
    'fromusername' => 'oeSIo0T33y8PcmlLpByzpoBlmk7s',
    'createtime' => '1498275080',
    'msgtype' => 'event',
    'event' => 'TEMPLATESENDJOBFINISH',
    'msgid' => '432541030',
    'status' => 'success',
    'from' => 'oeSIo0T33y8PcmlLpByzpoBlmk7s',
    'to' => 'gh_599a701eee6b',
    'time' => '1498275080',
    'type' => 'text',
    'content' => '投票活动',
    'redirection' => true,
    'source' => 'default',
    'original' => NULL,
  ),
  'module' => 'news',
  'rule' => '26',
  'priority' => '0',
  'keyword' => 
  array (
    'id' => '487',
    'rid' => '26',
    'uniacid' => '3',
    'module' => 'news',
    'content' => '投票活动',
    'type' => '1',
    'displayorder' => '0',
    'status' => '1',
  ),
)

2017-06-24 11:31:20 response :
------------
Array:
FromUserName : gh_599a701eee6b ;
ToUserName : oeSIo0T33y8PcmlLpByzpoBlmk7s ;
MsgType : news ;
ArticleCount : 1 ;
Articles : Array ;

2017-06-24 16:25:46 trace :
------------
String:
<xml><ToUserName><![CDATA[gh_2cc1b47a6d8a]]></ToUserName>
<FromUserName><![CDATA[omxiWs2ntBT07ajBVCrHzjJ8pijY]]></FromUserName>
<CreateTime>1498292746</CreateTime>
<MsgType><![CDATA[event]]></MsgType>
<Event><![CDATA[LOCATION]]></Event>
<Latitude>22.629129</Latitude>
<Longitude>114.181000</Longitude>
<Precision>40.000000</Precision>
</xml>

2017-06-24 16:25:46 params :
------------
String:
array (
  'message' => 
  array (
    'tousername' => 'gh_2cc1b47a6d8a',
    'fromusername' => 'omxiWs2ntBT07ajBVCrHzjJ8pijY',
    'createtime' => '1498292746',
    'msgtype' => 'event',
    'event' => 'LOCATION',
    'latitude' => '22.629129',
    'longitude' => '114.181000',
    'precision' => '40.000000',
    'from' => 'omxiWs2ntBT07ajBVCrHzjJ8pijY',
    'to' => 'gh_2cc1b47a6d8a',
    'time' => '1498292746',
    'type' => 'trace',
    'location_x' => '22.629129',
    'location_y' => '114.181000',
  ),
  'module' => 'default',
  'rule' => '-1',
)

2017-06-24 16:25:46 response :
------------
Array:
errno : -1 ;
message : Invaild value ;

2017-06-24 16:26:13 trace :
------------
String:
<xml><ToUserName><![CDATA[gh_2cc1b47a6d8a]]></ToUserName>
<FromUserName><![CDATA[omxiWs2ntBT07ajBVCrHzjJ8pijY]]></FromUserName>
<CreateTime>1498292773</CreateTime>
<MsgType><![CDATA[event]]></MsgType>
<Event><![CDATA[LOCATION]]></Event>
<Latitude>22.629129</Latitude>
<Longitude>114.181000</Longitude>
<Precision>40.000000</Precision>
</xml>

2017-06-24 16:26:13 params :
------------
String:
array (
  'message' => 
  array (
    'tousername' => 'gh_2cc1b47a6d8a',
    'fromusername' => 'omxiWs2ntBT07ajBVCrHzjJ8pijY',
    'createtime' => '1498292773',
    'msgtype' => 'event',
    'event' => 'LOCATION',
    'latitude' => '22.629129',
    'longitude' => '114.181000',
    'precision' => '40.000000',
    'from' => 'omxiWs2ntBT07ajBVCrHzjJ8pijY',
    'to' => 'gh_2cc1b47a6d8a',
    'time' => '1498292773',
    'type' => 'trace',
    'location_x' => '22.629129',
    'location_y' => '114.181000',
  ),
  'module' => 'default',
  'rule' => '-1',
)

2017-06-24 16:26:13 response :
------------
Array:
errno : -1 ;
message : Invaild value ;

2017-06-24 16:26:19 trace :
------------
String:
<xml><ToUserName><![CDATA[gh_2cc1b47a6d8a]]></ToUserName>
<FromUserName><![CDATA[omxiWs2ntBT07ajBVCrHzjJ8pijY]]></FromUserName>
<CreateTime>1498292779</CreateTime>
<MsgType><![CDATA[event]]></MsgType>
<Event><![CDATA[unsubscribe]]></Event>
<EventKey><![CDATA[]]></EventKey>
</xml>

2017-06-24 20:18:34 trace :
------------
String:
<xml><ToUserName><![CDATA[gh_2cc1b47a6d8a]]></ToUserName>
<FromUserName><![CDATA[omxiWs83hYbcuySAkSt2Q4Bsncrs]]></FromUserName>
<CreateTime>1498306714</CreateTime>
<MsgType><![CDATA[event]]></MsgType>
<Event><![CDATA[LOCATION]]></Event>
<Latitude>22.601254</Latitude>
<Longitude>114.117111</Longitude>
<Precision>60.000000</Precision>
</xml>

2017-06-24 20:18:34 params :
------------
String:
array (
  'message' => 
  array (
    'tousername' => 'gh_2cc1b47a6d8a',
    'fromusername' => 'omxiWs83hYbcuySAkSt2Q4Bsncrs',
    'createtime' => '1498306714',
    'msgtype' => 'event',
    'event' => 'LOCATION',
    'latitude' => '22.601254',
    'longitude' => '114.117111',
    'precision' => '60.000000',
    'from' => 'omxiWs83hYbcuySAkSt2Q4Bsncrs',
    'to' => 'gh_2cc1b47a6d8a',
    'time' => '1498306714',
    'type' => 'trace',
    'location_x' => '22.601254',
    'location_y' => '114.117111',
  ),
  'module' => 'default',
  'rule' => '-1',
)

2017-06-24 20:18:34 response :
------------
Array:
errno : -1 ;
message : Invaild value ;

2017-06-24 23:38:01 trace :
------------
String:
<xml><ToUserName><![CDATA[gh_2cc1b47a6d8a]]></ToUserName>
<FromUserName><![CDATA[omxiWsz87PUNglkJ2XwdaV-os6Ls]]></FromUserName>
<CreateTime>1498318681</CreateTime>
<MsgType><![CDATA[event]]></MsgType>
<Event><![CDATA[unsubscribe]]></Event>
<EventKey><![CDATA[]]></EventKey>
</xml>

