2017-05-11 10:07:53 trace :
------------
String:
<xml><ToUserName><![CDATA[gh_2cc1b47a6d8a]]></ToUserName>
<FromUserName><![CDATA[omxiWs38QEyliYMTISzItEC2gtqw]]></FromUserName>
<CreateTime>1494468473</CreateTime>
<MsgType><![CDATA[event]]></MsgType>
<Event><![CDATA[VIEW]]></Event>
<EventKey><![CDATA[http://wx.3djpark.com/app/index.php?i=2&c=entry&m=ewei_shopv2&do=mobile]]></EventKey>
<MenuId>409184002</MenuId>
</xml>

2017-05-11 10:07:53 params :
------------
String:
array (
  'rule' => -2,
  'module' => '',
  'message' => 
  array (
    'tousername' => 'gh_2cc1b47a6d8a',
    'fromusername' => 'omxiWs38QEyliYMTISzItEC2gtqw',
    'createtime' => '1494468473',
    'msgtype' => 'event',
    'event' => 'VIEW',
    'eventkey' => 'http://wx.3djpark.com/app/index.php?i=2&c=entry&m=ewei_shopv2&do=mobile',
    'menuid' => '409184002',
    'from' => 'omxiWs38QEyliYMTISzItEC2gtqw',
    'to' => 'gh_2cc1b47a6d8a',
    'time' => '1494468473',
    'type' => 'text',
    'content' => 'http://wx.3djpark.com/app/index.php?i=2&c=entry&m=ewei_shopv2&do=mobile',
    'redirection' => true,
    'source' => 'VIEW',
  ),
)

2017-05-11 10:07:53 response :
------------

2017-05-11 10:27:33 trace :
------------
String:
<xml><ToUserName><![CDATA[toUser]]></ToUserName><FromUserName><![CDATA[fromUser]]></FromUserName><CreateTime>1494469607</CreateTime><MsgType><![CDATA[text]]></MsgType><Content><![CDATA[测试内容]]></Content><MsgId>1234567890123456</MsgId></xml>

2017-05-11 10:27:33 params :
------------
String:
array (
  'rule' => -2,
  'module' => '',
  'message' => 
  array (
    'tousername' => 'toUser',
    'fromusername' => 'fromUser',
    'createtime' => '1494469607',
    'msgtype' => 'text',
    'content' => '测试内容',
    'msgid' => '1234567890123456',
    'from' => 'fromUser',
    'to' => 'toUser',
    'time' => '1494469607',
    'type' => 'text',
    'event' => NULL,
    'redirection' => false,
    'source' => NULL,
  ),
)

2017-05-11 10:27:33 response :
------------

