2017-06-19 12:28:40 trace :
------------
String:
<xml><ToUserName><![CDATA[gh_2cc1b47a6d8a]]></ToUserName>
<FromUserName><![CDATA[omxiWs3sVJZ8bxtarcR3v9-LVBho]]></FromUserName>
<CreateTime>1497846520</CreateTime>
<MsgType><![CDATA[event]]></MsgType>
<Event><![CDATA[LOCATION]]></Event>
<Latitude>22.575924</Latitude>
<Longitude>114.121735</Longitude>
<Precision>65.000000</Precision>
</xml>

2017-06-19 12:28:40 params :
------------
String:
array (
  'message' => 
  array (
    'tousername' => 'gh_2cc1b47a6d8a',
    'fromusername' => 'omxiWs3sVJZ8bxtarcR3v9-LVBho',
    'createtime' => '1497846520',
    'msgtype' => 'event',
    'event' => 'LOCATION',
    'latitude' => '22.575924',
    'longitude' => '114.121735',
    'precision' => '65.000000',
    'from' => 'omxiWs3sVJZ8bxtarcR3v9-LVBho',
    'to' => 'gh_2cc1b47a6d8a',
    'time' => '1497846520',
    'type' => 'trace',
    'location_x' => '22.575924',
    'location_y' => '114.121735',
  ),
  'module' => 'default',
  'rule' => '-1',
)

2017-06-19 12:28:40 response :
------------
Array:
errno : -1 ;
message : Invaild value ;

2017-06-19 12:28:53 trace :
------------
String:
<xml><ToUserName><![CDATA[gh_2cc1b47a6d8a]]></ToUserName>
<FromUserName><![CDATA[omxiWs3sVJZ8bxtarcR3v9-LVBho]]></FromUserName>
<CreateTime>1497846533</CreateTime>
<MsgType><![CDATA[event]]></MsgType>
<Event><![CDATA[VIEW]]></Event>
<EventKey><![CDATA[http://www.cdj1946.cn/app/index.php?i=5&c=entry&rid=24&do=index&m=tyzm_diamondvote]]></EventKey>
<MenuId>409603874</MenuId>
</xml>

2017-06-19 12:28:53 params :
------------
String:
array (
  'message' => 
  array (
    'tousername' => 'gh_2cc1b47a6d8a',
    'fromusername' => 'omxiWs3sVJZ8bxtarcR3v9-LVBho',
    'createtime' => '1497846533',
    'msgtype' => 'event',
    'event' => 'VIEW',
    'eventkey' => 'http://www.cdj1946.cn/app/index.php?i=5&c=entry&rid=24&do=index&m=tyzm_diamondvote',
    'menuid' => '409603874',
    'from' => 'omxiWs3sVJZ8bxtarcR3v9-LVBho',
    'to' => 'gh_2cc1b47a6d8a',
    'time' => '1497846533',
    'type' => 'text',
    'content' => '投票活动',
    'redirection' => true,
    'source' => 'default',
    'original' => 'http://www.cdj1946.cn/app/index.php?i=5&c=entry&rid=24&do=index&m=tyzm_diamondvote',
  ),
  'module' => 'news',
  'rule' => '23',
  'priority' => '0',
  'keyword' => 
  array (
    'id' => '485',
    'rid' => '23',
    'uniacid' => '5',
    'module' => 'news',
    'content' => '投票活动',
    'type' => '1',
    'displayorder' => '0',
    'status' => '1',
  ),
)

2017-06-19 12:28:53 response :
------------
Array:
FromUserName : gh_2cc1b47a6d8a ;
ToUserName : omxiWs3sVJZ8bxtarcR3v9-LVBho ;
MsgType : news ;
ArticleCount : 1 ;
Articles : Array ;

2017-06-19 12:30:07 trace :
------------
String:
<xml><ToUserName><![CDATA[gh_2cc1b47a6d8a]]></ToUserName>
<FromUserName><![CDATA[omxiWs3sVJZ8bxtarcR3v9-LVBho]]></FromUserName>
<CreateTime>1497846607</CreateTime>
<MsgType><![CDATA[event]]></MsgType>
<Event><![CDATA[VIEW]]></Event>
<EventKey><![CDATA[http://mp.weixin.qq.com/s/6zX50aaM25344qd-U3FtzQ]]></EventKey>
<MenuId>409603874</MenuId>
</xml>

2017-06-19 12:30:07 params :
------------
String:
array (
  'message' => 
  array (
    'tousername' => 'gh_2cc1b47a6d8a',
    'fromusername' => 'omxiWs3sVJZ8bxtarcR3v9-LVBho',
    'createtime' => '1497846607',
    'msgtype' => 'event',
    'event' => 'VIEW',
    'eventkey' => 'http://mp.weixin.qq.com/s/6zX50aaM25344qd-U3FtzQ',
    'menuid' => '409603874',
    'from' => 'omxiWs3sVJZ8bxtarcR3v9-LVBho',
    'to' => 'gh_2cc1b47a6d8a',
    'time' => '1497846607',
    'type' => 'text',
    'content' => '投票活动',
    'redirection' => true,
    'source' => 'default',
    'original' => 'http://mp.weixin.qq.com/s/6zX50aaM25344qd-U3FtzQ',
  ),
  'module' => 'news',
  'rule' => '23',
  'priority' => '0',
  'keyword' => 
  array (
    'id' => '485',
    'rid' => '23',
    'uniacid' => '5',
    'module' => 'news',
    'content' => '投票活动',
    'type' => '1',
    'displayorder' => '0',
    'status' => '1',
  ),
)

2017-06-19 12:30:07 response :
------------
Array:
FromUserName : gh_2cc1b47a6d8a ;
ToUserName : omxiWs3sVJZ8bxtarcR3v9-LVBho ;
MsgType : news ;
ArticleCount : 1 ;
Articles : Array ;

2017-06-19 12:30:33 trace :
------------
String:
<xml><ToUserName><![CDATA[gh_2cc1b47a6d8a]]></ToUserName>
<FromUserName><![CDATA[omxiWs3sVJZ8bxtarcR3v9-LVBho]]></FromUserName>
<CreateTime>1497846633</CreateTime>
<MsgType><![CDATA[event]]></MsgType>
<Event><![CDATA[VIEW]]></Event>
<EventKey><![CDATA[http://r.xiumi.us/stage/v5/2EA7C/43908634#/]]></EventKey>
<MenuId>409603874</MenuId>
</xml>

2017-06-19 12:30:33 params :
------------
String:
array (
  'message' => 
  array (
    'tousername' => 'gh_2cc1b47a6d8a',
    'fromusername' => 'omxiWs3sVJZ8bxtarcR3v9-LVBho',
    'createtime' => '1497846633',
    'msgtype' => 'event',
    'event' => 'VIEW',
    'eventkey' => 'http://r.xiumi.us/stage/v5/2EA7C/43908634#/',
    'menuid' => '409603874',
    'from' => 'omxiWs3sVJZ8bxtarcR3v9-LVBho',
    'to' => 'gh_2cc1b47a6d8a',
    'time' => '1497846633',
    'type' => 'text',
    'content' => '投票活动',
    'redirection' => true,
    'source' => 'default',
    'original' => 'http://r.xiumi.us/stage/v5/2EA7C/43908634#/',
  ),
  'module' => 'news',
  'rule' => '23',
  'priority' => '0',
  'keyword' => 
  array (
    'id' => '485',
    'rid' => '23',
    'uniacid' => '5',
    'module' => 'news',
    'content' => '投票活动',
    'type' => '1',
    'displayorder' => '0',
    'status' => '1',
  ),
)

2017-06-19 12:30:33 response :
------------
Array:
FromUserName : gh_2cc1b47a6d8a ;
ToUserName : omxiWs3sVJZ8bxtarcR3v9-LVBho ;
MsgType : news ;
ArticleCount : 1 ;
Articles : Array ;

2017-06-19 15:09:03 trace :
------------
String:
<xml><ToUserName><![CDATA[gh_599a701eee6b]]></ToUserName>
<FromUserName><![CDATA[oeSIo0ZJ2gWXWfSQA-5fjmJKB7FM]]></FromUserName>
<CreateTime>1497856142</CreateTime>
<MsgType><![CDATA[event]]></MsgType>
<Event><![CDATA[subscribe]]></Event>
<EventKey><![CDATA[]]></EventKey>
</xml>

2017-06-19 15:09:03 params :
------------
String:
array (
  'message' => 
  array (
    'tousername' => 'gh_599a701eee6b',
    'fromusername' => 'oeSIo0ZJ2gWXWfSQA-5fjmJKB7FM',
    'createtime' => '1497856142',
    'msgtype' => 'event',
    'event' => 'subscribe',
    'eventkey' => '',
    'from' => 'oeSIo0ZJ2gWXWfSQA-5fjmJKB7FM',
    'to' => 'gh_599a701eee6b',
    'time' => '1497856142',
    'type' => 'text',
    'redirection' => true,
    'source' => 'subscribe',
    'content' => '投票活动',
  ),
  'module' => 'news',
  'rule' => '26',
  'priority' => '0',
  'keyword' => 
  array (
    'id' => '487',
    'rid' => '26',
    'uniacid' => '3',
    'module' => 'news',
    'content' => '投票活动',
    'type' => '1',
    'displayorder' => '0',
    'status' => '1',
  ),
)

2017-06-19 15:09:03 response :
------------
Array:
FromUserName : gh_599a701eee6b ;
ToUserName : oeSIo0ZJ2gWXWfSQA-5fjmJKB7FM ;
MsgType : news ;
ArticleCount : 1 ;
Articles : Array ;

2017-06-19 15:09:06 trace :
------------
String:
<xml><ToUserName><![CDATA[gh_599a701eee6b]]></ToUserName>
<FromUserName><![CDATA[oeSIo0ZJ2gWXWfSQA-5fjmJKB7FM]]></FromUserName>
<CreateTime>1497856145</CreateTime>
<MsgType><![CDATA[event]]></MsgType>
<Event><![CDATA[LOCATION]]></Event>
<Latitude>22.572205</Latitude>
<Longitude>114.122276</Longitude>
<Precision>65.000000</Precision>
</xml>

2017-06-19 15:09:06 params :
------------
String:
array (
  'message' => 
  array (
    'tousername' => 'gh_599a701eee6b',
    'fromusername' => 'oeSIo0ZJ2gWXWfSQA-5fjmJKB7FM',
    'createtime' => '1497856145',
    'msgtype' => 'event',
    'event' => 'LOCATION',
    'latitude' => '22.572205',
    'longitude' => '114.122276',
    'precision' => '65.000000',
    'from' => 'oeSIo0ZJ2gWXWfSQA-5fjmJKB7FM',
    'to' => 'gh_599a701eee6b',
    'time' => '1497856145',
    'type' => 'trace',
    'location_x' => '22.572205',
    'location_y' => '114.122276',
  ),
  'module' => 'default',
  'rule' => '-1',
)

2017-06-19 15:09:06 response :
------------
Array:
errno : -1 ;
message : Invaild value ;

2017-06-19 15:09:08 trace :
------------
String:
<xml><ToUserName><![CDATA[gh_599a701eee6b]]></ToUserName>
<FromUserName><![CDATA[oeSIo0ZJ2gWXWfSQA-5fjmJKB7FM]]></FromUserName>
<CreateTime>1497856148</CreateTime>
<MsgType><![CDATA[event]]></MsgType>
<Event><![CDATA[VIEW]]></Event>
<EventKey><![CDATA[http://www.cdj1946.cn/app/index.php?i=5&c=entry&rid=24&do=index&m=tyzm_diamondvote]]></EventKey>
<MenuId>429584449</MenuId>
</xml>

2017-06-19 15:09:08 params :
------------
String:
array (
  'message' => 
  array (
    'tousername' => 'gh_599a701eee6b',
    'fromusername' => 'oeSIo0ZJ2gWXWfSQA-5fjmJKB7FM',
    'createtime' => '1497856148',
    'msgtype' => 'event',
    'event' => 'VIEW',
    'eventkey' => 'http://www.cdj1946.cn/app/index.php?i=5&c=entry&rid=24&do=index&m=tyzm_diamondvote',
    'menuid' => '429584449',
    'from' => 'oeSIo0ZJ2gWXWfSQA-5fjmJKB7FM',
    'to' => 'gh_599a701eee6b',
    'time' => '1497856148',
    'type' => 'text',
    'content' => '投票活动',
    'redirection' => true,
    'source' => 'default',
    'original' => 'http://www.cdj1946.cn/app/index.php?i=5&c=entry&rid=24&do=index&m=tyzm_diamondvote',
  ),
  'module' => 'news',
  'rule' => '26',
  'priority' => '0',
  'keyword' => 
  array (
    'id' => '487',
    'rid' => '26',
    'uniacid' => '3',
    'module' => 'news',
    'content' => '投票活动',
    'type' => '1',
    'displayorder' => '0',
    'status' => '1',
  ),
)

2017-06-19 15:09:08 response :
------------
Array:
FromUserName : gh_599a701eee6b ;
ToUserName : oeSIo0ZJ2gWXWfSQA-5fjmJKB7FM ;
MsgType : news ;
ArticleCount : 1 ;
Articles : Array ;

2017-06-19 15:09:16 trace :
------------
String:
<xml><ToUserName><![CDATA[gh_599a701eee6b]]></ToUserName>
<FromUserName><![CDATA[oeSIo0ZJ2gWXWfSQA-5fjmJKB7FM]]></FromUserName>
<CreateTime>1497856156</CreateTime>
<MsgType><![CDATA[event]]></MsgType>
<Event><![CDATA[VIEW]]></Event>
<EventKey><![CDATA[http://w.url.cn/s/Aupht7u]]></EventKey>
<MenuId>429584449</MenuId>
</xml>

2017-06-19 15:09:16 params :
------------
String:
array (
  'message' => 
  array (
    'tousername' => 'gh_599a701eee6b',
    'fromusername' => 'oeSIo0ZJ2gWXWfSQA-5fjmJKB7FM',
    'createtime' => '1497856156',
    'msgtype' => 'event',
    'event' => 'VIEW',
    'eventkey' => 'http://w.url.cn/s/Aupht7u',
    'menuid' => '429584449',
    'from' => 'oeSIo0ZJ2gWXWfSQA-5fjmJKB7FM',
    'to' => 'gh_599a701eee6b',
    'time' => '1497856156',
    'type' => 'text',
    'content' => '投票活动',
    'redirection' => true,
    'source' => 'default',
    'original' => 'http://w.url.cn/s/Aupht7u',
  ),
  'module' => 'news',
  'rule' => '26',
  'priority' => '0',
  'keyword' => 
  array (
    'id' => '487',
    'rid' => '26',
    'uniacid' => '3',
    'module' => 'news',
    'content' => '投票活动',
    'type' => '1',
    'displayorder' => '0',
    'status' => '1',
  ),
)

2017-06-19 15:09:16 response :
------------
Array:
FromUserName : gh_599a701eee6b ;
ToUserName : oeSIo0ZJ2gWXWfSQA-5fjmJKB7FM ;
MsgType : news ;
ArticleCount : 1 ;
Articles : Array ;

2017-06-19 15:09:20 trace :
------------
String:
<xml><ToUserName><![CDATA[gh_599a701eee6b]]></ToUserName>
<FromUserName><![CDATA[oeSIo0ZJ2gWXWfSQA-5fjmJKB7FM]]></FromUserName>
<CreateTime>1497856160</CreateTime>
<MsgType><![CDATA[event]]></MsgType>
<Event><![CDATA[VIEW]]></Event>
<EventKey><![CDATA[http://www.cdj1946.cn/app/index.php?i=5&c=entry&rid=24&do=index&m=tyzm_diamondvote]]></EventKey>
<MenuId>429584449</MenuId>
</xml>

2017-06-19 15:09:20 params :
------------
String:
array (
  'message' => 
  array (
    'tousername' => 'gh_599a701eee6b',
    'fromusername' => 'oeSIo0ZJ2gWXWfSQA-5fjmJKB7FM',
    'createtime' => '1497856160',
    'msgtype' => 'event',
    'event' => 'VIEW',
    'eventkey' => 'http://www.cdj1946.cn/app/index.php?i=5&c=entry&rid=24&do=index&m=tyzm_diamondvote',
    'menuid' => '429584449',
    'from' => 'oeSIo0ZJ2gWXWfSQA-5fjmJKB7FM',
    'to' => 'gh_599a701eee6b',
    'time' => '1497856160',
    'type' => 'text',
    'content' => '投票活动',
    'redirection' => true,
    'source' => 'default',
    'original' => 'http://www.cdj1946.cn/app/index.php?i=5&c=entry&rid=24&do=index&m=tyzm_diamondvote',
  ),
  'module' => 'news',
  'rule' => '26',
  'priority' => '0',
  'keyword' => 
  array (
    'id' => '487',
    'rid' => '26',
    'uniacid' => '3',
    'module' => 'news',
    'content' => '投票活动',
    'type' => '1',
    'displayorder' => '0',
    'status' => '1',
  ),
)

2017-06-19 15:09:20 response :
------------
Array:
FromUserName : gh_599a701eee6b ;
ToUserName : oeSIo0ZJ2gWXWfSQA-5fjmJKB7FM ;
MsgType : news ;
ArticleCount : 1 ;
Articles : Array ;

2017-06-19 15:09:40 trace :
------------
String:
<xml><ToUserName><![CDATA[gh_599a701eee6b]]></ToUserName>
<FromUserName><![CDATA[oeSIo0ZJ2gWXWfSQA-5fjmJKB7FM]]></FromUserName>
<CreateTime>1497856180</CreateTime>
<MsgType><![CDATA[text]]></MsgType>
<Content><![CDATA[4720]]></Content>
<MsgId>6433243307643385833</MsgId>
</xml>

2017-06-19 15:09:40 params :
------------
String:
array (
  'message' => 
  array (
    'tousername' => 'gh_599a701eee6b',
    'fromusername' => 'oeSIo0ZJ2gWXWfSQA-5fjmJKB7FM',
    'createtime' => '1497856180',
    'msgtype' => 'text',
    'content' => '投票活动',
    'msgid' => '6433243307643385833',
    'from' => 'oeSIo0ZJ2gWXWfSQA-5fjmJKB7FM',
    'to' => 'gh_599a701eee6b',
    'time' => '1497856180',
    'type' => 'text',
    'event' => NULL,
    'redirection' => true,
    'source' => 'default',
    'original' => '4720',
  ),
  'module' => 'news',
  'rule' => '26',
  'priority' => '0',
  'keyword' => 
  array (
    'id' => '487',
    'rid' => '26',
    'uniacid' => '3',
    'module' => 'news',
    'content' => '投票活动',
    'type' => '1',
    'displayorder' => '0',
    'status' => '1',
  ),
)

2017-06-19 15:09:40 response :
------------
Array:
FromUserName : gh_599a701eee6b ;
ToUserName : oeSIo0ZJ2gWXWfSQA-5fjmJKB7FM ;
MsgType : news ;
ArticleCount : 1 ;
Articles : Array ;

2017-06-19 15:27:55 trace :
------------
String:
<xml><ToUserName><![CDATA[gh_2cc1b47a6d8a]]></ToUserName>
<FromUserName><![CDATA[omxiWs3sVJZ8bxtarcR3v9-LVBho]]></FromUserName>
<CreateTime>1497857275</CreateTime>
<MsgType><![CDATA[event]]></MsgType>
<Event><![CDATA[LOCATION]]></Event>
<Latitude>22.575916</Latitude>
<Longitude>114.121704</Longitude>
<Precision>65.000000</Precision>
</xml>

2017-06-19 15:27:55 params :
------------
String:
array (
  'message' => 
  array (
    'tousername' => 'gh_2cc1b47a6d8a',
    'fromusername' => 'omxiWs3sVJZ8bxtarcR3v9-LVBho',
    'createtime' => '1497857275',
    'msgtype' => 'event',
    'event' => 'LOCATION',
    'latitude' => '22.575916',
    'longitude' => '114.121704',
    'precision' => '65.000000',
    'from' => 'omxiWs3sVJZ8bxtarcR3v9-LVBho',
    'to' => 'gh_2cc1b47a6d8a',
    'time' => '1497857275',
    'type' => 'trace',
    'location_x' => '22.575916',
    'location_y' => '114.121704',
  ),
  'module' => 'default',
  'rule' => '-1',
)

2017-06-19 15:27:55 response :
------------
Array:
errno : -1 ;
message : Invaild value ;

2017-06-19 15:27:56 trace :
------------
String:
<xml><ToUserName><![CDATA[gh_2cc1b47a6d8a]]></ToUserName>
<FromUserName><![CDATA[omxiWs3sVJZ8bxtarcR3v9-LVBho]]></FromUserName>
<CreateTime>1497857276</CreateTime>
<MsgType><![CDATA[event]]></MsgType>
<Event><![CDATA[VIEW]]></Event>
<EventKey><![CDATA[http://r.xiumi.us/stage/v5/2EA7C/43908634#/]]></EventKey>
<MenuId>409603874</MenuId>
</xml>

2017-06-19 15:27:56 params :
------------
String:
array (
  'message' => 
  array (
    'tousername' => 'gh_2cc1b47a6d8a',
    'fromusername' => 'omxiWs3sVJZ8bxtarcR3v9-LVBho',
    'createtime' => '1497857276',
    'msgtype' => 'event',
    'event' => 'VIEW',
    'eventkey' => 'http://r.xiumi.us/stage/v5/2EA7C/43908634#/',
    'menuid' => '409603874',
    'from' => 'omxiWs3sVJZ8bxtarcR3v9-LVBho',
    'to' => 'gh_2cc1b47a6d8a',
    'time' => '1497857276',
    'type' => 'text',
    'content' => '投票活动',
    'redirection' => true,
    'source' => 'default',
    'original' => 'http://r.xiumi.us/stage/v5/2EA7C/43908634#/',
  ),
  'module' => 'news',
  'rule' => '23',
  'priority' => '0',
  'keyword' => 
  array (
    'id' => '485',
    'rid' => '23',
    'uniacid' => '5',
    'module' => 'news',
    'content' => '投票活动',
    'type' => '1',
    'displayorder' => '0',
    'status' => '1',
  ),
)

2017-06-19 15:27:56 response :
------------
Array:
FromUserName : gh_2cc1b47a6d8a ;
ToUserName : omxiWs3sVJZ8bxtarcR3v9-LVBho ;
MsgType : news ;
ArticleCount : 1 ;
Articles : Array ;

2017-06-19 15:28:00 trace :
------------
String:
<xml><ToUserName><![CDATA[gh_2cc1b47a6d8a]]></ToUserName>
<FromUserName><![CDATA[omxiWs3sVJZ8bxtarcR3v9-LVBho]]></FromUserName>
<CreateTime>1497857280</CreateTime>
<MsgType><![CDATA[event]]></MsgType>
<Event><![CDATA[VIEW]]></Event>
<EventKey><![CDATA[http://mp.weixin.qq.com/s/6zX50aaM25344qd-U3FtzQ]]></EventKey>
<MenuId>409603874</MenuId>
</xml>

2017-06-19 15:28:00 params :
------------
String:
array (
  'message' => 
  array (
    'tousername' => 'gh_2cc1b47a6d8a',
    'fromusername' => 'omxiWs3sVJZ8bxtarcR3v9-LVBho',
    'createtime' => '1497857280',
    'msgtype' => 'event',
    'event' => 'VIEW',
    'eventkey' => 'http://mp.weixin.qq.com/s/6zX50aaM25344qd-U3FtzQ',
    'menuid' => '409603874',
    'from' => 'omxiWs3sVJZ8bxtarcR3v9-LVBho',
    'to' => 'gh_2cc1b47a6d8a',
    'time' => '1497857280',
    'type' => 'text',
    'content' => '投票活动',
    'redirection' => true,
    'source' => 'default',
    'original' => 'http://mp.weixin.qq.com/s/6zX50aaM25344qd-U3FtzQ',
  ),
  'module' => 'news',
  'rule' => '23',
  'priority' => '0',
  'keyword' => 
  array (
    'id' => '485',
    'rid' => '23',
    'uniacid' => '5',
    'module' => 'news',
    'content' => '投票活动',
    'type' => '1',
    'displayorder' => '0',
    'status' => '1',
  ),
)

2017-06-19 15:28:00 response :
------------
Array:
FromUserName : gh_2cc1b47a6d8a ;
ToUserName : omxiWs3sVJZ8bxtarcR3v9-LVBho ;
MsgType : news ;
ArticleCount : 1 ;
Articles : Array ;

2017-06-19 15:28:04 trace :
------------
String:
<xml><ToUserName><![CDATA[gh_2cc1b47a6d8a]]></ToUserName>
<FromUserName><![CDATA[omxiWs3sVJZ8bxtarcR3v9-LVBho]]></FromUserName>
<CreateTime>1497857284</CreateTime>
<MsgType><![CDATA[event]]></MsgType>
<Event><![CDATA[VIEW]]></Event>
<EventKey><![CDATA[http://www.cdj1946.cn/app/index.php?i=5&c=entry&rid=24&do=index&m=tyzm_diamondvote]]></EventKey>
<MenuId>409603874</MenuId>
</xml>

2017-06-19 15:28:04 params :
------------
String:
array (
  'message' => 
  array (
    'tousername' => 'gh_2cc1b47a6d8a',
    'fromusername' => 'omxiWs3sVJZ8bxtarcR3v9-LVBho',
    'createtime' => '1497857284',
    'msgtype' => 'event',
    'event' => 'VIEW',
    'eventkey' => 'http://www.cdj1946.cn/app/index.php?i=5&c=entry&rid=24&do=index&m=tyzm_diamondvote',
    'menuid' => '409603874',
    'from' => 'omxiWs3sVJZ8bxtarcR3v9-LVBho',
    'to' => 'gh_2cc1b47a6d8a',
    'time' => '1497857284',
    'type' => 'text',
    'content' => '投票活动',
    'redirection' => true,
    'source' => 'default',
    'original' => 'http://www.cdj1946.cn/app/index.php?i=5&c=entry&rid=24&do=index&m=tyzm_diamondvote',
  ),
  'module' => 'news',
  'rule' => '23',
  'priority' => '0',
  'keyword' => 
  array (
    'id' => '485',
    'rid' => '23',
    'uniacid' => '5',
    'module' => 'news',
    'content' => '投票活动',
    'type' => '1',
    'displayorder' => '0',
    'status' => '1',
  ),
)

2017-06-19 15:28:04 response :
------------
Array:
FromUserName : gh_2cc1b47a6d8a ;
ToUserName : omxiWs3sVJZ8bxtarcR3v9-LVBho ;
MsgType : news ;
ArticleCount : 1 ;
Articles : Array ;

2017-06-19 15:30:11 trace :
------------
String:
<xml><ToUserName><![CDATA[gh_2cc1b47a6d8a]]></ToUserName>
<FromUserName><![CDATA[omxiWs3sVJZ8bxtarcR3v9-LVBho]]></FromUserName>
<CreateTime>1497857411</CreateTime>
<MsgType><![CDATA[event]]></MsgType>
<Event><![CDATA[VIEW]]></Event>
<EventKey><![CDATA[http://www.cdj1946.cn/app/index.php?i=5&c=entry&rid=24&do=index&m=tyzm_diamondvote]]></EventKey>
<MenuId>409603874</MenuId>
</xml>

2017-06-19 15:30:11 params :
------------
String:
array (
  'message' => 
  array (
    'tousername' => 'gh_2cc1b47a6d8a',
    'fromusername' => 'omxiWs3sVJZ8bxtarcR3v9-LVBho',
    'createtime' => '1497857411',
    'msgtype' => 'event',
    'event' => 'VIEW',
    'eventkey' => 'http://www.cdj1946.cn/app/index.php?i=5&c=entry&rid=24&do=index&m=tyzm_diamondvote',
    'menuid' => '409603874',
    'from' => 'omxiWs3sVJZ8bxtarcR3v9-LVBho',
    'to' => 'gh_2cc1b47a6d8a',
    'time' => '1497857411',
    'type' => 'text',
    'content' => '投票活动',
    'redirection' => true,
    'source' => 'default',
    'original' => 'http://www.cdj1946.cn/app/index.php?i=5&c=entry&rid=24&do=index&m=tyzm_diamondvote',
  ),
  'module' => 'news',
  'rule' => '23',
  'priority' => '0',
  'keyword' => 
  array (
    'id' => '485',
    'rid' => '23',
    'uniacid' => '5',
    'module' => 'news',
    'content' => '投票活动',
    'type' => '1',
    'displayorder' => '0',
    'status' => '1',
  ),
)

2017-06-19 15:30:11 response :
------------
Array:
FromUserName : gh_2cc1b47a6d8a ;
ToUserName : omxiWs3sVJZ8bxtarcR3v9-LVBho ;
MsgType : news ;
ArticleCount : 1 ;
Articles : Array ;

2017-06-19 17:03:08 trace :
------------
String:
<xml><ToUserName><![CDATA[gh_599a701eee6b]]></ToUserName>
<FromUserName><![CDATA[oeSIo0WoEBDhThMoBh6ByyozLfW0]]></FromUserName>
<CreateTime>1497862988</CreateTime>
<MsgType><![CDATA[event]]></MsgType>
<Event><![CDATA[subscribe]]></Event>
<EventKey><![CDATA[]]></EventKey>
</xml>

2017-06-19 17:03:08 params :
------------
String:
array (
  'message' => 
  array (
    'tousername' => 'gh_599a701eee6b',
    'fromusername' => 'oeSIo0WoEBDhThMoBh6ByyozLfW0',
    'createtime' => '1497862988',
    'msgtype' => 'event',
    'event' => 'subscribe',
    'eventkey' => '',
    'from' => 'oeSIo0WoEBDhThMoBh6ByyozLfW0',
    'to' => 'gh_599a701eee6b',
    'time' => '1497862988',
    'type' => 'text',
    'redirection' => true,
    'source' => 'subscribe',
    'content' => '投票活动',
  ),
  'module' => 'news',
  'rule' => '26',
  'priority' => '0',
  'keyword' => 
  array (
    'id' => '487',
    'rid' => '26',
    'uniacid' => '3',
    'module' => 'news',
    'content' => '投票活动',
    'type' => '1',
    'displayorder' => '0',
    'status' => '1',
  ),
)

2017-06-19 17:03:08 response :
------------
Array:
FromUserName : gh_599a701eee6b ;
ToUserName : oeSIo0WoEBDhThMoBh6ByyozLfW0 ;
MsgType : news ;
ArticleCount : 1 ;
Articles : Array ;

2017-06-19 17:03:16 trace :
------------
String:
<xml><ToUserName><![CDATA[gh_599a701eee6b]]></ToUserName>
<FromUserName><![CDATA[oeSIo0WoEBDhThMoBh6ByyozLfW0]]></FromUserName>
<CreateTime>1497862996</CreateTime>
<MsgType><![CDATA[event]]></MsgType>
<Event><![CDATA[LOCATION]]></Event>
<Latitude>22.572250</Latitude>
<Longitude>114.122253</Longitude>
<Precision>30.000000</Precision>
</xml>

2017-06-19 17:03:16 params :
------------
String:
array (
  'message' => 
  array (
    'tousername' => 'gh_599a701eee6b',
    'fromusername' => 'oeSIo0WoEBDhThMoBh6ByyozLfW0',
    'createtime' => '1497862996',
    'msgtype' => 'event',
    'event' => 'LOCATION',
    'latitude' => '22.572250',
    'longitude' => '114.122253',
    'precision' => '30.000000',
    'from' => 'oeSIo0WoEBDhThMoBh6ByyozLfW0',
    'to' => 'gh_599a701eee6b',
    'time' => '1497862996',
    'type' => 'trace',
    'location_x' => '22.572250',
    'location_y' => '114.122253',
  ),
  'module' => 'default',
  'rule' => '-1',
)

2017-06-19 17:03:16 response :
------------
Array:
errno : -1 ;
message : Invaild value ;

2017-06-19 17:03:17 trace :
------------
String:
<xml><ToUserName><![CDATA[gh_599a701eee6b]]></ToUserName>
<FromUserName><![CDATA[oeSIo0WoEBDhThMoBh6ByyozLfW0]]></FromUserName>
<CreateTime>1497862997</CreateTime>
<MsgType><![CDATA[event]]></MsgType>
<Event><![CDATA[VIEW]]></Event>
<EventKey><![CDATA[http://www.cdj1946.cn/app/index.php?i=5&c=entry&rid=24&do=index&m=tyzm_diamondvote]]></EventKey>
<MenuId>429584449</MenuId>
</xml>

2017-06-19 17:03:17 params :
------------
String:
array (
  'message' => 
  array (
    'tousername' => 'gh_599a701eee6b',
    'fromusername' => 'oeSIo0WoEBDhThMoBh6ByyozLfW0',
    'createtime' => '1497862997',
    'msgtype' => 'event',
    'event' => 'VIEW',
    'eventkey' => 'http://www.cdj1946.cn/app/index.php?i=5&c=entry&rid=24&do=index&m=tyzm_diamondvote',
    'menuid' => '429584449',
    'from' => 'oeSIo0WoEBDhThMoBh6ByyozLfW0',
    'to' => 'gh_599a701eee6b',
    'time' => '1497862997',
    'type' => 'text',
    'content' => '投票活动',
    'redirection' => true,
    'source' => 'default',
    'original' => 'http://www.cdj1946.cn/app/index.php?i=5&c=entry&rid=24&do=index&m=tyzm_diamondvote',
  ),
  'module' => 'news',
  'rule' => '26',
  'priority' => '0',
  'keyword' => 
  array (
    'id' => '487',
    'rid' => '26',
    'uniacid' => '3',
    'module' => 'news',
    'content' => '投票活动',
    'type' => '1',
    'displayorder' => '0',
    'status' => '1',
  ),
)

2017-06-19 17:03:17 response :
------------
Array:
FromUserName : gh_599a701eee6b ;
ToUserName : oeSIo0WoEBDhThMoBh6ByyozLfW0 ;
MsgType : news ;
ArticleCount : 1 ;
Articles : Array ;

2017-06-19 17:03:20 trace :
------------
String:
<xml><ToUserName><![CDATA[gh_599a701eee6b]]></ToUserName>
<FromUserName><![CDATA[oeSIo0WoEBDhThMoBh6ByyozLfW0]]></FromUserName>
<CreateTime>1497863000</CreateTime>
<MsgType><![CDATA[event]]></MsgType>
<Event><![CDATA[LOCATION]]></Event>
<Latitude>22.572250</Latitude>
<Longitude>114.122253</Longitude>
<Precision>30.000000</Precision>
</xml>

2017-06-19 17:03:20 params :
------------
String:
array (
  'message' => 
  array (
    'tousername' => 'gh_599a701eee6b',
    'fromusername' => 'oeSIo0WoEBDhThMoBh6ByyozLfW0',
    'createtime' => '1497863000',
    'msgtype' => 'event',
    'event' => 'LOCATION',
    'latitude' => '22.572250',
    'longitude' => '114.122253',
    'precision' => '30.000000',
    'from' => 'oeSIo0WoEBDhThMoBh6ByyozLfW0',
    'to' => 'gh_599a701eee6b',
    'time' => '1497863000',
    'type' => 'trace',
    'location_x' => '22.572250',
    'location_y' => '114.122253',
  ),
  'module' => 'default',
  'rule' => '-1',
)

2017-06-19 17:03:20 response :
------------
Array:
errno : -1 ;
message : Invaild value ;

2017-06-19 17:03:45 trace :
------------
String:
<xml><ToUserName><![CDATA[gh_599a701eee6b]]></ToUserName>
<FromUserName><![CDATA[oeSIo0WoEBDhThMoBh6ByyozLfW0]]></FromUserName>
<CreateTime>1497863025</CreateTime>
<MsgType><![CDATA[text]]></MsgType>
<Content><![CDATA[5812]]></Content>
<MsgId>6433272706694590030</MsgId>
</xml>

2017-06-19 17:03:45 params :
------------
String:
array (
  'message' => 
  array (
    'tousername' => 'gh_599a701eee6b',
    'fromusername' => 'oeSIo0WoEBDhThMoBh6ByyozLfW0',
    'createtime' => '1497863025',
    'msgtype' => 'text',
    'content' => '投票活动',
    'msgid' => '6433272706694590030',
    'from' => 'oeSIo0WoEBDhThMoBh6ByyozLfW0',
    'to' => 'gh_599a701eee6b',
    'time' => '1497863025',
    'type' => 'text',
    'event' => NULL,
    'redirection' => true,
    'source' => 'default',
    'original' => '5812',
  ),
  'module' => 'news',
  'rule' => '26',
  'priority' => '0',
  'keyword' => 
  array (
    'id' => '487',
    'rid' => '26',
    'uniacid' => '3',
    'module' => 'news',
    'content' => '投票活动',
    'type' => '1',
    'displayorder' => '0',
    'status' => '1',
  ),
)

2017-06-19 17:03:45 response :
------------
Array:
FromUserName : gh_599a701eee6b ;
ToUserName : oeSIo0WoEBDhThMoBh6ByyozLfW0 ;
MsgType : news ;
ArticleCount : 1 ;
Articles : Array ;

2017-06-19 17:03:54 trace :
------------
String:
<xml><ToUserName><![CDATA[gh_599a701eee6b]]></ToUserName>
<FromUserName><![CDATA[oeSIo0WoEBDhThMoBh6ByyozLfW0]]></FromUserName>
<CreateTime>1497863034</CreateTime>
<MsgType><![CDATA[event]]></MsgType>
<Event><![CDATA[LOCATION]]></Event>
<Latitude>22.572250</Latitude>
<Longitude>114.122253</Longitude>
<Precision>30.000000</Precision>
</xml>

2017-06-19 17:03:54 params :
------------
String:
array (
  'message' => 
  array (
    'tousername' => 'gh_599a701eee6b',
    'fromusername' => 'oeSIo0WoEBDhThMoBh6ByyozLfW0',
    'createtime' => '1497863034',
    'msgtype' => 'event',
    'event' => 'LOCATION',
    'latitude' => '22.572250',
    'longitude' => '114.122253',
    'precision' => '30.000000',
    'from' => 'oeSIo0WoEBDhThMoBh6ByyozLfW0',
    'to' => 'gh_599a701eee6b',
    'time' => '1497863034',
    'type' => 'trace',
    'location_x' => '22.572250',
    'location_y' => '114.122253',
  ),
  'module' => 'default',
  'rule' => '-1',
)

2017-06-19 17:03:54 response :
------------
Array:
errno : -1 ;
message : Invaild value ;

2017-06-19 17:04:01 trace :
------------
String:
<xml><ToUserName><![CDATA[gh_599a701eee6b]]></ToUserName>
<FromUserName><![CDATA[oeSIo0WoEBDhThMoBh6ByyozLfW0]]></FromUserName>
<CreateTime>1497863041</CreateTime>
<MsgType><![CDATA[event]]></MsgType>
<Event><![CDATA[LOCATION]]></Event>
<Latitude>22.572250</Latitude>
<Longitude>114.122253</Longitude>
<Precision>30.000000</Precision>
</xml>

2017-06-19 17:04:01 params :
------------
String:
array (
  'message' => 
  array (
    'tousername' => 'gh_599a701eee6b',
    'fromusername' => 'oeSIo0WoEBDhThMoBh6ByyozLfW0',
    'createtime' => '1497863041',
    'msgtype' => 'event',
    'event' => 'LOCATION',
    'latitude' => '22.572250',
    'longitude' => '114.122253',
    'precision' => '30.000000',
    'from' => 'oeSIo0WoEBDhThMoBh6ByyozLfW0',
    'to' => 'gh_599a701eee6b',
    'time' => '1497863041',
    'type' => 'trace',
    'location_x' => '22.572250',
    'location_y' => '114.122253',
  ),
  'module' => 'default',
  'rule' => '-1',
)

2017-06-19 17:04:01 response :
------------
Array:
errno : -1 ;
message : Invaild value ;

2017-06-19 17:04:54 trace :
------------
String:
<xml><ToUserName><![CDATA[gh_599a701eee6b]]></ToUserName>
<FromUserName><![CDATA[oeSIo0WoEBDhThMoBh6ByyozLfW0]]></FromUserName>
<CreateTime>1497863094</CreateTime>
<MsgType><![CDATA[event]]></MsgType>
<Event><![CDATA[LOCATION]]></Event>
<Latitude>22.572250</Latitude>
<Longitude>114.122253</Longitude>
<Precision>30.000000</Precision>
</xml>

2017-06-19 17:04:54 params :
------------
String:
array (
  'message' => 
  array (
    'tousername' => 'gh_599a701eee6b',
    'fromusername' => 'oeSIo0WoEBDhThMoBh6ByyozLfW0',
    'createtime' => '1497863094',
    'msgtype' => 'event',
    'event' => 'LOCATION',
    'latitude' => '22.572250',
    'longitude' => '114.122253',
    'precision' => '30.000000',
    'from' => 'oeSIo0WoEBDhThMoBh6ByyozLfW0',
    'to' => 'gh_599a701eee6b',
    'time' => '1497863094',
    'type' => 'trace',
    'location_x' => '22.572250',
    'location_y' => '114.122253',
  ),
  'module' => 'default',
  'rule' => '-1',
)

2017-06-19 17:04:54 response :
------------
Array:
errno : -1 ;
message : Invaild value ;

2017-06-19 17:05:24 trace :
------------
String:
<xml><ToUserName><![CDATA[gh_599a701eee6b]]></ToUserName>
<FromUserName><![CDATA[oeSIo0WoEBDhThMoBh6ByyozLfW0]]></FromUserName>
<CreateTime>1497863123</CreateTime>
<MsgType><![CDATA[event]]></MsgType>
<Event><![CDATA[LOCATION]]></Event>
<Latitude>22.572250</Latitude>
<Longitude>114.122253</Longitude>
<Precision>30.000000</Precision>
</xml>

2017-06-19 17:05:24 params :
------------
String:
array (
  'message' => 
  array (
    'tousername' => 'gh_599a701eee6b',
    'fromusername' => 'oeSIo0WoEBDhThMoBh6ByyozLfW0',
    'createtime' => '1497863123',
    'msgtype' => 'event',
    'event' => 'LOCATION',
    'latitude' => '22.572250',
    'longitude' => '114.122253',
    'precision' => '30.000000',
    'from' => 'oeSIo0WoEBDhThMoBh6ByyozLfW0',
    'to' => 'gh_599a701eee6b',
    'time' => '1497863123',
    'type' => 'trace',
    'location_x' => '22.572250',
    'location_y' => '114.122253',
  ),
  'module' => 'default',
  'rule' => '-1',
)

2017-06-19 17:05:24 response :
------------
Array:
errno : -1 ;
message : Invaild value ;

2017-06-19 17:10:52 trace :
------------
String:
<xml><ToUserName><![CDATA[gh_599a701eee6b]]></ToUserName>
<FromUserName><![CDATA[oeSIo0WoEBDhThMoBh6ByyozLfW0]]></FromUserName>
<CreateTime>1497863451</CreateTime>
<MsgType><![CDATA[event]]></MsgType>
<Event><![CDATA[LOCATION]]></Event>
<Latitude>22.572266</Latitude>
<Longitude>114.122208</Longitude>
<Precision>30.000000</Precision>
</xml>

2017-06-19 17:10:52 params :
------------
String:
array (
  'message' => 
  array (
    'tousername' => 'gh_599a701eee6b',
    'fromusername' => 'oeSIo0WoEBDhThMoBh6ByyozLfW0',
    'createtime' => '1497863451',
    'msgtype' => 'event',
    'event' => 'LOCATION',
    'latitude' => '22.572266',
    'longitude' => '114.122208',
    'precision' => '30.000000',
    'from' => 'oeSIo0WoEBDhThMoBh6ByyozLfW0',
    'to' => 'gh_599a701eee6b',
    'time' => '1497863451',
    'type' => 'trace',
    'location_x' => '22.572266',
    'location_y' => '114.122208',
  ),
  'module' => 'default',
  'rule' => '-1',
)

2017-06-19 17:10:52 response :
------------
Array:
errno : -1 ;
message : Invaild value ;

2017-06-19 19:42:31 trace :
------------
String:
<xml><ToUserName><![CDATA[gh_2cc1b47a6d8a]]></ToUserName>
<FromUserName><![CDATA[omxiWs38QEyliYMTISzItEC2gtqw]]></FromUserName>
<CreateTime>1497872551</CreateTime>
<MsgType><![CDATA[event]]></MsgType>
<Event><![CDATA[LOCATION]]></Event>
<Latitude>22.576912</Latitude>
<Longitude>114.121689</Longitude>
<Precision>50.000000</Precision>
</xml>

2017-06-19 19:42:31 params :
------------
String:
array (
  'message' => 
  array (
    'tousername' => 'gh_2cc1b47a6d8a',
    'fromusername' => 'omxiWs38QEyliYMTISzItEC2gtqw',
    'createtime' => '1497872551',
    'msgtype' => 'event',
    'event' => 'LOCATION',
    'latitude' => '22.576912',
    'longitude' => '114.121689',
    'precision' => '50.000000',
    'from' => 'omxiWs38QEyliYMTISzItEC2gtqw',
    'to' => 'gh_2cc1b47a6d8a',
    'time' => '1497872551',
    'type' => 'trace',
    'location_x' => '22.576912',
    'location_y' => '114.121689',
  ),
  'module' => 'default',
  'rule' => '-1',
)

2017-06-19 19:42:31 response :
------------
Array:
errno : -1 ;
message : Invaild value ;

2017-06-19 19:42:34 trace :
------------
String:
<xml><ToUserName><![CDATA[gh_2cc1b47a6d8a]]></ToUserName>
<FromUserName><![CDATA[omxiWs38QEyliYMTISzItEC2gtqw]]></FromUserName>
<CreateTime>1497872554</CreateTime>
<MsgType><![CDATA[text]]></MsgType>
<Content><![CDATA[19]]></Content>
<MsgId>6433313633416153322</MsgId>
</xml>

2017-06-19 19:42:34 params :
------------
String:
array (
  'message' => 
  array (
    'tousername' => 'gh_2cc1b47a6d8a',
    'fromusername' => 'omxiWs38QEyliYMTISzItEC2gtqw',
    'createtime' => '1497872554',
    'msgtype' => 'text',
    'content' => '投票活动',
    'msgid' => '6433313633416153322',
    'from' => 'omxiWs38QEyliYMTISzItEC2gtqw',
    'to' => 'gh_2cc1b47a6d8a',
    'time' => '1497872554',
    'type' => 'text',
    'event' => NULL,
    'redirection' => true,
    'source' => 'default',
    'original' => '19',
  ),
  'module' => 'news',
  'rule' => '23',
  'priority' => '0',
  'keyword' => 
  array (
    'id' => '485',
    'rid' => '23',
    'uniacid' => '5',
    'module' => 'news',
    'content' => '投票活动',
    'type' => '1',
    'displayorder' => '0',
    'status' => '1',
  ),
)

2017-06-19 19:42:34 response :
------------
Array:
FromUserName : gh_2cc1b47a6d8a ;
ToUserName : omxiWs38QEyliYMTISzItEC2gtqw ;
MsgType : news ;
ArticleCount : 1 ;
Articles : Array ;

2017-06-19 21:34:44 trace :
------------
String:
<xml><ToUserName><![CDATA[gh_2cc1b47a6d8a]]></ToUserName>
<FromUserName><![CDATA[omxiWs2ntBT07ajBVCrHzjJ8pijY]]></FromUserName>
<CreateTime>1497879284</CreateTime>
<MsgType><![CDATA[event]]></MsgType>
<Event><![CDATA[LOCATION]]></Event>
<Latitude>22.645994</Latitude>
<Longitude>114.202827</Longitude>
<Precision>40.000000</Precision>
</xml>

2017-06-19 21:34:44 params :
------------
String:
array (
  'message' => 
  array (
    'tousername' => 'gh_2cc1b47a6d8a',
    'fromusername' => 'omxiWs2ntBT07ajBVCrHzjJ8pijY',
    'createtime' => '1497879284',
    'msgtype' => 'event',
    'event' => 'LOCATION',
    'latitude' => '22.645994',
    'longitude' => '114.202827',
    'precision' => '40.000000',
    'from' => 'omxiWs2ntBT07ajBVCrHzjJ8pijY',
    'to' => 'gh_2cc1b47a6d8a',
    'time' => '1497879284',
    'type' => 'trace',
    'location_x' => '22.645994',
    'location_y' => '114.202827',
  ),
  'module' => 'default',
  'rule' => '-1',
)

2017-06-19 21:34:44 response :
------------
Array:
errno : -1 ;
message : Invaild value ;

2017-06-19 21:34:53 trace :
------------
String:
<xml><ToUserName><![CDATA[gh_2cc1b47a6d8a]]></ToUserName>
<FromUserName><![CDATA[omxiWs2ntBT07ajBVCrHzjJ8pijY]]></FromUserName>
<CreateTime>1497879293</CreateTime>
<MsgType><![CDATA[event]]></MsgType>
<Event><![CDATA[VIEW]]></Event>
<EventKey><![CDATA[http://r.xiumi.us/stage/v5/2EA7C/43908634#/]]></EventKey>
<MenuId>409603874</MenuId>
</xml>

2017-06-19 21:34:53 params :
------------
String:
array (
  'message' => 
  array (
    'tousername' => 'gh_2cc1b47a6d8a',
    'fromusername' => 'omxiWs2ntBT07ajBVCrHzjJ8pijY',
    'createtime' => '1497879293',
    'msgtype' => 'event',
    'event' => 'VIEW',
    'eventkey' => 'http://r.xiumi.us/stage/v5/2EA7C/43908634#/',
    'menuid' => '409603874',
    'from' => 'omxiWs2ntBT07ajBVCrHzjJ8pijY',
    'to' => 'gh_2cc1b47a6d8a',
    'time' => '1497879293',
    'type' => 'text',
    'content' => '投票活动',
    'redirection' => true,
    'source' => 'default',
    'original' => 'http://r.xiumi.us/stage/v5/2EA7C/43908634#/',
  ),
  'module' => 'news',
  'rule' => '23',
  'priority' => '0',
  'keyword' => 
  array (
    'id' => '485',
    'rid' => '23',
    'uniacid' => '5',
    'module' => 'news',
    'content' => '投票活动',
    'type' => '1',
    'displayorder' => '0',
    'status' => '1',
  ),
)

2017-06-19 21:34:53 response :
------------
Array:
FromUserName : gh_2cc1b47a6d8a ;
ToUserName : omxiWs2ntBT07ajBVCrHzjJ8pijY ;
MsgType : news ;
ArticleCount : 1 ;
Articles : Array ;

2017-06-19 21:35:18 trace :
------------
String:
<xml><ToUserName><![CDATA[gh_2cc1b47a6d8a]]></ToUserName>
<FromUserName><![CDATA[omxiWs2ntBT07ajBVCrHzjJ8pijY]]></FromUserName>
<CreateTime>1497879318</CreateTime>
<MsgType><![CDATA[event]]></MsgType>
<Event><![CDATA[LOCATION]]></Event>
<Latitude>22.645994</Latitude>
<Longitude>114.202827</Longitude>
<Precision>40.000000</Precision>
</xml>

2017-06-19 21:35:18 params :
------------
String:
array (
  'message' => 
  array (
    'tousername' => 'gh_2cc1b47a6d8a',
    'fromusername' => 'omxiWs2ntBT07ajBVCrHzjJ8pijY',
    'createtime' => '1497879318',
    'msgtype' => 'event',
    'event' => 'LOCATION',
    'latitude' => '22.645994',
    'longitude' => '114.202827',
    'precision' => '40.000000',
    'from' => 'omxiWs2ntBT07ajBVCrHzjJ8pijY',
    'to' => 'gh_2cc1b47a6d8a',
    'time' => '1497879318',
    'type' => 'trace',
    'location_x' => '22.645994',
    'location_y' => '114.202827',
  ),
  'module' => 'default',
  'rule' => '-1',
)

2017-06-19 21:35:18 response :
------------
Array:
errno : -1 ;
message : Invaild value ;

2017-06-19 21:35:19 trace :
------------
String:
<xml><ToUserName><![CDATA[gh_2cc1b47a6d8a]]></ToUserName>
<FromUserName><![CDATA[omxiWs2ntBT07ajBVCrHzjJ8pijY]]></FromUserName>
<CreateTime>1497879319</CreateTime>
<MsgType><![CDATA[event]]></MsgType>
<Event><![CDATA[VIEW]]></Event>
<EventKey><![CDATA[http://mp.weixin.qq.com/s/6zX50aaM25344qd-U3FtzQ]]></EventKey>
<MenuId>409603874</MenuId>
</xml>

2017-06-19 21:35:19 params :
------------
String:
array (
  'message' => 
  array (
    'tousername' => 'gh_2cc1b47a6d8a',
    'fromusername' => 'omxiWs2ntBT07ajBVCrHzjJ8pijY',
    'createtime' => '1497879319',
    'msgtype' => 'event',
    'event' => 'VIEW',
    'eventkey' => 'http://mp.weixin.qq.com/s/6zX50aaM25344qd-U3FtzQ',
    'menuid' => '409603874',
    'from' => 'omxiWs2ntBT07ajBVCrHzjJ8pijY',
    'to' => 'gh_2cc1b47a6d8a',
    'time' => '1497879319',
    'type' => 'text',
    'content' => '投票活动',
    'redirection' => true,
    'source' => 'default',
    'original' => 'http://mp.weixin.qq.com/s/6zX50aaM25344qd-U3FtzQ',
  ),
  'module' => 'news',
  'rule' => '23',
  'priority' => '0',
  'keyword' => 
  array (
    'id' => '485',
    'rid' => '23',
    'uniacid' => '5',
    'module' => 'news',
    'content' => '投票活动',
    'type' => '1',
    'displayorder' => '0',
    'status' => '1',
  ),
)

2017-06-19 21:35:19 response :
------------
Array:
FromUserName : gh_2cc1b47a6d8a ;
ToUserName : omxiWs2ntBT07ajBVCrHzjJ8pijY ;
MsgType : news ;
ArticleCount : 1 ;
Articles : Array ;

2017-06-19 21:35:22 trace :
------------
String:
<xml><ToUserName><![CDATA[gh_2cc1b47a6d8a]]></ToUserName>
<FromUserName><![CDATA[omxiWs2ntBT07ajBVCrHzjJ8pijY]]></FromUserName>
<CreateTime>1497879321</CreateTime>
<MsgType><![CDATA[event]]></MsgType>
<Event><![CDATA[VIEW]]></Event>
<EventKey><![CDATA[http://www.cdj1946.cn/app/index.php?i=5&c=entry&rid=24&do=index&m=tyzm_diamondvote]]></EventKey>
<MenuId>409603874</MenuId>
</xml>

2017-06-19 21:35:22 params :
------------
String:
array (
  'message' => 
  array (
    'tousername' => 'gh_2cc1b47a6d8a',
    'fromusername' => 'omxiWs2ntBT07ajBVCrHzjJ8pijY',
    'createtime' => '1497879321',
    'msgtype' => 'event',
    'event' => 'VIEW',
    'eventkey' => 'http://www.cdj1946.cn/app/index.php?i=5&c=entry&rid=24&do=index&m=tyzm_diamondvote',
    'menuid' => '409603874',
    'from' => 'omxiWs2ntBT07ajBVCrHzjJ8pijY',
    'to' => 'gh_2cc1b47a6d8a',
    'time' => '1497879321',
    'type' => 'text',
    'content' => '投票活动',
    'redirection' => true,
    'source' => 'default',
    'original' => 'http://www.cdj1946.cn/app/index.php?i=5&c=entry&rid=24&do=index&m=tyzm_diamondvote',
  ),
  'module' => 'news',
  'rule' => '23',
  'priority' => '0',
  'keyword' => 
  array (
    'id' => '485',
    'rid' => '23',
    'uniacid' => '5',
    'module' => 'news',
    'content' => '投票活动',
    'type' => '1',
    'displayorder' => '0',
    'status' => '1',
  ),
)

2017-06-19 21:35:22 response :
------------
Array:
FromUserName : gh_2cc1b47a6d8a ;
ToUserName : omxiWs2ntBT07ajBVCrHzjJ8pijY ;
MsgType : news ;
ArticleCount : 1 ;
Articles : Array ;

2017-06-19 21:35:23 trace :
------------
String:
<xml><ToUserName><![CDATA[gh_2cc1b47a6d8a]]></ToUserName>
<FromUserName><![CDATA[omxiWs2ntBT07ajBVCrHzjJ8pijY]]></FromUserName>
<CreateTime>1497879323</CreateTime>
<MsgType><![CDATA[event]]></MsgType>
<Event><![CDATA[LOCATION]]></Event>
<Latitude>22.646048</Latitude>
<Longitude>114.202873</Longitude>
<Precision>40.000000</Precision>
</xml>

2017-06-19 21:35:23 params :
------------
String:
array (
  'message' => 
  array (
    'tousername' => 'gh_2cc1b47a6d8a',
    'fromusername' => 'omxiWs2ntBT07ajBVCrHzjJ8pijY',
    'createtime' => '1497879323',
    'msgtype' => 'event',
    'event' => 'LOCATION',
    'latitude' => '22.646048',
    'longitude' => '114.202873',
    'precision' => '40.000000',
    'from' => 'omxiWs2ntBT07ajBVCrHzjJ8pijY',
    'to' => 'gh_2cc1b47a6d8a',
    'time' => '1497879323',
    'type' => 'trace',
    'location_x' => '22.646048',
    'location_y' => '114.202873',
  ),
  'module' => 'default',
  'rule' => '-1',
)

2017-06-19 21:35:23 response :
------------
Array:
errno : -1 ;
message : Invaild value ;

2017-06-19 22:24:08 trace :
------------
String:
<xml><ToUserName><![CDATA[gh_2cc1b47a6d8a]]></ToUserName>
<FromUserName><![CDATA[omxiWsy_DGYoKDa_c_RRKYRaP7-0]]></FromUserName>
<CreateTime>1497882248</CreateTime>
<MsgType><![CDATA[event]]></MsgType>
<Event><![CDATA[unsubscribe]]></Event>
<EventKey><![CDATA[]]></EventKey>
</xml>

