2017-07-13 20:31:25 trace :
------------
String:
<xml><ToUserName><![CDATA[gh_2cc1b47a6d8a]]></ToUserName>
<FromUserName><![CDATA[omxiWsxDx0nF-Gg7BZM3dZ0vqEeU]]></FromUserName>
<CreateTime>1499949085</CreateTime>
<MsgType><![CDATA[event]]></MsgType>
<Event><![CDATA[unsubscribe]]></Event>
<EventKey><![CDATA[]]></EventKey>
</xml>

2017-07-13 23:28:11 trace :
------------
String:
<xml><ToUserName><![CDATA[gh_599a701eee6b]]></ToUserName>
<FromUserName><![CDATA[oeSIo0dhakl06lu2CR71Y_NxduzY]]></FromUserName>
<CreateTime>1499959690</CreateTime>
<MsgType><![CDATA[event]]></MsgType>
<Event><![CDATA[LOCATION]]></Event>
<Latitude>34.803680</Latitude>
<Longitude>117.250435</Longitude>
<Precision>150.000000</Precision>
</xml>

2017-07-13 23:28:11 params :
------------
String:
array (
  'message' => 
  array (
    'tousername' => 'gh_599a701eee6b',
    'fromusername' => 'oeSIo0dhakl06lu2CR71Y_NxduzY',
    'createtime' => '1499959690',
    'msgtype' => 'event',
    'event' => 'LOCATION',
    'latitude' => '34.803680',
    'longitude' => '117.250435',
    'precision' => '150.000000',
    'from' => 'oeSIo0dhakl06lu2CR71Y_NxduzY',
    'to' => 'gh_599a701eee6b',
    'time' => '1499959690',
    'type' => 'trace',
    'location_x' => '34.803680',
    'location_y' => '117.250435',
  ),
  'module' => 'default',
  'rule' => '-1',
)

2017-07-13 23:28:11 response :
------------
Array:
errno : -1 ;
message : Invaild value ;

2017-07-13 23:28:19 trace :
------------
String:
<xml><ToUserName><![CDATA[gh_599a701eee6b]]></ToUserName>
<FromUserName><![CDATA[oeSIo0dhakl06lu2CR71Y_NxduzY]]></FromUserName>
<CreateTime>1499959699</CreateTime>
<MsgType><![CDATA[event]]></MsgType>
<Event><![CDATA[LOCATION]]></Event>
<Latitude>34.803680</Latitude>
<Longitude>117.250435</Longitude>
<Precision>150.000000</Precision>
</xml>

2017-07-13 23:28:19 params :
------------
String:
array (
  'message' => 
  array (
    'tousername' => 'gh_599a701eee6b',
    'fromusername' => 'oeSIo0dhakl06lu2CR71Y_NxduzY',
    'createtime' => '1499959699',
    'msgtype' => 'event',
    'event' => 'LOCATION',
    'latitude' => '34.803680',
    'longitude' => '117.250435',
    'precision' => '150.000000',
    'from' => 'oeSIo0dhakl06lu2CR71Y_NxduzY',
    'to' => 'gh_599a701eee6b',
    'time' => '1499959699',
    'type' => 'trace',
    'location_x' => '34.803680',
    'location_y' => '117.250435',
  ),
  'module' => 'default',
  'rule' => '-1',
)

2017-07-13 23:28:19 response :
------------
Array:
errno : -1 ;
message : Invaild value ;

