2017-06-06 09:40:28 trace :
------------
String:
<xml><ToUserName><![CDATA[gh_2cc1b47a6d8a]]></ToUserName>
<FromUserName><![CDATA[omxiWs-FuD_kb42HDG-41EfLKW-0]]></FromUserName>
<CreateTime>1496713228</CreateTime>
<MsgType><![CDATA[event]]></MsgType>
<Event><![CDATA[VIEW]]></Event>
<EventKey><![CDATA[http://www.cdj1946.cn/app/index.php?i=5&c=entry&rid=24&do=index&m=tyzm_diamondvote]]></EventKey>
<MenuId>409603874</MenuId>
</xml>

2017-06-06 09:40:28 params :
------------
String:
array (
  'message' => 
  array (
    'tousername' => 'gh_2cc1b47a6d8a',
    'fromusername' => 'omxiWs-FuD_kb42HDG-41EfLKW-0',
    'createtime' => '1496713228',
    'msgtype' => 'event',
    'event' => 'VIEW',
    'eventkey' => 'http://www.cdj1946.cn/app/index.php?i=5&c=entry&rid=24&do=index&m=tyzm_diamondvote',
    'menuid' => '409603874',
    'from' => 'omxiWs-FuD_kb42HDG-41EfLKW-0',
    'to' => 'gh_2cc1b47a6d8a',
    'time' => '1496713228',
    'type' => 'text',
    'content' => '投票活动',
    'redirection' => true,
    'source' => 'default',
    'original' => 'http://www.cdj1946.cn/app/index.php?i=5&c=entry&rid=24&do=index&m=tyzm_diamondvote',
  ),
  'module' => 'news',
  'rule' => '23',
  'priority' => '0',
  'keyword' => 
  array (
    'id' => '485',
    'rid' => '23',
    'uniacid' => '5',
    'module' => 'news',
    'content' => '投票活动',
    'type' => '1',
    'displayorder' => '0',
    'status' => '1',
  ),
)

2017-06-06 09:40:28 response :
------------
Array:
FromUserName : gh_2cc1b47a6d8a ;
ToUserName : omxiWs-FuD_kb42HDG-41EfLKW-0 ;
MsgType : news ;
ArticleCount : 1 ;
Articles : Array ;

2017-06-06 11:45:13 trace :
------------
String:
<xml><ToUserName><![CDATA[gh_599a701eee6b]]></ToUserName>
<FromUserName><![CDATA[oeSIo0UTWIuotg7YlGD34CdwLVD4]]></FromUserName>
<CreateTime>1496720713</CreateTime>
<MsgType><![CDATA[event]]></MsgType>
<Event><![CDATA[subscribe]]></Event>
<EventKey><![CDATA[]]></EventKey>
</xml>

2017-06-06 11:45:13 params :
------------
String:
array (
  'message' => 
  array (
    'tousername' => 'gh_599a701eee6b',
    'fromusername' => 'oeSIo0UTWIuotg7YlGD34CdwLVD4',
    'createtime' => '1496720713',
    'msgtype' => 'event',
    'event' => 'subscribe',
    'eventkey' => '',
    'from' => 'oeSIo0UTWIuotg7YlGD34CdwLVD4',
    'to' => 'gh_599a701eee6b',
    'time' => '1496720713',
    'type' => 'text',
    'redirection' => true,
    'source' => 'subscribe',
    'content' => '投票活动',
  ),
  'module' => 'news',
  'rule' => '26',
  'priority' => '0',
  'keyword' => 
  array (
    'id' => '487',
    'rid' => '26',
    'uniacid' => '3',
    'module' => 'news',
    'content' => '投票活动',
    'type' => '1',
    'displayorder' => '0',
    'status' => '1',
  ),
)

2017-06-06 11:45:13 response :
------------
Array:
FromUserName : gh_599a701eee6b ;
ToUserName : oeSIo0UTWIuotg7YlGD34CdwLVD4 ;
MsgType : news ;
ArticleCount : 1 ;
Articles : Array ;

2017-06-06 11:45:15 trace :
------------
String:
<xml><ToUserName><![CDATA[gh_599a701eee6b]]></ToUserName>
<FromUserName><![CDATA[oeSIo0UTWIuotg7YlGD34CdwLVD4]]></FromUserName>
<CreateTime>1496720715</CreateTime>
<MsgType><![CDATA[event]]></MsgType>
<Event><![CDATA[LOCATION]]></Event>
<Latitude>22.572269</Latitude>
<Longitude>114.122192</Longitude>
<Precision>65.000000</Precision>
</xml>

2017-06-06 11:45:15 params :
------------
String:
array (
  'message' => 
  array (
    'tousername' => 'gh_599a701eee6b',
    'fromusername' => 'oeSIo0UTWIuotg7YlGD34CdwLVD4',
    'createtime' => '1496720715',
    'msgtype' => 'event',
    'event' => 'LOCATION',
    'latitude' => '22.572269',
    'longitude' => '114.122192',
    'precision' => '65.000000',
    'from' => 'oeSIo0UTWIuotg7YlGD34CdwLVD4',
    'to' => 'gh_599a701eee6b',
    'time' => '1496720715',
    'type' => 'trace',
    'location_x' => '22.572269',
    'location_y' => '114.122192',
  ),
  'module' => 'default',
  'rule' => '-1',
)

2017-06-06 11:45:15 response :
------------
Array:
errno : -1 ;
message : Invaild value ;

2017-06-06 11:48:53 trace :
------------
String:
<xml><ToUserName><![CDATA[gh_599a701eee6b]]></ToUserName>
<FromUserName><![CDATA[oeSIo0UTWIuotg7YlGD34CdwLVD4]]></FromUserName>
<CreateTime>1496720933</CreateTime>
<MsgType><![CDATA[event]]></MsgType>
<Event><![CDATA[LOCATION]]></Event>
<Latitude>22.572300</Latitude>
<Longitude>114.122139</Longitude>
<Precision>65.000000</Precision>
</xml>

2017-06-06 11:48:53 params :
------------
String:
array (
  'message' => 
  array (
    'tousername' => 'gh_599a701eee6b',
    'fromusername' => 'oeSIo0UTWIuotg7YlGD34CdwLVD4',
    'createtime' => '1496720933',
    'msgtype' => 'event',
    'event' => 'LOCATION',
    'latitude' => '22.572300',
    'longitude' => '114.122139',
    'precision' => '65.000000',
    'from' => 'oeSIo0UTWIuotg7YlGD34CdwLVD4',
    'to' => 'gh_599a701eee6b',
    'time' => '1496720933',
    'type' => 'trace',
    'location_x' => '22.572300',
    'location_y' => '114.122139',
  ),
  'module' => 'default',
  'rule' => '-1',
)

2017-06-06 11:48:53 response :
------------
Array:
errno : -1 ;
message : Invaild value ;

2017-06-06 11:49:18 trace :
------------
String:
<xml><ToUserName><![CDATA[gh_2cc1b47a6d8a]]></ToUserName>
<FromUserName><![CDATA[omxiWs659Vsf1BnBZl-ZhH_4_jYY]]></FromUserName>
<CreateTime>1496720958</CreateTime>
<MsgType><![CDATA[event]]></MsgType>
<Event><![CDATA[subscribe]]></Event>
<EventKey><![CDATA[]]></EventKey>
</xml>

2017-06-06 11:49:18 params :
------------
String:
array (
  'message' => 
  array (
    'tousername' => 'gh_2cc1b47a6d8a',
    'fromusername' => 'omxiWs659Vsf1BnBZl-ZhH_4_jYY',
    'createtime' => '1496720958',
    'msgtype' => 'event',
    'event' => 'subscribe',
    'eventkey' => '',
    'from' => 'omxiWs659Vsf1BnBZl-ZhH_4_jYY',
    'to' => 'gh_2cc1b47a6d8a',
    'time' => '1496720958',
    'type' => 'text',
    'redirection' => true,
    'source' => 'subscribe',
    'content' => '活动',
  ),
  'module' => 'news',
  'rule' => '23',
  'priority' => '0',
  'keyword' => 
  array (
    'id' => '486',
    'rid' => '23',
    'uniacid' => '5',
    'module' => 'news',
    'content' => '活动',
    'type' => '2',
    'displayorder' => '0',
    'status' => '1',
  ),
)

2017-06-06 11:49:18 response :
------------
Array:
FromUserName : gh_2cc1b47a6d8a ;
ToUserName : omxiWs659Vsf1BnBZl-ZhH_4_jYY ;
MsgType : news ;
ArticleCount : 1 ;
Articles : Array ;

2017-06-06 11:49:21 trace :
------------
String:
<xml><ToUserName><![CDATA[gh_2cc1b47a6d8a]]></ToUserName>
<FromUserName><![CDATA[omxiWs659Vsf1BnBZl-ZhH_4_jYY]]></FromUserName>
<CreateTime>1496720961</CreateTime>
<MsgType><![CDATA[event]]></MsgType>
<Event><![CDATA[LOCATION]]></Event>
<Latitude>22.572256</Latitude>
<Longitude>114.122192</Longitude>
<Precision>65.000000</Precision>
</xml>

2017-06-06 11:49:21 params :
------------
String:
array (
  'message' => 
  array (
    'tousername' => 'gh_2cc1b47a6d8a',
    'fromusername' => 'omxiWs659Vsf1BnBZl-ZhH_4_jYY',
    'createtime' => '1496720961',
    'msgtype' => 'event',
    'event' => 'LOCATION',
    'latitude' => '22.572256',
    'longitude' => '114.122192',
    'precision' => '65.000000',
    'from' => 'omxiWs659Vsf1BnBZl-ZhH_4_jYY',
    'to' => 'gh_2cc1b47a6d8a',
    'time' => '1496720961',
    'type' => 'trace',
    'location_x' => '22.572256',
    'location_y' => '114.122192',
  ),
  'module' => 'default',
  'rule' => '-1',
)

2017-06-06 11:49:21 response :
------------
Array:
errno : -1 ;
message : Invaild value ;

2017-06-06 11:49:40 trace :
------------
String:
<xml><ToUserName><![CDATA[gh_599a701eee6b]]></ToUserName>
<FromUserName><![CDATA[oeSIo0UTWIuotg7YlGD34CdwLVD4]]></FromUserName>
<CreateTime>1496720980</CreateTime>
<MsgType><![CDATA[event]]></MsgType>
<Event><![CDATA[LOCATION]]></Event>
<Latitude>22.572315</Latitude>
<Longitude>114.122238</Longitude>
<Precision>65.000000</Precision>
</xml>

2017-06-06 11:49:40 params :
------------
String:
array (
  'message' => 
  array (
    'tousername' => 'gh_599a701eee6b',
    'fromusername' => 'oeSIo0UTWIuotg7YlGD34CdwLVD4',
    'createtime' => '1496720980',
    'msgtype' => 'event',
    'event' => 'LOCATION',
    'latitude' => '22.572315',
    'longitude' => '114.122238',
    'precision' => '65.000000',
    'from' => 'oeSIo0UTWIuotg7YlGD34CdwLVD4',
    'to' => 'gh_599a701eee6b',
    'time' => '1496720980',
    'type' => 'trace',
    'location_x' => '22.572315',
    'location_y' => '114.122238',
  ),
  'module' => 'default',
  'rule' => '-1',
)

2017-06-06 11:49:40 response :
------------
Array:
errno : -1 ;
message : Invaild value ;

2017-06-06 11:52:13 trace :
------------
String:
<xml><ToUserName><![CDATA[gh_599a701eee6b]]></ToUserName>
<FromUserName><![CDATA[oeSIo0UTWIuotg7YlGD34CdwLVD4]]></FromUserName>
<CreateTime>1496721133</CreateTime>
<MsgType><![CDATA[event]]></MsgType>
<Event><![CDATA[LOCATION]]></Event>
<Latitude>22.572281</Latitude>
<Longitude>114.122154</Longitude>
<Precision>65.000000</Precision>
</xml>

2017-06-06 11:52:13 params :
------------
String:
array (
  'message' => 
  array (
    'tousername' => 'gh_599a701eee6b',
    'fromusername' => 'oeSIo0UTWIuotg7YlGD34CdwLVD4',
    'createtime' => '1496721133',
    'msgtype' => 'event',
    'event' => 'LOCATION',
    'latitude' => '22.572281',
    'longitude' => '114.122154',
    'precision' => '65.000000',
    'from' => 'oeSIo0UTWIuotg7YlGD34CdwLVD4',
    'to' => 'gh_599a701eee6b',
    'time' => '1496721133',
    'type' => 'trace',
    'location_x' => '22.572281',
    'location_y' => '114.122154',
  ),
  'module' => 'default',
  'rule' => '-1',
)

2017-06-06 11:52:13 response :
------------
Array:
errno : -1 ;
message : Invaild value ;

2017-06-06 11:52:15 trace :
------------
String:
<xml><ToUserName><![CDATA[gh_2cc1b47a6d8a]]></ToUserName>
<FromUserName><![CDATA[omxiWs659Vsf1BnBZl-ZhH_4_jYY]]></FromUserName>
<CreateTime>1496721134</CreateTime>
<MsgType><![CDATA[event]]></MsgType>
<Event><![CDATA[LOCATION]]></Event>
<Latitude>22.572231</Latitude>
<Longitude>114.122200</Longitude>
<Precision>65.000000</Precision>
</xml>

2017-06-06 11:52:15 params :
------------
String:
array (
  'message' => 
  array (
    'tousername' => 'gh_2cc1b47a6d8a',
    'fromusername' => 'omxiWs659Vsf1BnBZl-ZhH_4_jYY',
    'createtime' => '1496721134',
    'msgtype' => 'event',
    'event' => 'LOCATION',
    'latitude' => '22.572231',
    'longitude' => '114.122200',
    'precision' => '65.000000',
    'from' => 'omxiWs659Vsf1BnBZl-ZhH_4_jYY',
    'to' => 'gh_2cc1b47a6d8a',
    'time' => '1496721134',
    'type' => 'trace',
    'location_x' => '22.572231',
    'location_y' => '114.122200',
  ),
  'module' => 'default',
  'rule' => '-1',
)

2017-06-06 11:52:15 response :
------------
Array:
errno : -1 ;
message : Invaild value ;

2017-06-06 15:30:39 trace :
------------
String:
<xml><ToUserName><![CDATA[gh_599a701eee6b]]></ToUserName>
<FromUserName><![CDATA[oeSIo0XPqdkxdSfebpcyo3p_wtQI]]></FromUserName>
<CreateTime>1496734238</CreateTime>
<MsgType><![CDATA[event]]></MsgType>
<Event><![CDATA[LOCATION]]></Event>
<Latitude>22.572250</Latitude>
<Longitude>114.122253</Longitude>
<Precision>30.000000</Precision>
</xml>

2017-06-06 15:30:39 params :
------------
String:
array (
  'message' => 
  array (
    'tousername' => 'gh_599a701eee6b',
    'fromusername' => 'oeSIo0XPqdkxdSfebpcyo3p_wtQI',
    'createtime' => '1496734238',
    'msgtype' => 'event',
    'event' => 'LOCATION',
    'latitude' => '22.572250',
    'longitude' => '114.122253',
    'precision' => '30.000000',
    'from' => 'oeSIo0XPqdkxdSfebpcyo3p_wtQI',
    'to' => 'gh_599a701eee6b',
    'time' => '1496734238',
    'type' => 'trace',
    'location_x' => '22.572250',
    'location_y' => '114.122253',
  ),
  'module' => 'default',
  'rule' => '-1',
)

2017-06-06 15:30:39 response :
------------
Array:
errno : -1 ;
message : Invaild value ;

2017-06-06 15:52:24 trace :
------------
String:
<xml><ToUserName><![CDATA[gh_2cc1b47a6d8a]]></ToUserName>
<FromUserName><![CDATA[omxiWszQzjWb73wxVXZmqK1F9wSI]]></FromUserName>
<CreateTime>1496735544</CreateTime>
<MsgType><![CDATA[event]]></MsgType>
<Event><![CDATA[LOCATION]]></Event>
<Latitude>22.572212</Latitude>
<Longitude>114.123093</Longitude>
<Precision>65.000000</Precision>
</xml>

2017-06-06 15:52:24 params :
------------
String:
array (
  'message' => 
  array (
    'tousername' => 'gh_2cc1b47a6d8a',
    'fromusername' => 'omxiWszQzjWb73wxVXZmqK1F9wSI',
    'createtime' => '1496735544',
    'msgtype' => 'event',
    'event' => 'LOCATION',
    'latitude' => '22.572212',
    'longitude' => '114.123093',
    'precision' => '65.000000',
    'from' => 'omxiWszQzjWb73wxVXZmqK1F9wSI',
    'to' => 'gh_2cc1b47a6d8a',
    'time' => '1496735544',
    'type' => 'trace',
    'location_x' => '22.572212',
    'location_y' => '114.123093',
  ),
  'module' => 'default',
  'rule' => '-1',
)

2017-06-06 15:52:24 response :
------------
Array:
errno : -1 ;
message : Invaild value ;

2017-06-06 16:07:44 trace :
------------
String:
<xml><ToUserName><![CDATA[gh_2cc1b47a6d8a]]></ToUserName>
<FromUserName><![CDATA[omxiWs4ok-sXWHYBTl77HbrMMkGc]]></FromUserName>
<CreateTime>1496736464</CreateTime>
<MsgType><![CDATA[event]]></MsgType>
<Event><![CDATA[LOCATION]]></Event>
<Latitude>22.655382</Latitude>
<Longitude>114.195953</Longitude>
<Precision>25.000000</Precision>
</xml>

2017-06-06 16:07:44 params :
------------
String:
array (
  'message' => 
  array (
    'tousername' => 'gh_2cc1b47a6d8a',
    'fromusername' => 'omxiWs4ok-sXWHYBTl77HbrMMkGc',
    'createtime' => '1496736464',
    'msgtype' => 'event',
    'event' => 'LOCATION',
    'latitude' => '22.655382',
    'longitude' => '114.195953',
    'precision' => '25.000000',
    'from' => 'omxiWs4ok-sXWHYBTl77HbrMMkGc',
    'to' => 'gh_2cc1b47a6d8a',
    'time' => '1496736464',
    'type' => 'trace',
    'location_x' => '22.655382',
    'location_y' => '114.195953',
  ),
  'module' => 'default',
  'rule' => '-1',
)

2017-06-06 16:07:44 response :
------------
Array:
errno : -1 ;
message : Invaild value ;

2017-06-06 18:24:19 trace :
------------
String:
<xml><ToUserName><![CDATA[gh_2cc1b47a6d8a]]></ToUserName>
<FromUserName><![CDATA[omxiWs-oqHqRi0Ig5_IkoY1KzkgE]]></FromUserName>
<CreateTime>1496744659</CreateTime>
<MsgType><![CDATA[event]]></MsgType>
<Event><![CDATA[VIEW]]></Event>
<EventKey><![CDATA[http://mp.weixin.qq.com/s/6zX50aaM25344qd-U3FtzQ]]></EventKey>
<MenuId>409603874</MenuId>
</xml>

2017-06-06 18:24:19 params :
------------
String:
array (
  'message' => 
  array (
    'tousername' => 'gh_2cc1b47a6d8a',
    'fromusername' => 'omxiWs-oqHqRi0Ig5_IkoY1KzkgE',
    'createtime' => '1496744659',
    'msgtype' => 'event',
    'event' => 'VIEW',
    'eventkey' => 'http://mp.weixin.qq.com/s/6zX50aaM25344qd-U3FtzQ',
    'menuid' => '409603874',
    'from' => 'omxiWs-oqHqRi0Ig5_IkoY1KzkgE',
    'to' => 'gh_2cc1b47a6d8a',
    'time' => '1496744659',
    'type' => 'text',
    'content' => '投票活动',
    'redirection' => true,
    'source' => 'default',
    'original' => 'http://mp.weixin.qq.com/s/6zX50aaM25344qd-U3FtzQ',
  ),
  'module' => 'news',
  'rule' => '23',
  'priority' => '0',
  'keyword' => 
  array (
    'id' => '485',
    'rid' => '23',
    'uniacid' => '5',
    'module' => 'news',
    'content' => '投票活动',
    'type' => '1',
    'displayorder' => '0',
    'status' => '1',
  ),
)

2017-06-06 18:24:19 response :
------------
Array:
FromUserName : gh_2cc1b47a6d8a ;
ToUserName : omxiWs-oqHqRi0Ig5_IkoY1KzkgE ;
MsgType : news ;
ArticleCount : 1 ;
Articles : Array ;

2017-06-06 18:24:39 trace :
------------
String:
<xml><ToUserName><![CDATA[gh_2cc1b47a6d8a]]></ToUserName>
<FromUserName><![CDATA[omxiWs-oqHqRi0Ig5_IkoY1KzkgE]]></FromUserName>
<CreateTime>1496744679</CreateTime>
<MsgType><![CDATA[event]]></MsgType>
<Event><![CDATA[VIEW]]></Event>
<EventKey><![CDATA[http://www.cdj1946.cn/app/index.php?i=5&c=entry&rid=24&do=index&m=tyzm_diamondvote]]></EventKey>
<MenuId>409603874</MenuId>
</xml>

2017-06-06 18:24:39 params :
------------
String:
array (
  'message' => 
  array (
    'tousername' => 'gh_2cc1b47a6d8a',
    'fromusername' => 'omxiWs-oqHqRi0Ig5_IkoY1KzkgE',
    'createtime' => '1496744679',
    'msgtype' => 'event',
    'event' => 'VIEW',
    'eventkey' => 'http://www.cdj1946.cn/app/index.php?i=5&c=entry&rid=24&do=index&m=tyzm_diamondvote',
    'menuid' => '409603874',
    'from' => 'omxiWs-oqHqRi0Ig5_IkoY1KzkgE',
    'to' => 'gh_2cc1b47a6d8a',
    'time' => '1496744679',
    'type' => 'text',
    'content' => '投票活动',
    'redirection' => true,
    'source' => 'default',
    'original' => 'http://www.cdj1946.cn/app/index.php?i=5&c=entry&rid=24&do=index&m=tyzm_diamondvote',
  ),
  'module' => 'news',
  'rule' => '23',
  'priority' => '0',
  'keyword' => 
  array (
    'id' => '485',
    'rid' => '23',
    'uniacid' => '5',
    'module' => 'news',
    'content' => '投票活动',
    'type' => '1',
    'displayorder' => '0',
    'status' => '1',
  ),
)

2017-06-06 18:24:39 response :
------------
Array:
FromUserName : gh_2cc1b47a6d8a ;
ToUserName : omxiWs-oqHqRi0Ig5_IkoY1KzkgE ;
MsgType : news ;
ArticleCount : 1 ;
Articles : Array ;

2017-06-06 18:37:34 trace :
------------
String:
<xml><ToUserName><![CDATA[gh_2cc1b47a6d8a]]></ToUserName>
<FromUserName><![CDATA[omxiWs2LtQafga6y4FFgi1P50d1w]]></FromUserName>
<CreateTime>1496745454</CreateTime>
<MsgType><![CDATA[event]]></MsgType>
<Event><![CDATA[unsubscribe]]></Event>
<EventKey><![CDATA[]]></EventKey>
</xml>

2017-06-06 20:09:59 trace :
------------
String:
<xml><ToUserName><![CDATA[gh_2cc1b47a6d8a]]></ToUserName>
<FromUserName><![CDATA[omxiWsyZUnUDxIhgC0kk7ZJozv50]]></FromUserName>
<CreateTime>1496750999</CreateTime>
<MsgType><![CDATA[event]]></MsgType>
<Event><![CDATA[LOCATION]]></Event>
<Latitude>23.461552</Latitude>
<Longitude>116.794632</Longitude>
<Precision>65.000000</Precision>
</xml>

2017-06-06 20:09:59 params :
------------
String:
array (
  'message' => 
  array (
    'tousername' => 'gh_2cc1b47a6d8a',
    'fromusername' => 'omxiWsyZUnUDxIhgC0kk7ZJozv50',
    'createtime' => '1496750999',
    'msgtype' => 'event',
    'event' => 'LOCATION',
    'latitude' => '23.461552',
    'longitude' => '116.794632',
    'precision' => '65.000000',
    'from' => 'omxiWsyZUnUDxIhgC0kk7ZJozv50',
    'to' => 'gh_2cc1b47a6d8a',
    'time' => '1496750999',
    'type' => 'trace',
    'location_x' => '23.461552',
    'location_y' => '116.794632',
  ),
  'module' => 'default',
  'rule' => '-1',
)

2017-06-06 20:09:59 response :
------------
Array:
errno : -1 ;
message : Invaild value ;

2017-06-06 20:10:04 trace :
------------
String:
<xml><ToUserName><![CDATA[gh_2cc1b47a6d8a]]></ToUserName>
<FromUserName><![CDATA[omxiWsyZUnUDxIhgC0kk7ZJozv50]]></FromUserName>
<CreateTime>1496751004</CreateTime>
<MsgType><![CDATA[event]]></MsgType>
<Event><![CDATA[unsubscribe]]></Event>
<EventKey><![CDATA[]]></EventKey>
</xml>

2017-06-06 21:45:11 trace :
------------
String:
<xml><ToUserName><![CDATA[gh_2cc1b47a6d8a]]></ToUserName>
<FromUserName><![CDATA[omxiWs53lx3V2k3OeFlZV9CprePI]]></FromUserName>
<CreateTime>1496756711</CreateTime>
<MsgType><![CDATA[event]]></MsgType>
<Event><![CDATA[unsubscribe]]></Event>
<EventKey><![CDATA[]]></EventKey>
</xml>

