2017-07-11 03:26:50 trace :
------------
String:
<xml><ToUserName><![CDATA[gh_599a701eee6b]]></ToUserName>
<FromUserName><![CDATA[oeSIo0RQiMxtX8Ry9609WOTXGA68]]></FromUserName>
<CreateTime>1499714810</CreateTime>
<MsgType><![CDATA[event]]></MsgType>
<Event><![CDATA[LOCATION]]></Event>
<Latitude>39.670177</Latitude>
<Longitude>106.816895</Longitude>
<Precision>65.000000</Precision>
</xml>

2017-07-11 03:26:50 params :
------------
String:
array (
  'message' => 
  array (
    'tousername' => 'gh_599a701eee6b',
    'fromusername' => 'oeSIo0RQiMxtX8Ry9609WOTXGA68',
    'createtime' => '1499714810',
    'msgtype' => 'event',
    'event' => 'LOCATION',
    'latitude' => '39.670177',
    'longitude' => '106.816895',
    'precision' => '65.000000',
    'from' => 'oeSIo0RQiMxtX8Ry9609WOTXGA68',
    'to' => 'gh_599a701eee6b',
    'time' => '1499714810',
    'type' => 'trace',
    'location_x' => '39.670177',
    'location_y' => '106.816895',
  ),
  'module' => 'default',
  'rule' => '-1',
)

2017-07-11 03:26:50 response :
------------
Array:
errno : -1 ;
message : Invaild value ;

2017-07-11 14:54:16 trace :
------------
String:
<xml><ToUserName><![CDATA[gh_599a701eee6b]]></ToUserName>
<FromUserName><![CDATA[oeSIo0XPqdkxdSfebpcyo3p_wtQI]]></FromUserName>
<CreateTime>1499756056</CreateTime>
<MsgType><![CDATA[event]]></MsgType>
<Event><![CDATA[LOCATION]]></Event>
<Latitude>22.572250</Latitude>
<Longitude>114.122253</Longitude>
<Precision>30.000000</Precision>
</xml>

2017-07-11 14:54:16 params :
------------
String:
array (
  'message' => 
  array (
    'tousername' => 'gh_599a701eee6b',
    'fromusername' => 'oeSIo0XPqdkxdSfebpcyo3p_wtQI',
    'createtime' => '1499756056',
    'msgtype' => 'event',
    'event' => 'LOCATION',
    'latitude' => '22.572250',
    'longitude' => '114.122253',
    'precision' => '30.000000',
    'from' => 'oeSIo0XPqdkxdSfebpcyo3p_wtQI',
    'to' => 'gh_599a701eee6b',
    'time' => '1499756056',
    'type' => 'trace',
    'location_x' => '22.572250',
    'location_y' => '114.122253',
  ),
  'module' => 'default',
  'rule' => '-1',
)

2017-07-11 14:54:16 response :
------------
Array:
errno : -1 ;
message : Invaild value ;

2017-07-11 15:25:17 trace :
------------
String:
<xml><ToUserName><![CDATA[gh_2cc1b47a6d8a]]></ToUserName>
<FromUserName><![CDATA[omxiWs659Vsf1BnBZl-ZhH_4_jYY]]></FromUserName>
<CreateTime>1499757917</CreateTime>
<MsgType><![CDATA[event]]></MsgType>
<Event><![CDATA[LOCATION]]></Event>
<Latitude>22.572260</Latitude>
<Longitude>114.122154</Longitude>
<Precision>65.000000</Precision>
</xml>

2017-07-11 15:25:17 params :
------------
String:
array (
  'message' => 
  array (
    'tousername' => 'gh_2cc1b47a6d8a',
    'fromusername' => 'omxiWs659Vsf1BnBZl-ZhH_4_jYY',
    'createtime' => '1499757917',
    'msgtype' => 'event',
    'event' => 'LOCATION',
    'latitude' => '22.572260',
    'longitude' => '114.122154',
    'precision' => '65.000000',
    'from' => 'omxiWs659Vsf1BnBZl-ZhH_4_jYY',
    'to' => 'gh_2cc1b47a6d8a',
    'time' => '1499757917',
    'type' => 'trace',
    'location_x' => '22.572260',
    'location_y' => '114.122154',
  ),
  'module' => 'default',
  'rule' => '-1',
)

2017-07-11 15:25:17 response :
------------
Array:
errno : -1 ;
message : Invaild value ;

2017-07-11 15:25:18 trace :
------------
String:
<xml><ToUserName><![CDATA[gh_2cc1b47a6d8a]]></ToUserName>
<FromUserName><![CDATA[omxiWs659Vsf1BnBZl-ZhH_4_jYY]]></FromUserName>
<CreateTime>1499757918</CreateTime>
<MsgType><![CDATA[event]]></MsgType>
<Event><![CDATA[LOCATION]]></Event>
<Latitude>22.572157</Latitude>
<Longitude>114.122284</Longitude>
<Precision>65.000000</Precision>
</xml>

2017-07-11 15:25:18 params :
------------
String:
array (
  'message' => 
  array (
    'tousername' => 'gh_2cc1b47a6d8a',
    'fromusername' => 'omxiWs659Vsf1BnBZl-ZhH_4_jYY',
    'createtime' => '1499757918',
    'msgtype' => 'event',
    'event' => 'LOCATION',
    'latitude' => '22.572157',
    'longitude' => '114.122284',
    'precision' => '65.000000',
    'from' => 'omxiWs659Vsf1BnBZl-ZhH_4_jYY',
    'to' => 'gh_2cc1b47a6d8a',
    'time' => '1499757918',
    'type' => 'trace',
    'location_x' => '22.572157',
    'location_y' => '114.122284',
  ),
  'module' => 'default',
  'rule' => '-1',
)

2017-07-11 15:25:18 response :
------------
Array:
errno : -1 ;
message : Invaild value ;

