2017-07-22 16:46:05 trace :
------------
String:
<xml><ToUserName><![CDATA[gh_2cc1b47a6d8a]]></ToUserName>
<FromUserName><![CDATA[omxiWswY_Lw8j8Dwpd-te5orcuM4]]></FromUserName>
<CreateTime>1500713165</CreateTime>
<MsgType><![CDATA[event]]></MsgType>
<Event><![CDATA[LOCATION]]></Event>
<Latitude>31.736282</Latitude>
<Longitude>119.942978</Longitude>
<Precision>30.000000</Precision>
</xml>

2017-07-22 16:46:05 params :
------------
String:
array (
  'message' => 
  array (
    'tousername' => 'gh_2cc1b47a6d8a',
    'fromusername' => 'omxiWswY_Lw8j8Dwpd-te5orcuM4',
    'createtime' => '1500713165',
    'msgtype' => 'event',
    'event' => 'LOCATION',
    'latitude' => '31.736282',
    'longitude' => '119.942978',
    'precision' => '30.000000',
    'from' => 'omxiWswY_Lw8j8Dwpd-te5orcuM4',
    'to' => 'gh_2cc1b47a6d8a',
    'time' => '1500713165',
    'type' => 'trace',
    'location_x' => '31.736282',
    'location_y' => '119.942978',
  ),
  'module' => 'default',
  'rule' => '-1',
)

2017-07-22 16:46:05 response :
------------
Array:
errno : -1 ;
message : Invaild value ;

2017-07-22 16:46:07 trace :
------------
String:
<xml><ToUserName><![CDATA[gh_599a701eee6b]]></ToUserName>
<FromUserName><![CDATA[oeSIo0VX1mdpwvPelu_9TP4EYdC8]]></FromUserName>
<CreateTime>1500713167</CreateTime>
<MsgType><![CDATA[event]]></MsgType>
<Event><![CDATA[LOCATION]]></Event>
<Latitude>31.736282</Latitude>
<Longitude>119.942978</Longitude>
<Precision>30.000000</Precision>
</xml>

2017-07-22 16:46:07 params :
------------
String:
array (
  'message' => 
  array (
    'tousername' => 'gh_599a701eee6b',
    'fromusername' => 'oeSIo0VX1mdpwvPelu_9TP4EYdC8',
    'createtime' => '1500713167',
    'msgtype' => 'event',
    'event' => 'LOCATION',
    'latitude' => '31.736282',
    'longitude' => '119.942978',
    'precision' => '30.000000',
    'from' => 'oeSIo0VX1mdpwvPelu_9TP4EYdC8',
    'to' => 'gh_599a701eee6b',
    'time' => '1500713167',
    'type' => 'trace',
    'location_x' => '31.736282',
    'location_y' => '119.942978',
  ),
  'module' => 'default',
  'rule' => '-1',
)

2017-07-22 16:46:07 response :
------------
Array:
errno : -1 ;
message : Invaild value ;

