2017-05-30 08:17:22 trace :
------------
String:
<xml><ToUserName><![CDATA[gh_2cc1b47a6d8a]]></ToUserName>
<FromUserName><![CDATA[omxiWs-oqHqRi0Ig5_IkoY1KzkgE]]></FromUserName>
<CreateTime>1496103442</CreateTime>
<MsgType><![CDATA[event]]></MsgType>
<Event><![CDATA[VIEW]]></Event>
<EventKey><![CDATA[http://r.xiumi.us/stage/v5/2EA7C/43908634#/]]></EventKey>
<MenuId>409603874</MenuId>
</xml>

2017-05-30 08:17:22 params :
------------
String:
array (
  'message' => 
  array (
    'tousername' => 'gh_2cc1b47a6d8a',
    'fromusername' => 'omxiWs-oqHqRi0Ig5_IkoY1KzkgE',
    'createtime' => '1496103442',
    'msgtype' => 'event',
    'event' => 'VIEW',
    'eventkey' => 'http://r.xiumi.us/stage/v5/2EA7C/43908634#/',
    'menuid' => '409603874',
    'from' => 'omxiWs-oqHqRi0Ig5_IkoY1KzkgE',
    'to' => 'gh_2cc1b47a6d8a',
    'time' => '1496103442',
    'type' => 'text',
    'content' => '投票活动',
    'redirection' => true,
    'source' => 'default',
    'original' => 'http://r.xiumi.us/stage/v5/2EA7C/43908634#/',
  ),
  'module' => 'news',
  'rule' => '23',
  'priority' => '0',
  'keyword' => 
  array (
    'id' => '485',
    'rid' => '23',
    'uniacid' => '5',
    'module' => 'news',
    'content' => '投票活动',
    'type' => '1',
    'displayorder' => '0',
    'status' => '1',
  ),
)

2017-05-30 08:17:22 response :
------------
Array:
FromUserName : gh_2cc1b47a6d8a ;
ToUserName : omxiWs-oqHqRi0Ig5_IkoY1KzkgE ;
MsgType : news ;
ArticleCount : 1 ;
Articles : Array ;

2017-05-30 10:31:18 trace :
------------
String:
<xml><ToUserName><![CDATA[gh_2cc1b47a6d8a]]></ToUserName>
<FromUserName><![CDATA[omxiWs9jHmTiuvLdrmyv-uKPy5GE]]></FromUserName>
<CreateTime>1496111478</CreateTime>
<MsgType><![CDATA[event]]></MsgType>
<Event><![CDATA[LOCATION]]></Event>
<Latitude>43.344154</Latitude>
<Longitude>125.296471</Longitude>
<Precision>40.000000</Precision>
</xml>

2017-05-30 10:31:18 params :
------------
String:
array (
  'message' => 
  array (
    'tousername' => 'gh_2cc1b47a6d8a',
    'fromusername' => 'omxiWs9jHmTiuvLdrmyv-uKPy5GE',
    'createtime' => '1496111478',
    'msgtype' => 'event',
    'event' => 'LOCATION',
    'latitude' => '43.344154',
    'longitude' => '125.296471',
    'precision' => '40.000000',
    'from' => 'omxiWs9jHmTiuvLdrmyv-uKPy5GE',
    'to' => 'gh_2cc1b47a6d8a',
    'time' => '1496111478',
    'type' => 'trace',
    'location_x' => '43.344154',
    'location_y' => '125.296471',
  ),
  'module' => 'default',
  'rule' => '-1',
)

2017-05-30 10:31:18 response :
------------
Array:
errno : -1 ;
message : Invaild value ;

2017-05-30 11:39:34 trace :
------------
String:
<xml><ToUserName><![CDATA[gh_599a701eee6b]]></ToUserName>
<FromUserName><![CDATA[oeSIo0Y9i8_xwxeA5mkljJMo3xyo]]></FromUserName>
<CreateTime>1496115573</CreateTime>
<MsgType><![CDATA[event]]></MsgType>
<Event><![CDATA[subscribe]]></Event>
<EventKey><![CDATA[]]></EventKey>
</xml>

2017-05-30 11:39:34 params :
------------
String:
array (
  'message' => 
  array (
    'tousername' => 'gh_599a701eee6b',
    'fromusername' => 'oeSIo0Y9i8_xwxeA5mkljJMo3xyo',
    'createtime' => '1496115573',
    'msgtype' => 'event',
    'event' => 'subscribe',
    'eventkey' => '',
    'from' => 'oeSIo0Y9i8_xwxeA5mkljJMo3xyo',
    'to' => 'gh_599a701eee6b',
    'time' => '1496115573',
    'type' => 'text',
    'redirection' => true,
    'source' => 'subscribe',
    'content' => '投票活动',
  ),
  'module' => 'news',
  'rule' => '26',
  'priority' => '0',
  'keyword' => 
  array (
    'id' => '487',
    'rid' => '26',
    'uniacid' => '3',
    'module' => 'news',
    'content' => '投票活动',
    'type' => '1',
    'displayorder' => '0',
    'status' => '1',
  ),
)

2017-05-30 11:39:34 response :
------------
Array:
FromUserName : gh_599a701eee6b ;
ToUserName : oeSIo0Y9i8_xwxeA5mkljJMo3xyo ;
MsgType : news ;
ArticleCount : 1 ;
Articles : Array ;

2017-05-30 11:39:42 trace :
------------
String:
<xml><ToUserName><![CDATA[gh_599a701eee6b]]></ToUserName>
<FromUserName><![CDATA[oeSIo0Y9i8_xwxeA5mkljJMo3xyo]]></FromUserName>
<CreateTime>1496115581</CreateTime>
<MsgType><![CDATA[event]]></MsgType>
<Event><![CDATA[LOCATION]]></Event>
<Latitude>22.572140</Latitude>
<Longitude>114.122566</Longitude>
<Precision>190.000000</Precision>
</xml>

2017-05-30 11:39:42 params :
------------
String:
array (
  'message' => 
  array (
    'tousername' => 'gh_599a701eee6b',
    'fromusername' => 'oeSIo0Y9i8_xwxeA5mkljJMo3xyo',
    'createtime' => '1496115581',
    'msgtype' => 'event',
    'event' => 'LOCATION',
    'latitude' => '22.572140',
    'longitude' => '114.122566',
    'precision' => '190.000000',
    'from' => 'oeSIo0Y9i8_xwxeA5mkljJMo3xyo',
    'to' => 'gh_599a701eee6b',
    'time' => '1496115581',
    'type' => 'trace',
    'location_x' => '22.572140',
    'location_y' => '114.122566',
  ),
  'module' => 'default',
  'rule' => '-1',
)

2017-05-30 11:39:42 response :
------------
Array:
errno : -1 ;
message : Invaild value ;

2017-05-30 11:40:09 trace :
------------
String:
<xml><ToUserName><![CDATA[gh_599a701eee6b]]></ToUserName>
<FromUserName><![CDATA[oeSIo0Y9i8_xwxeA5mkljJMo3xyo]]></FromUserName>
<CreateTime>1496115609</CreateTime>
<MsgType><![CDATA[event]]></MsgType>
<Event><![CDATA[LOCATION]]></Event>
<Latitude>22.572140</Latitude>
<Longitude>114.122566</Longitude>
<Precision>190.000000</Precision>
</xml>

2017-05-30 11:40:09 params :
------------
String:
array (
  'message' => 
  array (
    'tousername' => 'gh_599a701eee6b',
    'fromusername' => 'oeSIo0Y9i8_xwxeA5mkljJMo3xyo',
    'createtime' => '1496115609',
    'msgtype' => 'event',
    'event' => 'LOCATION',
    'latitude' => '22.572140',
    'longitude' => '114.122566',
    'precision' => '190.000000',
    'from' => 'oeSIo0Y9i8_xwxeA5mkljJMo3xyo',
    'to' => 'gh_599a701eee6b',
    'time' => '1496115609',
    'type' => 'trace',
    'location_x' => '22.572140',
    'location_y' => '114.122566',
  ),
  'module' => 'default',
  'rule' => '-1',
)

2017-05-30 11:40:09 response :
------------
Array:
errno : -1 ;
message : Invaild value ;

2017-05-30 11:40:36 trace :
------------
String:
<xml><ToUserName><![CDATA[gh_599a701eee6b]]></ToUserName>
<FromUserName><![CDATA[oeSIo0Y9i8_xwxeA5mkljJMo3xyo]]></FromUserName>
<CreateTime>1496115636</CreateTime>
<MsgType><![CDATA[event]]></MsgType>
<Event><![CDATA[LOCATION]]></Event>
<Latitude>22.572174</Latitude>
<Longitude>114.122505</Longitude>
<Precision>420.000000</Precision>
</xml>

2017-05-30 11:40:36 params :
------------
String:
array (
  'message' => 
  array (
    'tousername' => 'gh_599a701eee6b',
    'fromusername' => 'oeSIo0Y9i8_xwxeA5mkljJMo3xyo',
    'createtime' => '1496115636',
    'msgtype' => 'event',
    'event' => 'LOCATION',
    'latitude' => '22.572174',
    'longitude' => '114.122505',
    'precision' => '420.000000',
    'from' => 'oeSIo0Y9i8_xwxeA5mkljJMo3xyo',
    'to' => 'gh_599a701eee6b',
    'time' => '1496115636',
    'type' => 'trace',
    'location_x' => '22.572174',
    'location_y' => '114.122505',
  ),
  'module' => 'default',
  'rule' => '-1',
)

2017-05-30 11:40:36 response :
------------
Array:
errno : -1 ;
message : Invaild value ;

2017-05-30 11:40:44 trace :
------------
String:
<xml><ToUserName><![CDATA[gh_599a701eee6b]]></ToUserName>
<FromUserName><![CDATA[oeSIo0bedKZWP9lKZWlohDqlSR4U]]></FromUserName>
<CreateTime>1496115643</CreateTime>
<MsgType><![CDATA[event]]></MsgType>
<Event><![CDATA[LOCATION]]></Event>
<Latitude>22.572037</Latitude>
<Longitude>114.122498</Longitude>
<Precision>420.000000</Precision>
</xml>

2017-05-30 11:40:44 params :
------------
String:
array (
  'message' => 
  array (
    'tousername' => 'gh_599a701eee6b',
    'fromusername' => 'oeSIo0bedKZWP9lKZWlohDqlSR4U',
    'createtime' => '1496115643',
    'msgtype' => 'event',
    'event' => 'LOCATION',
    'latitude' => '22.572037',
    'longitude' => '114.122498',
    'precision' => '420.000000',
    'from' => 'oeSIo0bedKZWP9lKZWlohDqlSR4U',
    'to' => 'gh_599a701eee6b',
    'time' => '1496115643',
    'type' => 'trace',
    'location_x' => '22.572037',
    'location_y' => '114.122498',
  ),
  'module' => 'default',
  'rule' => '-1',
)

2017-05-30 11:40:44 response :
------------
Array:
errno : -1 ;
message : Invaild value ;

2017-05-30 11:41:28 trace :
------------
String:
<xml><ToUserName><![CDATA[gh_599a701eee6b]]></ToUserName>
<FromUserName><![CDATA[oeSIo0Y9i8_xwxeA5mkljJMo3xyo]]></FromUserName>
<CreateTime>1496115687</CreateTime>
<MsgType><![CDATA[event]]></MsgType>
<Event><![CDATA[LOCATION]]></Event>
<Latitude>22.572174</Latitude>
<Longitude>114.122505</Longitude>
<Precision>420.000000</Precision>
</xml>

2017-05-30 11:41:28 params :
------------
String:
array (
  'message' => 
  array (
    'tousername' => 'gh_599a701eee6b',
    'fromusername' => 'oeSIo0Y9i8_xwxeA5mkljJMo3xyo',
    'createtime' => '1496115687',
    'msgtype' => 'event',
    'event' => 'LOCATION',
    'latitude' => '22.572174',
    'longitude' => '114.122505',
    'precision' => '420.000000',
    'from' => 'oeSIo0Y9i8_xwxeA5mkljJMo3xyo',
    'to' => 'gh_599a701eee6b',
    'time' => '1496115687',
    'type' => 'trace',
    'location_x' => '22.572174',
    'location_y' => '114.122505',
  ),
  'module' => 'default',
  'rule' => '-1',
)

2017-05-30 11:41:28 response :
------------
Array:
errno : -1 ;
message : Invaild value ;

2017-05-30 11:41:48 trace :
------------
String:
<xml><ToUserName><![CDATA[gh_599a701eee6b]]></ToUserName>
<FromUserName><![CDATA[oeSIo0Y9i8_xwxeA5mkljJMo3xyo]]></FromUserName>
<CreateTime>1496115708</CreateTime>
<MsgType><![CDATA[event]]></MsgType>
<Event><![CDATA[LOCATION]]></Event>
<Latitude>22.572174</Latitude>
<Longitude>114.122505</Longitude>
<Precision>420.000000</Precision>
</xml>

2017-05-30 11:41:48 params :
------------
String:
array (
  'message' => 
  array (
    'tousername' => 'gh_599a701eee6b',
    'fromusername' => 'oeSIo0Y9i8_xwxeA5mkljJMo3xyo',
    'createtime' => '1496115708',
    'msgtype' => 'event',
    'event' => 'LOCATION',
    'latitude' => '22.572174',
    'longitude' => '114.122505',
    'precision' => '420.000000',
    'from' => 'oeSIo0Y9i8_xwxeA5mkljJMo3xyo',
    'to' => 'gh_599a701eee6b',
    'time' => '1496115708',
    'type' => 'trace',
    'location_x' => '22.572174',
    'location_y' => '114.122505',
  ),
  'module' => 'default',
  'rule' => '-1',
)

2017-05-30 11:41:48 response :
------------
Array:
errno : -1 ;
message : Invaild value ;

2017-05-30 11:42:10 trace :
------------
String:
<xml><ToUserName><![CDATA[gh_599a701eee6b]]></ToUserName>
<FromUserName><![CDATA[oeSIo0Y9i8_xwxeA5mkljJMo3xyo]]></FromUserName>
<CreateTime>1496115730</CreateTime>
<MsgType><![CDATA[event]]></MsgType>
<Event><![CDATA[LOCATION]]></Event>
<Latitude>22.572174</Latitude>
<Longitude>114.122505</Longitude>
<Precision>420.000000</Precision>
</xml>

2017-05-30 11:42:10 params :
------------
String:
array (
  'message' => 
  array (
    'tousername' => 'gh_599a701eee6b',
    'fromusername' => 'oeSIo0Y9i8_xwxeA5mkljJMo3xyo',
    'createtime' => '1496115730',
    'msgtype' => 'event',
    'event' => 'LOCATION',
    'latitude' => '22.572174',
    'longitude' => '114.122505',
    'precision' => '420.000000',
    'from' => 'oeSIo0Y9i8_xwxeA5mkljJMo3xyo',
    'to' => 'gh_599a701eee6b',
    'time' => '1496115730',
    'type' => 'trace',
    'location_x' => '22.572174',
    'location_y' => '114.122505',
  ),
  'module' => 'default',
  'rule' => '-1',
)

2017-05-30 11:42:10 response :
------------
Array:
errno : -1 ;
message : Invaild value ;

2017-05-30 11:42:25 trace :
------------
String:
<xml><ToUserName><![CDATA[gh_599a701eee6b]]></ToUserName>
<FromUserName><![CDATA[oeSIo0Y9i8_xwxeA5mkljJMo3xyo]]></FromUserName>
<CreateTime>1496115744</CreateTime>
<MsgType><![CDATA[event]]></MsgType>
<Event><![CDATA[LOCATION]]></Event>
<Latitude>22.572174</Latitude>
<Longitude>114.122505</Longitude>
<Precision>420.000000</Precision>
</xml>

2017-05-30 11:42:25 params :
------------
String:
array (
  'message' => 
  array (
    'tousername' => 'gh_599a701eee6b',
    'fromusername' => 'oeSIo0Y9i8_xwxeA5mkljJMo3xyo',
    'createtime' => '1496115744',
    'msgtype' => 'event',
    'event' => 'LOCATION',
    'latitude' => '22.572174',
    'longitude' => '114.122505',
    'precision' => '420.000000',
    'from' => 'oeSIo0Y9i8_xwxeA5mkljJMo3xyo',
    'to' => 'gh_599a701eee6b',
    'time' => '1496115744',
    'type' => 'trace',
    'location_x' => '22.572174',
    'location_y' => '114.122505',
  ),
  'module' => 'default',
  'rule' => '-1',
)

2017-05-30 11:42:25 response :
------------
Array:
errno : -1 ;
message : Invaild value ;

2017-05-30 11:42:31 trace :
------------
String:
<xml><ToUserName><![CDATA[gh_599a701eee6b]]></ToUserName>
<FromUserName><![CDATA[oeSIo0bedKZWP9lKZWlohDqlSR4U]]></FromUserName>
<CreateTime>1496115751</CreateTime>
<MsgType><![CDATA[event]]></MsgType>
<Event><![CDATA[LOCATION]]></Event>
<Latitude>22.572037</Latitude>
<Longitude>114.122498</Longitude>
<Precision>420.000000</Precision>
</xml>

2017-05-30 11:42:31 params :
------------
String:
array (
  'message' => 
  array (
    'tousername' => 'gh_599a701eee6b',
    'fromusername' => 'oeSIo0bedKZWP9lKZWlohDqlSR4U',
    'createtime' => '1496115751',
    'msgtype' => 'event',
    'event' => 'LOCATION',
    'latitude' => '22.572037',
    'longitude' => '114.122498',
    'precision' => '420.000000',
    'from' => 'oeSIo0bedKZWP9lKZWlohDqlSR4U',
    'to' => 'gh_599a701eee6b',
    'time' => '1496115751',
    'type' => 'trace',
    'location_x' => '22.572037',
    'location_y' => '114.122498',
  ),
  'module' => 'default',
  'rule' => '-1',
)

2017-05-30 11:42:31 response :
------------
Array:
errno : -1 ;
message : Invaild value ;

2017-05-30 11:42:53 trace :
------------
String:
<xml><ToUserName><![CDATA[gh_599a701eee6b]]></ToUserName>
<FromUserName><![CDATA[oeSIo0bedKZWP9lKZWlohDqlSR4U]]></FromUserName>
<CreateTime>1496115773</CreateTime>
<MsgType><![CDATA[event]]></MsgType>
<Event><![CDATA[LOCATION]]></Event>
<Latitude>22.572037</Latitude>
<Longitude>114.122498</Longitude>
<Precision>420.000000</Precision>
</xml>

2017-05-30 11:42:53 params :
------------
String:
array (
  'message' => 
  array (
    'tousername' => 'gh_599a701eee6b',
    'fromusername' => 'oeSIo0bedKZWP9lKZWlohDqlSR4U',
    'createtime' => '1496115773',
    'msgtype' => 'event',
    'event' => 'LOCATION',
    'latitude' => '22.572037',
    'longitude' => '114.122498',
    'precision' => '420.000000',
    'from' => 'oeSIo0bedKZWP9lKZWlohDqlSR4U',
    'to' => 'gh_599a701eee6b',
    'time' => '1496115773',
    'type' => 'trace',
    'location_x' => '22.572037',
    'location_y' => '114.122498',
  ),
  'module' => 'default',
  'rule' => '-1',
)

2017-05-30 11:42:53 response :
------------
Array:
errno : -1 ;
message : Invaild value ;

2017-05-30 11:43:09 trace :
------------
String:
<xml><ToUserName><![CDATA[gh_599a701eee6b]]></ToUserName>
<FromUserName><![CDATA[oeSIo0Y9i8_xwxeA5mkljJMo3xyo]]></FromUserName>
<CreateTime>1496115789</CreateTime>
<MsgType><![CDATA[event]]></MsgType>
<Event><![CDATA[LOCATION]]></Event>
<Latitude>22.572174</Latitude>
<Longitude>114.122505</Longitude>
<Precision>420.000000</Precision>
</xml>

2017-05-30 11:43:09 params :
------------
String:
array (
  'message' => 
  array (
    'tousername' => 'gh_599a701eee6b',
    'fromusername' => 'oeSIo0Y9i8_xwxeA5mkljJMo3xyo',
    'createtime' => '1496115789',
    'msgtype' => 'event',
    'event' => 'LOCATION',
    'latitude' => '22.572174',
    'longitude' => '114.122505',
    'precision' => '420.000000',
    'from' => 'oeSIo0Y9i8_xwxeA5mkljJMo3xyo',
    'to' => 'gh_599a701eee6b',
    'time' => '1496115789',
    'type' => 'trace',
    'location_x' => '22.572174',
    'location_y' => '114.122505',
  ),
  'module' => 'default',
  'rule' => '-1',
)

2017-05-30 11:43:09 response :
------------
Array:
errno : -1 ;
message : Invaild value ;

2017-05-30 11:43:27 trace :
------------
String:
<xml><ToUserName><![CDATA[gh_599a701eee6b]]></ToUserName>
<FromUserName><![CDATA[oeSIo0bedKZWP9lKZWlohDqlSR4U]]></FromUserName>
<CreateTime>1496115807</CreateTime>
<MsgType><![CDATA[event]]></MsgType>
<Event><![CDATA[LOCATION]]></Event>
<Latitude>22.572037</Latitude>
<Longitude>114.122498</Longitude>
<Precision>420.000000</Precision>
</xml>

2017-05-30 11:43:27 params :
------------
String:
array (
  'message' => 
  array (
    'tousername' => 'gh_599a701eee6b',
    'fromusername' => 'oeSIo0bedKZWP9lKZWlohDqlSR4U',
    'createtime' => '1496115807',
    'msgtype' => 'event',
    'event' => 'LOCATION',
    'latitude' => '22.572037',
    'longitude' => '114.122498',
    'precision' => '420.000000',
    'from' => 'oeSIo0bedKZWP9lKZWlohDqlSR4U',
    'to' => 'gh_599a701eee6b',
    'time' => '1496115807',
    'type' => 'trace',
    'location_x' => '22.572037',
    'location_y' => '114.122498',
  ),
  'module' => 'default',
  'rule' => '-1',
)

2017-05-30 11:43:27 response :
------------
Array:
errno : -1 ;
message : Invaild value ;

2017-05-30 11:43:32 trace :
------------
String:
<xml><ToUserName><![CDATA[gh_599a701eee6b]]></ToUserName>
<FromUserName><![CDATA[oeSIo0Y9i8_xwxeA5mkljJMo3xyo]]></FromUserName>
<CreateTime>1496115812</CreateTime>
<MsgType><![CDATA[event]]></MsgType>
<Event><![CDATA[LOCATION]]></Event>
<Latitude>22.572174</Latitude>
<Longitude>114.122505</Longitude>
<Precision>420.000000</Precision>
</xml>

2017-05-30 11:43:32 params :
------------
String:
array (
  'message' => 
  array (
    'tousername' => 'gh_599a701eee6b',
    'fromusername' => 'oeSIo0Y9i8_xwxeA5mkljJMo3xyo',
    'createtime' => '1496115812',
    'msgtype' => 'event',
    'event' => 'LOCATION',
    'latitude' => '22.572174',
    'longitude' => '114.122505',
    'precision' => '420.000000',
    'from' => 'oeSIo0Y9i8_xwxeA5mkljJMo3xyo',
    'to' => 'gh_599a701eee6b',
    'time' => '1496115812',
    'type' => 'trace',
    'location_x' => '22.572174',
    'location_y' => '114.122505',
  ),
  'module' => 'default',
  'rule' => '-1',
)

2017-05-30 11:43:32 response :
------------
Array:
errno : -1 ;
message : Invaild value ;

2017-05-30 11:43:33 trace :
------------
String:
<xml><ToUserName><![CDATA[gh_599a701eee6b]]></ToUserName>
<FromUserName><![CDATA[oeSIo0bedKZWP9lKZWlohDqlSR4U]]></FromUserName>
<CreateTime>1496115813</CreateTime>
<MsgType><![CDATA[event]]></MsgType>
<Event><![CDATA[LOCATION]]></Event>
<Latitude>22.572037</Latitude>
<Longitude>114.122498</Longitude>
<Precision>420.000000</Precision>
</xml>

2017-05-30 11:43:33 params :
------------
String:
array (
  'message' => 
  array (
    'tousername' => 'gh_599a701eee6b',
    'fromusername' => 'oeSIo0bedKZWP9lKZWlohDqlSR4U',
    'createtime' => '1496115813',
    'msgtype' => 'event',
    'event' => 'LOCATION',
    'latitude' => '22.572037',
    'longitude' => '114.122498',
    'precision' => '420.000000',
    'from' => 'oeSIo0bedKZWP9lKZWlohDqlSR4U',
    'to' => 'gh_599a701eee6b',
    'time' => '1496115813',
    'type' => 'trace',
    'location_x' => '22.572037',
    'location_y' => '114.122498',
  ),
  'module' => 'default',
  'rule' => '-1',
)

2017-05-30 11:43:33 response :
------------
Array:
errno : -1 ;
message : Invaild value ;

2017-05-30 11:44:33 trace :
------------
String:
<xml><ToUserName><![CDATA[gh_599a701eee6b]]></ToUserName>
<FromUserName><![CDATA[oeSIo0Y9i8_xwxeA5mkljJMo3xyo]]></FromUserName>
<CreateTime>1496115872</CreateTime>
<MsgType><![CDATA[event]]></MsgType>
<Event><![CDATA[LOCATION]]></Event>
<Latitude>22.572174</Latitude>
<Longitude>114.122505</Longitude>
<Precision>420.000000</Precision>
</xml>

2017-05-30 11:44:33 params :
------------
String:
array (
  'message' => 
  array (
    'tousername' => 'gh_599a701eee6b',
    'fromusername' => 'oeSIo0Y9i8_xwxeA5mkljJMo3xyo',
    'createtime' => '1496115872',
    'msgtype' => 'event',
    'event' => 'LOCATION',
    'latitude' => '22.572174',
    'longitude' => '114.122505',
    'precision' => '420.000000',
    'from' => 'oeSIo0Y9i8_xwxeA5mkljJMo3xyo',
    'to' => 'gh_599a701eee6b',
    'time' => '1496115872',
    'type' => 'trace',
    'location_x' => '22.572174',
    'location_y' => '114.122505',
  ),
  'module' => 'default',
  'rule' => '-1',
)

2017-05-30 11:44:33 response :
------------
Array:
errno : -1 ;
message : Invaild value ;

2017-05-30 11:44:45 trace :
------------
String:
<xml><ToUserName><![CDATA[gh_599a701eee6b]]></ToUserName>
<FromUserName><![CDATA[oeSIo0Y9i8_xwxeA5mkljJMo3xyo]]></FromUserName>
<CreateTime>1496115885</CreateTime>
<MsgType><![CDATA[event]]></MsgType>
<Event><![CDATA[LOCATION]]></Event>
<Latitude>22.572174</Latitude>
<Longitude>114.122505</Longitude>
<Precision>420.000000</Precision>
</xml>

2017-05-30 11:44:45 params :
------------
String:
array (
  'message' => 
  array (
    'tousername' => 'gh_599a701eee6b',
    'fromusername' => 'oeSIo0Y9i8_xwxeA5mkljJMo3xyo',
    'createtime' => '1496115885',
    'msgtype' => 'event',
    'event' => 'LOCATION',
    'latitude' => '22.572174',
    'longitude' => '114.122505',
    'precision' => '420.000000',
    'from' => 'oeSIo0Y9i8_xwxeA5mkljJMo3xyo',
    'to' => 'gh_599a701eee6b',
    'time' => '1496115885',
    'type' => 'trace',
    'location_x' => '22.572174',
    'location_y' => '114.122505',
  ),
  'module' => 'default',
  'rule' => '-1',
)

2017-05-30 11:44:45 response :
------------
Array:
errno : -1 ;
message : Invaild value ;

2017-05-30 11:45:43 trace :
------------
String:
<xml><ToUserName><![CDATA[gh_599a701eee6b]]></ToUserName>
<FromUserName><![CDATA[oeSIo0Y9i8_xwxeA5mkljJMo3xyo]]></FromUserName>
<CreateTime>1496115942</CreateTime>
<MsgType><![CDATA[event]]></MsgType>
<Event><![CDATA[LOCATION]]></Event>
<Latitude>22.572140</Latitude>
<Longitude>114.122566</Longitude>
<Precision>190.000000</Precision>
</xml>

2017-05-30 11:45:43 params :
------------
String:
array (
  'message' => 
  array (
    'tousername' => 'gh_599a701eee6b',
    'fromusername' => 'oeSIo0Y9i8_xwxeA5mkljJMo3xyo',
    'createtime' => '1496115942',
    'msgtype' => 'event',
    'event' => 'LOCATION',
    'latitude' => '22.572140',
    'longitude' => '114.122566',
    'precision' => '190.000000',
    'from' => 'oeSIo0Y9i8_xwxeA5mkljJMo3xyo',
    'to' => 'gh_599a701eee6b',
    'time' => '1496115942',
    'type' => 'trace',
    'location_x' => '22.572140',
    'location_y' => '114.122566',
  ),
  'module' => 'default',
  'rule' => '-1',
)

2017-05-30 11:45:43 response :
------------
Array:
errno : -1 ;
message : Invaild value ;

2017-05-30 11:46:34 trace :
------------
String:
<xml><ToUserName><![CDATA[gh_599a701eee6b]]></ToUserName>
<FromUserName><![CDATA[oeSIo0Y9i8_xwxeA5mkljJMo3xyo]]></FromUserName>
<CreateTime>1496115994</CreateTime>
<MsgType><![CDATA[event]]></MsgType>
<Event><![CDATA[LOCATION]]></Event>
<Latitude>22.572140</Latitude>
<Longitude>114.122566</Longitude>
<Precision>190.000000</Precision>
</xml>

2017-05-30 11:46:34 params :
------------
String:
array (
  'message' => 
  array (
    'tousername' => 'gh_599a701eee6b',
    'fromusername' => 'oeSIo0Y9i8_xwxeA5mkljJMo3xyo',
    'createtime' => '1496115994',
    'msgtype' => 'event',
    'event' => 'LOCATION',
    'latitude' => '22.572140',
    'longitude' => '114.122566',
    'precision' => '190.000000',
    'from' => 'oeSIo0Y9i8_xwxeA5mkljJMo3xyo',
    'to' => 'gh_599a701eee6b',
    'time' => '1496115994',
    'type' => 'trace',
    'location_x' => '22.572140',
    'location_y' => '114.122566',
  ),
  'module' => 'default',
  'rule' => '-1',
)

2017-05-30 11:46:34 response :
------------
Array:
errno : -1 ;
message : Invaild value ;

2017-05-30 11:47:37 trace :
------------
String:
<xml><ToUserName><![CDATA[gh_599a701eee6b]]></ToUserName>
<FromUserName><![CDATA[oeSIo0Y9i8_xwxeA5mkljJMo3xyo]]></FromUserName>
<CreateTime>1496116057</CreateTime>
<MsgType><![CDATA[event]]></MsgType>
<Event><![CDATA[LOCATION]]></Event>
<Latitude>22.572174</Latitude>
<Longitude>114.122505</Longitude>
<Precision>420.000000</Precision>
</xml>

2017-05-30 11:47:37 params :
------------
String:
array (
  'message' => 
  array (
    'tousername' => 'gh_599a701eee6b',
    'fromusername' => 'oeSIo0Y9i8_xwxeA5mkljJMo3xyo',
    'createtime' => '1496116057',
    'msgtype' => 'event',
    'event' => 'LOCATION',
    'latitude' => '22.572174',
    'longitude' => '114.122505',
    'precision' => '420.000000',
    'from' => 'oeSIo0Y9i8_xwxeA5mkljJMo3xyo',
    'to' => 'gh_599a701eee6b',
    'time' => '1496116057',
    'type' => 'trace',
    'location_x' => '22.572174',
    'location_y' => '114.122505',
  ),
  'module' => 'default',
  'rule' => '-1',
)

2017-05-30 11:47:37 response :
------------
Array:
errno : -1 ;
message : Invaild value ;

2017-05-30 11:48:55 trace :
------------
String:
<xml><ToUserName><![CDATA[gh_599a701eee6b]]></ToUserName>
<FromUserName><![CDATA[oeSIo0Y9i8_xwxeA5mkljJMo3xyo]]></FromUserName>
<CreateTime>1496116135</CreateTime>
<MsgType><![CDATA[event]]></MsgType>
<Event><![CDATA[LOCATION]]></Event>
<Latitude>22.572140</Latitude>
<Longitude>114.122566</Longitude>
<Precision>190.000000</Precision>
</xml>

2017-05-30 11:48:55 params :
------------
String:
array (
  'message' => 
  array (
    'tousername' => 'gh_599a701eee6b',
    'fromusername' => 'oeSIo0Y9i8_xwxeA5mkljJMo3xyo',
    'createtime' => '1496116135',
    'msgtype' => 'event',
    'event' => 'LOCATION',
    'latitude' => '22.572140',
    'longitude' => '114.122566',
    'precision' => '190.000000',
    'from' => 'oeSIo0Y9i8_xwxeA5mkljJMo3xyo',
    'to' => 'gh_599a701eee6b',
    'time' => '1496116135',
    'type' => 'trace',
    'location_x' => '22.572140',
    'location_y' => '114.122566',
  ),
  'module' => 'default',
  'rule' => '-1',
)

2017-05-30 11:48:55 response :
------------
Array:
errno : -1 ;
message : Invaild value ;

2017-05-30 11:50:10 trace :
------------
String:
<xml><ToUserName><![CDATA[gh_599a701eee6b]]></ToUserName>
<FromUserName><![CDATA[oeSIo0Y9i8_xwxeA5mkljJMo3xyo]]></FromUserName>
<CreateTime>1496116210</CreateTime>
<MsgType><![CDATA[event]]></MsgType>
<Event><![CDATA[LOCATION]]></Event>
<Latitude>22.572174</Latitude>
<Longitude>114.122505</Longitude>
<Precision>420.000000</Precision>
</xml>

2017-05-30 11:50:10 params :
------------
String:
array (
  'message' => 
  array (
    'tousername' => 'gh_599a701eee6b',
    'fromusername' => 'oeSIo0Y9i8_xwxeA5mkljJMo3xyo',
    'createtime' => '1496116210',
    'msgtype' => 'event',
    'event' => 'LOCATION',
    'latitude' => '22.572174',
    'longitude' => '114.122505',
    'precision' => '420.000000',
    'from' => 'oeSIo0Y9i8_xwxeA5mkljJMo3xyo',
    'to' => 'gh_599a701eee6b',
    'time' => '1496116210',
    'type' => 'trace',
    'location_x' => '22.572174',
    'location_y' => '114.122505',
  ),
  'module' => 'default',
  'rule' => '-1',
)

2017-05-30 11:50:10 response :
------------
Array:
errno : -1 ;
message : Invaild value ;

2017-05-30 11:50:53 trace :
------------
String:
<xml><ToUserName><![CDATA[gh_599a701eee6b]]></ToUserName>
<FromUserName><![CDATA[oeSIo0Y9i8_xwxeA5mkljJMo3xyo]]></FromUserName>
<CreateTime>1496116253</CreateTime>
<MsgType><![CDATA[event]]></MsgType>
<Event><![CDATA[LOCATION]]></Event>
<Latitude>22.572174</Latitude>
<Longitude>114.122505</Longitude>
<Precision>420.000000</Precision>
</xml>

2017-05-30 11:50:53 params :
------------
String:
array (
  'message' => 
  array (
    'tousername' => 'gh_599a701eee6b',
    'fromusername' => 'oeSIo0Y9i8_xwxeA5mkljJMo3xyo',
    'createtime' => '1496116253',
    'msgtype' => 'event',
    'event' => 'LOCATION',
    'latitude' => '22.572174',
    'longitude' => '114.122505',
    'precision' => '420.000000',
    'from' => 'oeSIo0Y9i8_xwxeA5mkljJMo3xyo',
    'to' => 'gh_599a701eee6b',
    'time' => '1496116253',
    'type' => 'trace',
    'location_x' => '22.572174',
    'location_y' => '114.122505',
  ),
  'module' => 'default',
  'rule' => '-1',
)

2017-05-30 11:50:53 response :
------------
Array:
errno : -1 ;
message : Invaild value ;

2017-05-30 11:51:04 trace :
------------
String:
<xml><ToUserName><![CDATA[gh_599a701eee6b]]></ToUserName>
<FromUserName><![CDATA[oeSIo0Y9i8_xwxeA5mkljJMo3xyo]]></FromUserName>
<CreateTime>1496116264</CreateTime>
<MsgType><![CDATA[event]]></MsgType>
<Event><![CDATA[LOCATION]]></Event>
<Latitude>22.572174</Latitude>
<Longitude>114.122505</Longitude>
<Precision>420.000000</Precision>
</xml>

2017-05-30 11:51:04 params :
------------
String:
array (
  'message' => 
  array (
    'tousername' => 'gh_599a701eee6b',
    'fromusername' => 'oeSIo0Y9i8_xwxeA5mkljJMo3xyo',
    'createtime' => '1496116264',
    'msgtype' => 'event',
    'event' => 'LOCATION',
    'latitude' => '22.572174',
    'longitude' => '114.122505',
    'precision' => '420.000000',
    'from' => 'oeSIo0Y9i8_xwxeA5mkljJMo3xyo',
    'to' => 'gh_599a701eee6b',
    'time' => '1496116264',
    'type' => 'trace',
    'location_x' => '22.572174',
    'location_y' => '114.122505',
  ),
  'module' => 'default',
  'rule' => '-1',
)

2017-05-30 11:51:04 response :
------------
Array:
errno : -1 ;
message : Invaild value ;

2017-05-30 12:30:30 trace :
------------
String:
<xml><ToUserName><![CDATA[gh_599a701eee6b]]></ToUserName>
<FromUserName><![CDATA[oeSIo0bedKZWP9lKZWlohDqlSR4U]]></FromUserName>
<CreateTime>1496118630</CreateTime>
<MsgType><![CDATA[event]]></MsgType>
<Event><![CDATA[LOCATION]]></Event>
<Latitude>22.572037</Latitude>
<Longitude>114.122498</Longitude>
<Precision>420.000000</Precision>
</xml>

2017-05-30 12:30:30 params :
------------
String:
array (
  'message' => 
  array (
    'tousername' => 'gh_599a701eee6b',
    'fromusername' => 'oeSIo0bedKZWP9lKZWlohDqlSR4U',
    'createtime' => '1496118630',
    'msgtype' => 'event',
    'event' => 'LOCATION',
    'latitude' => '22.572037',
    'longitude' => '114.122498',
    'precision' => '420.000000',
    'from' => 'oeSIo0bedKZWP9lKZWlohDqlSR4U',
    'to' => 'gh_599a701eee6b',
    'time' => '1496118630',
    'type' => 'trace',
    'location_x' => '22.572037',
    'location_y' => '114.122498',
  ),
  'module' => 'default',
  'rule' => '-1',
)

2017-05-30 12:30:30 response :
------------
Array:
errno : -1 ;
message : Invaild value ;

2017-05-30 12:50:51 trace :
------------
String:
<xml><ToUserName><![CDATA[gh_599a701eee6b]]></ToUserName>
<FromUserName><![CDATA[oeSIo0RlvdPGmoZO75-7QWREZ91c]]></FromUserName>
<CreateTime>1496119851</CreateTime>
<MsgType><![CDATA[event]]></MsgType>
<Event><![CDATA[subscribe]]></Event>
<EventKey><![CDATA[]]></EventKey>
</xml>

2017-05-30 12:50:51 params :
------------
String:
array (
  'message' => 
  array (
    'tousername' => 'gh_599a701eee6b',
    'fromusername' => 'oeSIo0RlvdPGmoZO75-7QWREZ91c',
    'createtime' => '1496119851',
    'msgtype' => 'event',
    'event' => 'subscribe',
    'eventkey' => '',
    'from' => 'oeSIo0RlvdPGmoZO75-7QWREZ91c',
    'to' => 'gh_599a701eee6b',
    'time' => '1496119851',
    'type' => 'text',
    'redirection' => true,
    'source' => 'subscribe',
    'content' => '投票活动',
  ),
  'module' => 'news',
  'rule' => '26',
  'priority' => '0',
  'keyword' => 
  array (
    'id' => '487',
    'rid' => '26',
    'uniacid' => '3',
    'module' => 'news',
    'content' => '投票活动',
    'type' => '1',
    'displayorder' => '0',
    'status' => '1',
  ),
)

2017-05-30 12:50:51 response :
------------
Array:
FromUserName : gh_599a701eee6b ;
ToUserName : oeSIo0RlvdPGmoZO75-7QWREZ91c ;
MsgType : news ;
ArticleCount : 1 ;
Articles : Array ;

2017-05-30 12:54:34 trace :
------------
String:
<xml><ToUserName><![CDATA[gh_599a701eee6b]]></ToUserName>
<FromUserName><![CDATA[oeSIo0aVRVWuA-dZZWpYnmuNgcRU]]></FromUserName>
<CreateTime>1496120074</CreateTime>
<MsgType><![CDATA[event]]></MsgType>
<Event><![CDATA[unsubscribe]]></Event>
<EventKey><![CDATA[]]></EventKey>
</xml>

2017-05-30 12:57:17 trace :
------------
String:
<xml><ToUserName><![CDATA[gh_599a701eee6b]]></ToUserName>
<FromUserName><![CDATA[oeSIo0a5sOlMpl17_myOiFKeHc94]]></FromUserName>
<CreateTime>1496120236</CreateTime>
<MsgType><![CDATA[event]]></MsgType>
<Event><![CDATA[LOCATION]]></Event>
<Latitude>22.572231</Latitude>
<Longitude>114.122192</Longitude>
<Precision>65.000000</Precision>
</xml>

2017-05-30 12:57:17 params :
------------
String:
array (
  'message' => 
  array (
    'tousername' => 'gh_599a701eee6b',
    'fromusername' => 'oeSIo0a5sOlMpl17_myOiFKeHc94',
    'createtime' => '1496120236',
    'msgtype' => 'event',
    'event' => 'LOCATION',
    'latitude' => '22.572231',
    'longitude' => '114.122192',
    'precision' => '65.000000',
    'from' => 'oeSIo0a5sOlMpl17_myOiFKeHc94',
    'to' => 'gh_599a701eee6b',
    'time' => '1496120236',
    'type' => 'trace',
    'location_x' => '22.572231',
    'location_y' => '114.122192',
  ),
  'module' => 'default',
  'rule' => '-1',
)

2017-05-30 12:57:17 response :
------------
Array:
errno : -1 ;
message : Invaild value ;

2017-05-30 12:57:38 trace :
------------
String:
<xml><ToUserName><![CDATA[gh_599a701eee6b]]></ToUserName>
<FromUserName><![CDATA[oeSIo0RlvdPGmoZO75-7QWREZ91c]]></FromUserName>
<CreateTime>1496120258</CreateTime>
<MsgType><![CDATA[event]]></MsgType>
<Event><![CDATA[LOCATION]]></Event>
<Latitude>22.572216</Latitude>
<Longitude>114.122261</Longitude>
<Precision>65.000000</Precision>
</xml>

2017-05-30 12:57:38 params :
------------
String:
array (
  'message' => 
  array (
    'tousername' => 'gh_599a701eee6b',
    'fromusername' => 'oeSIo0RlvdPGmoZO75-7QWREZ91c',
    'createtime' => '1496120258',
    'msgtype' => 'event',
    'event' => 'LOCATION',
    'latitude' => '22.572216',
    'longitude' => '114.122261',
    'precision' => '65.000000',
    'from' => 'oeSIo0RlvdPGmoZO75-7QWREZ91c',
    'to' => 'gh_599a701eee6b',
    'time' => '1496120258',
    'type' => 'trace',
    'location_x' => '22.572216',
    'location_y' => '114.122261',
  ),
  'module' => 'default',
  'rule' => '-1',
)

2017-05-30 12:57:38 response :
------------
Array:
errno : -1 ;
message : Invaild value ;

2017-05-30 12:57:39 trace :
------------
String:
<xml><ToUserName><![CDATA[gh_599a701eee6b]]></ToUserName>
<FromUserName><![CDATA[oeSIo0RlvdPGmoZO75-7QWREZ91c]]></FromUserName>
<CreateTime>1496120259</CreateTime>
<MsgType><![CDATA[event]]></MsgType>
<Event><![CDATA[VIEW]]></Event>
<EventKey><![CDATA[http://www.cdj1946.cn/app/index.php?i=5&c=entry&rid=24&do=index&m=tyzm_diamondvote]]></EventKey>
<MenuId>429584449</MenuId>
</xml>

2017-05-30 12:57:39 params :
------------
String:
array (
  'message' => 
  array (
    'tousername' => 'gh_599a701eee6b',
    'fromusername' => 'oeSIo0RlvdPGmoZO75-7QWREZ91c',
    'createtime' => '1496120259',
    'msgtype' => 'event',
    'event' => 'VIEW',
    'eventkey' => 'http://www.cdj1946.cn/app/index.php?i=5&c=entry&rid=24&do=index&m=tyzm_diamondvote',
    'menuid' => '429584449',
    'from' => 'oeSIo0RlvdPGmoZO75-7QWREZ91c',
    'to' => 'gh_599a701eee6b',
    'time' => '1496120259',
    'type' => 'text',
    'content' => '投票活动',
    'redirection' => true,
    'source' => 'default',
    'original' => 'http://www.cdj1946.cn/app/index.php?i=5&c=entry&rid=24&do=index&m=tyzm_diamondvote',
  ),
  'module' => 'news',
  'rule' => '26',
  'priority' => '0',
  'keyword' => 
  array (
    'id' => '487',
    'rid' => '26',
    'uniacid' => '3',
    'module' => 'news',
    'content' => '投票活动',
    'type' => '1',
    'displayorder' => '0',
    'status' => '1',
  ),
)

2017-05-30 12:57:39 response :
------------
Array:
FromUserName : gh_599a701eee6b ;
ToUserName : oeSIo0RlvdPGmoZO75-7QWREZ91c ;
MsgType : news ;
ArticleCount : 1 ;
Articles : Array ;

2017-05-30 12:57:55 trace :
------------
String:
<xml><ToUserName><![CDATA[gh_599a701eee6b]]></ToUserName>
<FromUserName><![CDATA[oeSIo0a5sOlMpl17_myOiFKeHc94]]></FromUserName>
<CreateTime>1496120275</CreateTime>
<MsgType><![CDATA[event]]></MsgType>
<Event><![CDATA[LOCATION]]></Event>
<Latitude>22.572252</Latitude>
<Longitude>114.122253</Longitude>
<Precision>65.000000</Precision>
</xml>

2017-05-30 12:57:55 params :
------------
String:
array (
  'message' => 
  array (
    'tousername' => 'gh_599a701eee6b',
    'fromusername' => 'oeSIo0a5sOlMpl17_myOiFKeHc94',
    'createtime' => '1496120275',
    'msgtype' => 'event',
    'event' => 'LOCATION',
    'latitude' => '22.572252',
    'longitude' => '114.122253',
    'precision' => '65.000000',
    'from' => 'oeSIo0a5sOlMpl17_myOiFKeHc94',
    'to' => 'gh_599a701eee6b',
    'time' => '1496120275',
    'type' => 'trace',
    'location_x' => '22.572252',
    'location_y' => '114.122253',
  ),
  'module' => 'default',
  'rule' => '-1',
)

2017-05-30 12:57:55 response :
------------
Array:
errno : -1 ;
message : Invaild value ;

2017-05-30 12:58:08 trace :
------------
String:
<xml><ToUserName><![CDATA[gh_599a701eee6b]]></ToUserName>
<FromUserName><![CDATA[oeSIo0RlvdPGmoZO75-7QWREZ91c]]></FromUserName>
<CreateTime>1496120288</CreateTime>
<MsgType><![CDATA[event]]></MsgType>
<Event><![CDATA[VIEW]]></Event>
<EventKey><![CDATA[http://w.url.cn/s/Aupht7u]]></EventKey>
<MenuId>429584449</MenuId>
</xml>

2017-05-30 12:58:08 params :
------------
String:
array (
  'message' => 
  array (
    'tousername' => 'gh_599a701eee6b',
    'fromusername' => 'oeSIo0RlvdPGmoZO75-7QWREZ91c',
    'createtime' => '1496120288',
    'msgtype' => 'event',
    'event' => 'VIEW',
    'eventkey' => 'http://w.url.cn/s/Aupht7u',
    'menuid' => '429584449',
    'from' => 'oeSIo0RlvdPGmoZO75-7QWREZ91c',
    'to' => 'gh_599a701eee6b',
    'time' => '1496120288',
    'type' => 'text',
    'content' => '投票活动',
    'redirection' => true,
    'source' => 'default',
    'original' => 'http://w.url.cn/s/Aupht7u',
  ),
  'module' => 'news',
  'rule' => '26',
  'priority' => '0',
  'keyword' => 
  array (
    'id' => '487',
    'rid' => '26',
    'uniacid' => '3',
    'module' => 'news',
    'content' => '投票活动',
    'type' => '1',
    'displayorder' => '0',
    'status' => '1',
  ),
)

2017-05-30 12:58:08 response :
------------
Array:
FromUserName : gh_599a701eee6b ;
ToUserName : oeSIo0RlvdPGmoZO75-7QWREZ91c ;
MsgType : news ;
ArticleCount : 1 ;
Articles : Array ;

2017-05-30 12:58:13 trace :
------------
String:
<xml><ToUserName><![CDATA[gh_599a701eee6b]]></ToUserName>
<FromUserName><![CDATA[oeSIo0RlvdPGmoZO75-7QWREZ91c]]></FromUserName>
<CreateTime>1496120293</CreateTime>
<MsgType><![CDATA[event]]></MsgType>
<Event><![CDATA[VIEW]]></Event>
<EventKey><![CDATA[http://www.cdj1946.cn/app/index.php?i=5&c=entry&rid=24&do=index&m=tyzm_diamondvote]]></EventKey>
<MenuId>429584449</MenuId>
</xml>

2017-05-30 12:58:13 params :
------------
String:
array (
  'message' => 
  array (
    'tousername' => 'gh_599a701eee6b',
    'fromusername' => 'oeSIo0RlvdPGmoZO75-7QWREZ91c',
    'createtime' => '1496120293',
    'msgtype' => 'event',
    'event' => 'VIEW',
    'eventkey' => 'http://www.cdj1946.cn/app/index.php?i=5&c=entry&rid=24&do=index&m=tyzm_diamondvote',
    'menuid' => '429584449',
    'from' => 'oeSIo0RlvdPGmoZO75-7QWREZ91c',
    'to' => 'gh_599a701eee6b',
    'time' => '1496120293',
    'type' => 'text',
    'content' => '投票活动',
    'redirection' => true,
    'source' => 'default',
    'original' => 'http://www.cdj1946.cn/app/index.php?i=5&c=entry&rid=24&do=index&m=tyzm_diamondvote',
  ),
  'module' => 'news',
  'rule' => '26',
  'priority' => '0',
  'keyword' => 
  array (
    'id' => '487',
    'rid' => '26',
    'uniacid' => '3',
    'module' => 'news',
    'content' => '投票活动',
    'type' => '1',
    'displayorder' => '0',
    'status' => '1',
  ),
)

2017-05-30 12:58:13 response :
------------
Array:
FromUserName : gh_599a701eee6b ;
ToUserName : oeSIo0RlvdPGmoZO75-7QWREZ91c ;
MsgType : news ;
ArticleCount : 1 ;
Articles : Array ;

2017-05-30 14:17:06 trace :
------------
String:
<xml><ToUserName><![CDATA[gh_2cc1b47a6d8a]]></ToUserName>
<FromUserName><![CDATA[omxiWs7ZyqwdSZ70V5PemJVwD5aU]]></FromUserName>
<CreateTime>1496125025</CreateTime>
<MsgType><![CDATA[event]]></MsgType>
<Event><![CDATA[LOCATION]]></Event>
<Latitude>22.625917</Latitude>
<Longitude>114.022926</Longitude>
<Precision>65.000000</Precision>
</xml>

2017-05-30 14:17:06 params :
------------
String:
array (
  'message' => 
  array (
    'tousername' => 'gh_2cc1b47a6d8a',
    'fromusername' => 'omxiWs7ZyqwdSZ70V5PemJVwD5aU',
    'createtime' => '1496125025',
    'msgtype' => 'event',
    'event' => 'LOCATION',
    'latitude' => '22.625917',
    'longitude' => '114.022926',
    'precision' => '65.000000',
    'from' => 'omxiWs7ZyqwdSZ70V5PemJVwD5aU',
    'to' => 'gh_2cc1b47a6d8a',
    'time' => '1496125025',
    'type' => 'trace',
    'location_x' => '22.625917',
    'location_y' => '114.022926',
  ),
  'module' => 'default',
  'rule' => '-1',
)

2017-05-30 14:17:06 response :
------------
Array:
errno : -1 ;
message : Invaild value ;

2017-05-30 14:17:07 trace :
------------
String:
<xml><ToUserName><![CDATA[gh_2cc1b47a6d8a]]></ToUserName>
<FromUserName><![CDATA[omxiWs7ZyqwdSZ70V5PemJVwD5aU]]></FromUserName>
<CreateTime>1496125027</CreateTime>
<MsgType><![CDATA[event]]></MsgType>
<Event><![CDATA[VIEW]]></Event>
<EventKey><![CDATA[http://mp.weixin.qq.com/s/6zX50aaM25344qd-U3FtzQ]]></EventKey>
<MenuId>409603874</MenuId>
</xml>

2017-05-30 14:17:07 params :
------------
String:
array (
  'message' => 
  array (
    'tousername' => 'gh_2cc1b47a6d8a',
    'fromusername' => 'omxiWs7ZyqwdSZ70V5PemJVwD5aU',
    'createtime' => '1496125027',
    'msgtype' => 'event',
    'event' => 'VIEW',
    'eventkey' => 'http://mp.weixin.qq.com/s/6zX50aaM25344qd-U3FtzQ',
    'menuid' => '409603874',
    'from' => 'omxiWs7ZyqwdSZ70V5PemJVwD5aU',
    'to' => 'gh_2cc1b47a6d8a',
    'time' => '1496125027',
    'type' => 'text',
    'content' => '投票活动',
    'redirection' => true,
    'source' => 'default',
    'original' => 'http://mp.weixin.qq.com/s/6zX50aaM25344qd-U3FtzQ',
  ),
  'module' => 'news',
  'rule' => '23',
  'priority' => '0',
  'keyword' => 
  array (
    'id' => '485',
    'rid' => '23',
    'uniacid' => '5',
    'module' => 'news',
    'content' => '投票活动',
    'type' => '1',
    'displayorder' => '0',
    'status' => '1',
  ),
)

2017-05-30 14:17:07 response :
------------
Array:
FromUserName : gh_2cc1b47a6d8a ;
ToUserName : omxiWs7ZyqwdSZ70V5PemJVwD5aU ;
MsgType : news ;
ArticleCount : 1 ;
Articles : Array ;

2017-05-30 14:17:10 trace :
------------
String:
<xml><ToUserName><![CDATA[gh_2cc1b47a6d8a]]></ToUserName>
<FromUserName><![CDATA[omxiWs7ZyqwdSZ70V5PemJVwD5aU]]></FromUserName>
<CreateTime>1496125030</CreateTime>
<MsgType><![CDATA[event]]></MsgType>
<Event><![CDATA[VIEW]]></Event>
<EventKey><![CDATA[http://www.cdj1946.cn/app/index.php?i=5&c=entry&rid=24&do=index&m=tyzm_diamondvote]]></EventKey>
<MenuId>409603874</MenuId>
</xml>

2017-05-30 14:17:10 params :
------------
String:
array (
  'message' => 
  array (
    'tousername' => 'gh_2cc1b47a6d8a',
    'fromusername' => 'omxiWs7ZyqwdSZ70V5PemJVwD5aU',
    'createtime' => '1496125030',
    'msgtype' => 'event',
    'event' => 'VIEW',
    'eventkey' => 'http://www.cdj1946.cn/app/index.php?i=5&c=entry&rid=24&do=index&m=tyzm_diamondvote',
    'menuid' => '409603874',
    'from' => 'omxiWs7ZyqwdSZ70V5PemJVwD5aU',
    'to' => 'gh_2cc1b47a6d8a',
    'time' => '1496125030',
    'type' => 'text',
    'content' => '投票活动',
    'redirection' => true,
    'source' => 'default',
    'original' => 'http://www.cdj1946.cn/app/index.php?i=5&c=entry&rid=24&do=index&m=tyzm_diamondvote',
  ),
  'module' => 'news',
  'rule' => '23',
  'priority' => '0',
  'keyword' => 
  array (
    'id' => '485',
    'rid' => '23',
    'uniacid' => '5',
    'module' => 'news',
    'content' => '投票活动',
    'type' => '1',
    'displayorder' => '0',
    'status' => '1',
  ),
)

2017-05-30 14:17:10 response :
------------
Array:
FromUserName : gh_2cc1b47a6d8a ;
ToUserName : omxiWs7ZyqwdSZ70V5PemJVwD5aU ;
MsgType : news ;
ArticleCount : 1 ;
Articles : Array ;

2017-05-30 14:17:13 trace :
------------
String:
<xml><ToUserName><![CDATA[gh_2cc1b47a6d8a]]></ToUserName>
<FromUserName><![CDATA[omxiWs7ZyqwdSZ70V5PemJVwD5aU]]></FromUserName>
<CreateTime>1496125033</CreateTime>
<MsgType><![CDATA[event]]></MsgType>
<Event><![CDATA[VIEW]]></Event>
<EventKey><![CDATA[http://r.xiumi.us/stage/v5/2EA7C/43908634#/]]></EventKey>
<MenuId>409603874</MenuId>
</xml>

2017-05-30 14:17:13 params :
------------
String:
array (
  'message' => 
  array (
    'tousername' => 'gh_2cc1b47a6d8a',
    'fromusername' => 'omxiWs7ZyqwdSZ70V5PemJVwD5aU',
    'createtime' => '1496125033',
    'msgtype' => 'event',
    'event' => 'VIEW',
    'eventkey' => 'http://r.xiumi.us/stage/v5/2EA7C/43908634#/',
    'menuid' => '409603874',
    'from' => 'omxiWs7ZyqwdSZ70V5PemJVwD5aU',
    'to' => 'gh_2cc1b47a6d8a',
    'time' => '1496125033',
    'type' => 'text',
    'content' => '投票活动',
    'redirection' => true,
    'source' => 'default',
    'original' => 'http://r.xiumi.us/stage/v5/2EA7C/43908634#/',
  ),
  'module' => 'news',
  'rule' => '23',
  'priority' => '0',
  'keyword' => 
  array (
    'id' => '485',
    'rid' => '23',
    'uniacid' => '5',
    'module' => 'news',
    'content' => '投票活动',
    'type' => '1',
    'displayorder' => '0',
    'status' => '1',
  ),
)

2017-05-30 14:17:13 response :
------------
Array:
FromUserName : gh_2cc1b47a6d8a ;
ToUserName : omxiWs7ZyqwdSZ70V5PemJVwD5aU ;
MsgType : news ;
ArticleCount : 1 ;
Articles : Array ;

2017-05-30 15:05:29 trace :
------------
String:
<xml><ToUserName><![CDATA[gh_599a701eee6b]]></ToUserName>
<FromUserName><![CDATA[oeSIo0RlvdPGmoZO75-7QWREZ91c]]></FromUserName>
<CreateTime>1496127928</CreateTime>
<MsgType><![CDATA[event]]></MsgType>
<Event><![CDATA[LOCATION]]></Event>
<Latitude>22.573801</Latitude>
<Longitude>114.121338</Longitude>
<Precision>65.000000</Precision>
</xml>

2017-05-30 15:05:29 params :
------------
String:
array (
  'message' => 
  array (
    'tousername' => 'gh_599a701eee6b',
    'fromusername' => 'oeSIo0RlvdPGmoZO75-7QWREZ91c',
    'createtime' => '1496127928',
    'msgtype' => 'event',
    'event' => 'LOCATION',
    'latitude' => '22.573801',
    'longitude' => '114.121338',
    'precision' => '65.000000',
    'from' => 'oeSIo0RlvdPGmoZO75-7QWREZ91c',
    'to' => 'gh_599a701eee6b',
    'time' => '1496127928',
    'type' => 'trace',
    'location_x' => '22.573801',
    'location_y' => '114.121338',
  ),
  'module' => 'default',
  'rule' => '-1',
)

2017-05-30 15:05:29 response :
------------
Array:
errno : -1 ;
message : Invaild value ;

2017-05-30 15:09:31 trace :
------------
String:
<xml><ToUserName><![CDATA[gh_2cc1b47a6d8a]]></ToUserName>
<FromUserName><![CDATA[omxiWs7ZyqwdSZ70V5PemJVwD5aU]]></FromUserName>
<CreateTime>1496128171</CreateTime>
<MsgType><![CDATA[event]]></MsgType>
<Event><![CDATA[LOCATION]]></Event>
<Latitude>22.625940</Latitude>
<Longitude>114.022972</Longitude>
<Precision>65.000000</Precision>
</xml>

2017-05-30 15:09:31 params :
------------
String:
array (
  'message' => 
  array (
    'tousername' => 'gh_2cc1b47a6d8a',
    'fromusername' => 'omxiWs7ZyqwdSZ70V5PemJVwD5aU',
    'createtime' => '1496128171',
    'msgtype' => 'event',
    'event' => 'LOCATION',
    'latitude' => '22.625940',
    'longitude' => '114.022972',
    'precision' => '65.000000',
    'from' => 'omxiWs7ZyqwdSZ70V5PemJVwD5aU',
    'to' => 'gh_2cc1b47a6d8a',
    'time' => '1496128171',
    'type' => 'trace',
    'location_x' => '22.625940',
    'location_y' => '114.022972',
  ),
  'module' => 'default',
  'rule' => '-1',
)

2017-05-30 15:09:31 response :
------------
Array:
errno : -1 ;
message : Invaild value ;

2017-05-30 15:26:05 trace :
------------
String:
<xml><ToUserName><![CDATA[gh_2cc1b47a6d8a]]></ToUserName>
<FromUserName><![CDATA[omxiWs7ZyqwdSZ70V5PemJVwD5aU]]></FromUserName>
<CreateTime>1496129165</CreateTime>
<MsgType><![CDATA[event]]></MsgType>
<Event><![CDATA[LOCATION]]></Event>
<Latitude>22.625950</Latitude>
<Longitude>114.022949</Longitude>
<Precision>65.000000</Precision>
</xml>

2017-05-30 15:26:05 params :
------------
String:
array (
  'message' => 
  array (
    'tousername' => 'gh_2cc1b47a6d8a',
    'fromusername' => 'omxiWs7ZyqwdSZ70V5PemJVwD5aU',
    'createtime' => '1496129165',
    'msgtype' => 'event',
    'event' => 'LOCATION',
    'latitude' => '22.625950',
    'longitude' => '114.022949',
    'precision' => '65.000000',
    'from' => 'omxiWs7ZyqwdSZ70V5PemJVwD5aU',
    'to' => 'gh_2cc1b47a6d8a',
    'time' => '1496129165',
    'type' => 'trace',
    'location_x' => '22.625950',
    'location_y' => '114.022949',
  ),
  'module' => 'default',
  'rule' => '-1',
)

2017-05-30 15:26:05 response :
------------
Array:
errno : -1 ;
message : Invaild value ;

2017-05-30 16:26:31 trace :
------------
String:
<xml><ToUserName><![CDATA[gh_599a701eee6b]]></ToUserName>
<FromUserName><![CDATA[oeSIo0XPqdkxdSfebpcyo3p_wtQI]]></FromUserName>
<CreateTime>1496132791</CreateTime>
<MsgType><![CDATA[event]]></MsgType>
<Event><![CDATA[VIEW]]></Event>
<EventKey><![CDATA[http://www.cdj1946.cn/app/index.php?i=5&c=entry&rid=24&do=index&m=tyzm_diamondvote]]></EventKey>
<MenuId>429584449</MenuId>
</xml>

2017-05-30 16:26:31 params :
------------
String:
array (
  'message' => 
  array (
    'tousername' => 'gh_599a701eee6b',
    'fromusername' => 'oeSIo0XPqdkxdSfebpcyo3p_wtQI',
    'createtime' => '1496132791',
    'msgtype' => 'event',
    'event' => 'VIEW',
    'eventkey' => 'http://www.cdj1946.cn/app/index.php?i=5&c=entry&rid=24&do=index&m=tyzm_diamondvote',
    'menuid' => '429584449',
    'from' => 'oeSIo0XPqdkxdSfebpcyo3p_wtQI',
    'to' => 'gh_599a701eee6b',
    'time' => '1496132791',
    'type' => 'text',
    'content' => '投票活动',
    'redirection' => true,
    'source' => 'default',
    'original' => 'http://www.cdj1946.cn/app/index.php?i=5&c=entry&rid=24&do=index&m=tyzm_diamondvote',
  ),
  'module' => 'news',
  'rule' => '26',
  'priority' => '0',
  'keyword' => 
  array (
    'id' => '487',
    'rid' => '26',
    'uniacid' => '3',
    'module' => 'news',
    'content' => '投票活动',
    'type' => '1',
    'displayorder' => '0',
    'status' => '1',
  ),
)

2017-05-30 16:26:31 response :
------------
Array:
FromUserName : gh_599a701eee6b ;
ToUserName : oeSIo0XPqdkxdSfebpcyo3p_wtQI ;
MsgType : news ;
ArticleCount : 1 ;
Articles : Array ;

2017-05-30 16:26:50 trace :
------------
String:
<xml><ToUserName><![CDATA[gh_599a701eee6b]]></ToUserName>
<FromUserName><![CDATA[oeSIo0XPqdkxdSfebpcyo3p_wtQI]]></FromUserName>
<CreateTime>1496132810</CreateTime>
<MsgType><![CDATA[event]]></MsgType>
<Event><![CDATA[LOCATION]]></Event>
<Latitude>22.572174</Latitude>
<Longitude>114.122505</Longitude>
<Precision>420.000000</Precision>
</xml>

2017-05-30 16:26:50 params :
------------
String:
array (
  'message' => 
  array (
    'tousername' => 'gh_599a701eee6b',
    'fromusername' => 'oeSIo0XPqdkxdSfebpcyo3p_wtQI',
    'createtime' => '1496132810',
    'msgtype' => 'event',
    'event' => 'LOCATION',
    'latitude' => '22.572174',
    'longitude' => '114.122505',
    'precision' => '420.000000',
    'from' => 'oeSIo0XPqdkxdSfebpcyo3p_wtQI',
    'to' => 'gh_599a701eee6b',
    'time' => '1496132810',
    'type' => 'trace',
    'location_x' => '22.572174',
    'location_y' => '114.122505',
  ),
  'module' => 'default',
  'rule' => '-1',
)

2017-05-30 16:26:50 response :
------------
Array:
errno : -1 ;
message : Invaild value ;

2017-05-30 16:28:24 trace :
------------
String:
<xml><ToUserName><![CDATA[gh_599a701eee6b]]></ToUserName>
<FromUserName><![CDATA[oeSIo0XPqdkxdSfebpcyo3p_wtQI]]></FromUserName>
<CreateTime>1496132904</CreateTime>
<MsgType><![CDATA[event]]></MsgType>
<Event><![CDATA[LOCATION]]></Event>
<Latitude>22.572268</Latitude>
<Longitude>114.122231</Longitude>
<Precision>30.000000</Precision>
</xml>

2017-05-30 16:28:24 params :
------------
String:
array (
  'message' => 
  array (
    'tousername' => 'gh_599a701eee6b',
    'fromusername' => 'oeSIo0XPqdkxdSfebpcyo3p_wtQI',
    'createtime' => '1496132904',
    'msgtype' => 'event',
    'event' => 'LOCATION',
    'latitude' => '22.572268',
    'longitude' => '114.122231',
    'precision' => '30.000000',
    'from' => 'oeSIo0XPqdkxdSfebpcyo3p_wtQI',
    'to' => 'gh_599a701eee6b',
    'time' => '1496132904',
    'type' => 'trace',
    'location_x' => '22.572268',
    'location_y' => '114.122231',
  ),
  'module' => 'default',
  'rule' => '-1',
)

2017-05-30 16:28:24 response :
------------
Array:
errno : -1 ;
message : Invaild value ;

2017-05-30 16:28:42 trace :
------------
String:
<xml><ToUserName><![CDATA[gh_599a701eee6b]]></ToUserName>
<FromUserName><![CDATA[oeSIo0XPqdkxdSfebpcyo3p_wtQI]]></FromUserName>
<CreateTime>1496132922</CreateTime>
<MsgType><![CDATA[event]]></MsgType>
<Event><![CDATA[LOCATION]]></Event>
<Latitude>22.572268</Latitude>
<Longitude>114.122231</Longitude>
<Precision>30.000000</Precision>
</xml>

2017-05-30 16:28:42 params :
------------
String:
array (
  'message' => 
  array (
    'tousername' => 'gh_599a701eee6b',
    'fromusername' => 'oeSIo0XPqdkxdSfebpcyo3p_wtQI',
    'createtime' => '1496132922',
    'msgtype' => 'event',
    'event' => 'LOCATION',
    'latitude' => '22.572268',
    'longitude' => '114.122231',
    'precision' => '30.000000',
    'from' => 'oeSIo0XPqdkxdSfebpcyo3p_wtQI',
    'to' => 'gh_599a701eee6b',
    'time' => '1496132922',
    'type' => 'trace',
    'location_x' => '22.572268',
    'location_y' => '114.122231',
  ),
  'module' => 'default',
  'rule' => '-1',
)

2017-05-30 16:28:42 response :
------------
Array:
errno : -1 ;
message : Invaild value ;

2017-05-30 16:29:34 trace :
------------
String:
<xml><ToUserName><![CDATA[gh_599a701eee6b]]></ToUserName>
<FromUserName><![CDATA[oeSIo0XPqdkxdSfebpcyo3p_wtQI]]></FromUserName>
<CreateTime>1496132974</CreateTime>
<MsgType><![CDATA[event]]></MsgType>
<Event><![CDATA[LOCATION]]></Event>
<Latitude>22.572268</Latitude>
<Longitude>114.122215</Longitude>
<Precision>30.000000</Precision>
</xml>

2017-05-30 16:29:34 params :
------------
String:
array (
  'message' => 
  array (
    'tousername' => 'gh_599a701eee6b',
    'fromusername' => 'oeSIo0XPqdkxdSfebpcyo3p_wtQI',
    'createtime' => '1496132974',
    'msgtype' => 'event',
    'event' => 'LOCATION',
    'latitude' => '22.572268',
    'longitude' => '114.122215',
    'precision' => '30.000000',
    'from' => 'oeSIo0XPqdkxdSfebpcyo3p_wtQI',
    'to' => 'gh_599a701eee6b',
    'time' => '1496132974',
    'type' => 'trace',
    'location_x' => '22.572268',
    'location_y' => '114.122215',
  ),
  'module' => 'default',
  'rule' => '-1',
)

2017-05-30 16:29:34 response :
------------
Array:
errno : -1 ;
message : Invaild value ;

2017-05-30 16:31:11 trace :
------------
String:
<xml><ToUserName><![CDATA[gh_599a701eee6b]]></ToUserName>
<FromUserName><![CDATA[oeSIo0XPqdkxdSfebpcyo3p_wtQI]]></FromUserName>
<CreateTime>1496133070</CreateTime>
<MsgType><![CDATA[event]]></MsgType>
<Event><![CDATA[LOCATION]]></Event>
<Latitude>22.572268</Latitude>
<Longitude>114.122215</Longitude>
<Precision>30.000000</Precision>
</xml>

2017-05-30 16:31:11 params :
------------
String:
array (
  'message' => 
  array (
    'tousername' => 'gh_599a701eee6b',
    'fromusername' => 'oeSIo0XPqdkxdSfebpcyo3p_wtQI',
    'createtime' => '1496133070',
    'msgtype' => 'event',
    'event' => 'LOCATION',
    'latitude' => '22.572268',
    'longitude' => '114.122215',
    'precision' => '30.000000',
    'from' => 'oeSIo0XPqdkxdSfebpcyo3p_wtQI',
    'to' => 'gh_599a701eee6b',
    'time' => '1496133070',
    'type' => 'trace',
    'location_x' => '22.572268',
    'location_y' => '114.122215',
  ),
  'module' => 'default',
  'rule' => '-1',
)

2017-05-30 16:31:11 response :
------------
Array:
errno : -1 ;
message : Invaild value ;

2017-05-30 16:31:31 trace :
------------
String:
<xml><ToUserName><![CDATA[gh_599a701eee6b]]></ToUserName>
<FromUserName><![CDATA[oeSIo0XPqdkxdSfebpcyo3p_wtQI]]></FromUserName>
<CreateTime>1496133091</CreateTime>
<MsgType><![CDATA[event]]></MsgType>
<Event><![CDATA[LOCATION]]></Event>
<Latitude>22.572268</Latitude>
<Longitude>114.122215</Longitude>
<Precision>30.000000</Precision>
</xml>

2017-05-30 16:31:31 params :
------------
String:
array (
  'message' => 
  array (
    'tousername' => 'gh_599a701eee6b',
    'fromusername' => 'oeSIo0XPqdkxdSfebpcyo3p_wtQI',
    'createtime' => '1496133091',
    'msgtype' => 'event',
    'event' => 'LOCATION',
    'latitude' => '22.572268',
    'longitude' => '114.122215',
    'precision' => '30.000000',
    'from' => 'oeSIo0XPqdkxdSfebpcyo3p_wtQI',
    'to' => 'gh_599a701eee6b',
    'time' => '1496133091',
    'type' => 'trace',
    'location_x' => '22.572268',
    'location_y' => '114.122215',
  ),
  'module' => 'default',
  'rule' => '-1',
)

2017-05-30 16:31:31 response :
------------
Array:
errno : -1 ;
message : Invaild value ;

2017-05-30 16:32:10 trace :
------------
String:
<xml><ToUserName><![CDATA[gh_599a701eee6b]]></ToUserName>
<FromUserName><![CDATA[oeSIo0XPqdkxdSfebpcyo3p_wtQI]]></FromUserName>
<CreateTime>1496133130</CreateTime>
<MsgType><![CDATA[event]]></MsgType>
<Event><![CDATA[LOCATION]]></Event>
<Latitude>22.572268</Latitude>
<Longitude>114.122215</Longitude>
<Precision>30.000000</Precision>
</xml>

2017-05-30 16:32:10 params :
------------
String:
array (
  'message' => 
  array (
    'tousername' => 'gh_599a701eee6b',
    'fromusername' => 'oeSIo0XPqdkxdSfebpcyo3p_wtQI',
    'createtime' => '1496133130',
    'msgtype' => 'event',
    'event' => 'LOCATION',
    'latitude' => '22.572268',
    'longitude' => '114.122215',
    'precision' => '30.000000',
    'from' => 'oeSIo0XPqdkxdSfebpcyo3p_wtQI',
    'to' => 'gh_599a701eee6b',
    'time' => '1496133130',
    'type' => 'trace',
    'location_x' => '22.572268',
    'location_y' => '114.122215',
  ),
  'module' => 'default',
  'rule' => '-1',
)

2017-05-30 16:32:10 response :
------------
Array:
errno : -1 ;
message : Invaild value ;

2017-05-30 16:32:20 trace :
------------
String:
<xml><ToUserName><![CDATA[gh_599a701eee6b]]></ToUserName>
<FromUserName><![CDATA[oeSIo0XPqdkxdSfebpcyo3p_wtQI]]></FromUserName>
<CreateTime>1496133140</CreateTime>
<MsgType><![CDATA[event]]></MsgType>
<Event><![CDATA[LOCATION]]></Event>
<Latitude>22.572268</Latitude>
<Longitude>114.122215</Longitude>
<Precision>30.000000</Precision>
</xml>

2017-05-30 16:32:20 params :
------------
String:
array (
  'message' => 
  array (
    'tousername' => 'gh_599a701eee6b',
    'fromusername' => 'oeSIo0XPqdkxdSfebpcyo3p_wtQI',
    'createtime' => '1496133140',
    'msgtype' => 'event',
    'event' => 'LOCATION',
    'latitude' => '22.572268',
    'longitude' => '114.122215',
    'precision' => '30.000000',
    'from' => 'oeSIo0XPqdkxdSfebpcyo3p_wtQI',
    'to' => 'gh_599a701eee6b',
    'time' => '1496133140',
    'type' => 'trace',
    'location_x' => '22.572268',
    'location_y' => '114.122215',
  ),
  'module' => 'default',
  'rule' => '-1',
)

2017-05-30 16:32:20 response :
------------
Array:
errno : -1 ;
message : Invaild value ;

2017-05-30 16:33:02 trace :
------------
String:
<xml><ToUserName><![CDATA[gh_599a701eee6b]]></ToUserName>
<FromUserName><![CDATA[oeSIo0XPqdkxdSfebpcyo3p_wtQI]]></FromUserName>
<CreateTime>1496133182</CreateTime>
<MsgType><![CDATA[event]]></MsgType>
<Event><![CDATA[LOCATION]]></Event>
<Latitude>22.572268</Latitude>
<Longitude>114.122253</Longitude>
<Precision>30.000000</Precision>
</xml>

2017-05-30 16:33:02 params :
------------
String:
array (
  'message' => 
  array (
    'tousername' => 'gh_599a701eee6b',
    'fromusername' => 'oeSIo0XPqdkxdSfebpcyo3p_wtQI',
    'createtime' => '1496133182',
    'msgtype' => 'event',
    'event' => 'LOCATION',
    'latitude' => '22.572268',
    'longitude' => '114.122253',
    'precision' => '30.000000',
    'from' => 'oeSIo0XPqdkxdSfebpcyo3p_wtQI',
    'to' => 'gh_599a701eee6b',
    'time' => '1496133182',
    'type' => 'trace',
    'location_x' => '22.572268',
    'location_y' => '114.122253',
  ),
  'module' => 'default',
  'rule' => '-1',
)

2017-05-30 16:33:02 response :
------------
Array:
errno : -1 ;
message : Invaild value ;

2017-05-30 16:33:39 trace :
------------
String:
<xml><ToUserName><![CDATA[gh_599a701eee6b]]></ToUserName>
<FromUserName><![CDATA[oeSIo0XPqdkxdSfebpcyo3p_wtQI]]></FromUserName>
<CreateTime>1496133219</CreateTime>
<MsgType><![CDATA[event]]></MsgType>
<Event><![CDATA[LOCATION]]></Event>
<Latitude>22.572268</Latitude>
<Longitude>114.122253</Longitude>
<Precision>30.000000</Precision>
</xml>

2017-05-30 16:33:39 params :
------------
String:
array (
  'message' => 
  array (
    'tousername' => 'gh_599a701eee6b',
    'fromusername' => 'oeSIo0XPqdkxdSfebpcyo3p_wtQI',
    'createtime' => '1496133219',
    'msgtype' => 'event',
    'event' => 'LOCATION',
    'latitude' => '22.572268',
    'longitude' => '114.122253',
    'precision' => '30.000000',
    'from' => 'oeSIo0XPqdkxdSfebpcyo3p_wtQI',
    'to' => 'gh_599a701eee6b',
    'time' => '1496133219',
    'type' => 'trace',
    'location_x' => '22.572268',
    'location_y' => '114.122253',
  ),
  'module' => 'default',
  'rule' => '-1',
)

2017-05-30 16:33:39 response :
------------
Array:
errno : -1 ;
message : Invaild value ;

2017-05-30 16:34:10 trace :
------------
String:
<xml><ToUserName><![CDATA[gh_599a701eee6b]]></ToUserName>
<FromUserName><![CDATA[oeSIo0XPqdkxdSfebpcyo3p_wtQI]]></FromUserName>
<CreateTime>1496133250</CreateTime>
<MsgType><![CDATA[event]]></MsgType>
<Event><![CDATA[LOCATION]]></Event>
<Latitude>22.572266</Latitude>
<Longitude>114.122208</Longitude>
<Precision>30.000000</Precision>
</xml>

2017-05-30 16:34:10 params :
------------
String:
array (
  'message' => 
  array (
    'tousername' => 'gh_599a701eee6b',
    'fromusername' => 'oeSIo0XPqdkxdSfebpcyo3p_wtQI',
    'createtime' => '1496133250',
    'msgtype' => 'event',
    'event' => 'LOCATION',
    'latitude' => '22.572266',
    'longitude' => '114.122208',
    'precision' => '30.000000',
    'from' => 'oeSIo0XPqdkxdSfebpcyo3p_wtQI',
    'to' => 'gh_599a701eee6b',
    'time' => '1496133250',
    'type' => 'trace',
    'location_x' => '22.572266',
    'location_y' => '114.122208',
  ),
  'module' => 'default',
  'rule' => '-1',
)

2017-05-30 16:34:10 response :
------------
Array:
errno : -1 ;
message : Invaild value ;

2017-05-30 16:47:46 trace :
------------
String:
<xml><ToUserName><![CDATA[gh_599a701eee6b]]></ToUserName>
<FromUserName><![CDATA[oeSIo0XPqdkxdSfebpcyo3p_wtQI]]></FromUserName>
<CreateTime>1496134065</CreateTime>
<MsgType><![CDATA[event]]></MsgType>
<Event><![CDATA[LOCATION]]></Event>
<Latitude>22.572430</Latitude>
<Longitude>114.122215</Longitude>
<Precision>30.000000</Precision>
</xml>

2017-05-30 16:47:46 params :
------------
String:
array (
  'message' => 
  array (
    'tousername' => 'gh_599a701eee6b',
    'fromusername' => 'oeSIo0XPqdkxdSfebpcyo3p_wtQI',
    'createtime' => '1496134065',
    'msgtype' => 'event',
    'event' => 'LOCATION',
    'latitude' => '22.572430',
    'longitude' => '114.122215',
    'precision' => '30.000000',
    'from' => 'oeSIo0XPqdkxdSfebpcyo3p_wtQI',
    'to' => 'gh_599a701eee6b',
    'time' => '1496134065',
    'type' => 'trace',
    'location_x' => '22.572430',
    'location_y' => '114.122215',
  ),
  'module' => 'default',
  'rule' => '-1',
)

2017-05-30 16:47:46 response :
------------
Array:
errno : -1 ;
message : Invaild value ;

2017-05-30 16:48:05 trace :
------------
String:
<xml><ToUserName><![CDATA[gh_599a701eee6b]]></ToUserName>
<FromUserName><![CDATA[oeSIo0XPqdkxdSfebpcyo3p_wtQI]]></FromUserName>
<CreateTime>1496134084</CreateTime>
<MsgType><![CDATA[event]]></MsgType>
<Event><![CDATA[LOCATION]]></Event>
<Latitude>22.572430</Latitude>
<Longitude>114.122215</Longitude>
<Precision>30.000000</Precision>
</xml>

2017-05-30 16:48:05 params :
------------
String:
array (
  'message' => 
  array (
    'tousername' => 'gh_599a701eee6b',
    'fromusername' => 'oeSIo0XPqdkxdSfebpcyo3p_wtQI',
    'createtime' => '1496134084',
    'msgtype' => 'event',
    'event' => 'LOCATION',
    'latitude' => '22.572430',
    'longitude' => '114.122215',
    'precision' => '30.000000',
    'from' => 'oeSIo0XPqdkxdSfebpcyo3p_wtQI',
    'to' => 'gh_599a701eee6b',
    'time' => '1496134084',
    'type' => 'trace',
    'location_x' => '22.572430',
    'location_y' => '114.122215',
  ),
  'module' => 'default',
  'rule' => '-1',
)

2017-05-30 16:48:05 response :
------------
Array:
errno : -1 ;
message : Invaild value ;

2017-05-30 18:04:12 trace :
------------
String:
<xml><ToUserName><![CDATA[gh_2cc1b47a6d8a]]></ToUserName>
<FromUserName><![CDATA[omxiWszeIxztDlR1KAjcQyGlWZ0U]]></FromUserName>
<CreateTime>1496138651</CreateTime>
<MsgType><![CDATA[event]]></MsgType>
<Event><![CDATA[VIEW]]></Event>
<EventKey><![CDATA[http://mp.weixin.qq.com/s/6zX50aaM25344qd-U3FtzQ]]></EventKey>
<MenuId>409603874</MenuId>
</xml>

2017-05-30 18:04:12 params :
------------
String:
array (
  'message' => 
  array (
    'tousername' => 'gh_2cc1b47a6d8a',
    'fromusername' => 'omxiWszeIxztDlR1KAjcQyGlWZ0U',
    'createtime' => '1496138651',
    'msgtype' => 'event',
    'event' => 'VIEW',
    'eventkey' => 'http://mp.weixin.qq.com/s/6zX50aaM25344qd-U3FtzQ',
    'menuid' => '409603874',
    'from' => 'omxiWszeIxztDlR1KAjcQyGlWZ0U',
    'to' => 'gh_2cc1b47a6d8a',
    'time' => '1496138651',
    'type' => 'text',
    'content' => '投票活动',
    'redirection' => true,
    'source' => 'default',
    'original' => 'http://mp.weixin.qq.com/s/6zX50aaM25344qd-U3FtzQ',
  ),
  'module' => 'news',
  'rule' => '23',
  'priority' => '0',
  'keyword' => 
  array (
    'id' => '485',
    'rid' => '23',
    'uniacid' => '5',
    'module' => 'news',
    'content' => '投票活动',
    'type' => '1',
    'displayorder' => '0',
    'status' => '1',
  ),
)

2017-05-30 18:04:12 response :
------------
Array:
FromUserName : gh_2cc1b47a6d8a ;
ToUserName : omxiWszeIxztDlR1KAjcQyGlWZ0U ;
MsgType : news ;
ArticleCount : 1 ;
Articles : Array ;

2017-05-30 21:07:58 trace :
------------
String:
<xml><ToUserName><![CDATA[gh_2cc1b47a6d8a]]></ToUserName>
<FromUserName><![CDATA[omxiWs-zv6hGNVQJ0CcH3Taj9S0A]]></FromUserName>
<CreateTime>1496149678</CreateTime>
<MsgType><![CDATA[event]]></MsgType>
<Event><![CDATA[LOCATION]]></Event>
<Latitude>23.371300</Latitude>
<Longitude>116.392952</Longitude>
<Precision>90.000000</Precision>
</xml>

2017-05-30 21:07:58 params :
------------
String:
array (
  'message' => 
  array (
    'tousername' => 'gh_2cc1b47a6d8a',
    'fromusername' => 'omxiWs-zv6hGNVQJ0CcH3Taj9S0A',
    'createtime' => '1496149678',
    'msgtype' => 'event',
    'event' => 'LOCATION',
    'latitude' => '23.371300',
    'longitude' => '116.392952',
    'precision' => '90.000000',
    'from' => 'omxiWs-zv6hGNVQJ0CcH3Taj9S0A',
    'to' => 'gh_2cc1b47a6d8a',
    'time' => '1496149678',
    'type' => 'trace',
    'location_x' => '23.371300',
    'location_y' => '116.392952',
  ),
  'module' => 'default',
  'rule' => '-1',
)

2017-05-30 21:07:58 response :
------------
Array:
errno : -1 ;
message : Invaild value ;

2017-05-30 21:08:31 trace :
------------
String:
<xml><ToUserName><![CDATA[gh_2cc1b47a6d8a]]></ToUserName>
<FromUserName><![CDATA[omxiWs-zv6hGNVQJ0CcH3Taj9S0A]]></FromUserName>
<CreateTime>1496149711</CreateTime>
<MsgType><![CDATA[event]]></MsgType>
<Event><![CDATA[LOCATION]]></Event>
<Latitude>23.371300</Latitude>
<Longitude>116.392952</Longitude>
<Precision>90.000000</Precision>
</xml>

2017-05-30 21:08:31 params :
------------
String:
array (
  'message' => 
  array (
    'tousername' => 'gh_2cc1b47a6d8a',
    'fromusername' => 'omxiWs-zv6hGNVQJ0CcH3Taj9S0A',
    'createtime' => '1496149711',
    'msgtype' => 'event',
    'event' => 'LOCATION',
    'latitude' => '23.371300',
    'longitude' => '116.392952',
    'precision' => '90.000000',
    'from' => 'omxiWs-zv6hGNVQJ0CcH3Taj9S0A',
    'to' => 'gh_2cc1b47a6d8a',
    'time' => '1496149711',
    'type' => 'trace',
    'location_x' => '23.371300',
    'location_y' => '116.392952',
  ),
  'module' => 'default',
  'rule' => '-1',
)

2017-05-30 21:08:31 response :
------------
Array:
errno : -1 ;
message : Invaild value ;

2017-05-30 21:08:55 trace :
------------
String:
<xml><ToUserName><![CDATA[gh_2cc1b47a6d8a]]></ToUserName>
<FromUserName><![CDATA[omxiWs-zv6hGNVQJ0CcH3Taj9S0A]]></FromUserName>
<CreateTime>1496149735</CreateTime>
<MsgType><![CDATA[event]]></MsgType>
<Event><![CDATA[unsubscribe]]></Event>
<EventKey><![CDATA[]]></EventKey>
</xml>

2017-05-30 23:31:12 trace :
------------
String:
<xml><ToUserName><![CDATA[gh_599a701eee6b]]></ToUserName>
<FromUserName><![CDATA[oeSIo0T33y8PcmlLpByzpoBlmk7s]]></FromUserName>
<CreateTime>1496158272</CreateTime>
<MsgType><![CDATA[event]]></MsgType>
<Event><![CDATA[VIEW]]></Event>
<EventKey><![CDATA[http://mp.weixin.qq.com/s/6zX50aaM25344qd-U3FtzQ]]></EventKey>
<MenuId>429584449</MenuId>
</xml>

2017-05-30 23:31:12 params :
------------
String:
array (
  'message' => 
  array (
    'tousername' => 'gh_599a701eee6b',
    'fromusername' => 'oeSIo0T33y8PcmlLpByzpoBlmk7s',
    'createtime' => '1496158272',
    'msgtype' => 'event',
    'event' => 'VIEW',
    'eventkey' => 'http://mp.weixin.qq.com/s/6zX50aaM25344qd-U3FtzQ',
    'menuid' => '429584449',
    'from' => 'oeSIo0T33y8PcmlLpByzpoBlmk7s',
    'to' => 'gh_599a701eee6b',
    'time' => '1496158272',
    'type' => 'text',
    'content' => '投票活动',
    'redirection' => true,
    'source' => 'default',
    'original' => 'http://mp.weixin.qq.com/s/6zX50aaM25344qd-U3FtzQ',
  ),
  'module' => 'news',
  'rule' => '26',
  'priority' => '0',
  'keyword' => 
  array (
    'id' => '487',
    'rid' => '26',
    'uniacid' => '3',
    'module' => 'news',
    'content' => '投票活动',
    'type' => '1',
    'displayorder' => '0',
    'status' => '1',
  ),
)

2017-05-30 23:31:12 response :
------------
Array:
FromUserName : gh_599a701eee6b ;
ToUserName : oeSIo0T33y8PcmlLpByzpoBlmk7s ;
MsgType : news ;
ArticleCount : 1 ;
Articles : Array ;

