2017-05-31 00:57:11 trace :
------------
String:
<xml><ToUserName><![CDATA[gh_599a701eee6b]]></ToUserName>
<FromUserName><![CDATA[oeSIo0RlvdPGmoZO75-7QWREZ91c]]></FromUserName>
<CreateTime>1496163431</CreateTime>
<MsgType><![CDATA[event]]></MsgType>
<Event><![CDATA[LOCATION]]></Event>
<Latitude>22.570019</Latitude>
<Longitude>114.124168</Longitude>
<Precision>65.000000</Precision>
</xml>

2017-05-31 00:57:11 params :
------------
String:
array (
  'message' => 
  array (
    'tousername' => 'gh_599a701eee6b',
    'fromusername' => 'oeSIo0RlvdPGmoZO75-7QWREZ91c',
    'createtime' => '1496163431',
    'msgtype' => 'event',
    'event' => 'LOCATION',
    'latitude' => '22.570019',
    'longitude' => '114.124168',
    'precision' => '65.000000',
    'from' => 'oeSIo0RlvdPGmoZO75-7QWREZ91c',
    'to' => 'gh_599a701eee6b',
    'time' => '1496163431',
    'type' => 'trace',
    'location_x' => '22.570019',
    'location_y' => '114.124168',
  ),
  'module' => 'default',
  'rule' => '-1',
)

2017-05-31 00:57:11 response :
------------
Array:
errno : -1 ;
message : Invaild value ;

2017-05-31 00:57:13 trace :
------------
String:
<xml><ToUserName><![CDATA[gh_599a701eee6b]]></ToUserName>
<FromUserName><![CDATA[oeSIo0RlvdPGmoZO75-7QWREZ91c]]></FromUserName>
<CreateTime>1496163433</CreateTime>
<MsgType><![CDATA[event]]></MsgType>
<Event><![CDATA[VIEW]]></Event>
<EventKey><![CDATA[http://www.cdj1946.cn/app/index.php?i=5&c=entry&rid=24&do=index&m=tyzm_diamondvote]]></EventKey>
<MenuId>429584449</MenuId>
</xml>

2017-05-31 00:57:13 params :
------------
String:
array (
  'message' => 
  array (
    'tousername' => 'gh_599a701eee6b',
    'fromusername' => 'oeSIo0RlvdPGmoZO75-7QWREZ91c',
    'createtime' => '1496163433',
    'msgtype' => 'event',
    'event' => 'VIEW',
    'eventkey' => 'http://www.cdj1946.cn/app/index.php?i=5&c=entry&rid=24&do=index&m=tyzm_diamondvote',
    'menuid' => '429584449',
    'from' => 'oeSIo0RlvdPGmoZO75-7QWREZ91c',
    'to' => 'gh_599a701eee6b',
    'time' => '1496163433',
    'type' => 'text',
    'content' => '投票活动',
    'redirection' => true,
    'source' => 'default',
    'original' => 'http://www.cdj1946.cn/app/index.php?i=5&c=entry&rid=24&do=index&m=tyzm_diamondvote',
  ),
  'module' => 'news',
  'rule' => '26',
  'priority' => '0',
  'keyword' => 
  array (
    'id' => '487',
    'rid' => '26',
    'uniacid' => '3',
    'module' => 'news',
    'content' => '投票活动',
    'type' => '1',
    'displayorder' => '0',
    'status' => '1',
  ),
)

2017-05-31 00:57:13 response :
------------
Array:
FromUserName : gh_599a701eee6b ;
ToUserName : oeSIo0RlvdPGmoZO75-7QWREZ91c ;
MsgType : news ;
ArticleCount : 1 ;
Articles : Array ;

2017-05-31 00:57:29 trace :
------------
String:
<xml><ToUserName><![CDATA[gh_599a701eee6b]]></ToUserName>
<FromUserName><![CDATA[oeSIo0RlvdPGmoZO75-7QWREZ91c]]></FromUserName>
<CreateTime>1496163449</CreateTime>
<MsgType><![CDATA[event]]></MsgType>
<Event><![CDATA[VIEW]]></Event>
<EventKey><![CDATA[http://w.url.cn/s/Aupht7u]]></EventKey>
<MenuId>429584449</MenuId>
</xml>

2017-05-31 00:57:29 params :
------------
String:
array (
  'message' => 
  array (
    'tousername' => 'gh_599a701eee6b',
    'fromusername' => 'oeSIo0RlvdPGmoZO75-7QWREZ91c',
    'createtime' => '1496163449',
    'msgtype' => 'event',
    'event' => 'VIEW',
    'eventkey' => 'http://w.url.cn/s/Aupht7u',
    'menuid' => '429584449',
    'from' => 'oeSIo0RlvdPGmoZO75-7QWREZ91c',
    'to' => 'gh_599a701eee6b',
    'time' => '1496163449',
    'type' => 'text',
    'content' => '投票活动',
    'redirection' => true,
    'source' => 'default',
    'original' => 'http://w.url.cn/s/Aupht7u',
  ),
  'module' => 'news',
  'rule' => '26',
  'priority' => '0',
  'keyword' => 
  array (
    'id' => '487',
    'rid' => '26',
    'uniacid' => '3',
    'module' => 'news',
    'content' => '投票活动',
    'type' => '1',
    'displayorder' => '0',
    'status' => '1',
  ),
)

2017-05-31 00:57:29 response :
------------
Array:
FromUserName : gh_599a701eee6b ;
ToUserName : oeSIo0RlvdPGmoZO75-7QWREZ91c ;
MsgType : news ;
ArticleCount : 1 ;
Articles : Array ;

2017-05-31 00:57:46 trace :
------------
String:
<xml><ToUserName><![CDATA[gh_599a701eee6b]]></ToUserName>
<FromUserName><![CDATA[oeSIo0RlvdPGmoZO75-7QWREZ91c]]></FromUserName>
<CreateTime>1496163466</CreateTime>
<MsgType><![CDATA[event]]></MsgType>
<Event><![CDATA[VIEW]]></Event>
<EventKey><![CDATA[http://mp.weixin.qq.com/s/6zX50aaM25344qd-U3FtzQ]]></EventKey>
<MenuId>429584449</MenuId>
</xml>

2017-05-31 00:57:46 params :
------------
String:
array (
  'message' => 
  array (
    'tousername' => 'gh_599a701eee6b',
    'fromusername' => 'oeSIo0RlvdPGmoZO75-7QWREZ91c',
    'createtime' => '1496163466',
    'msgtype' => 'event',
    'event' => 'VIEW',
    'eventkey' => 'http://mp.weixin.qq.com/s/6zX50aaM25344qd-U3FtzQ',
    'menuid' => '429584449',
    'from' => 'oeSIo0RlvdPGmoZO75-7QWREZ91c',
    'to' => 'gh_599a701eee6b',
    'time' => '1496163466',
    'type' => 'text',
    'content' => '投票活动',
    'redirection' => true,
    'source' => 'default',
    'original' => 'http://mp.weixin.qq.com/s/6zX50aaM25344qd-U3FtzQ',
  ),
  'module' => 'news',
  'rule' => '26',
  'priority' => '0',
  'keyword' => 
  array (
    'id' => '487',
    'rid' => '26',
    'uniacid' => '3',
    'module' => 'news',
    'content' => '投票活动',
    'type' => '1',
    'displayorder' => '0',
    'status' => '1',
  ),
)

2017-05-31 00:57:46 response :
------------
Array:
FromUserName : gh_599a701eee6b ;
ToUserName : oeSIo0RlvdPGmoZO75-7QWREZ91c ;
MsgType : news ;
ArticleCount : 1 ;
Articles : Array ;

2017-05-31 00:57:53 trace :
------------
String:
<xml><ToUserName><![CDATA[gh_2cc1b47a6d8a]]></ToUserName>
<FromUserName><![CDATA[omxiWs-2vT7rCkF9z7SxChLS-wEE]]></FromUserName>
<CreateTime>1496163472</CreateTime>
<MsgType><![CDATA[event]]></MsgType>
<Event><![CDATA[subscribe]]></Event>
<EventKey><![CDATA[]]></EventKey>
</xml>

2017-05-31 00:57:53 params :
------------
String:
array (
  'message' => 
  array (
    'tousername' => 'gh_2cc1b47a6d8a',
    'fromusername' => 'omxiWs-2vT7rCkF9z7SxChLS-wEE',
    'createtime' => '1496163472',
    'msgtype' => 'event',
    'event' => 'subscribe',
    'eventkey' => '',
    'from' => 'omxiWs-2vT7rCkF9z7SxChLS-wEE',
    'to' => 'gh_2cc1b47a6d8a',
    'time' => '1496163472',
    'type' => 'text',
    'redirection' => true,
    'source' => 'subscribe',
    'content' => '活动',
  ),
  'module' => 'news',
  'rule' => '23',
  'priority' => '0',
  'keyword' => 
  array (
    'id' => '486',
    'rid' => '23',
    'uniacid' => '5',
    'module' => 'news',
    'content' => '活动',
    'type' => '2',
    'displayorder' => '0',
    'status' => '1',
  ),
)

2017-05-31 00:57:53 response :
------------
Array:
FromUserName : gh_2cc1b47a6d8a ;
ToUserName : omxiWs-2vT7rCkF9z7SxChLS-wEE ;
MsgType : news ;
ArticleCount : 1 ;
Articles : Array ;

2017-05-31 07:46:42 trace :
------------
String:
<xml><ToUserName><![CDATA[gh_2cc1b47a6d8a]]></ToUserName>
<FromUserName><![CDATA[omxiWs-2vT7rCkF9z7SxChLS-wEE]]></FromUserName>
<CreateTime>1496188002</CreateTime>
<MsgType><![CDATA[event]]></MsgType>
<Event><![CDATA[LOCATION]]></Event>
<Latitude>22.570028</Latitude>
<Longitude>114.124046</Longitude>
<Precision>50.000000</Precision>
</xml>

2017-05-31 07:46:42 params :
------------
String:
array (
  'message' => 
  array (
    'tousername' => 'gh_2cc1b47a6d8a',
    'fromusername' => 'omxiWs-2vT7rCkF9z7SxChLS-wEE',
    'createtime' => '1496188002',
    'msgtype' => 'event',
    'event' => 'LOCATION',
    'latitude' => '22.570028',
    'longitude' => '114.124046',
    'precision' => '50.000000',
    'from' => 'omxiWs-2vT7rCkF9z7SxChLS-wEE',
    'to' => 'gh_2cc1b47a6d8a',
    'time' => '1496188002',
    'type' => 'trace',
    'location_x' => '22.570028',
    'location_y' => '114.124046',
  ),
  'module' => 'default',
  'rule' => '-1',
)

2017-05-31 07:46:42 response :
------------
Array:
errno : -1 ;
message : Invaild value ;

2017-05-31 07:46:47 trace :
------------
String:
<xml><ToUserName><![CDATA[gh_2cc1b47a6d8a]]></ToUserName>
<FromUserName><![CDATA[omxiWs-2vT7rCkF9z7SxChLS-wEE]]></FromUserName>
<CreateTime>1496188006</CreateTime>
<MsgType><![CDATA[event]]></MsgType>
<Event><![CDATA[unsubscribe]]></Event>
<EventKey><![CDATA[]]></EventKey>
</xml>

2017-05-31 07:46:49 trace :
------------
String:
<xml><ToUserName><![CDATA[gh_599a701eee6b]]></ToUserName>
<FromUserName><![CDATA[oeSIo0RlvdPGmoZO75-7QWREZ91c]]></FromUserName>
<CreateTime>1496188008</CreateTime>
<MsgType><![CDATA[event]]></MsgType>
<Event><![CDATA[LOCATION]]></Event>
<Latitude>22.570051</Latitude>
<Longitude>114.124023</Longitude>
<Precision>50.000000</Precision>
</xml>

2017-05-31 07:46:49 params :
------------
String:
array (
  'message' => 
  array (
    'tousername' => 'gh_599a701eee6b',
    'fromusername' => 'oeSIo0RlvdPGmoZO75-7QWREZ91c',
    'createtime' => '1496188008',
    'msgtype' => 'event',
    'event' => 'LOCATION',
    'latitude' => '22.570051',
    'longitude' => '114.124023',
    'precision' => '50.000000',
    'from' => 'oeSIo0RlvdPGmoZO75-7QWREZ91c',
    'to' => 'gh_599a701eee6b',
    'time' => '1496188008',
    'type' => 'trace',
    'location_x' => '22.570051',
    'location_y' => '114.124023',
  ),
  'module' => 'default',
  'rule' => '-1',
)

2017-05-31 07:46:49 response :
------------
Array:
errno : -1 ;
message : Invaild value ;

2017-05-31 07:47:05 trace :
------------
String:
<xml><ToUserName><![CDATA[gh_599a701eee6b]]></ToUserName>
<FromUserName><![CDATA[oeSIo0RlvdPGmoZO75-7QWREZ91c]]></FromUserName>
<CreateTime>1496188025</CreateTime>
<MsgType><![CDATA[event]]></MsgType>
<Event><![CDATA[unsubscribe]]></Event>
<EventKey><![CDATA[]]></EventKey>
</xml>

2017-05-31 10:26:56 trace :
------------
String:
<xml><ToUserName><![CDATA[gh_2cc1b47a6d8a]]></ToUserName>
<FromUserName><![CDATA[omxiWs-hJWSe1OrQAXMy1sAIvlbU]]></FromUserName>
<CreateTime>1496197616</CreateTime>
<MsgType><![CDATA[event]]></MsgType>
<Event><![CDATA[LOCATION]]></Event>
<Latitude>22.564268</Latitude>
<Longitude>114.125053</Longitude>
<Precision>30.000000</Precision>
</xml>

2017-05-31 10:26:56 params :
------------
String:
array (
  'message' => 
  array (
    'tousername' => 'gh_2cc1b47a6d8a',
    'fromusername' => 'omxiWs-hJWSe1OrQAXMy1sAIvlbU',
    'createtime' => '1496197616',
    'msgtype' => 'event',
    'event' => 'LOCATION',
    'latitude' => '22.564268',
    'longitude' => '114.125053',
    'precision' => '30.000000',
    'from' => 'omxiWs-hJWSe1OrQAXMy1sAIvlbU',
    'to' => 'gh_2cc1b47a6d8a',
    'time' => '1496197616',
    'type' => 'trace',
    'location_x' => '22.564268',
    'location_y' => '114.125053',
  ),
  'module' => 'default',
  'rule' => '-1',
)

2017-05-31 10:26:56 response :
------------
Array:
errno : -1 ;
message : Invaild value ;

2017-05-31 12:55:43 trace :
------------
String:
<xml><ToUserName><![CDATA[gh_2cc1b47a6d8a]]></ToUserName>
<FromUserName><![CDATA[omxiWs8xfFI2PXTnAWv8_OEQZmnM]]></FromUserName>
<CreateTime>1496206543</CreateTime>
<MsgType><![CDATA[event]]></MsgType>
<Event><![CDATA[LOCATION]]></Event>
<Latitude>22.630707</Latitude>
<Longitude>114.181953</Longitude>
<Precision>65.000000</Precision>
</xml>

2017-05-31 12:55:43 params :
------------
String:
array (
  'message' => 
  array (
    'tousername' => 'gh_2cc1b47a6d8a',
    'fromusername' => 'omxiWs8xfFI2PXTnAWv8_OEQZmnM',
    'createtime' => '1496206543',
    'msgtype' => 'event',
    'event' => 'LOCATION',
    'latitude' => '22.630707',
    'longitude' => '114.181953',
    'precision' => '65.000000',
    'from' => 'omxiWs8xfFI2PXTnAWv8_OEQZmnM',
    'to' => 'gh_2cc1b47a6d8a',
    'time' => '1496206543',
    'type' => 'trace',
    'location_x' => '22.630707',
    'location_y' => '114.181953',
  ),
  'module' => 'default',
  'rule' => '-1',
)

2017-05-31 12:55:43 response :
------------
Array:
errno : -1 ;
message : Invaild value ;

2017-05-31 12:56:11 trace :
------------
String:
<xml><ToUserName><![CDATA[gh_599a701eee6b]]></ToUserName>
<FromUserName><![CDATA[oeSIo0UbIMSzZ7MAs9wjquhJ0_IY]]></FromUserName>
<CreateTime>1496206571</CreateTime>
<MsgType><![CDATA[event]]></MsgType>
<Event><![CDATA[subscribe]]></Event>
<EventKey><![CDATA[]]></EventKey>
</xml>

2017-05-31 12:56:11 params :
------------
String:
array (
  'message' => 
  array (
    'tousername' => 'gh_599a701eee6b',
    'fromusername' => 'oeSIo0UbIMSzZ7MAs9wjquhJ0_IY',
    'createtime' => '1496206571',
    'msgtype' => 'event',
    'event' => 'subscribe',
    'eventkey' => '',
    'from' => 'oeSIo0UbIMSzZ7MAs9wjquhJ0_IY',
    'to' => 'gh_599a701eee6b',
    'time' => '1496206571',
    'type' => 'text',
    'redirection' => true,
    'source' => 'subscribe',
    'content' => '投票活动',
  ),
  'module' => 'news',
  'rule' => '26',
  'priority' => '0',
  'keyword' => 
  array (
    'id' => '487',
    'rid' => '26',
    'uniacid' => '3',
    'module' => 'news',
    'content' => '投票活动',
    'type' => '1',
    'displayorder' => '0',
    'status' => '1',
  ),
)

2017-05-31 12:56:11 response :
------------
Array:
FromUserName : gh_599a701eee6b ;
ToUserName : oeSIo0UbIMSzZ7MAs9wjquhJ0_IY ;
MsgType : news ;
ArticleCount : 1 ;
Articles : Array ;

2017-05-31 12:56:16 trace :
------------
String:
<xml><ToUserName><![CDATA[gh_2cc1b47a6d8a]]></ToUserName>
<FromUserName><![CDATA[omxiWs8xfFI2PXTnAWv8_OEQZmnM]]></FromUserName>
<CreateTime>1496206576</CreateTime>
<MsgType><![CDATA[event]]></MsgType>
<Event><![CDATA[VIEW]]></Event>
<EventKey><![CDATA[http://r.xiumi.us/stage/v5/2EA7C/43908634#/]]></EventKey>
<MenuId>409603874</MenuId>
</xml>

2017-05-31 12:56:16 params :
------------
String:
array (
  'message' => 
  array (
    'tousername' => 'gh_2cc1b47a6d8a',
    'fromusername' => 'omxiWs8xfFI2PXTnAWv8_OEQZmnM',
    'createtime' => '1496206576',
    'msgtype' => 'event',
    'event' => 'VIEW',
    'eventkey' => 'http://r.xiumi.us/stage/v5/2EA7C/43908634#/',
    'menuid' => '409603874',
    'from' => 'omxiWs8xfFI2PXTnAWv8_OEQZmnM',
    'to' => 'gh_2cc1b47a6d8a',
    'time' => '1496206576',
    'type' => 'text',
    'content' => '投票活动',
    'redirection' => true,
    'source' => 'default',
    'original' => 'http://r.xiumi.us/stage/v5/2EA7C/43908634#/',
  ),
  'module' => 'news',
  'rule' => '23',
  'priority' => '0',
  'keyword' => 
  array (
    'id' => '485',
    'rid' => '23',
    'uniacid' => '5',
    'module' => 'news',
    'content' => '投票活动',
    'type' => '1',
    'displayorder' => '0',
    'status' => '1',
  ),
)

2017-05-31 12:56:16 response :
------------
Array:
FromUserName : gh_2cc1b47a6d8a ;
ToUserName : omxiWs8xfFI2PXTnAWv8_OEQZmnM ;
MsgType : news ;
ArticleCount : 1 ;
Articles : Array ;

2017-05-31 12:56:20 trace :
------------
String:
<xml><ToUserName><![CDATA[gh_599a701eee6b]]></ToUserName>
<FromUserName><![CDATA[oeSIo0UbIMSzZ7MAs9wjquhJ0_IY]]></FromUserName>
<CreateTime>1496206580</CreateTime>
<MsgType><![CDATA[event]]></MsgType>
<Event><![CDATA[VIEW]]></Event>
<EventKey><![CDATA[http://www.cdj1946.cn/app/index.php?i=5&c=entry&rid=24&do=index&m=tyzm_diamondvote]]></EventKey>
<MenuId>429584449</MenuId>
</xml>

2017-05-31 12:56:20 params :
------------
String:
array (
  'message' => 
  array (
    'tousername' => 'gh_599a701eee6b',
    'fromusername' => 'oeSIo0UbIMSzZ7MAs9wjquhJ0_IY',
    'createtime' => '1496206580',
    'msgtype' => 'event',
    'event' => 'VIEW',
    'eventkey' => 'http://www.cdj1946.cn/app/index.php?i=5&c=entry&rid=24&do=index&m=tyzm_diamondvote',
    'menuid' => '429584449',
    'from' => 'oeSIo0UbIMSzZ7MAs9wjquhJ0_IY',
    'to' => 'gh_599a701eee6b',
    'time' => '1496206580',
    'type' => 'text',
    'content' => '投票活动',
    'redirection' => true,
    'source' => 'default',
    'original' => 'http://www.cdj1946.cn/app/index.php?i=5&c=entry&rid=24&do=index&m=tyzm_diamondvote',
  ),
  'module' => 'news',
  'rule' => '26',
  'priority' => '0',
  'keyword' => 
  array (
    'id' => '487',
    'rid' => '26',
    'uniacid' => '3',
    'module' => 'news',
    'content' => '投票活动',
    'type' => '1',
    'displayorder' => '0',
    'status' => '1',
  ),
)

2017-05-31 12:56:20 response :
------------
Array:
FromUserName : gh_599a701eee6b ;
ToUserName : oeSIo0UbIMSzZ7MAs9wjquhJ0_IY ;
MsgType : news ;
ArticleCount : 1 ;
Articles : Array ;

2017-05-31 12:56:29 trace :
------------
String:
<xml><ToUserName><![CDATA[gh_599a701eee6b]]></ToUserName>
<FromUserName><![CDATA[oeSIo0UbIMSzZ7MAs9wjquhJ0_IY]]></FromUserName>
<CreateTime>1496206589</CreateTime>
<MsgType><![CDATA[event]]></MsgType>
<Event><![CDATA[LOCATION]]></Event>
<Latitude>22.572250</Latitude>
<Longitude>114.122253</Longitude>
<Precision>30.000000</Precision>
</xml>

2017-05-31 12:56:29 params :
------------
String:
array (
  'message' => 
  array (
    'tousername' => 'gh_599a701eee6b',
    'fromusername' => 'oeSIo0UbIMSzZ7MAs9wjquhJ0_IY',
    'createtime' => '1496206589',
    'msgtype' => 'event',
    'event' => 'LOCATION',
    'latitude' => '22.572250',
    'longitude' => '114.122253',
    'precision' => '30.000000',
    'from' => 'oeSIo0UbIMSzZ7MAs9wjquhJ0_IY',
    'to' => 'gh_599a701eee6b',
    'time' => '1496206589',
    'type' => 'trace',
    'location_x' => '22.572250',
    'location_y' => '114.122253',
  ),
  'module' => 'default',
  'rule' => '-1',
)

2017-05-31 12:56:29 response :
------------
Array:
errno : -1 ;
message : Invaild value ;

2017-05-31 12:56:34 trace :
------------
String:
<xml><ToUserName><![CDATA[gh_599a701eee6b]]></ToUserName>
<FromUserName><![CDATA[oeSIo0UbIMSzZ7MAs9wjquhJ0_IY]]></FromUserName>
<CreateTime>1496206594</CreateTime>
<MsgType><![CDATA[event]]></MsgType>
<Event><![CDATA[LOCATION]]></Event>
<Latitude>22.572250</Latitude>
<Longitude>114.122253</Longitude>
<Precision>30.000000</Precision>
</xml>

2017-05-31 12:56:34 params :
------------
String:
array (
  'message' => 
  array (
    'tousername' => 'gh_599a701eee6b',
    'fromusername' => 'oeSIo0UbIMSzZ7MAs9wjquhJ0_IY',
    'createtime' => '1496206594',
    'msgtype' => 'event',
    'event' => 'LOCATION',
    'latitude' => '22.572250',
    'longitude' => '114.122253',
    'precision' => '30.000000',
    'from' => 'oeSIo0UbIMSzZ7MAs9wjquhJ0_IY',
    'to' => 'gh_599a701eee6b',
    'time' => '1496206594',
    'type' => 'trace',
    'location_x' => '22.572250',
    'location_y' => '114.122253',
  ),
  'module' => 'default',
  'rule' => '-1',
)

2017-05-31 12:56:34 response :
------------
Array:
errno : -1 ;
message : Invaild value ;

2017-05-31 12:56:42 trace :
------------
String:
<xml><ToUserName><![CDATA[gh_599a701eee6b]]></ToUserName>
<FromUserName><![CDATA[oeSIo0WX2l-Lbc8WeJLLPhPOlWiE]]></FromUserName>
<CreateTime>1496206602</CreateTime>
<MsgType><![CDATA[event]]></MsgType>
<Event><![CDATA[subscribe]]></Event>
<EventKey><![CDATA[]]></EventKey>
</xml>

2017-05-31 12:56:42 params :
------------
String:
array (
  'message' => 
  array (
    'tousername' => 'gh_599a701eee6b',
    'fromusername' => 'oeSIo0WX2l-Lbc8WeJLLPhPOlWiE',
    'createtime' => '1496206602',
    'msgtype' => 'event',
    'event' => 'subscribe',
    'eventkey' => '',
    'from' => 'oeSIo0WX2l-Lbc8WeJLLPhPOlWiE',
    'to' => 'gh_599a701eee6b',
    'time' => '1496206602',
    'type' => 'text',
    'redirection' => true,
    'source' => 'subscribe',
    'content' => '投票活动',
  ),
  'module' => 'news',
  'rule' => '26',
  'priority' => '0',
  'keyword' => 
  array (
    'id' => '487',
    'rid' => '26',
    'uniacid' => '3',
    'module' => 'news',
    'content' => '投票活动',
    'type' => '1',
    'displayorder' => '0',
    'status' => '1',
  ),
)

2017-05-31 12:56:42 response :
------------
Array:
FromUserName : gh_599a701eee6b ;
ToUserName : oeSIo0WX2l-Lbc8WeJLLPhPOlWiE ;
MsgType : news ;
ArticleCount : 1 ;
Articles : Array ;

2017-05-31 12:56:45 trace :
------------
String:
<xml><ToUserName><![CDATA[gh_599a701eee6b]]></ToUserName>
<FromUserName><![CDATA[oeSIo0UbIMSzZ7MAs9wjquhJ0_IY]]></FromUserName>
<CreateTime>1496206604</CreateTime>
<MsgType><![CDATA[text]]></MsgType>
<Content><![CDATA[2947]]></Content>
<MsgId>6426158432669558810</MsgId>
</xml>

2017-05-31 12:56:45 params :
------------
String:
array (
  'message' => 
  array (
    'tousername' => 'gh_599a701eee6b',
    'fromusername' => 'oeSIo0UbIMSzZ7MAs9wjquhJ0_IY',
    'createtime' => '1496206604',
    'msgtype' => 'text',
    'content' => '投票活动',
    'msgid' => '6426158432669558810',
    'from' => 'oeSIo0UbIMSzZ7MAs9wjquhJ0_IY',
    'to' => 'gh_599a701eee6b',
    'time' => '1496206604',
    'type' => 'text',
    'event' => NULL,
    'redirection' => true,
    'source' => 'default',
    'original' => '2947',
  ),
  'module' => 'news',
  'rule' => '26',
  'priority' => '0',
  'keyword' => 
  array (
    'id' => '487',
    'rid' => '26',
    'uniacid' => '3',
    'module' => 'news',
    'content' => '投票活动',
    'type' => '1',
    'displayorder' => '0',
    'status' => '1',
  ),
)

2017-05-31 12:56:45 response :
------------
Array:
FromUserName : gh_599a701eee6b ;
ToUserName : oeSIo0UbIMSzZ7MAs9wjquhJ0_IY ;
MsgType : news ;
ArticleCount : 1 ;
Articles : Array ;

2017-05-31 12:56:52 trace :
------------
String:
<xml><ToUserName><![CDATA[gh_2cc1b47a6d8a]]></ToUserName>
<FromUserName><![CDATA[omxiWs8xfFI2PXTnAWv8_OEQZmnM]]></FromUserName>
<CreateTime>1496206612</CreateTime>
<MsgType><![CDATA[event]]></MsgType>
<Event><![CDATA[VIEW]]></Event>
<EventKey><![CDATA[http://www.cdj1946.cn/app/index.php?i=5&c=entry&rid=24&do=index&m=tyzm_diamondvote]]></EventKey>
<MenuId>409603874</MenuId>
</xml>

2017-05-31 12:56:52 params :
------------
String:
array (
  'message' => 
  array (
    'tousername' => 'gh_2cc1b47a6d8a',
    'fromusername' => 'omxiWs8xfFI2PXTnAWv8_OEQZmnM',
    'createtime' => '1496206612',
    'msgtype' => 'event',
    'event' => 'VIEW',
    'eventkey' => 'http://www.cdj1946.cn/app/index.php?i=5&c=entry&rid=24&do=index&m=tyzm_diamondvote',
    'menuid' => '409603874',
    'from' => 'omxiWs8xfFI2PXTnAWv8_OEQZmnM',
    'to' => 'gh_2cc1b47a6d8a',
    'time' => '1496206612',
    'type' => 'text',
    'content' => '投票活动',
    'redirection' => true,
    'source' => 'default',
    'original' => 'http://www.cdj1946.cn/app/index.php?i=5&c=entry&rid=24&do=index&m=tyzm_diamondvote',
  ),
  'module' => 'news',
  'rule' => '23',
  'priority' => '0',
  'keyword' => 
  array (
    'id' => '485',
    'rid' => '23',
    'uniacid' => '5',
    'module' => 'news',
    'content' => '投票活动',
    'type' => '1',
    'displayorder' => '0',
    'status' => '1',
  ),
)

2017-05-31 12:56:52 response :
------------
Array:
FromUserName : gh_2cc1b47a6d8a ;
ToUserName : omxiWs8xfFI2PXTnAWv8_OEQZmnM ;
MsgType : news ;
ArticleCount : 1 ;
Articles : Array ;

2017-05-31 12:56:53 trace :
------------
String:
<xml><ToUserName><![CDATA[gh_2cc1b47a6d8a]]></ToUserName>
<FromUserName><![CDATA[omxiWs1CpbeDAibAMR7QQ36Kp5vE]]></FromUserName>
<CreateTime>1496206613</CreateTime>
<MsgType><![CDATA[event]]></MsgType>
<Event><![CDATA[LOCATION]]></Event>
<Latitude>22.037006</Latitude>
<Longitude>110.989586</Longitude>
<Precision>380.000000</Precision>
</xml>

2017-05-31 12:56:53 params :
------------
String:
array (
  'message' => 
  array (
    'tousername' => 'gh_2cc1b47a6d8a',
    'fromusername' => 'omxiWs1CpbeDAibAMR7QQ36Kp5vE',
    'createtime' => '1496206613',
    'msgtype' => 'event',
    'event' => 'LOCATION',
    'latitude' => '22.037006',
    'longitude' => '110.989586',
    'precision' => '380.000000',
    'from' => 'omxiWs1CpbeDAibAMR7QQ36Kp5vE',
    'to' => 'gh_2cc1b47a6d8a',
    'time' => '1496206613',
    'type' => 'trace',
    'location_x' => '22.037006',
    'location_y' => '110.989586',
  ),
  'module' => 'default',
  'rule' => '-1',
)

2017-05-31 12:56:53 response :
------------
Array:
errno : -1 ;
message : Invaild value ;

2017-05-31 12:57:11 trace :
------------
String:
<xml><ToUserName><![CDATA[gh_599a701eee6b]]></ToUserName>
<FromUserName><![CDATA[oeSIo0UbIMSzZ7MAs9wjquhJ0_IY]]></FromUserName>
<CreateTime>1496206631</CreateTime>
<MsgType><![CDATA[event]]></MsgType>
<Event><![CDATA[LOCATION]]></Event>
<Latitude>22.572266</Latitude>
<Longitude>114.122208</Longitude>
<Precision>30.000000</Precision>
</xml>

2017-05-31 12:57:11 params :
------------
String:
array (
  'message' => 
  array (
    'tousername' => 'gh_599a701eee6b',
    'fromusername' => 'oeSIo0UbIMSzZ7MAs9wjquhJ0_IY',
    'createtime' => '1496206631',
    'msgtype' => 'event',
    'event' => 'LOCATION',
    'latitude' => '22.572266',
    'longitude' => '114.122208',
    'precision' => '30.000000',
    'from' => 'oeSIo0UbIMSzZ7MAs9wjquhJ0_IY',
    'to' => 'gh_599a701eee6b',
    'time' => '1496206631',
    'type' => 'trace',
    'location_x' => '22.572266',
    'location_y' => '114.122208',
  ),
  'module' => 'default',
  'rule' => '-1',
)

2017-05-31 12:57:11 response :
------------
Array:
errno : -1 ;
message : Invaild value ;

2017-05-31 12:57:15 trace :
------------
String:
<xml><ToUserName><![CDATA[gh_599a701eee6b]]></ToUserName>
<FromUserName><![CDATA[oeSIo0WX2l-Lbc8WeJLLPhPOlWiE]]></FromUserName>
<CreateTime>1496206635</CreateTime>
<MsgType><![CDATA[text]]></MsgType>
<Content><![CDATA[2947]]></Content>
<MsgId>6426158565813545007</MsgId>
</xml>

2017-05-31 12:57:15 params :
------------
String:
array (
  'message' => 
  array (
    'tousername' => 'gh_599a701eee6b',
    'fromusername' => 'oeSIo0WX2l-Lbc8WeJLLPhPOlWiE',
    'createtime' => '1496206635',
    'msgtype' => 'text',
    'content' => '投票活动',
    'msgid' => '6426158565813545007',
    'from' => 'oeSIo0WX2l-Lbc8WeJLLPhPOlWiE',
    'to' => 'gh_599a701eee6b',
    'time' => '1496206635',
    'type' => 'text',
    'event' => NULL,
    'redirection' => true,
    'source' => 'default',
    'original' => '2947',
  ),
  'module' => 'news',
  'rule' => '26',
  'priority' => '0',
  'keyword' => 
  array (
    'id' => '487',
    'rid' => '26',
    'uniacid' => '3',
    'module' => 'news',
    'content' => '投票活动',
    'type' => '1',
    'displayorder' => '0',
    'status' => '1',
  ),
)

2017-05-31 12:57:15 response :
------------
Array:
FromUserName : gh_599a701eee6b ;
ToUserName : oeSIo0WX2l-Lbc8WeJLLPhPOlWiE ;
MsgType : news ;
ArticleCount : 1 ;
Articles : Array ;

2017-05-31 12:57:21 trace :
------------
String:
<xml><ToUserName><![CDATA[gh_599a701eee6b]]></ToUserName>
<FromUserName><![CDATA[oeSIo0UbIMSzZ7MAs9wjquhJ0_IY]]></FromUserName>
<CreateTime>1496206641</CreateTime>
<MsgType><![CDATA[event]]></MsgType>
<Event><![CDATA[unsubscribe]]></Event>
<EventKey><![CDATA[]]></EventKey>
</xml>

2017-05-31 12:57:58 trace :
------------
String:
<xml><ToUserName><![CDATA[gh_599a701eee6b]]></ToUserName>
<FromUserName><![CDATA[oeSIo0WX2l-Lbc8WeJLLPhPOlWiE]]></FromUserName>
<CreateTime>1496206678</CreateTime>
<MsgType><![CDATA[event]]></MsgType>
<Event><![CDATA[unsubscribe]]></Event>
<EventKey><![CDATA[]]></EventKey>
</xml>

2017-05-31 13:47:23 trace :
------------
String:
<xml><ToUserName><![CDATA[gh_599a701eee6b]]></ToUserName>
<FromUserName><![CDATA[oeSIo0STjJF0jpZXo0ttqQ2EXeho]]></FromUserName>
<CreateTime>1496209643</CreateTime>
<MsgType><![CDATA[event]]></MsgType>
<Event><![CDATA[subscribe]]></Event>
<EventKey><![CDATA[]]></EventKey>
</xml>

2017-05-31 13:47:23 params :
------------
String:
array (
  'message' => 
  array (
    'tousername' => 'gh_599a701eee6b',
    'fromusername' => 'oeSIo0STjJF0jpZXo0ttqQ2EXeho',
    'createtime' => '1496209643',
    'msgtype' => 'event',
    'event' => 'subscribe',
    'eventkey' => '',
    'from' => 'oeSIo0STjJF0jpZXo0ttqQ2EXeho',
    'to' => 'gh_599a701eee6b',
    'time' => '1496209643',
    'type' => 'text',
    'redirection' => true,
    'source' => 'subscribe',
    'content' => '投票活动',
  ),
  'module' => 'news',
  'rule' => '26',
  'priority' => '0',
  'keyword' => 
  array (
    'id' => '487',
    'rid' => '26',
    'uniacid' => '3',
    'module' => 'news',
    'content' => '投票活动',
    'type' => '1',
    'displayorder' => '0',
    'status' => '1',
  ),
)

2017-05-31 13:47:23 response :
------------
Array:
FromUserName : gh_599a701eee6b ;
ToUserName : oeSIo0STjJF0jpZXo0ttqQ2EXeho ;
MsgType : news ;
ArticleCount : 1 ;
Articles : Array ;

2017-05-31 13:47:28 trace :
------------
String:
<xml><ToUserName><![CDATA[gh_599a701eee6b]]></ToUserName>
<FromUserName><![CDATA[oeSIo0STjJF0jpZXo0ttqQ2EXeho]]></FromUserName>
<CreateTime>1496209648</CreateTime>
<MsgType><![CDATA[event]]></MsgType>
<Event><![CDATA[LOCATION]]></Event>
<Latitude>22.572302</Latitude>
<Longitude>114.122131</Longitude>
<Precision>65.000000</Precision>
</xml>

2017-05-31 13:47:28 params :
------------
String:
array (
  'message' => 
  array (
    'tousername' => 'gh_599a701eee6b',
    'fromusername' => 'oeSIo0STjJF0jpZXo0ttqQ2EXeho',
    'createtime' => '1496209648',
    'msgtype' => 'event',
    'event' => 'LOCATION',
    'latitude' => '22.572302',
    'longitude' => '114.122131',
    'precision' => '65.000000',
    'from' => 'oeSIo0STjJF0jpZXo0ttqQ2EXeho',
    'to' => 'gh_599a701eee6b',
    'time' => '1496209648',
    'type' => 'trace',
    'location_x' => '22.572302',
    'location_y' => '114.122131',
  ),
  'module' => 'default',
  'rule' => '-1',
)

2017-05-31 13:47:28 response :
------------
Array:
errno : -1 ;
message : Invaild value ;

2017-05-31 14:32:33 trace :
------------
String:
<xml><ToUserName><![CDATA[gh_2cc1b47a6d8a]]></ToUserName>
<FromUserName><![CDATA[omxiWszxLkZ1XRgOEsgfspjWXkAw]]></FromUserName>
<CreateTime>1496212353</CreateTime>
<MsgType><![CDATA[event]]></MsgType>
<Event><![CDATA[LOCATION]]></Event>
<Latitude>22.575745</Latitude>
<Longitude>114.121758</Longitude>
<Precision>65.000000</Precision>
</xml>

2017-05-31 14:32:33 params :
------------
String:
array (
  'message' => 
  array (
    'tousername' => 'gh_2cc1b47a6d8a',
    'fromusername' => 'omxiWszxLkZ1XRgOEsgfspjWXkAw',
    'createtime' => '1496212353',
    'msgtype' => 'event',
    'event' => 'LOCATION',
    'latitude' => '22.575745',
    'longitude' => '114.121758',
    'precision' => '65.000000',
    'from' => 'omxiWszxLkZ1XRgOEsgfspjWXkAw',
    'to' => 'gh_2cc1b47a6d8a',
    'time' => '1496212353',
    'type' => 'trace',
    'location_x' => '22.575745',
    'location_y' => '114.121758',
  ),
  'module' => 'default',
  'rule' => '-1',
)

2017-05-31 14:32:33 response :
------------
Array:
errno : -1 ;
message : Invaild value ;

2017-05-31 14:32:43 trace :
------------
String:
<xml><ToUserName><![CDATA[gh_2cc1b47a6d8a]]></ToUserName>
<FromUserName><![CDATA[omxiWszxLkZ1XRgOEsgfspjWXkAw]]></FromUserName>
<CreateTime>1496212362</CreateTime>
<MsgType><![CDATA[event]]></MsgType>
<Event><![CDATA[VIEW]]></Event>
<EventKey><![CDATA[http://www.cdj1946.cn/app/index.php?i=5&c=entry&rid=24&do=index&m=tyzm_diamondvote]]></EventKey>
<MenuId>409603874</MenuId>
</xml>

2017-05-31 14:32:43 params :
------------
String:
array (
  'message' => 
  array (
    'tousername' => 'gh_2cc1b47a6d8a',
    'fromusername' => 'omxiWszxLkZ1XRgOEsgfspjWXkAw',
    'createtime' => '1496212362',
    'msgtype' => 'event',
    'event' => 'VIEW',
    'eventkey' => 'http://www.cdj1946.cn/app/index.php?i=5&c=entry&rid=24&do=index&m=tyzm_diamondvote',
    'menuid' => '409603874',
    'from' => 'omxiWszxLkZ1XRgOEsgfspjWXkAw',
    'to' => 'gh_2cc1b47a6d8a',
    'time' => '1496212362',
    'type' => 'text',
    'content' => '投票活动',
    'redirection' => true,
    'source' => 'default',
    'original' => 'http://www.cdj1946.cn/app/index.php?i=5&c=entry&rid=24&do=index&m=tyzm_diamondvote',
  ),
  'module' => 'news',
  'rule' => '23',
  'priority' => '0',
  'keyword' => 
  array (
    'id' => '485',
    'rid' => '23',
    'uniacid' => '5',
    'module' => 'news',
    'content' => '投票活动',
    'type' => '1',
    'displayorder' => '0',
    'status' => '1',
  ),
)

2017-05-31 14:32:43 response :
------------
Array:
FromUserName : gh_2cc1b47a6d8a ;
ToUserName : omxiWszxLkZ1XRgOEsgfspjWXkAw ;
MsgType : news ;
ArticleCount : 1 ;
Articles : Array ;

2017-05-31 14:33:13 trace :
------------
String:
<xml><ToUserName><![CDATA[gh_2cc1b47a6d8a]]></ToUserName>
<FromUserName><![CDATA[omxiWszxLkZ1XRgOEsgfspjWXkAw]]></FromUserName>
<CreateTime>1496212393</CreateTime>
<MsgType><![CDATA[event]]></MsgType>
<Event><![CDATA[VIEW]]></Event>
<EventKey><![CDATA[http://www.cdj1946.cn/app/index.php?i=5&c=entry&rid=24&do=index&m=tyzm_diamondvote]]></EventKey>
<MenuId>409603874</MenuId>
</xml>

2017-05-31 14:33:13 params :
------------
String:
array (
  'message' => 
  array (
    'tousername' => 'gh_2cc1b47a6d8a',
    'fromusername' => 'omxiWszxLkZ1XRgOEsgfspjWXkAw',
    'createtime' => '1496212393',
    'msgtype' => 'event',
    'event' => 'VIEW',
    'eventkey' => 'http://www.cdj1946.cn/app/index.php?i=5&c=entry&rid=24&do=index&m=tyzm_diamondvote',
    'menuid' => '409603874',
    'from' => 'omxiWszxLkZ1XRgOEsgfspjWXkAw',
    'to' => 'gh_2cc1b47a6d8a',
    'time' => '1496212393',
    'type' => 'text',
    'content' => '投票活动',
    'redirection' => true,
    'source' => 'default',
    'original' => 'http://www.cdj1946.cn/app/index.php?i=5&c=entry&rid=24&do=index&m=tyzm_diamondvote',
  ),
  'module' => 'news',
  'rule' => '23',
  'priority' => '0',
  'keyword' => 
  array (
    'id' => '485',
    'rid' => '23',
    'uniacid' => '5',
    'module' => 'news',
    'content' => '投票活动',
    'type' => '1',
    'displayorder' => '0',
    'status' => '1',
  ),
)

2017-05-31 14:33:13 response :
------------
Array:
FromUserName : gh_2cc1b47a6d8a ;
ToUserName : omxiWszxLkZ1XRgOEsgfspjWXkAw ;
MsgType : news ;
ArticleCount : 1 ;
Articles : Array ;

2017-05-31 15:32:41 trace :
------------
String:
<xml><ToUserName><![CDATA[gh_599a701eee6b]]></ToUserName>
<FromUserName><![CDATA[oeSIo0dVZ9I7kAE-_Lt4R7rbnHvc]]></FromUserName>
<CreateTime>1496215960</CreateTime>
<MsgType><![CDATA[event]]></MsgType>
<Event><![CDATA[LOCATION]]></Event>
<Latitude>22.576035</Latitude>
<Longitude>114.122986</Longitude>
<Precision>65.000000</Precision>
</xml>

2017-05-31 15:32:41 params :
------------
String:
array (
  'message' => 
  array (
    'tousername' => 'gh_599a701eee6b',
    'fromusername' => 'oeSIo0dVZ9I7kAE-_Lt4R7rbnHvc',
    'createtime' => '1496215960',
    'msgtype' => 'event',
    'event' => 'LOCATION',
    'latitude' => '22.576035',
    'longitude' => '114.122986',
    'precision' => '65.000000',
    'from' => 'oeSIo0dVZ9I7kAE-_Lt4R7rbnHvc',
    'to' => 'gh_599a701eee6b',
    'time' => '1496215960',
    'type' => 'trace',
    'location_x' => '22.576035',
    'location_y' => '114.122986',
  ),
  'module' => 'default',
  'rule' => '-1',
)

2017-05-31 15:32:41 response :
------------
Array:
errno : -1 ;
message : Invaild value ;

2017-05-31 15:32:46 trace :
------------
String:
<xml><ToUserName><![CDATA[gh_599a701eee6b]]></ToUserName>
<FromUserName><![CDATA[oeSIo0dVZ9I7kAE-_Lt4R7rbnHvc]]></FromUserName>
<CreateTime>1496215965</CreateTime>
<MsgType><![CDATA[event]]></MsgType>
<Event><![CDATA[unsubscribe]]></Event>
<EventKey><![CDATA[]]></EventKey>
</xml>

2017-05-31 15:32:50 trace :
------------
String:
<xml><ToUserName><![CDATA[gh_2cc1b47a6d8a]]></ToUserName>
<FromUserName><![CDATA[omxiWswmP_p8Krzr3nfSwubRYdqU]]></FromUserName>
<CreateTime>1496215970</CreateTime>
<MsgType><![CDATA[event]]></MsgType>
<Event><![CDATA[LOCATION]]></Event>
<Latitude>22.576040</Latitude>
<Longitude>114.122910</Longitude>
<Precision>65.000000</Precision>
</xml>

2017-05-31 15:32:50 params :
------------
String:
array (
  'message' => 
  array (
    'tousername' => 'gh_2cc1b47a6d8a',
    'fromusername' => 'omxiWswmP_p8Krzr3nfSwubRYdqU',
    'createtime' => '1496215970',
    'msgtype' => 'event',
    'event' => 'LOCATION',
    'latitude' => '22.576040',
    'longitude' => '114.122910',
    'precision' => '65.000000',
    'from' => 'omxiWswmP_p8Krzr3nfSwubRYdqU',
    'to' => 'gh_2cc1b47a6d8a',
    'time' => '1496215970',
    'type' => 'trace',
    'location_x' => '22.576040',
    'location_y' => '114.122910',
  ),
  'module' => 'default',
  'rule' => '-1',
)

2017-05-31 15:32:50 response :
------------
Array:
errno : -1 ;
message : Invaild value ;

2017-05-31 15:32:56 trace :
------------
String:
<xml><ToUserName><![CDATA[gh_2cc1b47a6d8a]]></ToUserName>
<FromUserName><![CDATA[omxiWswmP_p8Krzr3nfSwubRYdqU]]></FromUserName>
<CreateTime>1496215975</CreateTime>
<MsgType><![CDATA[event]]></MsgType>
<Event><![CDATA[unsubscribe]]></Event>
<EventKey><![CDATA[]]></EventKey>
</xml>

2017-05-31 15:40:10 trace :
------------
String:
<xml><ToUserName><![CDATA[gh_599a701eee6b]]></ToUserName>
<FromUserName><![CDATA[oeSIo0STjJF0jpZXo0ttqQ2EXeho]]></FromUserName>
<CreateTime>1496216410</CreateTime>
<MsgType><![CDATA[event]]></MsgType>
<Event><![CDATA[LOCATION]]></Event>
<Latitude>22.572294</Latitude>
<Longitude>114.123138</Longitude>
<Precision>65.000000</Precision>
</xml>

2017-05-31 15:40:10 params :
------------
String:
array (
  'message' => 
  array (
    'tousername' => 'gh_599a701eee6b',
    'fromusername' => 'oeSIo0STjJF0jpZXo0ttqQ2EXeho',
    'createtime' => '1496216410',
    'msgtype' => 'event',
    'event' => 'LOCATION',
    'latitude' => '22.572294',
    'longitude' => '114.123138',
    'precision' => '65.000000',
    'from' => 'oeSIo0STjJF0jpZXo0ttqQ2EXeho',
    'to' => 'gh_599a701eee6b',
    'time' => '1496216410',
    'type' => 'trace',
    'location_x' => '22.572294',
    'location_y' => '114.123138',
  ),
  'module' => 'default',
  'rule' => '-1',
)

2017-05-31 15:40:10 response :
------------
Array:
errno : -1 ;
message : Invaild value ;

2017-05-31 17:27:05 trace :
------------
String:
<xml><ToUserName><![CDATA[gh_2cc1b47a6d8a]]></ToUserName>
<FromUserName><![CDATA[omxiWs88esqbL0f7nrBYLGdfE71s]]></FromUserName>
<CreateTime>1496222825</CreateTime>
<MsgType><![CDATA[event]]></MsgType>
<Event><![CDATA[VIEW]]></Event>
<EventKey><![CDATA[http://mp.weixin.qq.com/s/6zX50aaM25344qd-U3FtzQ]]></EventKey>
<MenuId>409603874</MenuId>
</xml>

2017-05-31 17:27:05 params :
------------
String:
array (
  'message' => 
  array (
    'tousername' => 'gh_2cc1b47a6d8a',
    'fromusername' => 'omxiWs88esqbL0f7nrBYLGdfE71s',
    'createtime' => '1496222825',
    'msgtype' => 'event',
    'event' => 'VIEW',
    'eventkey' => 'http://mp.weixin.qq.com/s/6zX50aaM25344qd-U3FtzQ',
    'menuid' => '409603874',
    'from' => 'omxiWs88esqbL0f7nrBYLGdfE71s',
    'to' => 'gh_2cc1b47a6d8a',
    'time' => '1496222825',
    'type' => 'text',
    'content' => '投票活动',
    'redirection' => true,
    'source' => 'default',
    'original' => 'http://mp.weixin.qq.com/s/6zX50aaM25344qd-U3FtzQ',
  ),
  'module' => 'news',
  'rule' => '23',
  'priority' => '0',
  'keyword' => 
  array (
    'id' => '485',
    'rid' => '23',
    'uniacid' => '5',
    'module' => 'news',
    'content' => '投票活动',
    'type' => '1',
    'displayorder' => '0',
    'status' => '1',
  ),
)

2017-05-31 17:27:05 response :
------------
Array:
FromUserName : gh_2cc1b47a6d8a ;
ToUserName : omxiWs88esqbL0f7nrBYLGdfE71s ;
MsgType : news ;
ArticleCount : 1 ;
Articles : Array ;

2017-05-31 17:27:11 trace :
------------
String:
<xml><ToUserName><![CDATA[gh_2cc1b47a6d8a]]></ToUserName>
<FromUserName><![CDATA[omxiWs88esqbL0f7nrBYLGdfE71s]]></FromUserName>
<CreateTime>1496222831</CreateTime>
<MsgType><![CDATA[event]]></MsgType>
<Event><![CDATA[VIEW]]></Event>
<EventKey><![CDATA[http://www.cdj1946.cn/app/index.php?i=5&c=entry&rid=24&do=index&m=tyzm_diamondvote]]></EventKey>
<MenuId>409603874</MenuId>
</xml>

2017-05-31 17:27:11 params :
------------
String:
array (
  'message' => 
  array (
    'tousername' => 'gh_2cc1b47a6d8a',
    'fromusername' => 'omxiWs88esqbL0f7nrBYLGdfE71s',
    'createtime' => '1496222831',
    'msgtype' => 'event',
    'event' => 'VIEW',
    'eventkey' => 'http://www.cdj1946.cn/app/index.php?i=5&c=entry&rid=24&do=index&m=tyzm_diamondvote',
    'menuid' => '409603874',
    'from' => 'omxiWs88esqbL0f7nrBYLGdfE71s',
    'to' => 'gh_2cc1b47a6d8a',
    'time' => '1496222831',
    'type' => 'text',
    'content' => '投票活动',
    'redirection' => true,
    'source' => 'default',
    'original' => 'http://www.cdj1946.cn/app/index.php?i=5&c=entry&rid=24&do=index&m=tyzm_diamondvote',
  ),
  'module' => 'news',
  'rule' => '23',
  'priority' => '0',
  'keyword' => 
  array (
    'id' => '485',
    'rid' => '23',
    'uniacid' => '5',
    'module' => 'news',
    'content' => '投票活动',
    'type' => '1',
    'displayorder' => '0',
    'status' => '1',
  ),
)

2017-05-31 17:27:11 response :
------------
Array:
FromUserName : gh_2cc1b47a6d8a ;
ToUserName : omxiWs88esqbL0f7nrBYLGdfE71s ;
MsgType : news ;
ArticleCount : 1 ;
Articles : Array ;

2017-05-31 19:10:56 trace :
------------
String:
<xml><ToUserName><![CDATA[gh_2cc1b47a6d8a]]></ToUserName>
<FromUserName><![CDATA[omxiWs7kXKrAOtfMu6mX579w9CHc]]></FromUserName>
<CreateTime>1496229056</CreateTime>
<MsgType><![CDATA[event]]></MsgType>
<Event><![CDATA[LOCATION]]></Event>
<Latitude>22.630096</Latitude>
<Longitude>114.112312</Longitude>
<Precision>65.000000</Precision>
</xml>

2017-05-31 19:10:56 params :
------------
String:
array (
  'message' => 
  array (
    'tousername' => 'gh_2cc1b47a6d8a',
    'fromusername' => 'omxiWs7kXKrAOtfMu6mX579w9CHc',
    'createtime' => '1496229056',
    'msgtype' => 'event',
    'event' => 'LOCATION',
    'latitude' => '22.630096',
    'longitude' => '114.112312',
    'precision' => '65.000000',
    'from' => 'omxiWs7kXKrAOtfMu6mX579w9CHc',
    'to' => 'gh_2cc1b47a6d8a',
    'time' => '1496229056',
    'type' => 'trace',
    'location_x' => '22.630096',
    'location_y' => '114.112312',
  ),
  'module' => 'default',
  'rule' => '-1',
)

2017-05-31 19:10:56 response :
------------
Array:
errno : -1 ;
message : Invaild value ;

2017-05-31 19:12:02 trace :
------------
String:
<xml><ToUserName><![CDATA[gh_2cc1b47a6d8a]]></ToUserName>
<FromUserName><![CDATA[omxiWs7kXKrAOtfMu6mX579w9CHc]]></FromUserName>
<CreateTime>1496229122</CreateTime>
<MsgType><![CDATA[event]]></MsgType>
<Event><![CDATA[unsubscribe]]></Event>
<EventKey><![CDATA[]]></EventKey>
</xml>

