2017-07-04 00:27:51 trace :
------------
String:
<xml><ToUserName><![CDATA[gh_2cc1b47a6d8a]]></ToUserName>
<FromUserName><![CDATA[omxiWs0ZQammhYzMjELjh3UC1I2E]]></FromUserName>
<CreateTime>1499099271</CreateTime>
<MsgType><![CDATA[event]]></MsgType>
<Event><![CDATA[LOCATION]]></Event>
<Latitude>25.085022</Latitude>
<Longitude>102.737900</Longitude>
<Precision>65.000000</Precision>
</xml>

2017-07-04 00:27:51 params :
------------
String:
array (
  'message' => 
  array (
    'tousername' => 'gh_2cc1b47a6d8a',
    'fromusername' => 'omxiWs0ZQammhYzMjELjh3UC1I2E',
    'createtime' => '1499099271',
    'msgtype' => 'event',
    'event' => 'LOCATION',
    'latitude' => '25.085022',
    'longitude' => '102.737900',
    'precision' => '65.000000',
    'from' => 'omxiWs0ZQammhYzMjELjh3UC1I2E',
    'to' => 'gh_2cc1b47a6d8a',
    'time' => '1499099271',
    'type' => 'trace',
    'location_x' => '25.085022',
    'location_y' => '102.737900',
  ),
  'module' => 'default',
  'rule' => '-1',
)

2017-07-04 00:27:51 response :
------------
Array:
errno : -1 ;
message : Invaild value ;

2017-07-04 00:27:54 trace :
------------
String:
<xml><ToUserName><![CDATA[gh_2cc1b47a6d8a]]></ToUserName>
<FromUserName><![CDATA[omxiWs0ZQammhYzMjELjh3UC1I2E]]></FromUserName>
<CreateTime>1499099274</CreateTime>
<MsgType><![CDATA[event]]></MsgType>
<Event><![CDATA[unsubscribe]]></Event>
<EventKey><![CDATA[]]></EventKey>
</xml>

2017-07-04 09:28:22 trace :
------------
String:
<xml><ToUserName><![CDATA[gh_2cc1b47a6d8a]]></ToUserName>
<FromUserName><![CDATA[omxiWswRXgWayGFiVI98RTm1IUF4]]></FromUserName>
<CreateTime>1499131702</CreateTime>
<MsgType><![CDATA[event]]></MsgType>
<Event><![CDATA[unsubscribe]]></Event>
<EventKey><![CDATA[]]></EventKey>
</xml>

2017-07-04 09:52:53 trace :
------------
String:
<xml><ToUserName><![CDATA[gh_2cc1b47a6d8a]]></ToUserName>
<FromUserName><![CDATA[omxiWswOLl13bsLUIjdhtxLSZMwg]]></FromUserName>
<CreateTime>1499133173</CreateTime>
<MsgType><![CDATA[event]]></MsgType>
<Event><![CDATA[unsubscribe]]></Event>
<EventKey><![CDATA[]]></EventKey>
</xml>

2017-07-04 10:16:57 trace :
------------
String:
<xml><ToUserName><![CDATA[gh_2cc1b47a6d8a]]></ToUserName>
<FromUserName><![CDATA[omxiWszcCX3xRvun78WATpbYBtZQ]]></FromUserName>
<CreateTime>1499134617</CreateTime>
<MsgType><![CDATA[event]]></MsgType>
<Event><![CDATA[LOCATION]]></Event>
<Latitude>22.575916</Latitude>
<Longitude>114.121574</Longitude>
<Precision>30.000000</Precision>
</xml>

2017-07-04 10:16:57 params :
------------
String:
array (
  'message' => 
  array (
    'tousername' => 'gh_2cc1b47a6d8a',
    'fromusername' => 'omxiWszcCX3xRvun78WATpbYBtZQ',
    'createtime' => '1499134617',
    'msgtype' => 'event',
    'event' => 'LOCATION',
    'latitude' => '22.575916',
    'longitude' => '114.121574',
    'precision' => '30.000000',
    'from' => 'omxiWszcCX3xRvun78WATpbYBtZQ',
    'to' => 'gh_2cc1b47a6d8a',
    'time' => '1499134617',
    'type' => 'trace',
    'location_x' => '22.575916',
    'location_y' => '114.121574',
  ),
  'module' => 'default',
  'rule' => '-1',
)

2017-07-04 10:16:57 response :
------------
Array:
errno : -1 ;
message : Invaild value ;

2017-07-04 12:18:12 trace :
------------
String:
<xml><ToUserName><![CDATA[gh_2cc1b47a6d8a]]></ToUserName>
<FromUserName><![CDATA[omxiWsxtPb7rXRE79nTlD_ha-R7I]]></FromUserName>
<CreateTime>1499141892</CreateTime>
<MsgType><![CDATA[event]]></MsgType>
<Event><![CDATA[LOCATION]]></Event>
<Latitude>22.848850</Latitude>
<Longitude>113.219048</Longitude>
<Precision>30.000000</Precision>
</xml>

2017-07-04 12:18:12 params :
------------
String:
array (
  'message' => 
  array (
    'tousername' => 'gh_2cc1b47a6d8a',
    'fromusername' => 'omxiWsxtPb7rXRE79nTlD_ha-R7I',
    'createtime' => '1499141892',
    'msgtype' => 'event',
    'event' => 'LOCATION',
    'latitude' => '22.848850',
    'longitude' => '113.219048',
    'precision' => '30.000000',
    'from' => 'omxiWsxtPb7rXRE79nTlD_ha-R7I',
    'to' => 'gh_2cc1b47a6d8a',
    'time' => '1499141892',
    'type' => 'trace',
    'location_x' => '22.848850',
    'location_y' => '113.219048',
  ),
  'module' => 'default',
  'rule' => '-1',
)

2017-07-04 12:18:12 response :
------------
Array:
errno : -1 ;
message : Invaild value ;

2017-07-04 12:18:18 trace :
------------
String:
<xml><ToUserName><![CDATA[gh_2cc1b47a6d8a]]></ToUserName>
<FromUserName><![CDATA[omxiWsxtPb7rXRE79nTlD_ha-R7I]]></FromUserName>
<CreateTime>1499141897</CreateTime>
<MsgType><![CDATA[text]]></MsgType>
<Content><![CDATA[你好]]></Content>
<MsgId>6438765420088798567</MsgId>
</xml>

2017-07-04 12:18:18 params :
------------
String:
array (
  'message' => 
  array (
    'tousername' => 'gh_2cc1b47a6d8a',
    'fromusername' => 'omxiWsxtPb7rXRE79nTlD_ha-R7I',
    'createtime' => '1499141897',
    'msgtype' => 'text',
    'content' => '投票活动',
    'msgid' => '6438765420088798567',
    'from' => 'omxiWsxtPb7rXRE79nTlD_ha-R7I',
    'to' => 'gh_2cc1b47a6d8a',
    'time' => '1499141897',
    'type' => 'text',
    'event' => NULL,
    'redirection' => true,
    'source' => 'default',
    'original' => '你好',
  ),
  'module' => 'news',
  'rule' => '23',
  'priority' => '0',
  'keyword' => 
  array (
    'id' => '485',
    'rid' => '23',
    'uniacid' => '5',
    'module' => 'news',
    'content' => '投票活动',
    'type' => '1',
    'displayorder' => '0',
    'status' => '1',
  ),
)

2017-07-04 12:18:18 response :
------------
Array:
FromUserName : gh_2cc1b47a6d8a ;
ToUserName : omxiWsxtPb7rXRE79nTlD_ha-R7I ;
MsgType : news ;
ArticleCount : 1 ;
Articles : Array ;

2017-07-04 12:18:35 trace :
------------
String:
<xml><ToUserName><![CDATA[gh_2cc1b47a6d8a]]></ToUserName>
<FromUserName><![CDATA[omxiWsxtPb7rXRE79nTlD_ha-R7I]]></FromUserName>
<CreateTime>1499141915</CreateTime>
<MsgType><![CDATA[event]]></MsgType>
<Event><![CDATA[LOCATION]]></Event>
<Latitude>22.848850</Latitude>
<Longitude>113.219048</Longitude>
<Precision>30.000000</Precision>
</xml>

2017-07-04 12:18:35 params :
------------
String:
array (
  'message' => 
  array (
    'tousername' => 'gh_2cc1b47a6d8a',
    'fromusername' => 'omxiWsxtPb7rXRE79nTlD_ha-R7I',
    'createtime' => '1499141915',
    'msgtype' => 'event',
    'event' => 'LOCATION',
    'latitude' => '22.848850',
    'longitude' => '113.219048',
    'precision' => '30.000000',
    'from' => 'omxiWsxtPb7rXRE79nTlD_ha-R7I',
    'to' => 'gh_2cc1b47a6d8a',
    'time' => '1499141915',
    'type' => 'trace',
    'location_x' => '22.848850',
    'location_y' => '113.219048',
  ),
  'module' => 'default',
  'rule' => '-1',
)

2017-07-04 12:18:35 response :
------------
Array:
errno : -1 ;
message : Invaild value ;

2017-07-04 12:19:05 trace :
------------
String:
<xml><ToUserName><![CDATA[gh_2cc1b47a6d8a]]></ToUserName>
<FromUserName><![CDATA[omxiWsxtPb7rXRE79nTlD_ha-R7I]]></FromUserName>
<CreateTime>1499141945</CreateTime>
<MsgType><![CDATA[text]]></MsgType>
<Content><![CDATA[请问你们三色金手链是卖多少钱一克]]></Content>
<MsgId>6438765626247228784</MsgId>
</xml>

2017-07-04 12:19:05 params :
------------
String:
array (
  'message' => 
  array (
    'tousername' => 'gh_2cc1b47a6d8a',
    'fromusername' => 'omxiWsxtPb7rXRE79nTlD_ha-R7I',
    'createtime' => '1499141945',
    'msgtype' => 'text',
    'content' => '投票活动',
    'msgid' => '6438765626247228784',
    'from' => 'omxiWsxtPb7rXRE79nTlD_ha-R7I',
    'to' => 'gh_2cc1b47a6d8a',
    'time' => '1499141945',
    'type' => 'text',
    'event' => NULL,
    'redirection' => true,
    'source' => 'default',
    'original' => '请问你们三色金手链是卖多少钱一克',
  ),
  'module' => 'news',
  'rule' => '23',
  'priority' => '0',
  'keyword' => 
  array (
    'id' => '485',
    'rid' => '23',
    'uniacid' => '5',
    'module' => 'news',
    'content' => '投票活动',
    'type' => '1',
    'displayorder' => '0',
    'status' => '1',
  ),
)

2017-07-04 12:19:05 response :
------------
Array:
FromUserName : gh_2cc1b47a6d8a ;
ToUserName : omxiWsxtPb7rXRE79nTlD_ha-R7I ;
MsgType : news ;
ArticleCount : 1 ;
Articles : Array ;

2017-07-04 12:22:09 trace :
------------
String:
<xml><ToUserName><![CDATA[gh_2cc1b47a6d8a]]></ToUserName>
<FromUserName><![CDATA[omxiWsxtPb7rXRE79nTlD_ha-R7I]]></FromUserName>
<CreateTime>1499142129</CreateTime>
<MsgType><![CDATA[event]]></MsgType>
<Event><![CDATA[LOCATION]]></Event>
<Latitude>22.848850</Latitude>
<Longitude>113.219048</Longitude>
<Precision>30.000000</Precision>
</xml>

2017-07-04 12:22:09 params :
------------
String:
array (
  'message' => 
  array (
    'tousername' => 'gh_2cc1b47a6d8a',
    'fromusername' => 'omxiWsxtPb7rXRE79nTlD_ha-R7I',
    'createtime' => '1499142129',
    'msgtype' => 'event',
    'event' => 'LOCATION',
    'latitude' => '22.848850',
    'longitude' => '113.219048',
    'precision' => '30.000000',
    'from' => 'omxiWsxtPb7rXRE79nTlD_ha-R7I',
    'to' => 'gh_2cc1b47a6d8a',
    'time' => '1499142129',
    'type' => 'trace',
    'location_x' => '22.848850',
    'location_y' => '113.219048',
  ),
  'module' => 'default',
  'rule' => '-1',
)

2017-07-04 12:22:09 response :
------------
Array:
errno : -1 ;
message : Invaild value ;

2017-07-04 12:22:29 trace :
------------
String:
<xml><ToUserName><![CDATA[gh_2cc1b47a6d8a]]></ToUserName>
<FromUserName><![CDATA[omxiWsxtPb7rXRE79nTlD_ha-R7I]]></FromUserName>
<CreateTime>1499142149</CreateTime>
<MsgType><![CDATA[event]]></MsgType>
<Event><![CDATA[unsubscribe]]></Event>
<EventKey><![CDATA[]]></EventKey>
</xml>

2017-07-04 17:15:48 trace :
------------
String:
<xml><ToUserName><![CDATA[gh_2cc1b47a6d8a]]></ToUserName>
<FromUserName><![CDATA[omxiWs4EnEiriPdxqB56edi9Wyf0]]></FromUserName>
<CreateTime>1499159748</CreateTime>
<MsgType><![CDATA[event]]></MsgType>
<Event><![CDATA[LOCATION]]></Event>
<Latitude>22.573050</Latitude>
<Longitude>114.122452</Longitude>
<Precision>30.000000</Precision>
</xml>

2017-07-04 17:15:48 params :
------------
String:
array (
  'message' => 
  array (
    'tousername' => 'gh_2cc1b47a6d8a',
    'fromusername' => 'omxiWs4EnEiriPdxqB56edi9Wyf0',
    'createtime' => '1499159748',
    'msgtype' => 'event',
    'event' => 'LOCATION',
    'latitude' => '22.573050',
    'longitude' => '114.122452',
    'precision' => '30.000000',
    'from' => 'omxiWs4EnEiriPdxqB56edi9Wyf0',
    'to' => 'gh_2cc1b47a6d8a',
    'time' => '1499159748',
    'type' => 'trace',
    'location_x' => '22.573050',
    'location_y' => '114.122452',
  ),
  'module' => 'default',
  'rule' => '-1',
)

2017-07-04 17:15:48 response :
------------
Array:
errno : -1 ;
message : Invaild value ;

2017-07-04 17:15:56 trace :
------------
String:
<xml><ToUserName><![CDATA[gh_2cc1b47a6d8a]]></ToUserName>
<FromUserName><![CDATA[omxiWs4EnEiriPdxqB56edi9Wyf0]]></FromUserName>
<CreateTime>1499159756</CreateTime>
<MsgType><![CDATA[event]]></MsgType>
<Event><![CDATA[unsubscribe]]></Event>
<EventKey><![CDATA[]]></EventKey>
</xml>

2017-07-04 17:16:02 trace :
------------
String:
<xml><ToUserName><![CDATA[gh_599a701eee6b]]></ToUserName>
<FromUserName><![CDATA[oeSIo0RTJhw0Yy6JottVfyBwawjo]]></FromUserName>
<CreateTime>1499159762</CreateTime>
<MsgType><![CDATA[event]]></MsgType>
<Event><![CDATA[unsubscribe]]></Event>
<EventKey><![CDATA[]]></EventKey>
</xml>

2017-07-04 21:50:25 trace :
------------
String:
<xml><ToUserName><![CDATA[gh_2cc1b47a6d8a]]></ToUserName>
<FromUserName><![CDATA[omxiWsy0sr5yiNoyT6FYB7mzpurE]]></FromUserName>
<CreateTime>1499176225</CreateTime>
<MsgType><![CDATA[event]]></MsgType>
<Event><![CDATA[LOCATION]]></Event>
<Latitude>22.836718</Latitude>
<Longitude>114.084656</Longitude>
<Precision>65.000000</Precision>
</xml>

2017-07-04 21:50:25 params :
------------
String:
array (
  'message' => 
  array (
    'tousername' => 'gh_2cc1b47a6d8a',
    'fromusername' => 'omxiWsy0sr5yiNoyT6FYB7mzpurE',
    'createtime' => '1499176225',
    'msgtype' => 'event',
    'event' => 'LOCATION',
    'latitude' => '22.836718',
    'longitude' => '114.084656',
    'precision' => '65.000000',
    'from' => 'omxiWsy0sr5yiNoyT6FYB7mzpurE',
    'to' => 'gh_2cc1b47a6d8a',
    'time' => '1499176225',
    'type' => 'trace',
    'location_x' => '22.836718',
    'location_y' => '114.084656',
  ),
  'module' => 'default',
  'rule' => '-1',
)

2017-07-04 21:50:25 response :
------------
Array:
errno : -1 ;
message : Invaild value ;

2017-07-04 21:50:36 trace :
------------
String:
<xml><ToUserName><![CDATA[gh_2cc1b47a6d8a]]></ToUserName>
<FromUserName><![CDATA[omxiWsy0sr5yiNoyT6FYB7mzpurE]]></FromUserName>
<CreateTime>1499176236</CreateTime>
<MsgType><![CDATA[event]]></MsgType>
<Event><![CDATA[unsubscribe]]></Event>
<EventKey><![CDATA[]]></EventKey>
</xml>

