2017-07-12 06:35:22 trace :
------------
String:
<xml><ToUserName><![CDATA[gh_2cc1b47a6d8a]]></ToUserName>
<FromUserName><![CDATA[omxiWsxo6tJZFDdO6DIHyT24ws2c]]></FromUserName>
<CreateTime>1499812522</CreateTime>
<MsgType><![CDATA[event]]></MsgType>
<Event><![CDATA[unsubscribe]]></Event>
<EventKey><![CDATA[]]></EventKey>
</xml>

2017-07-12 17:45:43 trace :
------------
String:
<xml><ToUserName><![CDATA[gh_2cc1b47a6d8a]]></ToUserName>
<FromUserName><![CDATA[omxiWsymWjNgu8yrPaMzHajvKY3I]]></FromUserName>
<CreateTime>1499852743</CreateTime>
<MsgType><![CDATA[event]]></MsgType>
<Event><![CDATA[LOCATION]]></Event>
<Latitude>23.359074</Latitude>
<Longitude>116.366425</Longitude>
<Precision>110.000000</Precision>
</xml>

2017-07-12 17:45:43 params :
------------
String:
array (
  'message' => 
  array (
    'tousername' => 'gh_2cc1b47a6d8a',
    'fromusername' => 'omxiWsymWjNgu8yrPaMzHajvKY3I',
    'createtime' => '1499852743',
    'msgtype' => 'event',
    'event' => 'LOCATION',
    'latitude' => '23.359074',
    'longitude' => '116.366425',
    'precision' => '110.000000',
    'from' => 'omxiWsymWjNgu8yrPaMzHajvKY3I',
    'to' => 'gh_2cc1b47a6d8a',
    'time' => '1499852743',
    'type' => 'trace',
    'location_x' => '23.359074',
    'location_y' => '116.366425',
  ),
  'module' => 'default',
  'rule' => '-1',
)

2017-07-12 17:45:43 response :
------------
Array:
errno : -1 ;
message : Invaild value ;

2017-07-12 17:45:48 trace :
------------
String:
<xml><ToUserName><![CDATA[gh_2cc1b47a6d8a]]></ToUserName>
<FromUserName><![CDATA[omxiWsymWjNgu8yrPaMzHajvKY3I]]></FromUserName>
<CreateTime>1499852748</CreateTime>
<MsgType><![CDATA[event]]></MsgType>
<Event><![CDATA[unsubscribe]]></Event>
<EventKey><![CDATA[]]></EventKey>
</xml>

